[2024-06-18T14:23:00.378+0545] {local_task_job_runner.py:120} INFO - ::group::Pre task execution logs
[2024-06-18T14:23:00.389+0545] {taskinstance.py:2076} INFO - Dependencies all met for dep_context=non-requeueable deps ti=<TaskInstance: Backup_Database.backup_task manual__2024-06-18T08:37:58.129637+00:00 [queued]>
[2024-06-18T14:23:00.392+0545] {taskinstance.py:2076} INFO - Dependencies all met for dep_context=requeueable deps ti=<TaskInstance: Backup_Database.backup_task manual__2024-06-18T08:37:58.129637+00:00 [queued]>
[2024-06-18T14:23:00.393+0545] {taskinstance.py:2306} INFO - Starting attempt 1 of 2
[2024-06-18T14:23:00.403+0545] {taskinstance.py:2330} INFO - Executing <Task(BashOperator): backup_task> on 2024-06-18 08:37:58.129637+00:00
[2024-06-18T14:23:00.405+0545] {standard_task_runner.py:63} INFO - Started process 6665 to run task
[2024-06-18T14:23:00.408+0545] {standard_task_runner.py:90} INFO - Running: ['airflow', 'tasks', 'run', 'Backup_Database', 'backup_task', 'manual__2024-06-18T08:37:58.129637+00:00', '--job-id', '14', '--raw', '--subdir', 'DAGS_FOLDER/backup.py', '--cfg-path', '/tmp/tmprnrnputm']
[2024-06-18T14:23:00.408+0545] {standard_task_runner.py:91} INFO - Job 14: Subtask backup_task
[2024-06-18T14:23:00.435+0545] {task_command.py:426} INFO - Running <TaskInstance: Backup_Database.backup_task manual__2024-06-18T08:37:58.129637+00:00 [running]> on host Heathen.
[2024-06-18T14:23:00.483+0545] {taskinstance.py:2648} INFO - Exporting env vars: AIRFLOW_CTX_DAG_OWNER='avyu' AIRFLOW_CTX_DAG_ID='Backup_Database' AIRFLOW_CTX_TASK_ID='backup_task' AIRFLOW_CTX_EXECUTION_DATE='2024-06-18T08:37:58.129637+00:00' AIRFLOW_CTX_TRY_NUMBER='1' AIRFLOW_CTX_DAG_RUN_ID='manual__2024-06-18T08:37:58.129637+00:00'
[2024-06-18T14:23:00.483+0545] {taskinstance.py:430} INFO - ::endgroup::
[2024-06-18T14:23:00.484+0545] {subprocess.py:63} INFO - Tmp dir root location: /tmp
[2024-06-18T14:23:00.484+0545] {subprocess.py:75} INFO - Running command: ['/usr/bin/bash', '-c', '/root/airflow/bashScripts/backup.sh ']
[2024-06-18T14:23:00.487+0545] {subprocess.py:86} INFO - Output:
[2024-06-18T14:23:00.491+0545] {subprocess.py:93} INFO - mysql: [Warning] Using a password on the command line interface can be insecure.
[2024-06-18T14:23:00.506+0545] {subprocess.py:93} INFO - mysqldump: [Warning] Using a password on the command line interface can be insecure.
[2024-06-18T14:23:00.509+0545] {subprocess.py:93} INFO - mysqldump: Error: 'Access denied; you need (at least one of) the PROCESS privilege(s) for this operation' when trying to dump tablespaces
[2024-06-18T14:23:00.519+0545] {subprocess.py:93} INFO - Backup completed in 0 seconds
[2024-06-18T14:23:00.519+0545] {subprocess.py:93} INFO - Backup Success in location: /root/airflow/Backup|Required Space: 0GB, Available Space: 1391.67GB
[2024-06-18T14:23:00.519+0545] {subprocess.py:97} INFO - Command exited with return code 0
[2024-06-18T14:23:00.519+0545] {taskinstance.py:441} INFO - ::group::Post task execution logs
[2024-06-18T14:23:00.532+0545] {taskinstance.py:1206} INFO - Marking task as SUCCESS. dag_id=Backup_Database, task_id=backup_task, run_id=manual__2024-06-18T08:37:58.129637+00:00, execution_date=20240618T083758, start_date=20240618T083800, end_date=20240618T083800
[2024-06-18T14:23:00.580+0545] {local_task_job_runner.py:240} INFO - Task exited with return code 0
[2024-06-18T14:23:00.594+0545] {taskinstance.py:3503} INFO - 1 downstream tasks scheduled from follow-on schedule check
[2024-06-18T14:23:00.598+0545] {local_task_job_runner.py:222} INFO - ::endgroup::
