[2024-06-18T14:15:17.216+0545] {processor.py:161} INFO - Started process (PID=5441) to work on /root/apache_env/lib/python3.10/site-packages/airflow/example_dags/plugins/decreasing_priority_weight_strategy.py
[2024-06-18T14:15:17.217+0545] {processor.py:830} INFO - Processing file /root/apache_env/lib/python3.10/site-packages/airflow/example_dags/plugins/decreasing_priority_weight_strategy.py for tasks to queue
[2024-06-18T14:15:17.218+0545] {logging_mixin.py:188} INFO - [2024-06-18T14:15:17.217+0545] {dagbag.py:545} INFO - Filling up the DagBag from /root/apache_env/lib/python3.10/site-packages/airflow/example_dags/plugins/decreasing_priority_weight_strategy.py
[2024-06-18T14:15:17.219+0545] {processor.py:842} WARNING - No viable dags retrieved from /root/apache_env/lib/python3.10/site-packages/airflow/example_dags/plugins/decreasing_priority_weight_strategy.py
[2024-06-18T14:15:17.227+0545] {processor.py:183} INFO - Processing /root/apache_env/lib/python3.10/site-packages/airflow/example_dags/plugins/decreasing_priority_weight_strategy.py took 0.015 seconds
[2024-06-18T14:16:41.911+0545] {processor.py:161} INFO - Started process (PID=5666) to work on /root/apache_env/lib/python3.10/site-packages/airflow/example_dags/plugins/decreasing_priority_weight_strategy.py
[2024-06-18T14:16:41.913+0545] {processor.py:830} INFO - Processing file /root/apache_env/lib/python3.10/site-packages/airflow/example_dags/plugins/decreasing_priority_weight_strategy.py for tasks to queue
[2024-06-18T14:16:41.914+0545] {logging_mixin.py:188} INFO - [2024-06-18T14:16:41.914+0545] {dagbag.py:545} INFO - Filling up the DagBag from /root/apache_env/lib/python3.10/site-packages/airflow/example_dags/plugins/decreasing_priority_weight_strategy.py
[2024-06-18T14:16:41.915+0545] {processor.py:842} WARNING - No viable dags retrieved from /root/apache_env/lib/python3.10/site-packages/airflow/example_dags/plugins/decreasing_priority_weight_strategy.py
[2024-06-18T14:16:41.923+0545] {processor.py:183} INFO - Processing /root/apache_env/lib/python3.10/site-packages/airflow/example_dags/plugins/decreasing_priority_weight_strategy.py took 0.016 seconds
[2024-06-18T14:17:56.919+0545] {processor.py:161} INFO - Started process (PID=5864) to work on /root/apache_env/lib/python3.10/site-packages/airflow/example_dags/plugins/decreasing_priority_weight_strategy.py
[2024-06-18T14:17:56.920+0545] {processor.py:830} INFO - Processing file /root/apache_env/lib/python3.10/site-packages/airflow/example_dags/plugins/decreasing_priority_weight_strategy.py for tasks to queue
[2024-06-18T14:17:56.922+0545] {logging_mixin.py:188} INFO - [2024-06-18T14:17:56.921+0545] {dagbag.py:545} INFO - Filling up the DagBag from /root/apache_env/lib/python3.10/site-packages/airflow/example_dags/plugins/decreasing_priority_weight_strategy.py
[2024-06-18T14:17:56.923+0545] {processor.py:842} WARNING - No viable dags retrieved from /root/apache_env/lib/python3.10/site-packages/airflow/example_dags/plugins/decreasing_priority_weight_strategy.py
[2024-06-18T14:17:56.929+0545] {processor.py:183} INFO - Processing /root/apache_env/lib/python3.10/site-packages/airflow/example_dags/plugins/decreasing_priority_weight_strategy.py took 0.015 seconds
[2024-06-18T14:22:57.499+0545] {processor.py:161} INFO - Started process (PID=6652) to work on /root/apache_env/lib/python3.10/site-packages/airflow/example_dags/plugins/decreasing_priority_weight_strategy.py
[2024-06-18T14:22:57.500+0545] {processor.py:830} INFO - Processing file /root/apache_env/lib/python3.10/site-packages/airflow/example_dags/plugins/decreasing_priority_weight_strategy.py for tasks to queue
[2024-06-18T14:22:57.501+0545] {logging_mixin.py:188} INFO - [2024-06-18T14:22:57.501+0545] {dagbag.py:545} INFO - Filling up the DagBag from /root/apache_env/lib/python3.10/site-packages/airflow/example_dags/plugins/decreasing_priority_weight_strategy.py
[2024-06-18T14:22:57.503+0545] {processor.py:842} WARNING - No viable dags retrieved from /root/apache_env/lib/python3.10/site-packages/airflow/example_dags/plugins/decreasing_priority_weight_strategy.py
[2024-06-18T14:22:57.509+0545] {processor.py:183} INFO - Processing /root/apache_env/lib/python3.10/site-packages/airflow/example_dags/plugins/decreasing_priority_weight_strategy.py took 0.015 seconds
[2024-06-18T14:24:01.431+0545] {processor.py:161} INFO - Started process (PID=6835) to work on /root/apache_env/lib/python3.10/site-packages/airflow/example_dags/plugins/decreasing_priority_weight_strategy.py
[2024-06-18T14:24:01.433+0545] {processor.py:830} INFO - Processing file /root/apache_env/lib/python3.10/site-packages/airflow/example_dags/plugins/decreasing_priority_weight_strategy.py for tasks to queue
[2024-06-18T14:24:01.434+0545] {logging_mixin.py:188} INFO - [2024-06-18T14:24:01.434+0545] {dagbag.py:545} INFO - Filling up the DagBag from /root/apache_env/lib/python3.10/site-packages/airflow/example_dags/plugins/decreasing_priority_weight_strategy.py
[2024-06-18T14:24:01.435+0545] {processor.py:842} WARNING - No viable dags retrieved from /root/apache_env/lib/python3.10/site-packages/airflow/example_dags/plugins/decreasing_priority_weight_strategy.py
[2024-06-18T14:24:01.442+0545] {processor.py:183} INFO - Processing /root/apache_env/lib/python3.10/site-packages/airflow/example_dags/plugins/decreasing_priority_weight_strategy.py took 0.014 seconds
[2024-06-18T14:25:20.771+0545] {processor.py:161} INFO - Started process (PID=7061) to work on /root/apache_env/lib/python3.10/site-packages/airflow/example_dags/plugins/decreasing_priority_weight_strategy.py
[2024-06-18T14:25:20.772+0545] {processor.py:830} INFO - Processing file /root/apache_env/lib/python3.10/site-packages/airflow/example_dags/plugins/decreasing_priority_weight_strategy.py for tasks to queue
[2024-06-18T14:25:20.774+0545] {logging_mixin.py:188} INFO - [2024-06-18T14:25:20.773+0545] {dagbag.py:545} INFO - Filling up the DagBag from /root/apache_env/lib/python3.10/site-packages/airflow/example_dags/plugins/decreasing_priority_weight_strategy.py
[2024-06-18T14:25:20.776+0545] {processor.py:842} WARNING - No viable dags retrieved from /root/apache_env/lib/python3.10/site-packages/airflow/example_dags/plugins/decreasing_priority_weight_strategy.py
[2024-06-18T14:25:20.784+0545] {processor.py:183} INFO - Processing /root/apache_env/lib/python3.10/site-packages/airflow/example_dags/plugins/decreasing_priority_weight_strategy.py took 0.017 seconds
[2024-06-18T14:27:55.223+0545] {processor.py:161} INFO - Started process (PID=7475) to work on /root/apache_env/lib/python3.10/site-packages/airflow/example_dags/plugins/decreasing_priority_weight_strategy.py
[2024-06-18T14:27:55.224+0545] {processor.py:830} INFO - Processing file /root/apache_env/lib/python3.10/site-packages/airflow/example_dags/plugins/decreasing_priority_weight_strategy.py for tasks to queue
[2024-06-18T14:27:55.225+0545] {logging_mixin.py:188} INFO - [2024-06-18T14:27:55.225+0545] {dagbag.py:545} INFO - Filling up the DagBag from /root/apache_env/lib/python3.10/site-packages/airflow/example_dags/plugins/decreasing_priority_weight_strategy.py
[2024-06-18T14:27:55.227+0545] {processor.py:842} WARNING - No viable dags retrieved from /root/apache_env/lib/python3.10/site-packages/airflow/example_dags/plugins/decreasing_priority_weight_strategy.py
[2024-06-18T14:27:55.233+0545] {processor.py:183} INFO - Processing /root/apache_env/lib/python3.10/site-packages/airflow/example_dags/plugins/decreasing_priority_weight_strategy.py took 0.014 seconds
[2024-06-18T14:28:49.869+0545] {processor.py:161} INFO - Started process (PID=7624) to work on /root/apache_env/lib/python3.10/site-packages/airflow/example_dags/plugins/decreasing_priority_weight_strategy.py
[2024-06-18T14:28:49.870+0545] {processor.py:830} INFO - Processing file /root/apache_env/lib/python3.10/site-packages/airflow/example_dags/plugins/decreasing_priority_weight_strategy.py for tasks to queue
[2024-06-18T14:28:49.871+0545] {logging_mixin.py:188} INFO - [2024-06-18T14:28:49.871+0545] {dagbag.py:545} INFO - Filling up the DagBag from /root/apache_env/lib/python3.10/site-packages/airflow/example_dags/plugins/decreasing_priority_weight_strategy.py
[2024-06-18T14:28:49.873+0545] {processor.py:842} WARNING - No viable dags retrieved from /root/apache_env/lib/python3.10/site-packages/airflow/example_dags/plugins/decreasing_priority_weight_strategy.py
[2024-06-18T14:28:49.880+0545] {processor.py:183} INFO - Processing /root/apache_env/lib/python3.10/site-packages/airflow/example_dags/plugins/decreasing_priority_weight_strategy.py took 0.016 seconds
[2024-06-18T14:30:33.459+0545] {processor.py:161} INFO - Started process (PID=7872) to work on /root/apache_env/lib/python3.10/site-packages/airflow/example_dags/plugins/decreasing_priority_weight_strategy.py
[2024-06-18T14:30:33.461+0545] {processor.py:830} INFO - Processing file /root/apache_env/lib/python3.10/site-packages/airflow/example_dags/plugins/decreasing_priority_weight_strategy.py for tasks to queue
[2024-06-18T14:30:33.463+0545] {logging_mixin.py:188} INFO - [2024-06-18T14:30:33.462+0545] {dagbag.py:545} INFO - Filling up the DagBag from /root/apache_env/lib/python3.10/site-packages/airflow/example_dags/plugins/decreasing_priority_weight_strategy.py
[2024-06-18T14:30:33.464+0545] {processor.py:842} WARNING - No viable dags retrieved from /root/apache_env/lib/python3.10/site-packages/airflow/example_dags/plugins/decreasing_priority_weight_strategy.py
[2024-06-18T14:30:33.471+0545] {processor.py:183} INFO - Processing /root/apache_env/lib/python3.10/site-packages/airflow/example_dags/plugins/decreasing_priority_weight_strategy.py took 0.015 seconds
[2024-06-18T14:31:47.546+0545] {processor.py:161} INFO - Started process (PID=8054) to work on /root/apache_env/lib/python3.10/site-packages/airflow/example_dags/plugins/decreasing_priority_weight_strategy.py
[2024-06-18T14:31:47.547+0545] {processor.py:830} INFO - Processing file /root/apache_env/lib/python3.10/site-packages/airflow/example_dags/plugins/decreasing_priority_weight_strategy.py for tasks to queue
[2024-06-18T14:31:47.548+0545] {logging_mixin.py:188} INFO - [2024-06-18T14:31:47.548+0545] {dagbag.py:545} INFO - Filling up the DagBag from /root/apache_env/lib/python3.10/site-packages/airflow/example_dags/plugins/decreasing_priority_weight_strategy.py
[2024-06-18T14:31:47.549+0545] {processor.py:842} WARNING - No viable dags retrieved from /root/apache_env/lib/python3.10/site-packages/airflow/example_dags/plugins/decreasing_priority_weight_strategy.py
[2024-06-18T14:31:47.556+0545] {processor.py:183} INFO - Processing /root/apache_env/lib/python3.10/site-packages/airflow/example_dags/plugins/decreasing_priority_weight_strategy.py took 0.013 seconds
[2024-06-18T14:32:59.934+0545] {processor.py:161} INFO - Started process (PID=8232) to work on /root/apache_env/lib/python3.10/site-packages/airflow/example_dags/plugins/decreasing_priority_weight_strategy.py
[2024-06-18T14:32:59.935+0545] {processor.py:830} INFO - Processing file /root/apache_env/lib/python3.10/site-packages/airflow/example_dags/plugins/decreasing_priority_weight_strategy.py for tasks to queue
[2024-06-18T14:32:59.936+0545] {logging_mixin.py:188} INFO - [2024-06-18T14:32:59.936+0545] {dagbag.py:545} INFO - Filling up the DagBag from /root/apache_env/lib/python3.10/site-packages/airflow/example_dags/plugins/decreasing_priority_weight_strategy.py
[2024-06-18T14:32:59.938+0545] {processor.py:842} WARNING - No viable dags retrieved from /root/apache_env/lib/python3.10/site-packages/airflow/example_dags/plugins/decreasing_priority_weight_strategy.py
[2024-06-18T14:32:59.946+0545] {processor.py:183} INFO - Processing /root/apache_env/lib/python3.10/site-packages/airflow/example_dags/plugins/decreasing_priority_weight_strategy.py took 0.017 seconds
[2024-06-18T14:34:06.742+0545] {processor.py:161} INFO - Started process (PID=8403) to work on /root/apache_env/lib/python3.10/site-packages/airflow/example_dags/plugins/decreasing_priority_weight_strategy.py
[2024-06-18T14:34:06.743+0545] {processor.py:830} INFO - Processing file /root/apache_env/lib/python3.10/site-packages/airflow/example_dags/plugins/decreasing_priority_weight_strategy.py for tasks to queue
[2024-06-18T14:34:06.744+0545] {logging_mixin.py:188} INFO - [2024-06-18T14:34:06.744+0545] {dagbag.py:545} INFO - Filling up the DagBag from /root/apache_env/lib/python3.10/site-packages/airflow/example_dags/plugins/decreasing_priority_weight_strategy.py
[2024-06-18T14:34:06.746+0545] {processor.py:842} WARNING - No viable dags retrieved from /root/apache_env/lib/python3.10/site-packages/airflow/example_dags/plugins/decreasing_priority_weight_strategy.py
[2024-06-18T14:34:06.752+0545] {processor.py:183} INFO - Processing /root/apache_env/lib/python3.10/site-packages/airflow/example_dags/plugins/decreasing_priority_weight_strategy.py took 0.014 seconds
[2024-06-18T14:35:17.456+0545] {processor.py:161} INFO - Started process (PID=8605) to work on /root/apache_env/lib/python3.10/site-packages/airflow/example_dags/plugins/decreasing_priority_weight_strategy.py
[2024-06-18T14:35:17.457+0545] {processor.py:830} INFO - Processing file /root/apache_env/lib/python3.10/site-packages/airflow/example_dags/plugins/decreasing_priority_weight_strategy.py for tasks to queue
[2024-06-18T14:35:17.458+0545] {logging_mixin.py:188} INFO - [2024-06-18T14:35:17.458+0545] {dagbag.py:545} INFO - Filling up the DagBag from /root/apache_env/lib/python3.10/site-packages/airflow/example_dags/plugins/decreasing_priority_weight_strategy.py
[2024-06-18T14:35:17.459+0545] {processor.py:842} WARNING - No viable dags retrieved from /root/apache_env/lib/python3.10/site-packages/airflow/example_dags/plugins/decreasing_priority_weight_strategy.py
[2024-06-18T14:35:17.466+0545] {processor.py:183} INFO - Processing /root/apache_env/lib/python3.10/site-packages/airflow/example_dags/plugins/decreasing_priority_weight_strategy.py took 0.014 seconds
[2024-06-18T14:36:27.060+0545] {processor.py:161} INFO - Started process (PID=8783) to work on /root/apache_env/lib/python3.10/site-packages/airflow/example_dags/plugins/decreasing_priority_weight_strategy.py
[2024-06-18T14:36:27.061+0545] {processor.py:830} INFO - Processing file /root/apache_env/lib/python3.10/site-packages/airflow/example_dags/plugins/decreasing_priority_weight_strategy.py for tasks to queue
[2024-06-18T14:36:27.062+0545] {logging_mixin.py:188} INFO - [2024-06-18T14:36:27.062+0545] {dagbag.py:545} INFO - Filling up the DagBag from /root/apache_env/lib/python3.10/site-packages/airflow/example_dags/plugins/decreasing_priority_weight_strategy.py
[2024-06-18T14:36:27.064+0545] {processor.py:842} WARNING - No viable dags retrieved from /root/apache_env/lib/python3.10/site-packages/airflow/example_dags/plugins/decreasing_priority_weight_strategy.py
[2024-06-18T14:36:27.070+0545] {processor.py:183} INFO - Processing /root/apache_env/lib/python3.10/site-packages/airflow/example_dags/plugins/decreasing_priority_weight_strategy.py took 0.014 seconds
[2024-06-18T14:37:33.832+0545] {processor.py:161} INFO - Started process (PID=8952) to work on /root/apache_env/lib/python3.10/site-packages/airflow/example_dags/plugins/decreasing_priority_weight_strategy.py
[2024-06-18T14:37:33.833+0545] {processor.py:830} INFO - Processing file /root/apache_env/lib/python3.10/site-packages/airflow/example_dags/plugins/decreasing_priority_weight_strategy.py for tasks to queue
[2024-06-18T14:37:33.834+0545] {logging_mixin.py:188} INFO - [2024-06-18T14:37:33.834+0545] {dagbag.py:545} INFO - Filling up the DagBag from /root/apache_env/lib/python3.10/site-packages/airflow/example_dags/plugins/decreasing_priority_weight_strategy.py
[2024-06-18T14:37:33.835+0545] {processor.py:842} WARNING - No viable dags retrieved from /root/apache_env/lib/python3.10/site-packages/airflow/example_dags/plugins/decreasing_priority_weight_strategy.py
[2024-06-18T14:37:33.842+0545] {processor.py:183} INFO - Processing /root/apache_env/lib/python3.10/site-packages/airflow/example_dags/plugins/decreasing_priority_weight_strategy.py took 0.014 seconds
[2024-06-18T14:38:42.610+0545] {processor.py:161} INFO - Started process (PID=9125) to work on /root/apache_env/lib/python3.10/site-packages/airflow/example_dags/plugins/decreasing_priority_weight_strategy.py
[2024-06-18T14:38:42.611+0545] {processor.py:830} INFO - Processing file /root/apache_env/lib/python3.10/site-packages/airflow/example_dags/plugins/decreasing_priority_weight_strategy.py for tasks to queue
[2024-06-18T14:38:42.613+0545] {logging_mixin.py:188} INFO - [2024-06-18T14:38:42.612+0545] {dagbag.py:545} INFO - Filling up the DagBag from /root/apache_env/lib/python3.10/site-packages/airflow/example_dags/plugins/decreasing_priority_weight_strategy.py
[2024-06-18T14:38:42.614+0545] {processor.py:842} WARNING - No viable dags retrieved from /root/apache_env/lib/python3.10/site-packages/airflow/example_dags/plugins/decreasing_priority_weight_strategy.py
[2024-06-18T14:38:42.620+0545] {processor.py:183} INFO - Processing /root/apache_env/lib/python3.10/site-packages/airflow/example_dags/plugins/decreasing_priority_weight_strategy.py took 0.014 seconds
[2024-06-18T14:39:52.297+0545] {processor.py:161} INFO - Started process (PID=9301) to work on /root/apache_env/lib/python3.10/site-packages/airflow/example_dags/plugins/decreasing_priority_weight_strategy.py
[2024-06-18T14:39:52.298+0545] {processor.py:830} INFO - Processing file /root/apache_env/lib/python3.10/site-packages/airflow/example_dags/plugins/decreasing_priority_weight_strategy.py for tasks to queue
[2024-06-18T14:39:52.299+0545] {logging_mixin.py:188} INFO - [2024-06-18T14:39:52.299+0545] {dagbag.py:545} INFO - Filling up the DagBag from /root/apache_env/lib/python3.10/site-packages/airflow/example_dags/plugins/decreasing_priority_weight_strategy.py
[2024-06-18T14:39:52.300+0545] {processor.py:842} WARNING - No viable dags retrieved from /root/apache_env/lib/python3.10/site-packages/airflow/example_dags/plugins/decreasing_priority_weight_strategy.py
[2024-06-18T14:39:52.307+0545] {processor.py:183} INFO - Processing /root/apache_env/lib/python3.10/site-packages/airflow/example_dags/plugins/decreasing_priority_weight_strategy.py took 0.014 seconds
[2024-06-18T14:41:03.601+0545] {processor.py:161} INFO - Started process (PID=9478) to work on /root/apache_env/lib/python3.10/site-packages/airflow/example_dags/plugins/decreasing_priority_weight_strategy.py
[2024-06-18T14:41:03.602+0545] {processor.py:830} INFO - Processing file /root/apache_env/lib/python3.10/site-packages/airflow/example_dags/plugins/decreasing_priority_weight_strategy.py for tasks to queue
[2024-06-18T14:41:03.603+0545] {logging_mixin.py:188} INFO - [2024-06-18T14:41:03.603+0545] {dagbag.py:545} INFO - Filling up the DagBag from /root/apache_env/lib/python3.10/site-packages/airflow/example_dags/plugins/decreasing_priority_weight_strategy.py
[2024-06-18T14:41:03.605+0545] {processor.py:842} WARNING - No viable dags retrieved from /root/apache_env/lib/python3.10/site-packages/airflow/example_dags/plugins/decreasing_priority_weight_strategy.py
[2024-06-18T14:41:03.611+0545] {processor.py:183} INFO - Processing /root/apache_env/lib/python3.10/site-packages/airflow/example_dags/plugins/decreasing_priority_weight_strategy.py took 0.014 seconds
[2024-06-18T14:42:08.379+0545] {processor.py:161} INFO - Started process (PID=9643) to work on /root/apache_env/lib/python3.10/site-packages/airflow/example_dags/plugins/decreasing_priority_weight_strategy.py
[2024-06-18T14:42:08.380+0545] {processor.py:830} INFO - Processing file /root/apache_env/lib/python3.10/site-packages/airflow/example_dags/plugins/decreasing_priority_weight_strategy.py for tasks to queue
[2024-06-18T14:42:08.381+0545] {logging_mixin.py:188} INFO - [2024-06-18T14:42:08.381+0545] {dagbag.py:545} INFO - Filling up the DagBag from /root/apache_env/lib/python3.10/site-packages/airflow/example_dags/plugins/decreasing_priority_weight_strategy.py
[2024-06-18T14:42:08.382+0545] {processor.py:842} WARNING - No viable dags retrieved from /root/apache_env/lib/python3.10/site-packages/airflow/example_dags/plugins/decreasing_priority_weight_strategy.py
[2024-06-18T14:42:08.389+0545] {processor.py:183} INFO - Processing /root/apache_env/lib/python3.10/site-packages/airflow/example_dags/plugins/decreasing_priority_weight_strategy.py took 0.014 seconds
[2024-06-18T14:43:13.785+0545] {processor.py:161} INFO - Started process (PID=9807) to work on /root/apache_env/lib/python3.10/site-packages/airflow/example_dags/plugins/decreasing_priority_weight_strategy.py
[2024-06-18T14:43:13.786+0545] {processor.py:830} INFO - Processing file /root/apache_env/lib/python3.10/site-packages/airflow/example_dags/plugins/decreasing_priority_weight_strategy.py for tasks to queue
[2024-06-18T14:43:13.787+0545] {logging_mixin.py:188} INFO - [2024-06-18T14:43:13.787+0545] {dagbag.py:545} INFO - Filling up the DagBag from /root/apache_env/lib/python3.10/site-packages/airflow/example_dags/plugins/decreasing_priority_weight_strategy.py
[2024-06-18T14:43:13.789+0545] {processor.py:842} WARNING - No viable dags retrieved from /root/apache_env/lib/python3.10/site-packages/airflow/example_dags/plugins/decreasing_priority_weight_strategy.py
[2024-06-18T14:43:13.797+0545] {processor.py:183} INFO - Processing /root/apache_env/lib/python3.10/site-packages/airflow/example_dags/plugins/decreasing_priority_weight_strategy.py took 0.016 seconds
[2024-06-18T14:44:24.434+0545] {processor.py:161} INFO - Started process (PID=9984) to work on /root/apache_env/lib/python3.10/site-packages/airflow/example_dags/plugins/decreasing_priority_weight_strategy.py
[2024-06-18T14:44:24.435+0545] {processor.py:830} INFO - Processing file /root/apache_env/lib/python3.10/site-packages/airflow/example_dags/plugins/decreasing_priority_weight_strategy.py for tasks to queue
[2024-06-18T14:44:24.436+0545] {logging_mixin.py:188} INFO - [2024-06-18T14:44:24.436+0545] {dagbag.py:545} INFO - Filling up the DagBag from /root/apache_env/lib/python3.10/site-packages/airflow/example_dags/plugins/decreasing_priority_weight_strategy.py
[2024-06-18T14:44:24.438+0545] {processor.py:842} WARNING - No viable dags retrieved from /root/apache_env/lib/python3.10/site-packages/airflow/example_dags/plugins/decreasing_priority_weight_strategy.py
[2024-06-18T14:44:24.444+0545] {processor.py:183} INFO - Processing /root/apache_env/lib/python3.10/site-packages/airflow/example_dags/plugins/decreasing_priority_weight_strategy.py took 0.014 seconds
[2024-06-18T14:45:43.318+0545] {processor.py:161} INFO - Started process (PID=10207) to work on /root/apache_env/lib/python3.10/site-packages/airflow/example_dags/plugins/decreasing_priority_weight_strategy.py
[2024-06-18T14:45:43.319+0545] {processor.py:830} INFO - Processing file /root/apache_env/lib/python3.10/site-packages/airflow/example_dags/plugins/decreasing_priority_weight_strategy.py for tasks to queue
[2024-06-18T14:45:43.321+0545] {logging_mixin.py:188} INFO - [2024-06-18T14:45:43.320+0545] {dagbag.py:545} INFO - Filling up the DagBag from /root/apache_env/lib/python3.10/site-packages/airflow/example_dags/plugins/decreasing_priority_weight_strategy.py
[2024-06-18T14:45:43.324+0545] {processor.py:842} WARNING - No viable dags retrieved from /root/apache_env/lib/python3.10/site-packages/airflow/example_dags/plugins/decreasing_priority_weight_strategy.py
[2024-06-18T14:45:43.334+0545] {processor.py:183} INFO - Processing /root/apache_env/lib/python3.10/site-packages/airflow/example_dags/plugins/decreasing_priority_weight_strategy.py took 0.023 seconds
[2024-06-18T14:46:48.144+0545] {processor.py:161} INFO - Started process (PID=10370) to work on /root/apache_env/lib/python3.10/site-packages/airflow/example_dags/plugins/decreasing_priority_weight_strategy.py
[2024-06-18T14:46:48.145+0545] {processor.py:830} INFO - Processing file /root/apache_env/lib/python3.10/site-packages/airflow/example_dags/plugins/decreasing_priority_weight_strategy.py for tasks to queue
[2024-06-18T14:46:48.146+0545] {logging_mixin.py:188} INFO - [2024-06-18T14:46:48.146+0545] {dagbag.py:545} INFO - Filling up the DagBag from /root/apache_env/lib/python3.10/site-packages/airflow/example_dags/plugins/decreasing_priority_weight_strategy.py
[2024-06-18T14:46:48.148+0545] {processor.py:842} WARNING - No viable dags retrieved from /root/apache_env/lib/python3.10/site-packages/airflow/example_dags/plugins/decreasing_priority_weight_strategy.py
[2024-06-18T14:46:48.155+0545] {processor.py:183} INFO - Processing /root/apache_env/lib/python3.10/site-packages/airflow/example_dags/plugins/decreasing_priority_weight_strategy.py took 0.015 seconds
[2024-06-18T14:47:52.777+0545] {processor.py:161} INFO - Started process (PID=10534) to work on /root/apache_env/lib/python3.10/site-packages/airflow/example_dags/plugins/decreasing_priority_weight_strategy.py
[2024-06-18T14:47:52.779+0545] {processor.py:830} INFO - Processing file /root/apache_env/lib/python3.10/site-packages/airflow/example_dags/plugins/decreasing_priority_weight_strategy.py for tasks to queue
[2024-06-18T14:47:52.780+0545] {logging_mixin.py:188} INFO - [2024-06-18T14:47:52.780+0545] {dagbag.py:545} INFO - Filling up the DagBag from /root/apache_env/lib/python3.10/site-packages/airflow/example_dags/plugins/decreasing_priority_weight_strategy.py
[2024-06-18T14:47:52.782+0545] {processor.py:842} WARNING - No viable dags retrieved from /root/apache_env/lib/python3.10/site-packages/airflow/example_dags/plugins/decreasing_priority_weight_strategy.py
[2024-06-18T14:47:52.788+0545] {processor.py:183} INFO - Processing /root/apache_env/lib/python3.10/site-packages/airflow/example_dags/plugins/decreasing_priority_weight_strategy.py took 0.015 seconds
[2024-06-18T14:49:00.383+0545] {processor.py:161} INFO - Started process (PID=10705) to work on /root/apache_env/lib/python3.10/site-packages/airflow/example_dags/plugins/decreasing_priority_weight_strategy.py
[2024-06-18T14:49:00.385+0545] {processor.py:830} INFO - Processing file /root/apache_env/lib/python3.10/site-packages/airflow/example_dags/plugins/decreasing_priority_weight_strategy.py for tasks to queue
[2024-06-18T14:49:00.386+0545] {logging_mixin.py:188} INFO - [2024-06-18T14:49:00.386+0545] {dagbag.py:545} INFO - Filling up the DagBag from /root/apache_env/lib/python3.10/site-packages/airflow/example_dags/plugins/decreasing_priority_weight_strategy.py
[2024-06-18T14:49:00.388+0545] {processor.py:842} WARNING - No viable dags retrieved from /root/apache_env/lib/python3.10/site-packages/airflow/example_dags/plugins/decreasing_priority_weight_strategy.py
[2024-06-18T14:49:00.394+0545] {processor.py:183} INFO - Processing /root/apache_env/lib/python3.10/site-packages/airflow/example_dags/plugins/decreasing_priority_weight_strategy.py took 0.015 seconds
[2024-06-18T14:50:07.183+0545] {processor.py:161} INFO - Started process (PID=10876) to work on /root/apache_env/lib/python3.10/site-packages/airflow/example_dags/plugins/decreasing_priority_weight_strategy.py
[2024-06-18T14:50:07.185+0545] {processor.py:830} INFO - Processing file /root/apache_env/lib/python3.10/site-packages/airflow/example_dags/plugins/decreasing_priority_weight_strategy.py for tasks to queue
[2024-06-18T14:50:07.186+0545] {logging_mixin.py:188} INFO - [2024-06-18T14:50:07.186+0545] {dagbag.py:545} INFO - Filling up the DagBag from /root/apache_env/lib/python3.10/site-packages/airflow/example_dags/plugins/decreasing_priority_weight_strategy.py
[2024-06-18T14:50:07.188+0545] {processor.py:842} WARNING - No viable dags retrieved from /root/apache_env/lib/python3.10/site-packages/airflow/example_dags/plugins/decreasing_priority_weight_strategy.py
[2024-06-18T14:50:07.194+0545] {processor.py:183} INFO - Processing /root/apache_env/lib/python3.10/site-packages/airflow/example_dags/plugins/decreasing_priority_weight_strategy.py took 0.015 seconds
[2024-06-18T14:51:14.029+0545] {processor.py:161} INFO - Started process (PID=11044) to work on /root/apache_env/lib/python3.10/site-packages/airflow/example_dags/plugins/decreasing_priority_weight_strategy.py
[2024-06-18T14:51:14.030+0545] {processor.py:830} INFO - Processing file /root/apache_env/lib/python3.10/site-packages/airflow/example_dags/plugins/decreasing_priority_weight_strategy.py for tasks to queue
[2024-06-18T14:51:14.031+0545] {logging_mixin.py:188} INFO - [2024-06-18T14:51:14.031+0545] {dagbag.py:545} INFO - Filling up the DagBag from /root/apache_env/lib/python3.10/site-packages/airflow/example_dags/plugins/decreasing_priority_weight_strategy.py
[2024-06-18T14:51:14.033+0545] {processor.py:842} WARNING - No viable dags retrieved from /root/apache_env/lib/python3.10/site-packages/airflow/example_dags/plugins/decreasing_priority_weight_strategy.py
[2024-06-18T14:51:14.041+0545] {processor.py:183} INFO - Processing /root/apache_env/lib/python3.10/site-packages/airflow/example_dags/plugins/decreasing_priority_weight_strategy.py took 0.016 seconds
[2024-06-18T14:52:19.981+0545] {processor.py:161} INFO - Started process (PID=11213) to work on /root/apache_env/lib/python3.10/site-packages/airflow/example_dags/plugins/decreasing_priority_weight_strategy.py
[2024-06-18T14:52:19.983+0545] {processor.py:830} INFO - Processing file /root/apache_env/lib/python3.10/site-packages/airflow/example_dags/plugins/decreasing_priority_weight_strategy.py for tasks to queue
[2024-06-18T14:52:19.984+0545] {logging_mixin.py:188} INFO - [2024-06-18T14:52:19.984+0545] {dagbag.py:545} INFO - Filling up the DagBag from /root/apache_env/lib/python3.10/site-packages/airflow/example_dags/plugins/decreasing_priority_weight_strategy.py
[2024-06-18T14:52:19.985+0545] {processor.py:842} WARNING - No viable dags retrieved from /root/apache_env/lib/python3.10/site-packages/airflow/example_dags/plugins/decreasing_priority_weight_strategy.py
[2024-06-18T14:52:19.994+0545] {processor.py:183} INFO - Processing /root/apache_env/lib/python3.10/site-packages/airflow/example_dags/plugins/decreasing_priority_weight_strategy.py took 0.017 seconds
