[2024-06-18T14:12:37.126+0545] {processor.py:161} INFO - Started process (PID=5066) to work on /root/apache_env/lib/python3.10/site-packages/airflow/example_dags/example_dag_decorator.py
[2024-06-18T14:12:37.127+0545] {processor.py:830} INFO - Processing file /root/apache_env/lib/python3.10/site-packages/airflow/example_dags/example_dag_decorator.py for tasks to queue
[2024-06-18T14:12:37.128+0545] {logging_mixin.py:188} INFO - [2024-06-18T14:12:37.128+0545] {dagbag.py:545} INFO - Filling up the DagBag from /root/apache_env/lib/python3.10/site-packages/airflow/example_dags/example_dag_decorator.py
[2024-06-18T14:12:37.189+0545] {processor.py:840} INFO - DAG(s) 'example_dag_decorator' retrieved from /root/apache_env/lib/python3.10/site-packages/airflow/example_dags/example_dag_decorator.py
[2024-06-18T14:12:37.348+0545] {logging_mixin.py:188} INFO - [2024-06-18T14:12:37.348+0545] {override.py:1829} INFO - Created Permission View: can delete on DAG:example_dag_decorator
[2024-06-18T14:12:37.359+0545] {logging_mixin.py:188} INFO - [2024-06-18T14:12:37.359+0545] {override.py:1829} INFO - Created Permission View: can read on DAG:example_dag_decorator
[2024-06-18T14:12:37.367+0545] {logging_mixin.py:188} INFO - [2024-06-18T14:12:37.366+0545] {override.py:1829} INFO - Created Permission View: can edit on DAG:example_dag_decorator
[2024-06-18T14:12:37.367+0545] {logging_mixin.py:188} INFO - [2024-06-18T14:12:37.367+0545] {dag.py:3096} INFO - Sync 1 DAGs
[2024-06-18T14:12:37.375+0545] {logging_mixin.py:188} INFO - [2024-06-18T14:12:37.375+0545] {dag.py:3118} INFO - Creating ORM DAG for example_dag_decorator
[2024-06-18T14:12:37.375+0545] {logging_mixin.py:188} INFO - [2024-06-18T14:12:37.375+0545] {dag.py:3954} INFO - Setting next_dagrun for example_dag_decorator to None, run_after=None
[2024-06-18T14:12:37.391+0545] {processor.py:183} INFO - Processing /root/apache_env/lib/python3.10/site-packages/airflow/example_dags/example_dag_decorator.py took 0.271 seconds
[2024-06-18T14:14:50.185+0545] {processor.py:161} INFO - Started process (PID=5368) to work on /root/apache_env/lib/python3.10/site-packages/airflow/example_dags/example_dag_decorator.py
[2024-06-18T14:14:50.187+0545] {processor.py:830} INFO - Processing file /root/apache_env/lib/python3.10/site-packages/airflow/example_dags/example_dag_decorator.py for tasks to queue
[2024-06-18T14:14:50.188+0545] {logging_mixin.py:188} INFO - [2024-06-18T14:14:50.188+0545] {dagbag.py:545} INFO - Filling up the DagBag from /root/apache_env/lib/python3.10/site-packages/airflow/example_dags/example_dag_decorator.py
[2024-06-18T14:14:50.264+0545] {processor.py:840} INFO - DAG(s) 'example_dag_decorator' retrieved from /root/apache_env/lib/python3.10/site-packages/airflow/example_dags/example_dag_decorator.py
[2024-06-18T14:14:50.412+0545] {logging_mixin.py:188} INFO - [2024-06-18T14:14:50.412+0545] {dag.py:3096} INFO - Sync 1 DAGs
[2024-06-18T14:14:50.419+0545] {logging_mixin.py:188} INFO - [2024-06-18T14:14:50.419+0545] {dag.py:3954} INFO - Setting next_dagrun for example_dag_decorator to None, run_after=None
[2024-06-18T14:14:50.435+0545] {processor.py:183} INFO - Processing /root/apache_env/lib/python3.10/site-packages/airflow/example_dags/example_dag_decorator.py took 0.255 seconds
[2024-06-18T14:16:12.844+0545] {processor.py:161} INFO - Started process (PID=5596) to work on /root/apache_env/lib/python3.10/site-packages/airflow/example_dags/example_dag_decorator.py
[2024-06-18T14:16:12.845+0545] {processor.py:830} INFO - Processing file /root/apache_env/lib/python3.10/site-packages/airflow/example_dags/example_dag_decorator.py for tasks to queue
[2024-06-18T14:16:12.846+0545] {logging_mixin.py:188} INFO - [2024-06-18T14:16:12.846+0545] {dagbag.py:545} INFO - Filling up the DagBag from /root/apache_env/lib/python3.10/site-packages/airflow/example_dags/example_dag_decorator.py
[2024-06-18T14:16:12.899+0545] {processor.py:840} INFO - DAG(s) 'example_dag_decorator' retrieved from /root/apache_env/lib/python3.10/site-packages/airflow/example_dags/example_dag_decorator.py
[2024-06-18T14:16:12.904+0545] {logging_mixin.py:188} INFO - [2024-06-18T14:16:12.904+0545] {dag.py:3096} INFO - Sync 1 DAGs
[2024-06-18T14:16:12.913+0545] {logging_mixin.py:188} INFO - [2024-06-18T14:16:12.913+0545] {dag.py:3954} INFO - Setting next_dagrun for example_dag_decorator to None, run_after=None
[2024-06-18T14:16:12.930+0545] {processor.py:183} INFO - Processing /root/apache_env/lib/python3.10/site-packages/airflow/example_dags/example_dag_decorator.py took 0.090 seconds
[2024-06-18T14:17:07.831+0545] {processor.py:161} INFO - Started process (PID=5733) to work on /root/apache_env/lib/python3.10/site-packages/airflow/example_dags/example_dag_decorator.py
[2024-06-18T14:17:07.832+0545] {processor.py:830} INFO - Processing file /root/apache_env/lib/python3.10/site-packages/airflow/example_dags/example_dag_decorator.py for tasks to queue
[2024-06-18T14:17:07.834+0545] {logging_mixin.py:188} INFO - [2024-06-18T14:17:07.833+0545] {dagbag.py:545} INFO - Filling up the DagBag from /root/apache_env/lib/python3.10/site-packages/airflow/example_dags/example_dag_decorator.py
[2024-06-18T14:17:07.955+0545] {processor.py:840} INFO - DAG(s) 'example_dag_decorator' retrieved from /root/apache_env/lib/python3.10/site-packages/airflow/example_dags/example_dag_decorator.py
[2024-06-18T14:17:08.017+0545] {logging_mixin.py:188} INFO - [2024-06-18T14:17:08.017+0545] {dag.py:3096} INFO - Sync 1 DAGs
[2024-06-18T14:17:08.024+0545] {logging_mixin.py:188} INFO - [2024-06-18T14:17:08.024+0545] {dag.py:3954} INFO - Setting next_dagrun for example_dag_decorator to None, run_after=None
[2024-06-18T14:17:08.040+0545] {processor.py:183} INFO - Processing /root/apache_env/lib/python3.10/site-packages/airflow/example_dags/example_dag_decorator.py took 0.213 seconds
[2024-06-18T14:18:01.171+0545] {processor.py:161} INFO - Started process (PID=5873) to work on /root/apache_env/lib/python3.10/site-packages/airflow/example_dags/example_dag_decorator.py
[2024-06-18T14:18:01.172+0545] {processor.py:830} INFO - Processing file /root/apache_env/lib/python3.10/site-packages/airflow/example_dags/example_dag_decorator.py for tasks to queue
[2024-06-18T14:18:01.174+0545] {logging_mixin.py:188} INFO - [2024-06-18T14:18:01.173+0545] {dagbag.py:545} INFO - Filling up the DagBag from /root/apache_env/lib/python3.10/site-packages/airflow/example_dags/example_dag_decorator.py
[2024-06-18T14:18:01.278+0545] {processor.py:840} INFO - DAG(s) 'example_dag_decorator' retrieved from /root/apache_env/lib/python3.10/site-packages/airflow/example_dags/example_dag_decorator.py
[2024-06-18T14:18:01.335+0545] {logging_mixin.py:188} INFO - [2024-06-18T14:18:01.334+0545] {dag.py:3096} INFO - Sync 1 DAGs
[2024-06-18T14:18:01.342+0545] {logging_mixin.py:188} INFO - [2024-06-18T14:18:01.342+0545] {dag.py:3954} INFO - Setting next_dagrun for example_dag_decorator to None, run_after=None
[2024-06-18T14:18:01.359+0545] {processor.py:183} INFO - Processing /root/apache_env/lib/python3.10/site-packages/airflow/example_dags/example_dag_decorator.py took 0.191 seconds
[2024-06-18T14:18:51.189+0545] {processor.py:161} INFO - Started process (PID=5933) to work on /root/apache_env/lib/python3.10/site-packages/airflow/example_dags/example_dag_decorator.py
[2024-06-18T14:18:51.190+0545] {processor.py:830} INFO - Processing file /root/apache_env/lib/python3.10/site-packages/airflow/example_dags/example_dag_decorator.py for tasks to queue
[2024-06-18T14:18:51.192+0545] {logging_mixin.py:188} INFO - [2024-06-18T14:18:51.191+0545] {dagbag.py:545} INFO - Filling up the DagBag from /root/apache_env/lib/python3.10/site-packages/airflow/example_dags/example_dag_decorator.py
[2024-06-18T14:18:51.242+0545] {processor.py:840} INFO - DAG(s) 'example_dag_decorator' retrieved from /root/apache_env/lib/python3.10/site-packages/airflow/example_dags/example_dag_decorator.py
[2024-06-18T14:18:51.301+0545] {logging_mixin.py:188} INFO - [2024-06-18T14:18:51.301+0545] {dag.py:3096} INFO - Sync 1 DAGs
[2024-06-18T14:18:51.307+0545] {logging_mixin.py:188} INFO - [2024-06-18T14:18:51.306+0545] {dag.py:3954} INFO - Setting next_dagrun for example_dag_decorator to None, run_after=None
[2024-06-18T14:18:51.325+0545] {processor.py:183} INFO - Processing /root/apache_env/lib/python3.10/site-packages/airflow/example_dags/example_dag_decorator.py took 0.139 seconds
[2024-06-18T14:22:22.617+0545] {processor.py:161} INFO - Started process (PID=6543) to work on /root/apache_env/lib/python3.10/site-packages/airflow/example_dags/example_dag_decorator.py
[2024-06-18T14:22:22.619+0545] {processor.py:830} INFO - Processing file /root/apache_env/lib/python3.10/site-packages/airflow/example_dags/example_dag_decorator.py for tasks to queue
[2024-06-18T14:22:22.620+0545] {logging_mixin.py:188} INFO - [2024-06-18T14:22:22.620+0545] {dagbag.py:545} INFO - Filling up the DagBag from /root/apache_env/lib/python3.10/site-packages/airflow/example_dags/example_dag_decorator.py
[2024-06-18T14:22:22.670+0545] {processor.py:840} INFO - DAG(s) 'example_dag_decorator' retrieved from /root/apache_env/lib/python3.10/site-packages/airflow/example_dags/example_dag_decorator.py
[2024-06-18T14:22:22.675+0545] {logging_mixin.py:188} INFO - [2024-06-18T14:22:22.674+0545] {dag.py:3096} INFO - Sync 1 DAGs
[2024-06-18T14:22:22.683+0545] {logging_mixin.py:188} INFO - [2024-06-18T14:22:22.683+0545] {dag.py:3954} INFO - Setting next_dagrun for example_dag_decorator to None, run_after=None
[2024-06-18T14:22:22.702+0545] {processor.py:183} INFO - Processing /root/apache_env/lib/python3.10/site-packages/airflow/example_dags/example_dag_decorator.py took 0.088 seconds
[2024-06-18T14:23:29.311+0545] {processor.py:161} INFO - Started process (PID=6759) to work on /root/apache_env/lib/python3.10/site-packages/airflow/example_dags/example_dag_decorator.py
[2024-06-18T14:23:29.313+0545] {processor.py:830} INFO - Processing file /root/apache_env/lib/python3.10/site-packages/airflow/example_dags/example_dag_decorator.py for tasks to queue
[2024-06-18T14:23:29.314+0545] {logging_mixin.py:188} INFO - [2024-06-18T14:23:29.314+0545] {dagbag.py:545} INFO - Filling up the DagBag from /root/apache_env/lib/python3.10/site-packages/airflow/example_dags/example_dag_decorator.py
[2024-06-18T14:23:29.420+0545] {processor.py:840} INFO - DAG(s) 'example_dag_decorator' retrieved from /root/apache_env/lib/python3.10/site-packages/airflow/example_dags/example_dag_decorator.py
[2024-06-18T14:23:29.478+0545] {logging_mixin.py:188} INFO - [2024-06-18T14:23:29.478+0545] {dag.py:3096} INFO - Sync 1 DAGs
[2024-06-18T14:23:29.485+0545] {logging_mixin.py:188} INFO - [2024-06-18T14:23:29.485+0545] {dag.py:3954} INFO - Setting next_dagrun for example_dag_decorator to None, run_after=None
[2024-06-18T14:23:29.502+0545] {processor.py:183} INFO - Processing /root/apache_env/lib/python3.10/site-packages/airflow/example_dags/example_dag_decorator.py took 0.194 seconds
[2024-06-18T14:24:23.339+0545] {processor.py:161} INFO - Started process (PID=6891) to work on /root/apache_env/lib/python3.10/site-packages/airflow/example_dags/example_dag_decorator.py
[2024-06-18T14:24:23.340+0545] {processor.py:830} INFO - Processing file /root/apache_env/lib/python3.10/site-packages/airflow/example_dags/example_dag_decorator.py for tasks to queue
[2024-06-18T14:24:23.342+0545] {logging_mixin.py:188} INFO - [2024-06-18T14:24:23.341+0545] {dagbag.py:545} INFO - Filling up the DagBag from /root/apache_env/lib/python3.10/site-packages/airflow/example_dags/example_dag_decorator.py
[2024-06-18T14:24:23.463+0545] {processor.py:840} INFO - DAG(s) 'example_dag_decorator' retrieved from /root/apache_env/lib/python3.10/site-packages/airflow/example_dags/example_dag_decorator.py
[2024-06-18T14:24:23.519+0545] {logging_mixin.py:188} INFO - [2024-06-18T14:24:23.519+0545] {dag.py:3096} INFO - Sync 1 DAGs
[2024-06-18T14:24:23.526+0545] {logging_mixin.py:188} INFO - [2024-06-18T14:24:23.526+0545] {dag.py:3954} INFO - Setting next_dagrun for example_dag_decorator to None, run_after=None
[2024-06-18T14:24:23.542+0545] {processor.py:183} INFO - Processing /root/apache_env/lib/python3.10/site-packages/airflow/example_dags/example_dag_decorator.py took 0.208 seconds
[2024-06-18T14:25:19.148+0545] {processor.py:161} INFO - Started process (PID=7055) to work on /root/apache_env/lib/python3.10/site-packages/airflow/example_dags/example_dag_decorator.py
[2024-06-18T14:25:19.150+0545] {processor.py:830} INFO - Processing file /root/apache_env/lib/python3.10/site-packages/airflow/example_dags/example_dag_decorator.py for tasks to queue
[2024-06-18T14:25:19.151+0545] {logging_mixin.py:188} INFO - [2024-06-18T14:25:19.151+0545] {dagbag.py:545} INFO - Filling up the DagBag from /root/apache_env/lib/python3.10/site-packages/airflow/example_dags/example_dag_decorator.py
[2024-06-18T14:25:19.214+0545] {processor.py:840} INFO - DAG(s) 'example_dag_decorator' retrieved from /root/apache_env/lib/python3.10/site-packages/airflow/example_dags/example_dag_decorator.py
[2024-06-18T14:25:19.273+0545] {logging_mixin.py:188} INFO - [2024-06-18T14:25:19.273+0545] {dag.py:3096} INFO - Sync 1 DAGs
[2024-06-18T14:25:19.280+0545] {logging_mixin.py:188} INFO - [2024-06-18T14:25:19.280+0545] {dag.py:3954} INFO - Setting next_dagrun for example_dag_decorator to None, run_after=None
[2024-06-18T14:25:19.297+0545] {processor.py:183} INFO - Processing /root/apache_env/lib/python3.10/site-packages/airflow/example_dags/example_dag_decorator.py took 0.153 seconds
[2024-06-18T14:27:25.547+0545] {processor.py:161} INFO - Started process (PID=7394) to work on /root/apache_env/lib/python3.10/site-packages/airflow/example_dags/example_dag_decorator.py
[2024-06-18T14:27:25.548+0545] {processor.py:830} INFO - Processing file /root/apache_env/lib/python3.10/site-packages/airflow/example_dags/example_dag_decorator.py for tasks to queue
[2024-06-18T14:27:25.550+0545] {logging_mixin.py:188} INFO - [2024-06-18T14:27:25.549+0545] {dagbag.py:545} INFO - Filling up the DagBag from /root/apache_env/lib/python3.10/site-packages/airflow/example_dags/example_dag_decorator.py
[2024-06-18T14:27:25.608+0545] {processor.py:840} INFO - DAG(s) 'example_dag_decorator' retrieved from /root/apache_env/lib/python3.10/site-packages/airflow/example_dags/example_dag_decorator.py
[2024-06-18T14:27:25.614+0545] {logging_mixin.py:188} INFO - [2024-06-18T14:27:25.614+0545] {dag.py:3096} INFO - Sync 1 DAGs
[2024-06-18T14:27:25.626+0545] {logging_mixin.py:188} INFO - [2024-06-18T14:27:25.626+0545] {dag.py:3954} INFO - Setting next_dagrun for example_dag_decorator to None, run_after=None
[2024-06-18T14:27:25.643+0545] {processor.py:183} INFO - Processing /root/apache_env/lib/python3.10/site-packages/airflow/example_dags/example_dag_decorator.py took 0.099 seconds
[2024-06-18T14:28:22.377+0545] {processor.py:161} INFO - Started process (PID=7550) to work on /root/apache_env/lib/python3.10/site-packages/airflow/example_dags/example_dag_decorator.py
[2024-06-18T14:28:22.379+0545] {processor.py:830} INFO - Processing file /root/apache_env/lib/python3.10/site-packages/airflow/example_dags/example_dag_decorator.py for tasks to queue
[2024-06-18T14:28:22.380+0545] {logging_mixin.py:188} INFO - [2024-06-18T14:28:22.380+0545] {dagbag.py:545} INFO - Filling up the DagBag from /root/apache_env/lib/python3.10/site-packages/airflow/example_dags/example_dag_decorator.py
[2024-06-18T14:28:22.484+0545] {processor.py:840} INFO - DAG(s) 'example_dag_decorator' retrieved from /root/apache_env/lib/python3.10/site-packages/airflow/example_dags/example_dag_decorator.py
[2024-06-18T14:28:22.538+0545] {logging_mixin.py:188} INFO - [2024-06-18T14:28:22.538+0545] {dag.py:3096} INFO - Sync 1 DAGs
[2024-06-18T14:28:22.544+0545] {logging_mixin.py:188} INFO - [2024-06-18T14:28:22.544+0545] {dag.py:3954} INFO - Setting next_dagrun for example_dag_decorator to None, run_after=None
[2024-06-18T14:28:22.560+0545] {processor.py:183} INFO - Processing /root/apache_env/lib/python3.10/site-packages/airflow/example_dags/example_dag_decorator.py took 0.187 seconds
[2024-06-18T14:30:03.794+0545] {processor.py:161} INFO - Started process (PID=7798) to work on /root/apache_env/lib/python3.10/site-packages/airflow/example_dags/example_dag_decorator.py
[2024-06-18T14:30:03.795+0545] {processor.py:830} INFO - Processing file /root/apache_env/lib/python3.10/site-packages/airflow/example_dags/example_dag_decorator.py for tasks to queue
[2024-06-18T14:30:03.796+0545] {logging_mixin.py:188} INFO - [2024-06-18T14:30:03.796+0545] {dagbag.py:545} INFO - Filling up the DagBag from /root/apache_env/lib/python3.10/site-packages/airflow/example_dags/example_dag_decorator.py
[2024-06-18T14:30:03.858+0545] {processor.py:840} INFO - DAG(s) 'example_dag_decorator' retrieved from /root/apache_env/lib/python3.10/site-packages/airflow/example_dags/example_dag_decorator.py
[2024-06-18T14:30:03.865+0545] {logging_mixin.py:188} INFO - [2024-06-18T14:30:03.865+0545] {dag.py:3096} INFO - Sync 1 DAGs
[2024-06-18T14:30:03.873+0545] {logging_mixin.py:188} INFO - [2024-06-18T14:30:03.873+0545] {dag.py:3954} INFO - Setting next_dagrun for example_dag_decorator to None, run_after=None
[2024-06-18T14:30:03.891+0545] {processor.py:183} INFO - Processing /root/apache_env/lib/python3.10/site-packages/airflow/example_dags/example_dag_decorator.py took 0.100 seconds
[2024-06-18T14:31:00.469+0545] {processor.py:161} INFO - Started process (PID=7937) to work on /root/apache_env/lib/python3.10/site-packages/airflow/example_dags/example_dag_decorator.py
[2024-06-18T14:31:00.470+0545] {processor.py:830} INFO - Processing file /root/apache_env/lib/python3.10/site-packages/airflow/example_dags/example_dag_decorator.py for tasks to queue
[2024-06-18T14:31:00.472+0545] {logging_mixin.py:188} INFO - [2024-06-18T14:31:00.471+0545] {dagbag.py:545} INFO - Filling up the DagBag from /root/apache_env/lib/python3.10/site-packages/airflow/example_dags/example_dag_decorator.py
[2024-06-18T14:31:00.591+0545] {processor.py:840} INFO - DAG(s) 'example_dag_decorator' retrieved from /root/apache_env/lib/python3.10/site-packages/airflow/example_dags/example_dag_decorator.py
[2024-06-18T14:31:00.652+0545] {logging_mixin.py:188} INFO - [2024-06-18T14:31:00.651+0545] {dag.py:3096} INFO - Sync 1 DAGs
[2024-06-18T14:31:00.657+0545] {logging_mixin.py:188} INFO - [2024-06-18T14:31:00.657+0545] {dag.py:3954} INFO - Setting next_dagrun for example_dag_decorator to None, run_after=None
[2024-06-18T14:31:00.673+0545] {processor.py:183} INFO - Processing /root/apache_env/lib/python3.10/site-packages/airflow/example_dags/example_dag_decorator.py took 0.208 seconds
[2024-06-18T14:31:53.924+0545] {processor.py:161} INFO - Started process (PID=8069) to work on /root/apache_env/lib/python3.10/site-packages/airflow/example_dags/example_dag_decorator.py
[2024-06-18T14:31:53.925+0545] {processor.py:830} INFO - Processing file /root/apache_env/lib/python3.10/site-packages/airflow/example_dags/example_dag_decorator.py for tasks to queue
[2024-06-18T14:31:53.926+0545] {logging_mixin.py:188} INFO - [2024-06-18T14:31:53.926+0545] {dagbag.py:545} INFO - Filling up the DagBag from /root/apache_env/lib/python3.10/site-packages/airflow/example_dags/example_dag_decorator.py
[2024-06-18T14:31:54.030+0545] {processor.py:840} INFO - DAG(s) 'example_dag_decorator' retrieved from /root/apache_env/lib/python3.10/site-packages/airflow/example_dags/example_dag_decorator.py
[2024-06-18T14:31:54.082+0545] {logging_mixin.py:188} INFO - [2024-06-18T14:31:54.082+0545] {dag.py:3096} INFO - Sync 1 DAGs
[2024-06-18T14:31:54.088+0545] {logging_mixin.py:188} INFO - [2024-06-18T14:31:54.088+0545] {dag.py:3954} INFO - Setting next_dagrun for example_dag_decorator to None, run_after=None
[2024-06-18T14:31:54.105+0545] {processor.py:183} INFO - Processing /root/apache_env/lib/python3.10/site-packages/airflow/example_dags/example_dag_decorator.py took 0.184 seconds
[2024-06-18T14:32:43.971+0545] {processor.py:161} INFO - Started process (PID=8191) to work on /root/apache_env/lib/python3.10/site-packages/airflow/example_dags/example_dag_decorator.py
[2024-06-18T14:32:43.972+0545] {processor.py:830} INFO - Processing file /root/apache_env/lib/python3.10/site-packages/airflow/example_dags/example_dag_decorator.py for tasks to queue
[2024-06-18T14:32:43.974+0545] {logging_mixin.py:188} INFO - [2024-06-18T14:32:43.973+0545] {dagbag.py:545} INFO - Filling up the DagBag from /root/apache_env/lib/python3.10/site-packages/airflow/example_dags/example_dag_decorator.py
[2024-06-18T14:32:44.023+0545] {processor.py:840} INFO - DAG(s) 'example_dag_decorator' retrieved from /root/apache_env/lib/python3.10/site-packages/airflow/example_dags/example_dag_decorator.py
[2024-06-18T14:32:44.083+0545] {logging_mixin.py:188} INFO - [2024-06-18T14:32:44.083+0545] {dag.py:3096} INFO - Sync 1 DAGs
[2024-06-18T14:32:44.089+0545] {logging_mixin.py:188} INFO - [2024-06-18T14:32:44.089+0545] {dag.py:3954} INFO - Setting next_dagrun for example_dag_decorator to None, run_after=None
[2024-06-18T14:32:44.106+0545] {processor.py:183} INFO - Processing /root/apache_env/lib/python3.10/site-packages/airflow/example_dags/example_dag_decorator.py took 0.139 seconds
[2024-06-18T14:33:30.747+0545] {processor.py:161} INFO - Started process (PID=8309) to work on /root/apache_env/lib/python3.10/site-packages/airflow/example_dags/example_dag_decorator.py
[2024-06-18T14:33:30.748+0545] {processor.py:830} INFO - Processing file /root/apache_env/lib/python3.10/site-packages/airflow/example_dags/example_dag_decorator.py for tasks to queue
[2024-06-18T14:33:30.749+0545] {logging_mixin.py:188} INFO - [2024-06-18T14:33:30.749+0545] {dagbag.py:545} INFO - Filling up the DagBag from /root/apache_env/lib/python3.10/site-packages/airflow/example_dags/example_dag_decorator.py
[2024-06-18T14:33:30.803+0545] {processor.py:840} INFO - DAG(s) 'example_dag_decorator' retrieved from /root/apache_env/lib/python3.10/site-packages/airflow/example_dags/example_dag_decorator.py
[2024-06-18T14:33:30.863+0545] {logging_mixin.py:188} INFO - [2024-06-18T14:33:30.862+0545] {dag.py:3096} INFO - Sync 1 DAGs
[2024-06-18T14:33:30.869+0545] {logging_mixin.py:188} INFO - [2024-06-18T14:33:30.869+0545] {dag.py:3954} INFO - Setting next_dagrun for example_dag_decorator to None, run_after=None
[2024-06-18T14:33:30.887+0545] {processor.py:183} INFO - Processing /root/apache_env/lib/python3.10/site-packages/airflow/example_dags/example_dag_decorator.py took 0.144 seconds
[2024-06-18T14:34:16.457+0545] {processor.py:161} INFO - Started process (PID=8428) to work on /root/apache_env/lib/python3.10/site-packages/airflow/example_dags/example_dag_decorator.py
[2024-06-18T14:34:16.458+0545] {processor.py:830} INFO - Processing file /root/apache_env/lib/python3.10/site-packages/airflow/example_dags/example_dag_decorator.py for tasks to queue
[2024-06-18T14:34:16.459+0545] {logging_mixin.py:188} INFO - [2024-06-18T14:34:16.459+0545] {dagbag.py:545} INFO - Filling up the DagBag from /root/apache_env/lib/python3.10/site-packages/airflow/example_dags/example_dag_decorator.py
[2024-06-18T14:34:16.511+0545] {processor.py:840} INFO - DAG(s) 'example_dag_decorator' retrieved from /root/apache_env/lib/python3.10/site-packages/airflow/example_dags/example_dag_decorator.py
[2024-06-18T14:34:16.571+0545] {logging_mixin.py:188} INFO - [2024-06-18T14:34:16.571+0545] {dag.py:3096} INFO - Sync 1 DAGs
[2024-06-18T14:34:16.577+0545] {logging_mixin.py:188} INFO - [2024-06-18T14:34:16.577+0545] {dag.py:3954} INFO - Setting next_dagrun for example_dag_decorator to None, run_after=None
[2024-06-18T14:34:16.595+0545] {processor.py:183} INFO - Processing /root/apache_env/lib/python3.10/site-packages/airflow/example_dags/example_dag_decorator.py took 0.142 seconds
[2024-06-18T14:35:00.128+0545] {processor.py:161} INFO - Started process (PID=8538) to work on /root/apache_env/lib/python3.10/site-packages/airflow/example_dags/example_dag_decorator.py
[2024-06-18T14:35:00.129+0545] {processor.py:830} INFO - Processing file /root/apache_env/lib/python3.10/site-packages/airflow/example_dags/example_dag_decorator.py for tasks to queue
[2024-06-18T14:35:00.130+0545] {logging_mixin.py:188} INFO - [2024-06-18T14:35:00.130+0545] {dagbag.py:545} INFO - Filling up the DagBag from /root/apache_env/lib/python3.10/site-packages/airflow/example_dags/example_dag_decorator.py
[2024-06-18T14:35:00.181+0545] {processor.py:840} INFO - DAG(s) 'example_dag_decorator' retrieved from /root/apache_env/lib/python3.10/site-packages/airflow/example_dags/example_dag_decorator.py
[2024-06-18T14:35:00.239+0545] {logging_mixin.py:188} INFO - [2024-06-18T14:35:00.239+0545] {dag.py:3096} INFO - Sync 1 DAGs
[2024-06-18T14:35:00.246+0545] {logging_mixin.py:188} INFO - [2024-06-18T14:35:00.246+0545] {dag.py:3954} INFO - Setting next_dagrun for example_dag_decorator to None, run_after=None
[2024-06-18T14:35:00.264+0545] {processor.py:183} INFO - Processing /root/apache_env/lib/python3.10/site-packages/airflow/example_dags/example_dag_decorator.py took 0.139 seconds
[2024-06-18T14:35:55.664+0545] {processor.py:161} INFO - Started process (PID=8707) to work on /root/apache_env/lib/python3.10/site-packages/airflow/example_dags/example_dag_decorator.py
[2024-06-18T14:35:55.665+0545] {processor.py:830} INFO - Processing file /root/apache_env/lib/python3.10/site-packages/airflow/example_dags/example_dag_decorator.py for tasks to queue
[2024-06-18T14:35:55.666+0545] {logging_mixin.py:188} INFO - [2024-06-18T14:35:55.666+0545] {dagbag.py:545} INFO - Filling up the DagBag from /root/apache_env/lib/python3.10/site-packages/airflow/example_dags/example_dag_decorator.py
[2024-06-18T14:35:55.716+0545] {processor.py:840} INFO - DAG(s) 'example_dag_decorator' retrieved from /root/apache_env/lib/python3.10/site-packages/airflow/example_dags/example_dag_decorator.py
[2024-06-18T14:35:55.775+0545] {logging_mixin.py:188} INFO - [2024-06-18T14:35:55.775+0545] {dag.py:3096} INFO - Sync 1 DAGs
[2024-06-18T14:35:55.782+0545] {logging_mixin.py:188} INFO - [2024-06-18T14:35:55.782+0545] {dag.py:3954} INFO - Setting next_dagrun for example_dag_decorator to None, run_after=None
[2024-06-18T14:35:55.799+0545] {processor.py:183} INFO - Processing /root/apache_env/lib/python3.10/site-packages/airflow/example_dags/example_dag_decorator.py took 0.139 seconds
[2024-06-18T14:36:37.334+0545] {processor.py:161} INFO - Started process (PID=8810) to work on /root/apache_env/lib/python3.10/site-packages/airflow/example_dags/example_dag_decorator.py
[2024-06-18T14:36:37.335+0545] {processor.py:830} INFO - Processing file /root/apache_env/lib/python3.10/site-packages/airflow/example_dags/example_dag_decorator.py for tasks to queue
[2024-06-18T14:36:37.336+0545] {logging_mixin.py:188} INFO - [2024-06-18T14:36:37.336+0545] {dagbag.py:545} INFO - Filling up the DagBag from /root/apache_env/lib/python3.10/site-packages/airflow/example_dags/example_dag_decorator.py
[2024-06-18T14:36:37.385+0545] {processor.py:840} INFO - DAG(s) 'example_dag_decorator' retrieved from /root/apache_env/lib/python3.10/site-packages/airflow/example_dags/example_dag_decorator.py
[2024-06-18T14:36:37.398+0545] {logging_mixin.py:188} INFO - [2024-06-18T14:36:37.398+0545] {dag.py:3096} INFO - Sync 1 DAGs
[2024-06-18T14:36:37.405+0545] {logging_mixin.py:188} INFO - [2024-06-18T14:36:37.405+0545] {dag.py:3954} INFO - Setting next_dagrun for example_dag_decorator to None, run_after=None
[2024-06-18T14:36:37.422+0545] {processor.py:183} INFO - Processing /root/apache_env/lib/python3.10/site-packages/airflow/example_dags/example_dag_decorator.py took 0.092 seconds
[2024-06-18T14:37:21.528+0545] {processor.py:161} INFO - Started process (PID=8922) to work on /root/apache_env/lib/python3.10/site-packages/airflow/example_dags/example_dag_decorator.py
[2024-06-18T14:37:21.529+0545] {processor.py:830} INFO - Processing file /root/apache_env/lib/python3.10/site-packages/airflow/example_dags/example_dag_decorator.py for tasks to queue
[2024-06-18T14:37:21.530+0545] {logging_mixin.py:188} INFO - [2024-06-18T14:37:21.530+0545] {dagbag.py:545} INFO - Filling up the DagBag from /root/apache_env/lib/python3.10/site-packages/airflow/example_dags/example_dag_decorator.py
[2024-06-18T14:37:21.584+0545] {processor.py:840} INFO - DAG(s) 'example_dag_decorator' retrieved from /root/apache_env/lib/python3.10/site-packages/airflow/example_dags/example_dag_decorator.py
[2024-06-18T14:37:21.642+0545] {logging_mixin.py:188} INFO - [2024-06-18T14:37:21.642+0545] {dag.py:3096} INFO - Sync 1 DAGs
[2024-06-18T14:37:21.648+0545] {logging_mixin.py:188} INFO - [2024-06-18T14:37:21.648+0545] {dag.py:3954} INFO - Setting next_dagrun for example_dag_decorator to None, run_after=None
[2024-06-18T14:37:21.666+0545] {processor.py:183} INFO - Processing /root/apache_env/lib/python3.10/site-packages/airflow/example_dags/example_dag_decorator.py took 0.142 seconds
[2024-06-18T14:38:09.060+0545] {processor.py:161} INFO - Started process (PID=9039) to work on /root/apache_env/lib/python3.10/site-packages/airflow/example_dags/example_dag_decorator.py
[2024-06-18T14:38:09.061+0545] {processor.py:830} INFO - Processing file /root/apache_env/lib/python3.10/site-packages/airflow/example_dags/example_dag_decorator.py for tasks to queue
[2024-06-18T14:38:09.062+0545] {logging_mixin.py:188} INFO - [2024-06-18T14:38:09.062+0545] {dagbag.py:545} INFO - Filling up the DagBag from /root/apache_env/lib/python3.10/site-packages/airflow/example_dags/example_dag_decorator.py
[2024-06-18T14:38:09.113+0545] {processor.py:840} INFO - DAG(s) 'example_dag_decorator' retrieved from /root/apache_env/lib/python3.10/site-packages/airflow/example_dags/example_dag_decorator.py
[2024-06-18T14:38:09.172+0545] {logging_mixin.py:188} INFO - [2024-06-18T14:38:09.172+0545] {dag.py:3096} INFO - Sync 1 DAGs
[2024-06-18T14:38:09.179+0545] {logging_mixin.py:188} INFO - [2024-06-18T14:38:09.179+0545] {dag.py:3954} INFO - Setting next_dagrun for example_dag_decorator to None, run_after=None
[2024-06-18T14:38:09.196+0545] {processor.py:183} INFO - Processing /root/apache_env/lib/python3.10/site-packages/airflow/example_dags/example_dag_decorator.py took 0.140 seconds
[2024-06-18T14:38:54.997+0545] {processor.py:161} INFO - Started process (PID=9155) to work on /root/apache_env/lib/python3.10/site-packages/airflow/example_dags/example_dag_decorator.py
[2024-06-18T14:38:54.998+0545] {processor.py:830} INFO - Processing file /root/apache_env/lib/python3.10/site-packages/airflow/example_dags/example_dag_decorator.py for tasks to queue
[2024-06-18T14:38:55.000+0545] {logging_mixin.py:188} INFO - [2024-06-18T14:38:54.999+0545] {dagbag.py:545} INFO - Filling up the DagBag from /root/apache_env/lib/python3.10/site-packages/airflow/example_dags/example_dag_decorator.py
[2024-06-18T14:38:55.055+0545] {processor.py:840} INFO - DAG(s) 'example_dag_decorator' retrieved from /root/apache_env/lib/python3.10/site-packages/airflow/example_dags/example_dag_decorator.py
[2024-06-18T14:38:55.120+0545] {logging_mixin.py:188} INFO - [2024-06-18T14:38:55.119+0545] {dag.py:3096} INFO - Sync 1 DAGs
[2024-06-18T14:38:55.126+0545] {logging_mixin.py:188} INFO - [2024-06-18T14:38:55.126+0545] {dag.py:3954} INFO - Setting next_dagrun for example_dag_decorator to None, run_after=None
[2024-06-18T14:38:55.142+0545] {processor.py:183} INFO - Processing /root/apache_env/lib/python3.10/site-packages/airflow/example_dags/example_dag_decorator.py took 0.149 seconds
[2024-06-18T14:39:42.065+0545] {processor.py:161} INFO - Started process (PID=9275) to work on /root/apache_env/lib/python3.10/site-packages/airflow/example_dags/example_dag_decorator.py
[2024-06-18T14:39:42.067+0545] {processor.py:830} INFO - Processing file /root/apache_env/lib/python3.10/site-packages/airflow/example_dags/example_dag_decorator.py for tasks to queue
[2024-06-18T14:39:42.068+0545] {logging_mixin.py:188} INFO - [2024-06-18T14:39:42.068+0545] {dagbag.py:545} INFO - Filling up the DagBag from /root/apache_env/lib/python3.10/site-packages/airflow/example_dags/example_dag_decorator.py
[2024-06-18T14:39:42.124+0545] {processor.py:840} INFO - DAG(s) 'example_dag_decorator' retrieved from /root/apache_env/lib/python3.10/site-packages/airflow/example_dags/example_dag_decorator.py
[2024-06-18T14:39:42.138+0545] {logging_mixin.py:188} INFO - [2024-06-18T14:39:42.138+0545] {dag.py:3096} INFO - Sync 1 DAGs
[2024-06-18T14:39:42.146+0545] {logging_mixin.py:188} INFO - [2024-06-18T14:39:42.146+0545] {dag.py:3954} INFO - Setting next_dagrun for example_dag_decorator to None, run_after=None
[2024-06-18T14:39:42.162+0545] {processor.py:183} INFO - Processing /root/apache_env/lib/python3.10/site-packages/airflow/example_dags/example_dag_decorator.py took 0.103 seconds
[2024-06-18T14:40:28.265+0545] {processor.py:161} INFO - Started process (PID=9390) to work on /root/apache_env/lib/python3.10/site-packages/airflow/example_dags/example_dag_decorator.py
[2024-06-18T14:40:28.266+0545] {processor.py:830} INFO - Processing file /root/apache_env/lib/python3.10/site-packages/airflow/example_dags/example_dag_decorator.py for tasks to queue
[2024-06-18T14:40:28.267+0545] {logging_mixin.py:188} INFO - [2024-06-18T14:40:28.267+0545] {dagbag.py:545} INFO - Filling up the DagBag from /root/apache_env/lib/python3.10/site-packages/airflow/example_dags/example_dag_decorator.py
[2024-06-18T14:40:28.323+0545] {processor.py:840} INFO - DAG(s) 'example_dag_decorator' retrieved from /root/apache_env/lib/python3.10/site-packages/airflow/example_dags/example_dag_decorator.py
[2024-06-18T14:40:28.336+0545] {logging_mixin.py:188} INFO - [2024-06-18T14:40:28.336+0545] {dag.py:3096} INFO - Sync 1 DAGs
[2024-06-18T14:40:28.345+0545] {logging_mixin.py:188} INFO - [2024-06-18T14:40:28.345+0545] {dag.py:3954} INFO - Setting next_dagrun for example_dag_decorator to None, run_after=None
[2024-06-18T14:40:28.363+0545] {processor.py:183} INFO - Processing /root/apache_env/lib/python3.10/site-packages/airflow/example_dags/example_dag_decorator.py took 0.103 seconds
[2024-06-18T14:41:14.356+0545] {processor.py:161} INFO - Started process (PID=9508) to work on /root/apache_env/lib/python3.10/site-packages/airflow/example_dags/example_dag_decorator.py
[2024-06-18T14:41:14.358+0545] {processor.py:830} INFO - Processing file /root/apache_env/lib/python3.10/site-packages/airflow/example_dags/example_dag_decorator.py for tasks to queue
[2024-06-18T14:41:14.360+0545] {logging_mixin.py:188} INFO - [2024-06-18T14:41:14.359+0545] {dagbag.py:545} INFO - Filling up the DagBag from /root/apache_env/lib/python3.10/site-packages/airflow/example_dags/example_dag_decorator.py
[2024-06-18T14:41:14.418+0545] {processor.py:840} INFO - DAG(s) 'example_dag_decorator' retrieved from /root/apache_env/lib/python3.10/site-packages/airflow/example_dags/example_dag_decorator.py
[2024-06-18T14:41:14.432+0545] {logging_mixin.py:188} INFO - [2024-06-18T14:41:14.431+0545] {dag.py:3096} INFO - Sync 1 DAGs
[2024-06-18T14:41:14.439+0545] {logging_mixin.py:188} INFO - [2024-06-18T14:41:14.439+0545] {dag.py:3954} INFO - Setting next_dagrun for example_dag_decorator to None, run_after=None
[2024-06-18T14:41:14.456+0545] {processor.py:183} INFO - Processing /root/apache_env/lib/python3.10/site-packages/airflow/example_dags/example_dag_decorator.py took 0.104 seconds
[2024-06-18T14:41:58.895+0545] {processor.py:161} INFO - Started process (PID=9618) to work on /root/apache_env/lib/python3.10/site-packages/airflow/example_dags/example_dag_decorator.py
[2024-06-18T14:41:58.896+0545] {processor.py:830} INFO - Processing file /root/apache_env/lib/python3.10/site-packages/airflow/example_dags/example_dag_decorator.py for tasks to queue
[2024-06-18T14:41:58.898+0545] {logging_mixin.py:188} INFO - [2024-06-18T14:41:58.897+0545] {dagbag.py:545} INFO - Filling up the DagBag from /root/apache_env/lib/python3.10/site-packages/airflow/example_dags/example_dag_decorator.py
[2024-06-18T14:41:58.948+0545] {processor.py:840} INFO - DAG(s) 'example_dag_decorator' retrieved from /root/apache_env/lib/python3.10/site-packages/airflow/example_dags/example_dag_decorator.py
[2024-06-18T14:41:58.960+0545] {logging_mixin.py:188} INFO - [2024-06-18T14:41:58.960+0545] {dag.py:3096} INFO - Sync 1 DAGs
[2024-06-18T14:41:58.968+0545] {logging_mixin.py:188} INFO - [2024-06-18T14:41:58.968+0545] {dag.py:3954} INFO - Setting next_dagrun for example_dag_decorator to None, run_after=None
[2024-06-18T14:41:58.986+0545] {processor.py:183} INFO - Processing /root/apache_env/lib/python3.10/site-packages/airflow/example_dags/example_dag_decorator.py took 0.096 seconds
[2024-06-18T14:42:41.732+0545] {processor.py:161} INFO - Started process (PID=9725) to work on /root/apache_env/lib/python3.10/site-packages/airflow/example_dags/example_dag_decorator.py
[2024-06-18T14:42:41.733+0545] {processor.py:830} INFO - Processing file /root/apache_env/lib/python3.10/site-packages/airflow/example_dags/example_dag_decorator.py for tasks to queue
[2024-06-18T14:42:41.735+0545] {logging_mixin.py:188} INFO - [2024-06-18T14:42:41.734+0545] {dagbag.py:545} INFO - Filling up the DagBag from /root/apache_env/lib/python3.10/site-packages/airflow/example_dags/example_dag_decorator.py
[2024-06-18T14:42:41.785+0545] {processor.py:840} INFO - DAG(s) 'example_dag_decorator' retrieved from /root/apache_env/lib/python3.10/site-packages/airflow/example_dags/example_dag_decorator.py
[2024-06-18T14:42:41.845+0545] {logging_mixin.py:188} INFO - [2024-06-18T14:42:41.845+0545] {dag.py:3096} INFO - Sync 1 DAGs
[2024-06-18T14:42:41.851+0545] {logging_mixin.py:188} INFO - [2024-06-18T14:42:41.851+0545] {dag.py:3954} INFO - Setting next_dagrun for example_dag_decorator to None, run_after=None
[2024-06-18T14:42:41.869+0545] {processor.py:183} INFO - Processing /root/apache_env/lib/python3.10/site-packages/airflow/example_dags/example_dag_decorator.py took 0.141 seconds
[2024-06-18T14:43:26.020+0545] {processor.py:161} INFO - Started process (PID=9837) to work on /root/apache_env/lib/python3.10/site-packages/airflow/example_dags/example_dag_decorator.py
[2024-06-18T14:43:26.022+0545] {processor.py:830} INFO - Processing file /root/apache_env/lib/python3.10/site-packages/airflow/example_dags/example_dag_decorator.py for tasks to queue
[2024-06-18T14:43:26.023+0545] {logging_mixin.py:188} INFO - [2024-06-18T14:43:26.022+0545] {dagbag.py:545} INFO - Filling up the DagBag from /root/apache_env/lib/python3.10/site-packages/airflow/example_dags/example_dag_decorator.py
[2024-06-18T14:43:26.073+0545] {processor.py:840} INFO - DAG(s) 'example_dag_decorator' retrieved from /root/apache_env/lib/python3.10/site-packages/airflow/example_dags/example_dag_decorator.py
[2024-06-18T14:43:26.133+0545] {logging_mixin.py:188} INFO - [2024-06-18T14:43:26.133+0545] {dag.py:3096} INFO - Sync 1 DAGs
[2024-06-18T14:43:26.140+0545] {logging_mixin.py:188} INFO - [2024-06-18T14:43:26.140+0545] {dag.py:3954} INFO - Setting next_dagrun for example_dag_decorator to None, run_after=None
[2024-06-18T14:43:26.158+0545] {processor.py:183} INFO - Processing /root/apache_env/lib/python3.10/site-packages/airflow/example_dags/example_dag_decorator.py took 0.141 seconds
[2024-06-18T14:44:13.550+0545] {processor.py:161} INFO - Started process (PID=9954) to work on /root/apache_env/lib/python3.10/site-packages/airflow/example_dags/example_dag_decorator.py
[2024-06-18T14:44:13.551+0545] {processor.py:830} INFO - Processing file /root/apache_env/lib/python3.10/site-packages/airflow/example_dags/example_dag_decorator.py for tasks to queue
[2024-06-18T14:44:13.552+0545] {logging_mixin.py:188} INFO - [2024-06-18T14:44:13.552+0545] {dagbag.py:545} INFO - Filling up the DagBag from /root/apache_env/lib/python3.10/site-packages/airflow/example_dags/example_dag_decorator.py
[2024-06-18T14:44:13.602+0545] {processor.py:840} INFO - DAG(s) 'example_dag_decorator' retrieved from /root/apache_env/lib/python3.10/site-packages/airflow/example_dags/example_dag_decorator.py
[2024-06-18T14:44:13.662+0545] {logging_mixin.py:188} INFO - [2024-06-18T14:44:13.661+0545] {dag.py:3096} INFO - Sync 1 DAGs
[2024-06-18T14:44:13.668+0545] {logging_mixin.py:188} INFO - [2024-06-18T14:44:13.668+0545] {dag.py:3954} INFO - Setting next_dagrun for example_dag_decorator to None, run_after=None
[2024-06-18T14:44:13.686+0545] {processor.py:183} INFO - Processing /root/apache_env/lib/python3.10/site-packages/airflow/example_dags/example_dag_decorator.py took 0.140 seconds
[2024-06-18T14:44:57.230+0545] {processor.py:161} INFO - Started process (PID=10067) to work on /root/apache_env/lib/python3.10/site-packages/airflow/example_dags/example_dag_decorator.py
[2024-06-18T14:44:57.231+0545] {processor.py:830} INFO - Processing file /root/apache_env/lib/python3.10/site-packages/airflow/example_dags/example_dag_decorator.py for tasks to queue
[2024-06-18T14:44:57.233+0545] {logging_mixin.py:188} INFO - [2024-06-18T14:44:57.232+0545] {dagbag.py:545} INFO - Filling up the DagBag from /root/apache_env/lib/python3.10/site-packages/airflow/example_dags/example_dag_decorator.py
[2024-06-18T14:44:57.285+0545] {processor.py:840} INFO - DAG(s) 'example_dag_decorator' retrieved from /root/apache_env/lib/python3.10/site-packages/airflow/example_dags/example_dag_decorator.py
[2024-06-18T14:44:57.343+0545] {logging_mixin.py:188} INFO - [2024-06-18T14:44:57.343+0545] {dag.py:3096} INFO - Sync 1 DAGs
[2024-06-18T14:44:57.349+0545] {logging_mixin.py:188} INFO - [2024-06-18T14:44:57.349+0545] {dag.py:3954} INFO - Setting next_dagrun for example_dag_decorator to None, run_after=None
[2024-06-18T14:44:57.366+0545] {processor.py:183} INFO - Processing /root/apache_env/lib/python3.10/site-packages/airflow/example_dags/example_dag_decorator.py took 0.140 seconds
[2024-06-18T14:45:54.713+0545] {processor.py:161} INFO - Started process (PID=10237) to work on /root/apache_env/lib/python3.10/site-packages/airflow/example_dags/example_dag_decorator.py
[2024-06-18T14:45:54.714+0545] {processor.py:830} INFO - Processing file /root/apache_env/lib/python3.10/site-packages/airflow/example_dags/example_dag_decorator.py for tasks to queue
[2024-06-18T14:45:54.716+0545] {logging_mixin.py:188} INFO - [2024-06-18T14:45:54.715+0545] {dagbag.py:545} INFO - Filling up the DagBag from /root/apache_env/lib/python3.10/site-packages/airflow/example_dags/example_dag_decorator.py
[2024-06-18T14:45:54.766+0545] {processor.py:840} INFO - DAG(s) 'example_dag_decorator' retrieved from /root/apache_env/lib/python3.10/site-packages/airflow/example_dags/example_dag_decorator.py
[2024-06-18T14:45:54.827+0545] {logging_mixin.py:188} INFO - [2024-06-18T14:45:54.826+0545] {dag.py:3096} INFO - Sync 1 DAGs
[2024-06-18T14:45:54.833+0545] {logging_mixin.py:188} INFO - [2024-06-18T14:45:54.833+0545] {dag.py:3954} INFO - Setting next_dagrun for example_dag_decorator to None, run_after=None
[2024-06-18T14:45:54.850+0545] {processor.py:183} INFO - Processing /root/apache_env/lib/python3.10/site-packages/airflow/example_dags/example_dag_decorator.py took 0.141 seconds
[2024-06-18T14:46:38.000+0545] {processor.py:161} INFO - Started process (PID=10344) to work on /root/apache_env/lib/python3.10/site-packages/airflow/example_dags/example_dag_decorator.py
[2024-06-18T14:46:38.001+0545] {processor.py:830} INFO - Processing file /root/apache_env/lib/python3.10/site-packages/airflow/example_dags/example_dag_decorator.py for tasks to queue
[2024-06-18T14:46:38.002+0545] {logging_mixin.py:188} INFO - [2024-06-18T14:46:38.002+0545] {dagbag.py:545} INFO - Filling up the DagBag from /root/apache_env/lib/python3.10/site-packages/airflow/example_dags/example_dag_decorator.py
[2024-06-18T14:46:38.059+0545] {processor.py:840} INFO - DAG(s) 'example_dag_decorator' retrieved from /root/apache_env/lib/python3.10/site-packages/airflow/example_dags/example_dag_decorator.py
[2024-06-18T14:46:38.128+0545] {logging_mixin.py:188} INFO - [2024-06-18T14:46:38.128+0545] {dag.py:3096} INFO - Sync 1 DAGs
[2024-06-18T14:46:38.136+0545] {logging_mixin.py:188} INFO - [2024-06-18T14:46:38.136+0545] {dag.py:3954} INFO - Setting next_dagrun for example_dag_decorator to None, run_after=None
[2024-06-18T14:46:38.151+0545] {processor.py:183} INFO - Processing /root/apache_env/lib/python3.10/site-packages/airflow/example_dags/example_dag_decorator.py took 0.156 seconds
[2024-06-18T14:47:20.831+0545] {processor.py:161} INFO - Started process (PID=10456) to work on /root/apache_env/lib/python3.10/site-packages/airflow/example_dags/example_dag_decorator.py
[2024-06-18T14:47:20.832+0545] {processor.py:830} INFO - Processing file /root/apache_env/lib/python3.10/site-packages/airflow/example_dags/example_dag_decorator.py for tasks to queue
[2024-06-18T14:47:20.833+0545] {logging_mixin.py:188} INFO - [2024-06-18T14:47:20.833+0545] {dagbag.py:545} INFO - Filling up the DagBag from /root/apache_env/lib/python3.10/site-packages/airflow/example_dags/example_dag_decorator.py
[2024-06-18T14:47:20.887+0545] {processor.py:840} INFO - DAG(s) 'example_dag_decorator' retrieved from /root/apache_env/lib/python3.10/site-packages/airflow/example_dags/example_dag_decorator.py
[2024-06-18T14:47:20.899+0545] {logging_mixin.py:188} INFO - [2024-06-18T14:47:20.899+0545] {dag.py:3096} INFO - Sync 1 DAGs
[2024-06-18T14:47:20.907+0545] {logging_mixin.py:188} INFO - [2024-06-18T14:47:20.907+0545] {dag.py:3954} INFO - Setting next_dagrun for example_dag_decorator to None, run_after=None
[2024-06-18T14:47:20.923+0545] {processor.py:183} INFO - Processing /root/apache_env/lib/python3.10/site-packages/airflow/example_dags/example_dag_decorator.py took 0.097 seconds
[2024-06-18T14:48:04.637+0545] {processor.py:161} INFO - Started process (PID=10564) to work on /root/apache_env/lib/python3.10/site-packages/airflow/example_dags/example_dag_decorator.py
[2024-06-18T14:48:04.638+0545] {processor.py:830} INFO - Processing file /root/apache_env/lib/python3.10/site-packages/airflow/example_dags/example_dag_decorator.py for tasks to queue
[2024-06-18T14:48:04.639+0545] {logging_mixin.py:188} INFO - [2024-06-18T14:48:04.639+0545] {dagbag.py:545} INFO - Filling up the DagBag from /root/apache_env/lib/python3.10/site-packages/airflow/example_dags/example_dag_decorator.py
[2024-06-18T14:48:04.688+0545] {processor.py:840} INFO - DAG(s) 'example_dag_decorator' retrieved from /root/apache_env/lib/python3.10/site-packages/airflow/example_dags/example_dag_decorator.py
[2024-06-18T14:48:04.700+0545] {logging_mixin.py:188} INFO - [2024-06-18T14:48:04.700+0545] {dag.py:3096} INFO - Sync 1 DAGs
[2024-06-18T14:48:04.707+0545] {logging_mixin.py:188} INFO - [2024-06-18T14:48:04.707+0545] {dag.py:3954} INFO - Setting next_dagrun for example_dag_decorator to None, run_after=None
[2024-06-18T14:48:04.725+0545] {processor.py:183} INFO - Processing /root/apache_env/lib/python3.10/site-packages/airflow/example_dags/example_dag_decorator.py took 0.092 seconds
[2024-06-18T14:48:49.260+0545] {processor.py:161} INFO - Started process (PID=10677) to work on /root/apache_env/lib/python3.10/site-packages/airflow/example_dags/example_dag_decorator.py
[2024-06-18T14:48:49.261+0545] {processor.py:830} INFO - Processing file /root/apache_env/lib/python3.10/site-packages/airflow/example_dags/example_dag_decorator.py for tasks to queue
[2024-06-18T14:48:49.262+0545] {logging_mixin.py:188} INFO - [2024-06-18T14:48:49.262+0545] {dagbag.py:545} INFO - Filling up the DagBag from /root/apache_env/lib/python3.10/site-packages/airflow/example_dags/example_dag_decorator.py
[2024-06-18T14:48:49.312+0545] {processor.py:840} INFO - DAG(s) 'example_dag_decorator' retrieved from /root/apache_env/lib/python3.10/site-packages/airflow/example_dags/example_dag_decorator.py
[2024-06-18T14:48:49.324+0545] {logging_mixin.py:188} INFO - [2024-06-18T14:48:49.324+0545] {dag.py:3096} INFO - Sync 1 DAGs
[2024-06-18T14:48:49.332+0545] {logging_mixin.py:188} INFO - [2024-06-18T14:48:49.332+0545] {dag.py:3954} INFO - Setting next_dagrun for example_dag_decorator to None, run_after=None
[2024-06-18T14:48:49.350+0545] {processor.py:183} INFO - Processing /root/apache_env/lib/python3.10/site-packages/airflow/example_dags/example_dag_decorator.py took 0.094 seconds
[2024-06-18T14:49:35.751+0545] {processor.py:161} INFO - Started process (PID=10798) to work on /root/apache_env/lib/python3.10/site-packages/airflow/example_dags/example_dag_decorator.py
[2024-06-18T14:49:35.752+0545] {processor.py:830} INFO - Processing file /root/apache_env/lib/python3.10/site-packages/airflow/example_dags/example_dag_decorator.py for tasks to queue
[2024-06-18T14:49:35.753+0545] {logging_mixin.py:188} INFO - [2024-06-18T14:49:35.753+0545] {dagbag.py:545} INFO - Filling up the DagBag from /root/apache_env/lib/python3.10/site-packages/airflow/example_dags/example_dag_decorator.py
[2024-06-18T14:49:35.804+0545] {processor.py:840} INFO - DAG(s) 'example_dag_decorator' retrieved from /root/apache_env/lib/python3.10/site-packages/airflow/example_dags/example_dag_decorator.py
[2024-06-18T14:49:35.816+0545] {logging_mixin.py:188} INFO - [2024-06-18T14:49:35.816+0545] {dag.py:3096} INFO - Sync 1 DAGs
[2024-06-18T14:49:35.824+0545] {logging_mixin.py:188} INFO - [2024-06-18T14:49:35.824+0545] {dag.py:3954} INFO - Setting next_dagrun for example_dag_decorator to None, run_after=None
[2024-06-18T14:49:35.842+0545] {processor.py:183} INFO - Processing /root/apache_env/lib/python3.10/site-packages/airflow/example_dags/example_dag_decorator.py took 0.095 seconds
[2024-06-18T14:50:19.343+0545] {processor.py:161} INFO - Started process (PID=10908) to work on /root/apache_env/lib/python3.10/site-packages/airflow/example_dags/example_dag_decorator.py
[2024-06-18T14:50:19.344+0545] {processor.py:830} INFO - Processing file /root/apache_env/lib/python3.10/site-packages/airflow/example_dags/example_dag_decorator.py for tasks to queue
[2024-06-18T14:50:19.345+0545] {logging_mixin.py:188} INFO - [2024-06-18T14:50:19.344+0545] {dagbag.py:545} INFO - Filling up the DagBag from /root/apache_env/lib/python3.10/site-packages/airflow/example_dags/example_dag_decorator.py
[2024-06-18T14:50:19.401+0545] {processor.py:840} INFO - DAG(s) 'example_dag_decorator' retrieved from /root/apache_env/lib/python3.10/site-packages/airflow/example_dags/example_dag_decorator.py
[2024-06-18T14:50:19.470+0545] {logging_mixin.py:188} INFO - [2024-06-18T14:50:19.470+0545] {dag.py:3096} INFO - Sync 1 DAGs
[2024-06-18T14:50:19.479+0545] {logging_mixin.py:188} INFO - [2024-06-18T14:50:19.479+0545] {dag.py:3954} INFO - Setting next_dagrun for example_dag_decorator to None, run_after=None
[2024-06-18T14:50:19.496+0545] {processor.py:183} INFO - Processing /root/apache_env/lib/python3.10/site-packages/airflow/example_dags/example_dag_decorator.py took 0.158 seconds
[2024-06-18T14:51:05.155+0545] {processor.py:161} INFO - Started process (PID=11022) to work on /root/apache_env/lib/python3.10/site-packages/airflow/example_dags/example_dag_decorator.py
[2024-06-18T14:51:05.156+0545] {processor.py:830} INFO - Processing file /root/apache_env/lib/python3.10/site-packages/airflow/example_dags/example_dag_decorator.py for tasks to queue
[2024-06-18T14:51:05.157+0545] {logging_mixin.py:188} INFO - [2024-06-18T14:51:05.157+0545] {dagbag.py:545} INFO - Filling up the DagBag from /root/apache_env/lib/python3.10/site-packages/airflow/example_dags/example_dag_decorator.py
[2024-06-18T14:51:05.210+0545] {processor.py:840} INFO - DAG(s) 'example_dag_decorator' retrieved from /root/apache_env/lib/python3.10/site-packages/airflow/example_dags/example_dag_decorator.py
[2024-06-18T14:51:05.269+0545] {logging_mixin.py:188} INFO - [2024-06-18T14:51:05.269+0545] {dag.py:3096} INFO - Sync 1 DAGs
[2024-06-18T14:51:05.276+0545] {logging_mixin.py:188} INFO - [2024-06-18T14:51:05.276+0545] {dag.py:3954} INFO - Setting next_dagrun for example_dag_decorator to None, run_after=None
[2024-06-18T14:51:05.292+0545] {processor.py:183} INFO - Processing /root/apache_env/lib/python3.10/site-packages/airflow/example_dags/example_dag_decorator.py took 0.141 seconds
[2024-06-18T14:51:46.123+0545] {processor.py:161} INFO - Started process (PID=11127) to work on /root/apache_env/lib/python3.10/site-packages/airflow/example_dags/example_dag_decorator.py
[2024-06-18T14:51:46.124+0545] {processor.py:830} INFO - Processing file /root/apache_env/lib/python3.10/site-packages/airflow/example_dags/example_dag_decorator.py for tasks to queue
[2024-06-18T14:51:46.125+0545] {logging_mixin.py:188} INFO - [2024-06-18T14:51:46.125+0545] {dagbag.py:545} INFO - Filling up the DagBag from /root/apache_env/lib/python3.10/site-packages/airflow/example_dags/example_dag_decorator.py
[2024-06-18T14:51:46.185+0545] {processor.py:840} INFO - DAG(s) 'example_dag_decorator' retrieved from /root/apache_env/lib/python3.10/site-packages/airflow/example_dags/example_dag_decorator.py
[2024-06-18T14:51:46.252+0545] {logging_mixin.py:188} INFO - [2024-06-18T14:51:46.252+0545] {dag.py:3096} INFO - Sync 1 DAGs
[2024-06-18T14:51:46.259+0545] {logging_mixin.py:188} INFO - [2024-06-18T14:51:46.259+0545] {dag.py:3954} INFO - Setting next_dagrun for example_dag_decorator to None, run_after=None
[2024-06-18T14:51:46.280+0545] {processor.py:183} INFO - Processing /root/apache_env/lib/python3.10/site-packages/airflow/example_dags/example_dag_decorator.py took 0.162 seconds
