[2024-06-18T14:13:02.503+0545] {processor.py:161} INFO - Started process (PID=5133) to work on /root/apache_env/lib/python3.10/site-packages/airflow/example_dags/example_branch_day_of_week_operator.py
[2024-06-18T14:13:02.503+0545] {processor.py:830} INFO - Processing file /root/apache_env/lib/python3.10/site-packages/airflow/example_dags/example_branch_day_of_week_operator.py for tasks to queue
[2024-06-18T14:13:02.504+0545] {logging_mixin.py:188} INFO - [2024-06-18T14:13:02.504+0545] {dagbag.py:545} INFO - Filling up the DagBag from /root/apache_env/lib/python3.10/site-packages/airflow/example_dags/example_branch_day_of_week_operator.py
[2024-06-18T14:13:02.510+0545] {processor.py:840} INFO - DAG(s) 'example_weekday_branch_operator' retrieved from /root/apache_env/lib/python3.10/site-packages/airflow/example_dags/example_branch_day_of_week_operator.py
[2024-06-18T14:13:02.580+0545] {logging_mixin.py:188} INFO - [2024-06-18T14:13:02.580+0545] {override.py:1829} INFO - Created Permission View: can delete on DAG:example_weekday_branch_operator
[2024-06-18T14:13:02.589+0545] {logging_mixin.py:188} INFO - [2024-06-18T14:13:02.589+0545] {override.py:1829} INFO - Created Permission View: can read on DAG:example_weekday_branch_operator
[2024-06-18T14:13:02.596+0545] {logging_mixin.py:188} INFO - [2024-06-18T14:13:02.596+0545] {override.py:1829} INFO - Created Permission View: can edit on DAG:example_weekday_branch_operator
[2024-06-18T14:13:02.596+0545] {logging_mixin.py:188} INFO - [2024-06-18T14:13:02.596+0545] {dag.py:3096} INFO - Sync 1 DAGs
[2024-06-18T14:13:02.604+0545] {logging_mixin.py:188} INFO - [2024-06-18T14:13:02.604+0545] {dag.py:3118} INFO - Creating ORM DAG for example_weekday_branch_operator
[2024-06-18T14:13:02.674+0545] {logging_mixin.py:188} INFO - [2024-06-18T14:13:02.674+0545] {dag.py:3954} INFO - Setting next_dagrun for example_weekday_branch_operator to 2024-06-17 00:00:00+00:00, run_after=2024-06-18 00:00:00+00:00
[2024-06-18T14:13:02.689+0545] {processor.py:183} INFO - Processing /root/apache_env/lib/python3.10/site-packages/airflow/example_dags/example_branch_day_of_week_operator.py took 0.191 seconds
[2024-06-18T14:15:10.653+0545] {processor.py:161} INFO - Started process (PID=5422) to work on /root/apache_env/lib/python3.10/site-packages/airflow/example_dags/example_branch_day_of_week_operator.py
[2024-06-18T14:15:10.654+0545] {processor.py:830} INFO - Processing file /root/apache_env/lib/python3.10/site-packages/airflow/example_dags/example_branch_day_of_week_operator.py for tasks to queue
[2024-06-18T14:15:10.656+0545] {logging_mixin.py:188} INFO - [2024-06-18T14:15:10.656+0545] {dagbag.py:545} INFO - Filling up the DagBag from /root/apache_env/lib/python3.10/site-packages/airflow/example_dags/example_branch_day_of_week_operator.py
[2024-06-18T14:15:10.663+0545] {processor.py:840} INFO - DAG(s) 'example_weekday_branch_operator' retrieved from /root/apache_env/lib/python3.10/site-packages/airflow/example_dags/example_branch_day_of_week_operator.py
[2024-06-18T14:15:10.679+0545] {logging_mixin.py:188} INFO - [2024-06-18T14:15:10.678+0545] {dag.py:3096} INFO - Sync 1 DAGs
[2024-06-18T14:15:10.695+0545] {logging_mixin.py:188} INFO - [2024-06-18T14:15:10.694+0545] {dag.py:3954} INFO - Setting next_dagrun for example_weekday_branch_operator to 2024-06-17 00:00:00+00:00, run_after=2024-06-18 00:00:00+00:00
[2024-06-18T14:15:10.715+0545] {processor.py:183} INFO - Processing /root/apache_env/lib/python3.10/site-packages/airflow/example_dags/example_branch_day_of_week_operator.py took 0.067 seconds
[2024-06-18T14:16:34.641+0545] {processor.py:161} INFO - Started process (PID=5647) to work on /root/apache_env/lib/python3.10/site-packages/airflow/example_dags/example_branch_day_of_week_operator.py
[2024-06-18T14:16:34.642+0545] {processor.py:830} INFO - Processing file /root/apache_env/lib/python3.10/site-packages/airflow/example_dags/example_branch_day_of_week_operator.py for tasks to queue
[2024-06-18T14:16:34.643+0545] {logging_mixin.py:188} INFO - [2024-06-18T14:16:34.643+0545] {dagbag.py:545} INFO - Filling up the DagBag from /root/apache_env/lib/python3.10/site-packages/airflow/example_dags/example_branch_day_of_week_operator.py
[2024-06-18T14:16:34.649+0545] {processor.py:840} INFO - DAG(s) 'example_weekday_branch_operator' retrieved from /root/apache_env/lib/python3.10/site-packages/airflow/example_dags/example_branch_day_of_week_operator.py
[2024-06-18T14:16:34.711+0545] {logging_mixin.py:188} INFO - [2024-06-18T14:16:34.711+0545] {dag.py:3096} INFO - Sync 1 DAGs
[2024-06-18T14:16:34.780+0545] {logging_mixin.py:188} INFO - [2024-06-18T14:16:34.780+0545] {dag.py:3954} INFO - Setting next_dagrun for example_weekday_branch_operator to 2024-06-17 00:00:00+00:00, run_after=2024-06-18 00:00:00+00:00
[2024-06-18T14:16:34.796+0545] {processor.py:183} INFO - Processing /root/apache_env/lib/python3.10/site-packages/airflow/example_dags/example_branch_day_of_week_operator.py took 0.160 seconds
[2024-06-18T14:17:29.358+0545] {processor.py:161} INFO - Started process (PID=5786) to work on /root/apache_env/lib/python3.10/site-packages/airflow/example_dags/example_branch_day_of_week_operator.py
[2024-06-18T14:17:29.360+0545] {processor.py:830} INFO - Processing file /root/apache_env/lib/python3.10/site-packages/airflow/example_dags/example_branch_day_of_week_operator.py for tasks to queue
[2024-06-18T14:17:29.361+0545] {logging_mixin.py:188} INFO - [2024-06-18T14:17:29.361+0545] {dagbag.py:545} INFO - Filling up the DagBag from /root/apache_env/lib/python3.10/site-packages/airflow/example_dags/example_branch_day_of_week_operator.py
[2024-06-18T14:17:29.367+0545] {processor.py:840} INFO - DAG(s) 'example_weekday_branch_operator' retrieved from /root/apache_env/lib/python3.10/site-packages/airflow/example_dags/example_branch_day_of_week_operator.py
[2024-06-18T14:17:29.378+0545] {logging_mixin.py:188} INFO - [2024-06-18T14:17:29.377+0545] {dag.py:3096} INFO - Sync 1 DAGs
[2024-06-18T14:17:29.391+0545] {logging_mixin.py:188} INFO - [2024-06-18T14:17:29.390+0545] {dag.py:3954} INFO - Setting next_dagrun for example_weekday_branch_operator to 2024-06-17 00:00:00+00:00, run_after=2024-06-18 00:00:00+00:00
[2024-06-18T14:17:29.407+0545] {processor.py:183} INFO - Processing /root/apache_env/lib/python3.10/site-packages/airflow/example_dags/example_branch_day_of_week_operator.py took 0.053 seconds
[2024-06-18T14:18:23.352+0545] {processor.py:161} INFO - Started process (PID=5905) to work on /root/apache_env/lib/python3.10/site-packages/airflow/example_dags/example_branch_day_of_week_operator.py
[2024-06-18T14:18:23.353+0545] {processor.py:830} INFO - Processing file /root/apache_env/lib/python3.10/site-packages/airflow/example_dags/example_branch_day_of_week_operator.py for tasks to queue
[2024-06-18T14:18:23.355+0545] {logging_mixin.py:188} INFO - [2024-06-18T14:18:23.354+0545] {dagbag.py:545} INFO - Filling up the DagBag from /root/apache_env/lib/python3.10/site-packages/airflow/example_dags/example_branch_day_of_week_operator.py
[2024-06-18T14:18:23.416+0545] {processor.py:840} INFO - DAG(s) 'example_weekday_branch_operator' retrieved from /root/apache_env/lib/python3.10/site-packages/airflow/example_dags/example_branch_day_of_week_operator.py
[2024-06-18T14:18:23.423+0545] {logging_mixin.py:188} INFO - [2024-06-18T14:18:23.423+0545] {dag.py:3096} INFO - Sync 1 DAGs
[2024-06-18T14:18:23.434+0545] {logging_mixin.py:188} INFO - [2024-06-18T14:18:23.434+0545] {dag.py:3954} INFO - Setting next_dagrun for example_weekday_branch_operator to 2024-06-17 00:00:00+00:00, run_after=2024-06-18 00:00:00+00:00
[2024-06-18T14:18:23.450+0545] {processor.py:183} INFO - Processing /root/apache_env/lib/python3.10/site-packages/airflow/example_dags/example_branch_day_of_week_operator.py took 0.102 seconds
[2024-06-18T14:22:49.946+0545] {processor.py:161} INFO - Started process (PID=6636) to work on /root/apache_env/lib/python3.10/site-packages/airflow/example_dags/example_branch_day_of_week_operator.py
[2024-06-18T14:22:49.947+0545] {processor.py:830} INFO - Processing file /root/apache_env/lib/python3.10/site-packages/airflow/example_dags/example_branch_day_of_week_operator.py for tasks to queue
[2024-06-18T14:22:49.948+0545] {logging_mixin.py:188} INFO - [2024-06-18T14:22:49.948+0545] {dagbag.py:545} INFO - Filling up the DagBag from /root/apache_env/lib/python3.10/site-packages/airflow/example_dags/example_branch_day_of_week_operator.py
[2024-06-18T14:22:49.954+0545] {processor.py:840} INFO - DAG(s) 'example_weekday_branch_operator' retrieved from /root/apache_env/lib/python3.10/site-packages/airflow/example_dags/example_branch_day_of_week_operator.py
[2024-06-18T14:22:50.016+0545] {logging_mixin.py:188} INFO - [2024-06-18T14:22:50.016+0545] {dag.py:3096} INFO - Sync 1 DAGs
[2024-06-18T14:22:50.090+0545] {logging_mixin.py:188} INFO - [2024-06-18T14:22:50.090+0545] {dag.py:3954} INFO - Setting next_dagrun for example_weekday_branch_operator to 2024-06-17 00:00:00+00:00, run_after=2024-06-18 00:00:00+00:00
[2024-06-18T14:22:50.106+0545] {processor.py:183} INFO - Processing /root/apache_env/lib/python3.10/site-packages/airflow/example_dags/example_branch_day_of_week_operator.py took 0.164 seconds
[2024-06-18T14:23:54.037+0545] {processor.py:161} INFO - Started process (PID=6819) to work on /root/apache_env/lib/python3.10/site-packages/airflow/example_dags/example_branch_day_of_week_operator.py
[2024-06-18T14:23:54.039+0545] {processor.py:830} INFO - Processing file /root/apache_env/lib/python3.10/site-packages/airflow/example_dags/example_branch_day_of_week_operator.py for tasks to queue
[2024-06-18T14:23:54.040+0545] {logging_mixin.py:188} INFO - [2024-06-18T14:23:54.040+0545] {dagbag.py:545} INFO - Filling up the DagBag from /root/apache_env/lib/python3.10/site-packages/airflow/example_dags/example_branch_day_of_week_operator.py
[2024-06-18T14:23:54.045+0545] {processor.py:840} INFO - DAG(s) 'example_weekday_branch_operator' retrieved from /root/apache_env/lib/python3.10/site-packages/airflow/example_dags/example_branch_day_of_week_operator.py
[2024-06-18T14:23:54.055+0545] {logging_mixin.py:188} INFO - [2024-06-18T14:23:54.055+0545] {dag.py:3096} INFO - Sync 1 DAGs
[2024-06-18T14:23:54.068+0545] {logging_mixin.py:188} INFO - [2024-06-18T14:23:54.068+0545] {dag.py:3954} INFO - Setting next_dagrun for example_weekday_branch_operator to 2024-06-17 00:00:00+00:00, run_after=2024-06-18 00:00:00+00:00
[2024-06-18T14:23:54.085+0545] {processor.py:183} INFO - Processing /root/apache_env/lib/python3.10/site-packages/airflow/example_dags/example_branch_day_of_week_operator.py took 0.051 seconds
[2024-06-18T14:24:48.202+0545] {processor.py:161} INFO - Started process (PID=6953) to work on /root/apache_env/lib/python3.10/site-packages/airflow/example_dags/example_branch_day_of_week_operator.py
[2024-06-18T14:24:48.203+0545] {processor.py:830} INFO - Processing file /root/apache_env/lib/python3.10/site-packages/airflow/example_dags/example_branch_day_of_week_operator.py for tasks to queue
[2024-06-18T14:24:48.204+0545] {logging_mixin.py:188} INFO - [2024-06-18T14:24:48.204+0545] {dagbag.py:545} INFO - Filling up the DagBag from /root/apache_env/lib/python3.10/site-packages/airflow/example_dags/example_branch_day_of_week_operator.py
[2024-06-18T14:24:48.292+0545] {processor.py:840} INFO - DAG(s) 'example_weekday_branch_operator' retrieved from /root/apache_env/lib/python3.10/site-packages/airflow/example_dags/example_branch_day_of_week_operator.py
[2024-06-18T14:24:48.302+0545] {logging_mixin.py:188} INFO - [2024-06-18T14:24:48.302+0545] {dag.py:3096} INFO - Sync 1 DAGs
[2024-06-18T14:24:48.316+0545] {logging_mixin.py:188} INFO - [2024-06-18T14:24:48.316+0545] {dag.py:3954} INFO - Setting next_dagrun for example_weekday_branch_operator to 2024-06-17 00:00:00+00:00, run_after=2024-06-18 00:00:00+00:00
[2024-06-18T14:24:48.333+0545] {processor.py:183} INFO - Processing /root/apache_env/lib/python3.10/site-packages/airflow/example_dags/example_branch_day_of_week_operator.py took 0.136 seconds
[2024-06-18T14:27:47.632+0545] {processor.py:161} INFO - Started process (PID=7455) to work on /root/apache_env/lib/python3.10/site-packages/airflow/example_dags/example_branch_day_of_week_operator.py
[2024-06-18T14:27:47.633+0545] {processor.py:830} INFO - Processing file /root/apache_env/lib/python3.10/site-packages/airflow/example_dags/example_branch_day_of_week_operator.py for tasks to queue
[2024-06-18T14:27:47.635+0545] {logging_mixin.py:188} INFO - [2024-06-18T14:27:47.635+0545] {dagbag.py:545} INFO - Filling up the DagBag from /root/apache_env/lib/python3.10/site-packages/airflow/example_dags/example_branch_day_of_week_operator.py
[2024-06-18T14:27:47.641+0545] {processor.py:840} INFO - DAG(s) 'example_weekday_branch_operator' retrieved from /root/apache_env/lib/python3.10/site-packages/airflow/example_dags/example_branch_day_of_week_operator.py
[2024-06-18T14:27:47.719+0545] {logging_mixin.py:188} INFO - [2024-06-18T14:27:47.719+0545] {dag.py:3096} INFO - Sync 1 DAGs
[2024-06-18T14:27:47.792+0545] {logging_mixin.py:188} INFO - [2024-06-18T14:27:47.792+0545] {dag.py:3954} INFO - Setting next_dagrun for example_weekday_branch_operator to 2024-06-17 00:00:00+00:00, run_after=2024-06-18 00:00:00+00:00
[2024-06-18T14:27:47.809+0545] {processor.py:183} INFO - Processing /root/apache_env/lib/python3.10/site-packages/airflow/example_dags/example_branch_day_of_week_operator.py took 0.181 seconds
[2024-06-18T14:28:43.082+0545] {processor.py:161} INFO - Started process (PID=7608) to work on /root/apache_env/lib/python3.10/site-packages/airflow/example_dags/example_branch_day_of_week_operator.py
[2024-06-18T14:28:43.083+0545] {processor.py:830} INFO - Processing file /root/apache_env/lib/python3.10/site-packages/airflow/example_dags/example_branch_day_of_week_operator.py for tasks to queue
[2024-06-18T14:28:43.085+0545] {logging_mixin.py:188} INFO - [2024-06-18T14:28:43.085+0545] {dagbag.py:545} INFO - Filling up the DagBag from /root/apache_env/lib/python3.10/site-packages/airflow/example_dags/example_branch_day_of_week_operator.py
[2024-06-18T14:28:43.093+0545] {processor.py:840} INFO - DAG(s) 'example_weekday_branch_operator' retrieved from /root/apache_env/lib/python3.10/site-packages/airflow/example_dags/example_branch_day_of_week_operator.py
[2024-06-18T14:28:43.105+0545] {logging_mixin.py:188} INFO - [2024-06-18T14:28:43.104+0545] {dag.py:3096} INFO - Sync 1 DAGs
[2024-06-18T14:28:43.120+0545] {logging_mixin.py:188} INFO - [2024-06-18T14:28:43.120+0545] {dag.py:3954} INFO - Setting next_dagrun for example_weekday_branch_operator to 2024-06-17 00:00:00+00:00, run_after=2024-06-18 00:00:00+00:00
[2024-06-18T14:28:43.138+0545] {processor.py:183} INFO - Processing /root/apache_env/lib/python3.10/site-packages/airflow/example_dags/example_branch_day_of_week_operator.py took 0.060 seconds
[2024-06-18T14:30:25.872+0545] {processor.py:161} INFO - Started process (PID=7853) to work on /root/apache_env/lib/python3.10/site-packages/airflow/example_dags/example_branch_day_of_week_operator.py
[2024-06-18T14:30:25.873+0545] {processor.py:830} INFO - Processing file /root/apache_env/lib/python3.10/site-packages/airflow/example_dags/example_branch_day_of_week_operator.py for tasks to queue
[2024-06-18T14:30:25.875+0545] {logging_mixin.py:188} INFO - [2024-06-18T14:30:25.874+0545] {dagbag.py:545} INFO - Filling up the DagBag from /root/apache_env/lib/python3.10/site-packages/airflow/example_dags/example_branch_day_of_week_operator.py
[2024-06-18T14:30:25.880+0545] {processor.py:840} INFO - DAG(s) 'example_weekday_branch_operator' retrieved from /root/apache_env/lib/python3.10/site-packages/airflow/example_dags/example_branch_day_of_week_operator.py
[2024-06-18T14:30:25.938+0545] {logging_mixin.py:188} INFO - [2024-06-18T14:30:25.938+0545] {dag.py:3096} INFO - Sync 1 DAGs
[2024-06-18T14:30:26.005+0545] {logging_mixin.py:188} INFO - [2024-06-18T14:30:26.005+0545] {dag.py:3954} INFO - Setting next_dagrun for example_weekday_branch_operator to 2024-06-17 00:00:00+00:00, run_after=2024-06-18 00:00:00+00:00
[2024-06-18T14:30:26.020+0545] {processor.py:183} INFO - Processing /root/apache_env/lib/python3.10/site-packages/airflow/example_dags/example_branch_day_of_week_operator.py took 0.152 seconds
[2024-06-18T14:31:21.147+0545] {processor.py:161} INFO - Started process (PID=7988) to work on /root/apache_env/lib/python3.10/site-packages/airflow/example_dags/example_branch_day_of_week_operator.py
[2024-06-18T14:31:21.148+0545] {processor.py:830} INFO - Processing file /root/apache_env/lib/python3.10/site-packages/airflow/example_dags/example_branch_day_of_week_operator.py for tasks to queue
[2024-06-18T14:31:21.149+0545] {logging_mixin.py:188} INFO - [2024-06-18T14:31:21.149+0545] {dagbag.py:545} INFO - Filling up the DagBag from /root/apache_env/lib/python3.10/site-packages/airflow/example_dags/example_branch_day_of_week_operator.py
[2024-06-18T14:31:21.154+0545] {processor.py:840} INFO - DAG(s) 'example_weekday_branch_operator' retrieved from /root/apache_env/lib/python3.10/site-packages/airflow/example_dags/example_branch_day_of_week_operator.py
[2024-06-18T14:31:21.165+0545] {logging_mixin.py:188} INFO - [2024-06-18T14:31:21.165+0545] {dag.py:3096} INFO - Sync 1 DAGs
[2024-06-18T14:31:21.178+0545] {logging_mixin.py:188} INFO - [2024-06-18T14:31:21.178+0545] {dag.py:3954} INFO - Setting next_dagrun for example_weekday_branch_operator to 2024-06-17 00:00:00+00:00, run_after=2024-06-18 00:00:00+00:00
[2024-06-18T14:31:21.195+0545] {processor.py:183} INFO - Processing /root/apache_env/lib/python3.10/site-packages/airflow/example_dags/example_branch_day_of_week_operator.py took 0.052 seconds
[2024-06-18T14:32:15.297+0545] {processor.py:161} INFO - Started process (PID=8120) to work on /root/apache_env/lib/python3.10/site-packages/airflow/example_dags/example_branch_day_of_week_operator.py
[2024-06-18T14:32:15.298+0545] {processor.py:830} INFO - Processing file /root/apache_env/lib/python3.10/site-packages/airflow/example_dags/example_branch_day_of_week_operator.py for tasks to queue
[2024-06-18T14:32:15.299+0545] {logging_mixin.py:188} INFO - [2024-06-18T14:32:15.299+0545] {dagbag.py:545} INFO - Filling up the DagBag from /root/apache_env/lib/python3.10/site-packages/airflow/example_dags/example_branch_day_of_week_operator.py
[2024-06-18T14:32:15.359+0545] {processor.py:840} INFO - DAG(s) 'example_weekday_branch_operator' retrieved from /root/apache_env/lib/python3.10/site-packages/airflow/example_dags/example_branch_day_of_week_operator.py
[2024-06-18T14:32:15.367+0545] {logging_mixin.py:188} INFO - [2024-06-18T14:32:15.367+0545] {dag.py:3096} INFO - Sync 1 DAGs
[2024-06-18T14:32:15.378+0545] {logging_mixin.py:188} INFO - [2024-06-18T14:32:15.378+0545] {dag.py:3954} INFO - Setting next_dagrun for example_weekday_branch_operator to 2024-06-17 00:00:00+00:00, run_after=2024-06-18 00:00:00+00:00
[2024-06-18T14:32:15.394+0545] {processor.py:183} INFO - Processing /root/apache_env/lib/python3.10/site-packages/airflow/example_dags/example_branch_day_of_week_operator.py took 0.101 seconds
[2024-06-18T14:33:24.993+0545] {processor.py:161} INFO - Started process (PID=8294) to work on /root/apache_env/lib/python3.10/site-packages/airflow/example_dags/example_branch_day_of_week_operator.py
[2024-06-18T14:33:24.994+0545] {processor.py:830} INFO - Processing file /root/apache_env/lib/python3.10/site-packages/airflow/example_dags/example_branch_day_of_week_operator.py for tasks to queue
[2024-06-18T14:33:24.995+0545] {logging_mixin.py:188} INFO - [2024-06-18T14:33:24.995+0545] {dagbag.py:545} INFO - Filling up the DagBag from /root/apache_env/lib/python3.10/site-packages/airflow/example_dags/example_branch_day_of_week_operator.py
[2024-06-18T14:33:25.001+0545] {processor.py:840} INFO - DAG(s) 'example_weekday_branch_operator' retrieved from /root/apache_env/lib/python3.10/site-packages/airflow/example_dags/example_branch_day_of_week_operator.py
[2024-06-18T14:33:25.011+0545] {logging_mixin.py:188} INFO - [2024-06-18T14:33:25.011+0545] {dag.py:3096} INFO - Sync 1 DAGs
[2024-06-18T14:33:25.025+0545] {logging_mixin.py:188} INFO - [2024-06-18T14:33:25.025+0545] {dag.py:3954} INFO - Setting next_dagrun for example_weekday_branch_operator to 2024-06-17 00:00:00+00:00, run_after=2024-06-18 00:00:00+00:00
[2024-06-18T14:33:25.043+0545] {processor.py:183} INFO - Processing /root/apache_env/lib/python3.10/site-packages/airflow/example_dags/example_branch_day_of_week_operator.py took 0.054 seconds
[2024-06-18T14:34:29.773+0545] {processor.py:161} INFO - Started process (PID=8461) to work on /root/apache_env/lib/python3.10/site-packages/airflow/example_dags/example_branch_day_of_week_operator.py
[2024-06-18T14:34:29.774+0545] {processor.py:830} INFO - Processing file /root/apache_env/lib/python3.10/site-packages/airflow/example_dags/example_branch_day_of_week_operator.py for tasks to queue
[2024-06-18T14:34:29.775+0545] {logging_mixin.py:188} INFO - [2024-06-18T14:34:29.775+0545] {dagbag.py:545} INFO - Filling up the DagBag from /root/apache_env/lib/python3.10/site-packages/airflow/example_dags/example_branch_day_of_week_operator.py
[2024-06-18T14:34:29.781+0545] {processor.py:840} INFO - DAG(s) 'example_weekday_branch_operator' retrieved from /root/apache_env/lib/python3.10/site-packages/airflow/example_dags/example_branch_day_of_week_operator.py
[2024-06-18T14:34:29.791+0545] {logging_mixin.py:188} INFO - [2024-06-18T14:34:29.791+0545] {dag.py:3096} INFO - Sync 1 DAGs
[2024-06-18T14:34:29.804+0545] {logging_mixin.py:188} INFO - [2024-06-18T14:34:29.804+0545] {dag.py:3954} INFO - Setting next_dagrun for example_weekday_branch_operator to 2024-06-17 00:00:00+00:00, run_after=2024-06-18 00:00:00+00:00
[2024-06-18T14:34:29.822+0545] {processor.py:183} INFO - Processing /root/apache_env/lib/python3.10/site-packages/airflow/example_dags/example_branch_day_of_week_operator.py took 0.053 seconds
[2024-06-18T14:35:42.008+0545] {processor.py:161} INFO - Started process (PID=8669) to work on /root/apache_env/lib/python3.10/site-packages/airflow/example_dags/example_branch_day_of_week_operator.py
[2024-06-18T14:35:42.009+0545] {processor.py:830} INFO - Processing file /root/apache_env/lib/python3.10/site-packages/airflow/example_dags/example_branch_day_of_week_operator.py for tasks to queue
[2024-06-18T14:35:42.010+0545] {logging_mixin.py:188} INFO - [2024-06-18T14:35:42.010+0545] {dagbag.py:545} INFO - Filling up the DagBag from /root/apache_env/lib/python3.10/site-packages/airflow/example_dags/example_branch_day_of_week_operator.py
[2024-06-18T14:35:42.016+0545] {processor.py:840} INFO - DAG(s) 'example_weekday_branch_operator' retrieved from /root/apache_env/lib/python3.10/site-packages/airflow/example_dags/example_branch_day_of_week_operator.py
[2024-06-18T14:35:42.026+0545] {logging_mixin.py:188} INFO - [2024-06-18T14:35:42.026+0545] {dag.py:3096} INFO - Sync 1 DAGs
[2024-06-18T14:35:42.040+0545] {logging_mixin.py:188} INFO - [2024-06-18T14:35:42.040+0545] {dag.py:3954} INFO - Setting next_dagrun for example_weekday_branch_operator to 2024-06-17 00:00:00+00:00, run_after=2024-06-18 00:00:00+00:00
[2024-06-18T14:35:42.059+0545] {processor.py:183} INFO - Processing /root/apache_env/lib/python3.10/site-packages/airflow/example_dags/example_branch_day_of_week_operator.py took 0.055 seconds
[2024-06-18T14:36:47.607+0545] {processor.py:161} INFO - Started process (PID=8836) to work on /root/apache_env/lib/python3.10/site-packages/airflow/example_dags/example_branch_day_of_week_operator.py
[2024-06-18T14:36:47.608+0545] {processor.py:830} INFO - Processing file /root/apache_env/lib/python3.10/site-packages/airflow/example_dags/example_branch_day_of_week_operator.py for tasks to queue
[2024-06-18T14:36:47.609+0545] {logging_mixin.py:188} INFO - [2024-06-18T14:36:47.609+0545] {dagbag.py:545} INFO - Filling up the DagBag from /root/apache_env/lib/python3.10/site-packages/airflow/example_dags/example_branch_day_of_week_operator.py
[2024-06-18T14:36:47.614+0545] {processor.py:840} INFO - DAG(s) 'example_weekday_branch_operator' retrieved from /root/apache_env/lib/python3.10/site-packages/airflow/example_dags/example_branch_day_of_week_operator.py
[2024-06-18T14:36:47.625+0545] {logging_mixin.py:188} INFO - [2024-06-18T14:36:47.625+0545] {dag.py:3096} INFO - Sync 1 DAGs
[2024-06-18T14:36:47.638+0545] {logging_mixin.py:188} INFO - [2024-06-18T14:36:47.638+0545] {dag.py:3954} INFO - Setting next_dagrun for example_weekday_branch_operator to 2024-06-17 00:00:00+00:00, run_after=2024-06-18 00:00:00+00:00
[2024-06-18T14:36:47.655+0545] {processor.py:183} INFO - Processing /root/apache_env/lib/python3.10/site-packages/airflow/example_dags/example_branch_day_of_week_operator.py took 0.053 seconds
[2024-06-18T14:37:55.406+0545] {processor.py:161} INFO - Started process (PID=9007) to work on /root/apache_env/lib/python3.10/site-packages/airflow/example_dags/example_branch_day_of_week_operator.py
[2024-06-18T14:37:55.408+0545] {processor.py:830} INFO - Processing file /root/apache_env/lib/python3.10/site-packages/airflow/example_dags/example_branch_day_of_week_operator.py for tasks to queue
[2024-06-18T14:37:55.409+0545] {logging_mixin.py:188} INFO - [2024-06-18T14:37:55.409+0545] {dagbag.py:545} INFO - Filling up the DagBag from /root/apache_env/lib/python3.10/site-packages/airflow/example_dags/example_branch_day_of_week_operator.py
[2024-06-18T14:37:55.414+0545] {processor.py:840} INFO - DAG(s) 'example_weekday_branch_operator' retrieved from /root/apache_env/lib/python3.10/site-packages/airflow/example_dags/example_branch_day_of_week_operator.py
[2024-06-18T14:37:55.424+0545] {logging_mixin.py:188} INFO - [2024-06-18T14:37:55.424+0545] {dag.py:3096} INFO - Sync 1 DAGs
[2024-06-18T14:37:55.438+0545] {logging_mixin.py:188} INFO - [2024-06-18T14:37:55.438+0545] {dag.py:3954} INFO - Setting next_dagrun for example_weekday_branch_operator to 2024-06-17 00:00:00+00:00, run_after=2024-06-18 00:00:00+00:00
[2024-06-18T14:37:55.454+0545] {processor.py:183} INFO - Processing /root/apache_env/lib/python3.10/site-packages/airflow/example_dags/example_branch_day_of_week_operator.py took 0.052 seconds
[2024-06-18T14:39:04.726+0545] {processor.py:161} INFO - Started process (PID=9179) to work on /root/apache_env/lib/python3.10/site-packages/airflow/example_dags/example_branch_day_of_week_operator.py
[2024-06-18T14:39:04.727+0545] {processor.py:830} INFO - Processing file /root/apache_env/lib/python3.10/site-packages/airflow/example_dags/example_branch_day_of_week_operator.py for tasks to queue
[2024-06-18T14:39:04.728+0545] {logging_mixin.py:188} INFO - [2024-06-18T14:39:04.728+0545] {dagbag.py:545} INFO - Filling up the DagBag from /root/apache_env/lib/python3.10/site-packages/airflow/example_dags/example_branch_day_of_week_operator.py
[2024-06-18T14:39:04.734+0545] {processor.py:840} INFO - DAG(s) 'example_weekday_branch_operator' retrieved from /root/apache_env/lib/python3.10/site-packages/airflow/example_dags/example_branch_day_of_week_operator.py
[2024-06-18T14:39:04.744+0545] {logging_mixin.py:188} INFO - [2024-06-18T14:39:04.744+0545] {dag.py:3096} INFO - Sync 1 DAGs
[2024-06-18T14:39:04.760+0545] {logging_mixin.py:188} INFO - [2024-06-18T14:39:04.760+0545] {dag.py:3954} INFO - Setting next_dagrun for example_weekday_branch_operator to 2024-06-17 00:00:00+00:00, run_after=2024-06-18 00:00:00+00:00
[2024-06-18T14:39:04.776+0545] {processor.py:183} INFO - Processing /root/apache_env/lib/python3.10/site-packages/airflow/example_dags/example_branch_day_of_week_operator.py took 0.055 seconds
[2024-06-18T14:40:13.688+0545] {processor.py:161} INFO - Started process (PID=9355) to work on /root/apache_env/lib/python3.10/site-packages/airflow/example_dags/example_branch_day_of_week_operator.py
[2024-06-18T14:40:13.689+0545] {processor.py:830} INFO - Processing file /root/apache_env/lib/python3.10/site-packages/airflow/example_dags/example_branch_day_of_week_operator.py for tasks to queue
[2024-06-18T14:40:13.690+0545] {logging_mixin.py:188} INFO - [2024-06-18T14:40:13.690+0545] {dagbag.py:545} INFO - Filling up the DagBag from /root/apache_env/lib/python3.10/site-packages/airflow/example_dags/example_branch_day_of_week_operator.py
[2024-06-18T14:40:13.696+0545] {processor.py:840} INFO - DAG(s) 'example_weekday_branch_operator' retrieved from /root/apache_env/lib/python3.10/site-packages/airflow/example_dags/example_branch_day_of_week_operator.py
[2024-06-18T14:40:13.707+0545] {logging_mixin.py:188} INFO - [2024-06-18T14:40:13.707+0545] {dag.py:3096} INFO - Sync 1 DAGs
[2024-06-18T14:40:13.720+0545] {logging_mixin.py:188} INFO - [2024-06-18T14:40:13.720+0545] {dag.py:3954} INFO - Setting next_dagrun for example_weekday_branch_operator to 2024-06-17 00:00:00+00:00, run_after=2024-06-18 00:00:00+00:00
[2024-06-18T14:40:13.736+0545] {processor.py:183} INFO - Processing /root/apache_env/lib/python3.10/site-packages/airflow/example_dags/example_branch_day_of_week_operator.py took 0.053 seconds
[2024-06-18T14:41:02.471+0545] {processor.py:161} INFO - Started process (PID=9477) to work on /root/apache_env/lib/python3.10/site-packages/airflow/example_dags/example_branch_day_of_week_operator.py
[2024-06-18T14:41:02.473+0545] {processor.py:830} INFO - Processing file /root/apache_env/lib/python3.10/site-packages/airflow/example_dags/example_branch_day_of_week_operator.py for tasks to queue
[2024-06-18T14:41:02.474+0545] {logging_mixin.py:188} INFO - [2024-06-18T14:41:02.474+0545] {dagbag.py:545} INFO - Filling up the DagBag from /root/apache_env/lib/python3.10/site-packages/airflow/example_dags/example_branch_day_of_week_operator.py
[2024-06-18T14:41:02.479+0545] {processor.py:840} INFO - DAG(s) 'example_weekday_branch_operator' retrieved from /root/apache_env/lib/python3.10/site-packages/airflow/example_dags/example_branch_day_of_week_operator.py
[2024-06-18T14:41:02.491+0545] {logging_mixin.py:188} INFO - [2024-06-18T14:41:02.490+0545] {dag.py:3096} INFO - Sync 1 DAGs
[2024-06-18T14:41:02.504+0545] {logging_mixin.py:188} INFO - [2024-06-18T14:41:02.504+0545] {dag.py:3954} INFO - Setting next_dagrun for example_weekday_branch_operator to 2024-06-17 00:00:00+00:00, run_after=2024-06-18 00:00:00+00:00
[2024-06-18T14:41:02.521+0545] {processor.py:183} INFO - Processing /root/apache_env/lib/python3.10/site-packages/airflow/example_dags/example_branch_day_of_week_operator.py took 0.053 seconds
[2024-06-18T14:42:07.250+0545] {processor.py:161} INFO - Started process (PID=9642) to work on /root/apache_env/lib/python3.10/site-packages/airflow/example_dags/example_branch_day_of_week_operator.py
[2024-06-18T14:42:07.252+0545] {processor.py:830} INFO - Processing file /root/apache_env/lib/python3.10/site-packages/airflow/example_dags/example_branch_day_of_week_operator.py for tasks to queue
[2024-06-18T14:42:07.253+0545] {logging_mixin.py:188} INFO - [2024-06-18T14:42:07.253+0545] {dagbag.py:545} INFO - Filling up the DagBag from /root/apache_env/lib/python3.10/site-packages/airflow/example_dags/example_branch_day_of_week_operator.py
[2024-06-18T14:42:07.258+0545] {processor.py:840} INFO - DAG(s) 'example_weekday_branch_operator' retrieved from /root/apache_env/lib/python3.10/site-packages/airflow/example_dags/example_branch_day_of_week_operator.py
[2024-06-18T14:42:07.269+0545] {logging_mixin.py:188} INFO - [2024-06-18T14:42:07.269+0545] {dag.py:3096} INFO - Sync 1 DAGs
[2024-06-18T14:42:07.283+0545] {logging_mixin.py:188} INFO - [2024-06-18T14:42:07.282+0545] {dag.py:3954} INFO - Setting next_dagrun for example_weekday_branch_operator to 2024-06-17 00:00:00+00:00, run_after=2024-06-18 00:00:00+00:00
[2024-06-18T14:42:07.299+0545] {processor.py:183} INFO - Processing /root/apache_env/lib/python3.10/site-packages/airflow/example_dags/example_branch_day_of_week_operator.py took 0.053 seconds
[2024-06-18T14:43:12.648+0545] {processor.py:161} INFO - Started process (PID=9803) to work on /root/apache_env/lib/python3.10/site-packages/airflow/example_dags/example_branch_day_of_week_operator.py
[2024-06-18T14:43:12.649+0545] {processor.py:830} INFO - Processing file /root/apache_env/lib/python3.10/site-packages/airflow/example_dags/example_branch_day_of_week_operator.py for tasks to queue
[2024-06-18T14:43:12.650+0545] {logging_mixin.py:188} INFO - [2024-06-18T14:43:12.650+0545] {dagbag.py:545} INFO - Filling up the DagBag from /root/apache_env/lib/python3.10/site-packages/airflow/example_dags/example_branch_day_of_week_operator.py
[2024-06-18T14:43:12.655+0545] {processor.py:840} INFO - DAG(s) 'example_weekday_branch_operator' retrieved from /root/apache_env/lib/python3.10/site-packages/airflow/example_dags/example_branch_day_of_week_operator.py
[2024-06-18T14:43:12.665+0545] {logging_mixin.py:188} INFO - [2024-06-18T14:43:12.665+0545] {dag.py:3096} INFO - Sync 1 DAGs
[2024-06-18T14:43:12.679+0545] {logging_mixin.py:188} INFO - [2024-06-18T14:43:12.679+0545] {dag.py:3954} INFO - Setting next_dagrun for example_weekday_branch_operator to 2024-06-17 00:00:00+00:00, run_after=2024-06-18 00:00:00+00:00
[2024-06-18T14:43:12.696+0545] {processor.py:183} INFO - Processing /root/apache_env/lib/python3.10/site-packages/airflow/example_dags/example_branch_day_of_week_operator.py took 0.052 seconds
[2024-06-18T14:44:23.307+0545] {processor.py:161} INFO - Started process (PID=9980) to work on /root/apache_env/lib/python3.10/site-packages/airflow/example_dags/example_branch_day_of_week_operator.py
[2024-06-18T14:44:23.309+0545] {processor.py:830} INFO - Processing file /root/apache_env/lib/python3.10/site-packages/airflow/example_dags/example_branch_day_of_week_operator.py for tasks to queue
[2024-06-18T14:44:23.310+0545] {logging_mixin.py:188} INFO - [2024-06-18T14:44:23.310+0545] {dagbag.py:545} INFO - Filling up the DagBag from /root/apache_env/lib/python3.10/site-packages/airflow/example_dags/example_branch_day_of_week_operator.py
[2024-06-18T14:44:23.315+0545] {processor.py:840} INFO - DAG(s) 'example_weekday_branch_operator' retrieved from /root/apache_env/lib/python3.10/site-packages/airflow/example_dags/example_branch_day_of_week_operator.py
[2024-06-18T14:44:23.326+0545] {logging_mixin.py:188} INFO - [2024-06-18T14:44:23.326+0545] {dag.py:3096} INFO - Sync 1 DAGs
[2024-06-18T14:44:23.339+0545] {logging_mixin.py:188} INFO - [2024-06-18T14:44:23.339+0545] {dag.py:3954} INFO - Setting next_dagrun for example_weekday_branch_operator to 2024-06-17 00:00:00+00:00, run_after=2024-06-18 00:00:00+00:00
[2024-06-18T14:44:23.355+0545] {processor.py:183} INFO - Processing /root/apache_env/lib/python3.10/site-packages/airflow/example_dags/example_branch_day_of_week_operator.py took 0.052 seconds
[2024-06-18T14:45:38.174+0545] {processor.py:161} INFO - Started process (PID=10195) to work on /root/apache_env/lib/python3.10/site-packages/airflow/example_dags/example_branch_day_of_week_operator.py
[2024-06-18T14:45:38.176+0545] {processor.py:830} INFO - Processing file /root/apache_env/lib/python3.10/site-packages/airflow/example_dags/example_branch_day_of_week_operator.py for tasks to queue
[2024-06-18T14:45:38.177+0545] {logging_mixin.py:188} INFO - [2024-06-18T14:45:38.177+0545] {dagbag.py:545} INFO - Filling up the DagBag from /root/apache_env/lib/python3.10/site-packages/airflow/example_dags/example_branch_day_of_week_operator.py
[2024-06-18T14:45:38.183+0545] {processor.py:840} INFO - DAG(s) 'example_weekday_branch_operator' retrieved from /root/apache_env/lib/python3.10/site-packages/airflow/example_dags/example_branch_day_of_week_operator.py
[2024-06-18T14:45:38.194+0545] {logging_mixin.py:188} INFO - [2024-06-18T14:45:38.194+0545] {dag.py:3096} INFO - Sync 1 DAGs
[2024-06-18T14:45:38.209+0545] {logging_mixin.py:188} INFO - [2024-06-18T14:45:38.209+0545] {dag.py:3954} INFO - Setting next_dagrun for example_weekday_branch_operator to 2024-06-17 00:00:00+00:00, run_after=2024-06-18 00:00:00+00:00
[2024-06-18T14:45:38.227+0545] {processor.py:183} INFO - Processing /root/apache_env/lib/python3.10/site-packages/airflow/example_dags/example_branch_day_of_week_operator.py took 0.057 seconds
[2024-06-18T14:46:42.473+0545] {processor.py:161} INFO - Started process (PID=10355) to work on /root/apache_env/lib/python3.10/site-packages/airflow/example_dags/example_branch_day_of_week_operator.py
[2024-06-18T14:46:42.474+0545] {processor.py:830} INFO - Processing file /root/apache_env/lib/python3.10/site-packages/airflow/example_dags/example_branch_day_of_week_operator.py for tasks to queue
[2024-06-18T14:46:42.476+0545] {logging_mixin.py:188} INFO - [2024-06-18T14:46:42.475+0545] {dagbag.py:545} INFO - Filling up the DagBag from /root/apache_env/lib/python3.10/site-packages/airflow/example_dags/example_branch_day_of_week_operator.py
[2024-06-18T14:46:42.482+0545] {processor.py:840} INFO - DAG(s) 'example_weekday_branch_operator' retrieved from /root/apache_env/lib/python3.10/site-packages/airflow/example_dags/example_branch_day_of_week_operator.py
[2024-06-18T14:46:42.494+0545] {logging_mixin.py:188} INFO - [2024-06-18T14:46:42.493+0545] {dag.py:3096} INFO - Sync 1 DAGs
[2024-06-18T14:46:42.509+0545] {logging_mixin.py:188} INFO - [2024-06-18T14:46:42.508+0545] {dag.py:3954} INFO - Setting next_dagrun for example_weekday_branch_operator to 2024-06-17 00:00:00+00:00, run_after=2024-06-18 00:00:00+00:00
[2024-06-18T14:46:42.525+0545] {processor.py:183} INFO - Processing /root/apache_env/lib/python3.10/site-packages/airflow/example_dags/example_branch_day_of_week_operator.py took 0.058 seconds
[2024-06-18T14:47:32.231+0545] {processor.py:161} INFO - Started process (PID=10483) to work on /root/apache_env/lib/python3.10/site-packages/airflow/example_dags/example_branch_day_of_week_operator.py
[2024-06-18T14:47:32.232+0545] {processor.py:830} INFO - Processing file /root/apache_env/lib/python3.10/site-packages/airflow/example_dags/example_branch_day_of_week_operator.py for tasks to queue
[2024-06-18T14:47:32.233+0545] {logging_mixin.py:188} INFO - [2024-06-18T14:47:32.233+0545] {dagbag.py:545} INFO - Filling up the DagBag from /root/apache_env/lib/python3.10/site-packages/airflow/example_dags/example_branch_day_of_week_operator.py
[2024-06-18T14:47:32.238+0545] {processor.py:840} INFO - DAG(s) 'example_weekday_branch_operator' retrieved from /root/apache_env/lib/python3.10/site-packages/airflow/example_dags/example_branch_day_of_week_operator.py
[2024-06-18T14:47:32.249+0545] {logging_mixin.py:188} INFO - [2024-06-18T14:47:32.249+0545] {dag.py:3096} INFO - Sync 1 DAGs
[2024-06-18T14:47:32.263+0545] {logging_mixin.py:188} INFO - [2024-06-18T14:47:32.263+0545] {dag.py:3954} INFO - Setting next_dagrun for example_weekday_branch_operator to 2024-06-17 00:00:00+00:00, run_after=2024-06-18 00:00:00+00:00
[2024-06-18T14:47:32.280+0545] {processor.py:183} INFO - Processing /root/apache_env/lib/python3.10/site-packages/airflow/example_dags/example_branch_day_of_week_operator.py took 0.053 seconds
[2024-06-18T14:48:36.722+0545] {processor.py:161} INFO - Started process (PID=10647) to work on /root/apache_env/lib/python3.10/site-packages/airflow/example_dags/example_branch_day_of_week_operator.py
[2024-06-18T14:48:36.723+0545] {processor.py:830} INFO - Processing file /root/apache_env/lib/python3.10/site-packages/airflow/example_dags/example_branch_day_of_week_operator.py for tasks to queue
[2024-06-18T14:48:36.724+0545] {logging_mixin.py:188} INFO - [2024-06-18T14:48:36.724+0545] {dagbag.py:545} INFO - Filling up the DagBag from /root/apache_env/lib/python3.10/site-packages/airflow/example_dags/example_branch_day_of_week_operator.py
[2024-06-18T14:48:36.730+0545] {processor.py:840} INFO - DAG(s) 'example_weekday_branch_operator' retrieved from /root/apache_env/lib/python3.10/site-packages/airflow/example_dags/example_branch_day_of_week_operator.py
[2024-06-18T14:48:36.740+0545] {logging_mixin.py:188} INFO - [2024-06-18T14:48:36.740+0545] {dag.py:3096} INFO - Sync 1 DAGs
[2024-06-18T14:48:36.754+0545] {logging_mixin.py:188} INFO - [2024-06-18T14:48:36.753+0545] {dag.py:3954} INFO - Setting next_dagrun for example_weekday_branch_operator to 2024-06-17 00:00:00+00:00, run_after=2024-06-18 00:00:00+00:00
[2024-06-18T14:48:36.770+0545] {processor.py:183} INFO - Processing /root/apache_env/lib/python3.10/site-packages/airflow/example_dags/example_branch_day_of_week_operator.py took 0.052 seconds
[2024-06-18T14:49:44.699+0545] {processor.py:161} INFO - Started process (PID=10820) to work on /root/apache_env/lib/python3.10/site-packages/airflow/example_dags/example_branch_day_of_week_operator.py
[2024-06-18T14:49:44.700+0545] {processor.py:830} INFO - Processing file /root/apache_env/lib/python3.10/site-packages/airflow/example_dags/example_branch_day_of_week_operator.py for tasks to queue
[2024-06-18T14:49:44.701+0545] {logging_mixin.py:188} INFO - [2024-06-18T14:49:44.701+0545] {dagbag.py:545} INFO - Filling up the DagBag from /root/apache_env/lib/python3.10/site-packages/airflow/example_dags/example_branch_day_of_week_operator.py
[2024-06-18T14:49:44.708+0545] {processor.py:840} INFO - DAG(s) 'example_weekday_branch_operator' retrieved from /root/apache_env/lib/python3.10/site-packages/airflow/example_dags/example_branch_day_of_week_operator.py
[2024-06-18T14:49:44.718+0545] {logging_mixin.py:188} INFO - [2024-06-18T14:49:44.718+0545] {dag.py:3096} INFO - Sync 1 DAGs
[2024-06-18T14:49:44.732+0545] {logging_mixin.py:188} INFO - [2024-06-18T14:49:44.731+0545] {dag.py:3954} INFO - Setting next_dagrun for example_weekday_branch_operator to 2024-06-17 00:00:00+00:00, run_after=2024-06-18 00:00:00+00:00
[2024-06-18T14:49:44.749+0545] {processor.py:183} INFO - Processing /root/apache_env/lib/python3.10/site-packages/airflow/example_dags/example_branch_day_of_week_operator.py took 0.054 seconds
[2024-06-18T14:50:50.358+0545] {processor.py:161} INFO - Started process (PID=10987) to work on /root/apache_env/lib/python3.10/site-packages/airflow/example_dags/example_branch_day_of_week_operator.py
[2024-06-18T14:50:50.359+0545] {processor.py:830} INFO - Processing file /root/apache_env/lib/python3.10/site-packages/airflow/example_dags/example_branch_day_of_week_operator.py for tasks to queue
[2024-06-18T14:50:50.360+0545] {logging_mixin.py:188} INFO - [2024-06-18T14:50:50.360+0545] {dagbag.py:545} INFO - Filling up the DagBag from /root/apache_env/lib/python3.10/site-packages/airflow/example_dags/example_branch_day_of_week_operator.py
[2024-06-18T14:50:50.366+0545] {processor.py:840} INFO - DAG(s) 'example_weekday_branch_operator' retrieved from /root/apache_env/lib/python3.10/site-packages/airflow/example_dags/example_branch_day_of_week_operator.py
[2024-06-18T14:50:50.377+0545] {logging_mixin.py:188} INFO - [2024-06-18T14:50:50.377+0545] {dag.py:3096} INFO - Sync 1 DAGs
[2024-06-18T14:50:50.392+0545] {logging_mixin.py:188} INFO - [2024-06-18T14:50:50.391+0545] {dag.py:3954} INFO - Setting next_dagrun for example_weekday_branch_operator to 2024-06-17 00:00:00+00:00, run_after=2024-06-18 00:00:00+00:00
[2024-06-18T14:50:50.408+0545] {processor.py:183} INFO - Processing /root/apache_env/lib/python3.10/site-packages/airflow/example_dags/example_branch_day_of_week_operator.py took 0.055 seconds
[2024-06-18T14:51:54.287+0545] {processor.py:161} INFO - Started process (PID=11148) to work on /root/apache_env/lib/python3.10/site-packages/airflow/example_dags/example_branch_day_of_week_operator.py
[2024-06-18T14:51:54.288+0545] {processor.py:830} INFO - Processing file /root/apache_env/lib/python3.10/site-packages/airflow/example_dags/example_branch_day_of_week_operator.py for tasks to queue
[2024-06-18T14:51:54.290+0545] {logging_mixin.py:188} INFO - [2024-06-18T14:51:54.289+0545] {dagbag.py:545} INFO - Filling up the DagBag from /root/apache_env/lib/python3.10/site-packages/airflow/example_dags/example_branch_day_of_week_operator.py
[2024-06-18T14:51:54.297+0545] {processor.py:840} INFO - DAG(s) 'example_weekday_branch_operator' retrieved from /root/apache_env/lib/python3.10/site-packages/airflow/example_dags/example_branch_day_of_week_operator.py
[2024-06-18T14:51:54.310+0545] {logging_mixin.py:188} INFO - [2024-06-18T14:51:54.310+0545] {dag.py:3096} INFO - Sync 1 DAGs
[2024-06-18T14:51:54.331+0545] {logging_mixin.py:188} INFO - [2024-06-18T14:51:54.330+0545] {dag.py:3954} INFO - Setting next_dagrun for example_weekday_branch_operator to 2024-06-17 00:00:00+00:00, run_after=2024-06-18 00:00:00+00:00
[2024-06-18T14:51:54.351+0545] {processor.py:183} INFO - Processing /root/apache_env/lib/python3.10/site-packages/airflow/example_dags/example_branch_day_of_week_operator.py took 0.069 seconds
