[2024-06-18T14:12:48.310+0545] {processor.py:161} INFO - Started process (PID=5098) to work on /root/apache_env/lib/python3.10/site-packages/airflow/example_dags/example_sensors.py
[2024-06-18T14:12:48.311+0545] {processor.py:830} INFO - Processing file /root/apache_env/lib/python3.10/site-packages/airflow/example_dags/example_sensors.py for tasks to queue
[2024-06-18T14:12:48.312+0545] {logging_mixin.py:188} INFO - [2024-06-18T14:12:48.312+0545] {dagbag.py:545} INFO - Filling up the DagBag from /root/apache_env/lib/python3.10/site-packages/airflow/example_dags/example_sensors.py
[2024-06-18T14:12:48.319+0545] {processor.py:840} INFO - DAG(s) 'example_sensors' retrieved from /root/apache_env/lib/python3.10/site-packages/airflow/example_dags/example_sensors.py
[2024-06-18T14:12:48.398+0545] {logging_mixin.py:188} INFO - [2024-06-18T14:12:48.398+0545] {override.py:1829} INFO - Created Permission View: can delete on DAG:example_sensors
[2024-06-18T14:12:48.407+0545] {logging_mixin.py:188} INFO - [2024-06-18T14:12:48.407+0545] {override.py:1829} INFO - Created Permission View: can read on DAG:example_sensors
[2024-06-18T14:12:48.414+0545] {logging_mixin.py:188} INFO - [2024-06-18T14:12:48.414+0545] {override.py:1829} INFO - Created Permission View: can edit on DAG:example_sensors
[2024-06-18T14:12:48.414+0545] {logging_mixin.py:188} INFO - [2024-06-18T14:12:48.414+0545] {dag.py:3096} INFO - Sync 1 DAGs
[2024-06-18T14:12:48.421+0545] {logging_mixin.py:188} INFO - [2024-06-18T14:12:48.421+0545] {dag.py:3118} INFO - Creating ORM DAG for example_sensors
[2024-06-18T14:12:48.422+0545] {logging_mixin.py:188} INFO - [2024-06-18T14:12:48.422+0545] {dag.py:3954} INFO - Setting next_dagrun for example_sensors to None, run_after=None
[2024-06-18T14:12:48.439+0545] {processor.py:183} INFO - Processing /root/apache_env/lib/python3.10/site-packages/airflow/example_dags/example_sensors.py took 0.133 seconds
[2024-06-18T14:15:00.051+0545] {processor.py:161} INFO - Started process (PID=5395) to work on /root/apache_env/lib/python3.10/site-packages/airflow/example_dags/example_sensors.py
[2024-06-18T14:15:00.052+0545] {processor.py:830} INFO - Processing file /root/apache_env/lib/python3.10/site-packages/airflow/example_dags/example_sensors.py for tasks to queue
[2024-06-18T14:15:00.054+0545] {logging_mixin.py:188} INFO - [2024-06-18T14:15:00.053+0545] {dagbag.py:545} INFO - Filling up the DagBag from /root/apache_env/lib/python3.10/site-packages/airflow/example_dags/example_sensors.py
[2024-06-18T14:15:00.062+0545] {processor.py:840} INFO - DAG(s) 'example_sensors' retrieved from /root/apache_env/lib/python3.10/site-packages/airflow/example_dags/example_sensors.py
[2024-06-18T14:15:00.082+0545] {logging_mixin.py:188} INFO - [2024-06-18T14:15:00.082+0545] {dag.py:3096} INFO - Sync 1 DAGs
[2024-06-18T14:15:00.090+0545] {logging_mixin.py:188} INFO - [2024-06-18T14:15:00.090+0545] {dag.py:3954} INFO - Setting next_dagrun for example_sensors to None, run_after=None
[2024-06-18T14:15:00.108+0545] {processor.py:183} INFO - Processing /root/apache_env/lib/python3.10/site-packages/airflow/example_dags/example_sensors.py took 0.061 seconds
[2024-06-18T14:16:22.293+0545] {processor.py:161} INFO - Started process (PID=5617) to work on /root/apache_env/lib/python3.10/site-packages/airflow/example_dags/example_sensors.py
[2024-06-18T14:16:22.295+0545] {processor.py:830} INFO - Processing file /root/apache_env/lib/python3.10/site-packages/airflow/example_dags/example_sensors.py for tasks to queue
[2024-06-18T14:16:22.296+0545] {logging_mixin.py:188} INFO - [2024-06-18T14:16:22.296+0545] {dagbag.py:545} INFO - Filling up the DagBag from /root/apache_env/lib/python3.10/site-packages/airflow/example_dags/example_sensors.py
[2024-06-18T14:16:22.302+0545] {processor.py:840} INFO - DAG(s) 'example_sensors' retrieved from /root/apache_env/lib/python3.10/site-packages/airflow/example_dags/example_sensors.py
[2024-06-18T14:16:22.364+0545] {logging_mixin.py:188} INFO - [2024-06-18T14:16:22.364+0545] {dag.py:3096} INFO - Sync 1 DAGs
[2024-06-18T14:16:22.370+0545] {logging_mixin.py:188} INFO - [2024-06-18T14:16:22.369+0545] {dag.py:3954} INFO - Setting next_dagrun for example_sensors to None, run_after=None
[2024-06-18T14:16:22.446+0545] {processor.py:183} INFO - Processing /root/apache_env/lib/python3.10/site-packages/airflow/example_dags/example_sensors.py took 0.157 seconds
[2024-06-18T14:17:16.965+0545] {processor.py:161} INFO - Started process (PID=5754) to work on /root/apache_env/lib/python3.10/site-packages/airflow/example_dags/example_sensors.py
[2024-06-18T14:17:16.966+0545] {processor.py:830} INFO - Processing file /root/apache_env/lib/python3.10/site-packages/airflow/example_dags/example_sensors.py for tasks to queue
[2024-06-18T14:17:16.967+0545] {logging_mixin.py:188} INFO - [2024-06-18T14:17:16.967+0545] {dagbag.py:545} INFO - Filling up the DagBag from /root/apache_env/lib/python3.10/site-packages/airflow/example_dags/example_sensors.py
[2024-06-18T14:17:16.973+0545] {processor.py:840} INFO - DAG(s) 'example_sensors' retrieved from /root/apache_env/lib/python3.10/site-packages/airflow/example_dags/example_sensors.py
[2024-06-18T14:17:16.986+0545] {logging_mixin.py:188} INFO - [2024-06-18T14:17:16.986+0545] {dag.py:3096} INFO - Sync 1 DAGs
[2024-06-18T14:17:16.994+0545] {logging_mixin.py:188} INFO - [2024-06-18T14:17:16.993+0545] {dag.py:3954} INFO - Setting next_dagrun for example_sensors to None, run_after=None
[2024-06-18T14:17:17.011+0545] {processor.py:183} INFO - Processing /root/apache_env/lib/python3.10/site-packages/airflow/example_dags/example_sensors.py took 0.050 seconds
[2024-06-18T14:18:11.309+0545] {processor.py:161} INFO - Started process (PID=5893) to work on /root/apache_env/lib/python3.10/site-packages/airflow/example_dags/example_sensors.py
[2024-06-18T14:18:11.310+0545] {processor.py:830} INFO - Processing file /root/apache_env/lib/python3.10/site-packages/airflow/example_dags/example_sensors.py for tasks to queue
[2024-06-18T14:18:11.311+0545] {logging_mixin.py:188} INFO - [2024-06-18T14:18:11.311+0545] {dagbag.py:545} INFO - Filling up the DagBag from /root/apache_env/lib/python3.10/site-packages/airflow/example_dags/example_sensors.py
[2024-06-18T14:18:11.317+0545] {processor.py:840} INFO - DAG(s) 'example_sensors' retrieved from /root/apache_env/lib/python3.10/site-packages/airflow/example_dags/example_sensors.py
[2024-06-18T14:18:11.385+0545] {logging_mixin.py:188} INFO - [2024-06-18T14:18:11.385+0545] {dag.py:3096} INFO - Sync 1 DAGs
[2024-06-18T14:18:11.391+0545] {logging_mixin.py:188} INFO - [2024-06-18T14:18:11.391+0545] {dag.py:3954} INFO - Setting next_dagrun for example_sensors to None, run_after=None
[2024-06-18T14:18:11.408+0545] {processor.py:183} INFO - Processing /root/apache_env/lib/python3.10/site-packages/airflow/example_dags/example_sensors.py took 0.104 seconds
[2024-06-18T14:22:31.923+0545] {processor.py:161} INFO - Started process (PID=6595) to work on /root/apache_env/lib/python3.10/site-packages/airflow/example_dags/example_sensors.py
[2024-06-18T14:22:31.924+0545] {processor.py:830} INFO - Processing file /root/apache_env/lib/python3.10/site-packages/airflow/example_dags/example_sensors.py for tasks to queue
[2024-06-18T14:22:31.926+0545] {logging_mixin.py:188} INFO - [2024-06-18T14:22:31.925+0545] {dagbag.py:545} INFO - Filling up the DagBag from /root/apache_env/lib/python3.10/site-packages/airflow/example_dags/example_sensors.py
[2024-06-18T14:22:31.933+0545] {processor.py:840} INFO - DAG(s) 'example_sensors' retrieved from /root/apache_env/lib/python3.10/site-packages/airflow/example_dags/example_sensors.py
[2024-06-18T14:22:32.008+0545] {logging_mixin.py:188} INFO - [2024-06-18T14:22:32.007+0545] {dag.py:3096} INFO - Sync 1 DAGs
[2024-06-18T14:22:32.016+0545] {logging_mixin.py:188} INFO - [2024-06-18T14:22:32.016+0545] {dag.py:3954} INFO - Setting next_dagrun for example_sensors to None, run_after=None
[2024-06-18T14:22:32.033+0545] {processor.py:183} INFO - Processing /root/apache_env/lib/python3.10/site-packages/airflow/example_dags/example_sensors.py took 0.114 seconds
[2024-06-18T14:23:42.053+0545] {processor.py:161} INFO - Started process (PID=6789) to work on /root/apache_env/lib/python3.10/site-packages/airflow/example_dags/example_sensors.py
[2024-06-18T14:23:42.055+0545] {processor.py:830} INFO - Processing file /root/apache_env/lib/python3.10/site-packages/airflow/example_dags/example_sensors.py for tasks to queue
[2024-06-18T14:23:42.056+0545] {logging_mixin.py:188} INFO - [2024-06-18T14:23:42.056+0545] {dagbag.py:545} INFO - Filling up the DagBag from /root/apache_env/lib/python3.10/site-packages/airflow/example_dags/example_sensors.py
[2024-06-18T14:23:42.062+0545] {processor.py:840} INFO - DAG(s) 'example_sensors' retrieved from /root/apache_env/lib/python3.10/site-packages/airflow/example_dags/example_sensors.py
[2024-06-18T14:23:42.076+0545] {logging_mixin.py:188} INFO - [2024-06-18T14:23:42.075+0545] {dag.py:3096} INFO - Sync 1 DAGs
[2024-06-18T14:23:42.083+0545] {logging_mixin.py:188} INFO - [2024-06-18T14:23:42.083+0545] {dag.py:3954} INFO - Setting next_dagrun for example_sensors to None, run_after=None
[2024-06-18T14:23:42.100+0545] {processor.py:183} INFO - Processing /root/apache_env/lib/python3.10/site-packages/airflow/example_dags/example_sensors.py took 0.050 seconds
[2024-06-18T14:24:36.164+0545] {processor.py:161} INFO - Started process (PID=6923) to work on /root/apache_env/lib/python3.10/site-packages/airflow/example_dags/example_sensors.py
[2024-06-18T14:24:36.166+0545] {processor.py:830} INFO - Processing file /root/apache_env/lib/python3.10/site-packages/airflow/example_dags/example_sensors.py for tasks to queue
[2024-06-18T14:24:36.167+0545] {logging_mixin.py:188} INFO - [2024-06-18T14:24:36.167+0545] {dagbag.py:545} INFO - Filling up the DagBag from /root/apache_env/lib/python3.10/site-packages/airflow/example_dags/example_sensors.py
[2024-06-18T14:24:36.173+0545] {processor.py:840} INFO - DAG(s) 'example_sensors' retrieved from /root/apache_env/lib/python3.10/site-packages/airflow/example_dags/example_sensors.py
[2024-06-18T14:24:36.239+0545] {logging_mixin.py:188} INFO - [2024-06-18T14:24:36.239+0545] {dag.py:3096} INFO - Sync 1 DAGs
[2024-06-18T14:24:36.246+0545] {logging_mixin.py:188} INFO - [2024-06-18T14:24:36.246+0545] {dag.py:3954} INFO - Setting next_dagrun for example_sensors to None, run_after=None
[2024-06-18T14:24:36.269+0545] {processor.py:183} INFO - Processing /root/apache_env/lib/python3.10/site-packages/airflow/example_dags/example_sensors.py took 0.109 seconds
[2024-06-18T14:27:34.365+0545] {processor.py:161} INFO - Started process (PID=7417) to work on /root/apache_env/lib/python3.10/site-packages/airflow/example_dags/example_sensors.py
[2024-06-18T14:27:34.367+0545] {processor.py:830} INFO - Processing file /root/apache_env/lib/python3.10/site-packages/airflow/example_dags/example_sensors.py for tasks to queue
[2024-06-18T14:27:34.368+0545] {logging_mixin.py:188} INFO - [2024-06-18T14:27:34.368+0545] {dagbag.py:545} INFO - Filling up the DagBag from /root/apache_env/lib/python3.10/site-packages/airflow/example_dags/example_sensors.py
[2024-06-18T14:27:34.375+0545] {processor.py:840} INFO - DAG(s) 'example_sensors' retrieved from /root/apache_env/lib/python3.10/site-packages/airflow/example_dags/example_sensors.py
[2024-06-18T14:27:34.450+0545] {logging_mixin.py:188} INFO - [2024-06-18T14:27:34.449+0545] {dag.py:3096} INFO - Sync 1 DAGs
[2024-06-18T14:27:34.458+0545] {logging_mixin.py:188} INFO - [2024-06-18T14:27:34.458+0545] {dag.py:3954} INFO - Setting next_dagrun for example_sensors to None, run_after=None
[2024-06-18T14:27:34.476+0545] {processor.py:183} INFO - Processing /root/apache_env/lib/python3.10/site-packages/airflow/example_dags/example_sensors.py took 0.115 seconds
[2024-06-18T14:28:31.784+0545] {processor.py:161} INFO - Started process (PID=7572) to work on /root/apache_env/lib/python3.10/site-packages/airflow/example_dags/example_sensors.py
[2024-06-18T14:28:31.786+0545] {processor.py:830} INFO - Processing file /root/apache_env/lib/python3.10/site-packages/airflow/example_dags/example_sensors.py for tasks to queue
[2024-06-18T14:28:31.787+0545] {logging_mixin.py:188} INFO - [2024-06-18T14:28:31.786+0545] {dagbag.py:545} INFO - Filling up the DagBag from /root/apache_env/lib/python3.10/site-packages/airflow/example_dags/example_sensors.py
[2024-06-18T14:28:31.794+0545] {processor.py:840} INFO - DAG(s) 'example_sensors' retrieved from /root/apache_env/lib/python3.10/site-packages/airflow/example_dags/example_sensors.py
[2024-06-18T14:28:31.809+0545] {logging_mixin.py:188} INFO - [2024-06-18T14:28:31.809+0545] {dag.py:3096} INFO - Sync 1 DAGs
[2024-06-18T14:28:31.818+0545] {logging_mixin.py:188} INFO - [2024-06-18T14:28:31.818+0545] {dag.py:3954} INFO - Setting next_dagrun for example_sensors to None, run_after=None
[2024-06-18T14:28:31.835+0545] {processor.py:183} INFO - Processing /root/apache_env/lib/python3.10/site-packages/airflow/example_dags/example_sensors.py took 0.054 seconds
[2024-06-18T14:30:13.645+0545] {processor.py:161} INFO - Started process (PID=7823) to work on /root/apache_env/lib/python3.10/site-packages/airflow/example_dags/example_sensors.py
[2024-06-18T14:30:13.646+0545] {processor.py:830} INFO - Processing file /root/apache_env/lib/python3.10/site-packages/airflow/example_dags/example_sensors.py for tasks to queue
[2024-06-18T14:30:13.647+0545] {logging_mixin.py:188} INFO - [2024-06-18T14:30:13.647+0545] {dagbag.py:545} INFO - Filling up the DagBag from /root/apache_env/lib/python3.10/site-packages/airflow/example_dags/example_sensors.py
[2024-06-18T14:30:13.653+0545] {processor.py:840} INFO - DAG(s) 'example_sensors' retrieved from /root/apache_env/lib/python3.10/site-packages/airflow/example_dags/example_sensors.py
[2024-06-18T14:30:13.716+0545] {logging_mixin.py:188} INFO - [2024-06-18T14:30:13.716+0545] {dag.py:3096} INFO - Sync 1 DAGs
[2024-06-18T14:30:13.723+0545] {logging_mixin.py:188} INFO - [2024-06-18T14:30:13.723+0545] {dag.py:3954} INFO - Setting next_dagrun for example_sensors to None, run_after=None
[2024-06-18T14:30:13.741+0545] {processor.py:183} INFO - Processing /root/apache_env/lib/python3.10/site-packages/airflow/example_dags/example_sensors.py took 0.099 seconds
[2024-06-18T14:31:09.749+0545] {processor.py:161} INFO - Started process (PID=7958) to work on /root/apache_env/lib/python3.10/site-packages/airflow/example_dags/example_sensors.py
[2024-06-18T14:31:09.750+0545] {processor.py:830} INFO - Processing file /root/apache_env/lib/python3.10/site-packages/airflow/example_dags/example_sensors.py for tasks to queue
[2024-06-18T14:31:09.751+0545] {logging_mixin.py:188} INFO - [2024-06-18T14:31:09.751+0545] {dagbag.py:545} INFO - Filling up the DagBag from /root/apache_env/lib/python3.10/site-packages/airflow/example_dags/example_sensors.py
[2024-06-18T14:31:09.757+0545] {processor.py:840} INFO - DAG(s) 'example_sensors' retrieved from /root/apache_env/lib/python3.10/site-packages/airflow/example_dags/example_sensors.py
[2024-06-18T14:31:09.771+0545] {logging_mixin.py:188} INFO - [2024-06-18T14:31:09.770+0545] {dag.py:3096} INFO - Sync 1 DAGs
[2024-06-18T14:31:09.778+0545] {logging_mixin.py:188} INFO - [2024-06-18T14:31:09.778+0545] {dag.py:3954} INFO - Setting next_dagrun for example_sensors to None, run_after=None
[2024-06-18T14:31:09.796+0545] {processor.py:183} INFO - Processing /root/apache_env/lib/python3.10/site-packages/airflow/example_dags/example_sensors.py took 0.051 seconds
[2024-06-18T14:32:03.101+0545] {processor.py:161} INFO - Started process (PID=8090) to work on /root/apache_env/lib/python3.10/site-packages/airflow/example_dags/example_sensors.py
[2024-06-18T14:32:03.102+0545] {processor.py:830} INFO - Processing file /root/apache_env/lib/python3.10/site-packages/airflow/example_dags/example_sensors.py for tasks to queue
[2024-06-18T14:32:03.103+0545] {logging_mixin.py:188} INFO - [2024-06-18T14:32:03.103+0545] {dagbag.py:545} INFO - Filling up the DagBag from /root/apache_env/lib/python3.10/site-packages/airflow/example_dags/example_sensors.py
[2024-06-18T14:32:03.109+0545] {processor.py:840} INFO - DAG(s) 'example_sensors' retrieved from /root/apache_env/lib/python3.10/site-packages/airflow/example_dags/example_sensors.py
[2024-06-18T14:32:03.175+0545] {logging_mixin.py:188} INFO - [2024-06-18T14:32:03.175+0545] {dag.py:3096} INFO - Sync 1 DAGs
[2024-06-18T14:32:03.181+0545] {logging_mixin.py:188} INFO - [2024-06-18T14:32:03.181+0545] {dag.py:3954} INFO - Setting next_dagrun for example_sensors to None, run_after=None
[2024-06-18T14:32:03.198+0545] {processor.py:183} INFO - Processing /root/apache_env/lib/python3.10/site-packages/airflow/example_dags/example_sensors.py took 0.101 seconds
[2024-06-18T14:32:53.054+0545] {processor.py:161} INFO - Started process (PID=8215) to work on /root/apache_env/lib/python3.10/site-packages/airflow/example_dags/example_sensors.py
[2024-06-18T14:32:53.055+0545] {processor.py:830} INFO - Processing file /root/apache_env/lib/python3.10/site-packages/airflow/example_dags/example_sensors.py for tasks to queue
[2024-06-18T14:32:53.057+0545] {logging_mixin.py:188} INFO - [2024-06-18T14:32:53.057+0545] {dagbag.py:545} INFO - Filling up the DagBag from /root/apache_env/lib/python3.10/site-packages/airflow/example_dags/example_sensors.py
[2024-06-18T14:32:53.063+0545] {processor.py:840} INFO - DAG(s) 'example_sensors' retrieved from /root/apache_env/lib/python3.10/site-packages/airflow/example_dags/example_sensors.py
[2024-06-18T14:32:53.077+0545] {logging_mixin.py:188} INFO - [2024-06-18T14:32:53.077+0545] {dag.py:3096} INFO - Sync 1 DAGs
[2024-06-18T14:32:53.085+0545] {logging_mixin.py:188} INFO - [2024-06-18T14:32:53.084+0545] {dag.py:3954} INFO - Setting next_dagrun for example_sensors to None, run_after=None
[2024-06-18T14:32:53.102+0545] {processor.py:183} INFO - Processing /root/apache_env/lib/python3.10/site-packages/airflow/example_dags/example_sensors.py took 0.052 seconds
[2024-06-18T14:33:39.132+0545] {processor.py:161} INFO - Started process (PID=8330) to work on /root/apache_env/lib/python3.10/site-packages/airflow/example_dags/example_sensors.py
[2024-06-18T14:33:39.134+0545] {processor.py:830} INFO - Processing file /root/apache_env/lib/python3.10/site-packages/airflow/example_dags/example_sensors.py for tasks to queue
[2024-06-18T14:33:39.135+0545] {logging_mixin.py:188} INFO - [2024-06-18T14:33:39.135+0545] {dagbag.py:545} INFO - Filling up the DagBag from /root/apache_env/lib/python3.10/site-packages/airflow/example_dags/example_sensors.py
[2024-06-18T14:33:39.141+0545] {processor.py:840} INFO - DAG(s) 'example_sensors' retrieved from /root/apache_env/lib/python3.10/site-packages/airflow/example_dags/example_sensors.py
[2024-06-18T14:33:39.154+0545] {logging_mixin.py:188} INFO - [2024-06-18T14:33:39.154+0545] {dag.py:3096} INFO - Sync 1 DAGs
[2024-06-18T14:33:39.162+0545] {logging_mixin.py:188} INFO - [2024-06-18T14:33:39.162+0545] {dag.py:3954} INFO - Setting next_dagrun for example_sensors to None, run_after=None
[2024-06-18T14:33:39.180+0545] {processor.py:183} INFO - Processing /root/apache_env/lib/python3.10/site-packages/airflow/example_dags/example_sensors.py took 0.052 seconds
[2024-06-18T14:34:24.305+0545] {processor.py:161} INFO - Started process (PID=8446) to work on /root/apache_env/lib/python3.10/site-packages/airflow/example_dags/example_sensors.py
[2024-06-18T14:34:24.306+0545] {processor.py:830} INFO - Processing file /root/apache_env/lib/python3.10/site-packages/airflow/example_dags/example_sensors.py for tasks to queue
[2024-06-18T14:34:24.308+0545] {logging_mixin.py:188} INFO - [2024-06-18T14:34:24.307+0545] {dagbag.py:545} INFO - Filling up the DagBag from /root/apache_env/lib/python3.10/site-packages/airflow/example_dags/example_sensors.py
[2024-06-18T14:34:24.314+0545] {processor.py:840} INFO - DAG(s) 'example_sensors' retrieved from /root/apache_env/lib/python3.10/site-packages/airflow/example_dags/example_sensors.py
[2024-06-18T14:34:24.328+0545] {logging_mixin.py:188} INFO - [2024-06-18T14:34:24.328+0545] {dag.py:3096} INFO - Sync 1 DAGs
[2024-06-18T14:34:24.337+0545] {logging_mixin.py:188} INFO - [2024-06-18T14:34:24.337+0545] {dag.py:3954} INFO - Setting next_dagrun for example_sensors to None, run_after=None
[2024-06-18T14:34:24.354+0545] {processor.py:183} INFO - Processing /root/apache_env/lib/python3.10/site-packages/airflow/example_dags/example_sensors.py took 0.053 seconds
[2024-06-18T14:35:34.295+0545] {processor.py:161} INFO - Started process (PID=8651) to work on /root/apache_env/lib/python3.10/site-packages/airflow/example_dags/example_sensors.py
[2024-06-18T14:35:34.297+0545] {processor.py:830} INFO - Processing file /root/apache_env/lib/python3.10/site-packages/airflow/example_dags/example_sensors.py for tasks to queue
[2024-06-18T14:35:34.298+0545] {logging_mixin.py:188} INFO - [2024-06-18T14:35:34.298+0545] {dagbag.py:545} INFO - Filling up the DagBag from /root/apache_env/lib/python3.10/site-packages/airflow/example_dags/example_sensors.py
[2024-06-18T14:35:34.306+0545] {processor.py:840} INFO - DAG(s) 'example_sensors' retrieved from /root/apache_env/lib/python3.10/site-packages/airflow/example_dags/example_sensors.py
[2024-06-18T14:35:34.319+0545] {logging_mixin.py:188} INFO - [2024-06-18T14:35:34.319+0545] {dag.py:3096} INFO - Sync 1 DAGs
[2024-06-18T14:35:34.327+0545] {logging_mixin.py:188} INFO - [2024-06-18T14:35:34.327+0545] {dag.py:3954} INFO - Setting next_dagrun for example_sensors to None, run_after=None
[2024-06-18T14:35:34.346+0545] {processor.py:183} INFO - Processing /root/apache_env/lib/python3.10/site-packages/airflow/example_dags/example_sensors.py took 0.054 seconds
[2024-06-18T14:36:23.061+0545] {processor.py:161} INFO - Started process (PID=8773) to work on /root/apache_env/lib/python3.10/site-packages/airflow/example_dags/example_sensors.py
[2024-06-18T14:36:23.062+0545] {processor.py:830} INFO - Processing file /root/apache_env/lib/python3.10/site-packages/airflow/example_dags/example_sensors.py for tasks to queue
[2024-06-18T14:36:23.063+0545] {logging_mixin.py:188} INFO - [2024-06-18T14:36:23.063+0545] {dagbag.py:545} INFO - Filling up the DagBag from /root/apache_env/lib/python3.10/site-packages/airflow/example_dags/example_sensors.py
[2024-06-18T14:36:23.069+0545] {processor.py:840} INFO - DAG(s) 'example_sensors' retrieved from /root/apache_env/lib/python3.10/site-packages/airflow/example_dags/example_sensors.py
[2024-06-18T14:36:23.083+0545] {logging_mixin.py:188} INFO - [2024-06-18T14:36:23.082+0545] {dag.py:3096} INFO - Sync 1 DAGs
[2024-06-18T14:36:23.090+0545] {logging_mixin.py:188} INFO - [2024-06-18T14:36:23.090+0545] {dag.py:3954} INFO - Setting next_dagrun for example_sensors to None, run_after=None
[2024-06-18T14:36:23.108+0545] {processor.py:183} INFO - Processing /root/apache_env/lib/python3.10/site-packages/airflow/example_dags/example_sensors.py took 0.051 seconds
[2024-06-18T14:37:28.076+0545] {processor.py:161} INFO - Started process (PID=8937) to work on /root/apache_env/lib/python3.10/site-packages/airflow/example_dags/example_sensors.py
[2024-06-18T14:37:28.078+0545] {processor.py:830} INFO - Processing file /root/apache_env/lib/python3.10/site-packages/airflow/example_dags/example_sensors.py for tasks to queue
[2024-06-18T14:37:28.079+0545] {logging_mixin.py:188} INFO - [2024-06-18T14:37:28.078+0545] {dagbag.py:545} INFO - Filling up the DagBag from /root/apache_env/lib/python3.10/site-packages/airflow/example_dags/example_sensors.py
[2024-06-18T14:37:28.085+0545] {processor.py:840} INFO - DAG(s) 'example_sensors' retrieved from /root/apache_env/lib/python3.10/site-packages/airflow/example_dags/example_sensors.py
[2024-06-18T14:37:28.099+0545] {logging_mixin.py:188} INFO - [2024-06-18T14:37:28.098+0545] {dag.py:3096} INFO - Sync 1 DAGs
[2024-06-18T14:37:28.106+0545] {logging_mixin.py:188} INFO - [2024-06-18T14:37:28.106+0545] {dag.py:3954} INFO - Setting next_dagrun for example_sensors to None, run_after=None
[2024-06-18T14:37:28.124+0545] {processor.py:183} INFO - Processing /root/apache_env/lib/python3.10/site-packages/airflow/example_dags/example_sensors.py took 0.052 seconds
[2024-06-18T14:38:15.950+0545] {processor.py:161} INFO - Started process (PID=9059) to work on /root/apache_env/lib/python3.10/site-packages/airflow/example_dags/example_sensors.py
[2024-06-18T14:38:15.951+0545] {processor.py:830} INFO - Processing file /root/apache_env/lib/python3.10/site-packages/airflow/example_dags/example_sensors.py for tasks to queue
[2024-06-18T14:38:15.953+0545] {logging_mixin.py:188} INFO - [2024-06-18T14:38:15.952+0545] {dagbag.py:545} INFO - Filling up the DagBag from /root/apache_env/lib/python3.10/site-packages/airflow/example_dags/example_sensors.py
[2024-06-18T14:38:15.959+0545] {processor.py:840} INFO - DAG(s) 'example_sensors' retrieved from /root/apache_env/lib/python3.10/site-packages/airflow/example_dags/example_sensors.py
[2024-06-18T14:38:15.972+0545] {logging_mixin.py:188} INFO - [2024-06-18T14:38:15.972+0545] {dag.py:3096} INFO - Sync 1 DAGs
[2024-06-18T14:38:15.979+0545] {logging_mixin.py:188} INFO - [2024-06-18T14:38:15.979+0545] {dag.py:3954} INFO - Setting next_dagrun for example_sensors to None, run_after=None
[2024-06-18T14:38:15.996+0545] {processor.py:183} INFO - Processing /root/apache_env/lib/python3.10/site-packages/airflow/example_dags/example_sensors.py took 0.050 seconds
[2024-06-18T14:39:02.868+0545] {processor.py:161} INFO - Started process (PID=9177) to work on /root/apache_env/lib/python3.10/site-packages/airflow/example_dags/example_sensors.py
[2024-06-18T14:39:02.869+0545] {processor.py:830} INFO - Processing file /root/apache_env/lib/python3.10/site-packages/airflow/example_dags/example_sensors.py for tasks to queue
[2024-06-18T14:39:02.870+0545] {logging_mixin.py:188} INFO - [2024-06-18T14:39:02.870+0545] {dagbag.py:545} INFO - Filling up the DagBag from /root/apache_env/lib/python3.10/site-packages/airflow/example_dags/example_sensors.py
[2024-06-18T14:39:02.877+0545] {processor.py:840} INFO - DAG(s) 'example_sensors' retrieved from /root/apache_env/lib/python3.10/site-packages/airflow/example_dags/example_sensors.py
[2024-06-18T14:39:02.891+0545] {logging_mixin.py:188} INFO - [2024-06-18T14:39:02.891+0545] {dag.py:3096} INFO - Sync 1 DAGs
[2024-06-18T14:39:02.899+0545] {logging_mixin.py:188} INFO - [2024-06-18T14:39:02.899+0545] {dag.py:3954} INFO - Setting next_dagrun for example_sensors to None, run_after=None
[2024-06-18T14:39:02.914+0545] {processor.py:183} INFO - Processing /root/apache_env/lib/python3.10/site-packages/airflow/example_dags/example_sensors.py took 0.051 seconds
[2024-06-18T14:39:49.508+0545] {processor.py:161} INFO - Started process (PID=9292) to work on /root/apache_env/lib/python3.10/site-packages/airflow/example_dags/example_sensors.py
[2024-06-18T14:39:49.510+0545] {processor.py:830} INFO - Processing file /root/apache_env/lib/python3.10/site-packages/airflow/example_dags/example_sensors.py for tasks to queue
[2024-06-18T14:39:49.511+0545] {logging_mixin.py:188} INFO - [2024-06-18T14:39:49.510+0545] {dagbag.py:545} INFO - Filling up the DagBag from /root/apache_env/lib/python3.10/site-packages/airflow/example_dags/example_sensors.py
[2024-06-18T14:39:49.517+0545] {processor.py:840} INFO - DAG(s) 'example_sensors' retrieved from /root/apache_env/lib/python3.10/site-packages/airflow/example_dags/example_sensors.py
[2024-06-18T14:39:49.532+0545] {logging_mixin.py:188} INFO - [2024-06-18T14:39:49.532+0545] {dag.py:3096} INFO - Sync 1 DAGs
[2024-06-18T14:39:49.542+0545] {logging_mixin.py:188} INFO - [2024-06-18T14:39:49.542+0545] {dag.py:3954} INFO - Setting next_dagrun for example_sensors to None, run_after=None
[2024-06-18T14:39:49.559+0545] {processor.py:183} INFO - Processing /root/apache_env/lib/python3.10/site-packages/airflow/example_dags/example_sensors.py took 0.055 seconds
[2024-06-18T14:40:35.432+0545] {processor.py:161} INFO - Started process (PID=9410) to work on /root/apache_env/lib/python3.10/site-packages/airflow/example_dags/example_sensors.py
[2024-06-18T14:40:35.433+0545] {processor.py:830} INFO - Processing file /root/apache_env/lib/python3.10/site-packages/airflow/example_dags/example_sensors.py for tasks to queue
[2024-06-18T14:40:35.434+0545] {logging_mixin.py:188} INFO - [2024-06-18T14:40:35.434+0545] {dagbag.py:545} INFO - Filling up the DagBag from /root/apache_env/lib/python3.10/site-packages/airflow/example_dags/example_sensors.py
[2024-06-18T14:40:35.440+0545] {processor.py:840} INFO - DAG(s) 'example_sensors' retrieved from /root/apache_env/lib/python3.10/site-packages/airflow/example_dags/example_sensors.py
[2024-06-18T14:40:35.454+0545] {logging_mixin.py:188} INFO - [2024-06-18T14:40:35.454+0545] {dag.py:3096} INFO - Sync 1 DAGs
[2024-06-18T14:40:35.461+0545] {logging_mixin.py:188} INFO - [2024-06-18T14:40:35.461+0545] {dag.py:3954} INFO - Setting next_dagrun for example_sensors to None, run_after=None
[2024-06-18T14:40:35.479+0545] {processor.py:183} INFO - Processing /root/apache_env/lib/python3.10/site-packages/airflow/example_dags/example_sensors.py took 0.051 seconds
[2024-06-18T14:41:22.991+0545] {processor.py:161} INFO - Started process (PID=9528) to work on /root/apache_env/lib/python3.10/site-packages/airflow/example_dags/example_sensors.py
[2024-06-18T14:41:22.992+0545] {processor.py:830} INFO - Processing file /root/apache_env/lib/python3.10/site-packages/airflow/example_dags/example_sensors.py for tasks to queue
[2024-06-18T14:41:22.994+0545] {logging_mixin.py:188} INFO - [2024-06-18T14:41:22.993+0545] {dagbag.py:545} INFO - Filling up the DagBag from /root/apache_env/lib/python3.10/site-packages/airflow/example_dags/example_sensors.py
[2024-06-18T14:41:23.002+0545] {processor.py:840} INFO - DAG(s) 'example_sensors' retrieved from /root/apache_env/lib/python3.10/site-packages/airflow/example_dags/example_sensors.py
[2024-06-18T14:41:23.018+0545] {logging_mixin.py:188} INFO - [2024-06-18T14:41:23.018+0545] {dag.py:3096} INFO - Sync 1 DAGs
[2024-06-18T14:41:23.027+0545] {logging_mixin.py:188} INFO - [2024-06-18T14:41:23.027+0545] {dag.py:3954} INFO - Setting next_dagrun for example_sensors to None, run_after=None
[2024-06-18T14:41:23.044+0545] {processor.py:183} INFO - Processing /root/apache_env/lib/python3.10/site-packages/airflow/example_dags/example_sensors.py took 0.058 seconds
[2024-06-18T14:42:27.461+0545] {processor.py:161} INFO - Started process (PID=9689) to work on /root/apache_env/lib/python3.10/site-packages/airflow/example_dags/example_sensors.py
[2024-06-18T14:42:27.462+0545] {processor.py:830} INFO - Processing file /root/apache_env/lib/python3.10/site-packages/airflow/example_dags/example_sensors.py for tasks to queue
[2024-06-18T14:42:27.463+0545] {logging_mixin.py:188} INFO - [2024-06-18T14:42:27.463+0545] {dagbag.py:545} INFO - Filling up the DagBag from /root/apache_env/lib/python3.10/site-packages/airflow/example_dags/example_sensors.py
[2024-06-18T14:42:27.470+0545] {processor.py:840} INFO - DAG(s) 'example_sensors' retrieved from /root/apache_env/lib/python3.10/site-packages/airflow/example_dags/example_sensors.py
[2024-06-18T14:42:27.484+0545] {logging_mixin.py:188} INFO - [2024-06-18T14:42:27.484+0545] {dag.py:3096} INFO - Sync 1 DAGs
[2024-06-18T14:42:27.491+0545] {logging_mixin.py:188} INFO - [2024-06-18T14:42:27.491+0545] {dag.py:3954} INFO - Setting next_dagrun for example_sensors to None, run_after=None
[2024-06-18T14:42:27.508+0545] {processor.py:183} INFO - Processing /root/apache_env/lib/python3.10/site-packages/airflow/example_dags/example_sensors.py took 0.051 seconds
[2024-06-18T14:43:34.254+0545] {processor.py:161} INFO - Started process (PID=9857) to work on /root/apache_env/lib/python3.10/site-packages/airflow/example_dags/example_sensors.py
[2024-06-18T14:43:34.255+0545] {processor.py:830} INFO - Processing file /root/apache_env/lib/python3.10/site-packages/airflow/example_dags/example_sensors.py for tasks to queue
[2024-06-18T14:43:34.256+0545] {logging_mixin.py:188} INFO - [2024-06-18T14:43:34.256+0545] {dagbag.py:545} INFO - Filling up the DagBag from /root/apache_env/lib/python3.10/site-packages/airflow/example_dags/example_sensors.py
[2024-06-18T14:43:34.262+0545] {processor.py:840} INFO - DAG(s) 'example_sensors' retrieved from /root/apache_env/lib/python3.10/site-packages/airflow/example_dags/example_sensors.py
[2024-06-18T14:43:34.275+0545] {logging_mixin.py:188} INFO - [2024-06-18T14:43:34.275+0545] {dag.py:3096} INFO - Sync 1 DAGs
[2024-06-18T14:43:34.283+0545] {logging_mixin.py:188} INFO - [2024-06-18T14:43:34.283+0545] {dag.py:3954} INFO - Setting next_dagrun for example_sensors to None, run_after=None
[2024-06-18T14:43:34.302+0545] {processor.py:183} INFO - Processing /root/apache_env/lib/python3.10/site-packages/airflow/example_dags/example_sensors.py took 0.052 seconds
[2024-06-18T14:44:20.442+0545] {processor.py:161} INFO - Started process (PID=9974) to work on /root/apache_env/lib/python3.10/site-packages/airflow/example_dags/example_sensors.py
[2024-06-18T14:44:20.443+0545] {processor.py:830} INFO - Processing file /root/apache_env/lib/python3.10/site-packages/airflow/example_dags/example_sensors.py for tasks to queue
[2024-06-18T14:44:20.444+0545] {logging_mixin.py:188} INFO - [2024-06-18T14:44:20.444+0545] {dagbag.py:545} INFO - Filling up the DagBag from /root/apache_env/lib/python3.10/site-packages/airflow/example_dags/example_sensors.py
[2024-06-18T14:44:20.450+0545] {processor.py:840} INFO - DAG(s) 'example_sensors' retrieved from /root/apache_env/lib/python3.10/site-packages/airflow/example_dags/example_sensors.py
[2024-06-18T14:44:20.464+0545] {logging_mixin.py:188} INFO - [2024-06-18T14:44:20.463+0545] {dag.py:3096} INFO - Sync 1 DAGs
[2024-06-18T14:44:20.471+0545] {logging_mixin.py:188} INFO - [2024-06-18T14:44:20.471+0545] {dag.py:3954} INFO - Setting next_dagrun for example_sensors to None, run_after=None
[2024-06-18T14:44:20.488+0545] {processor.py:183} INFO - Processing /root/apache_env/lib/python3.10/site-packages/airflow/example_dags/example_sensors.py took 0.050 seconds
[2024-06-18T14:45:31.901+0545] {processor.py:161} INFO - Started process (PID=10177) to work on /root/apache_env/lib/python3.10/site-packages/airflow/example_dags/example_sensors.py
[2024-06-18T14:45:31.902+0545] {processor.py:830} INFO - Processing file /root/apache_env/lib/python3.10/site-packages/airflow/example_dags/example_sensors.py for tasks to queue
[2024-06-18T14:45:31.903+0545] {logging_mixin.py:188} INFO - [2024-06-18T14:45:31.903+0545] {dagbag.py:545} INFO - Filling up the DagBag from /root/apache_env/lib/python3.10/site-packages/airflow/example_dags/example_sensors.py
[2024-06-18T14:45:31.909+0545] {processor.py:840} INFO - DAG(s) 'example_sensors' retrieved from /root/apache_env/lib/python3.10/site-packages/airflow/example_dags/example_sensors.py
[2024-06-18T14:45:31.922+0545] {logging_mixin.py:188} INFO - [2024-06-18T14:45:31.922+0545] {dag.py:3096} INFO - Sync 1 DAGs
[2024-06-18T14:45:31.929+0545] {logging_mixin.py:188} INFO - [2024-06-18T14:45:31.929+0545] {dag.py:3954} INFO - Setting next_dagrun for example_sensors to None, run_after=None
[2024-06-18T14:45:31.948+0545] {processor.py:183} INFO - Processing /root/apache_env/lib/python3.10/site-packages/airflow/example_dags/example_sensors.py took 0.050 seconds
[2024-06-18T14:46:23.276+0545] {processor.py:161} INFO - Started process (PID=10308) to work on /root/apache_env/lib/python3.10/site-packages/airflow/example_dags/example_sensors.py
[2024-06-18T14:46:23.277+0545] {processor.py:830} INFO - Processing file /root/apache_env/lib/python3.10/site-packages/airflow/example_dags/example_sensors.py for tasks to queue
[2024-06-18T14:46:23.279+0545] {logging_mixin.py:188} INFO - [2024-06-18T14:46:23.278+0545] {dagbag.py:545} INFO - Filling up the DagBag from /root/apache_env/lib/python3.10/site-packages/airflow/example_dags/example_sensors.py
[2024-06-18T14:46:23.285+0545] {processor.py:840} INFO - DAG(s) 'example_sensors' retrieved from /root/apache_env/lib/python3.10/site-packages/airflow/example_dags/example_sensors.py
[2024-06-18T14:46:23.302+0545] {logging_mixin.py:188} INFO - [2024-06-18T14:46:23.302+0545] {dag.py:3096} INFO - Sync 1 DAGs
[2024-06-18T14:46:23.312+0545] {logging_mixin.py:188} INFO - [2024-06-18T14:46:23.311+0545] {dag.py:3954} INFO - Setting next_dagrun for example_sensors to None, run_after=None
[2024-06-18T14:46:23.331+0545] {processor.py:183} INFO - Processing /root/apache_env/lib/python3.10/site-packages/airflow/example_dags/example_sensors.py took 0.059 seconds
[2024-06-18T14:47:27.098+0545] {processor.py:161} INFO - Started process (PID=10471) to work on /root/apache_env/lib/python3.10/site-packages/airflow/example_dags/example_sensors.py
[2024-06-18T14:47:27.099+0545] {processor.py:830} INFO - Processing file /root/apache_env/lib/python3.10/site-packages/airflow/example_dags/example_sensors.py for tasks to queue
[2024-06-18T14:47:27.100+0545] {logging_mixin.py:188} INFO - [2024-06-18T14:47:27.100+0545] {dagbag.py:545} INFO - Filling up the DagBag from /root/apache_env/lib/python3.10/site-packages/airflow/example_dags/example_sensors.py
[2024-06-18T14:47:27.107+0545] {processor.py:840} INFO - DAG(s) 'example_sensors' retrieved from /root/apache_env/lib/python3.10/site-packages/airflow/example_dags/example_sensors.py
[2024-06-18T14:47:27.124+0545] {logging_mixin.py:188} INFO - [2024-06-18T14:47:27.124+0545] {dag.py:3096} INFO - Sync 1 DAGs
[2024-06-18T14:47:27.132+0545] {logging_mixin.py:188} INFO - [2024-06-18T14:47:27.132+0545] {dag.py:3954} INFO - Setting next_dagrun for example_sensors to None, run_after=None
[2024-06-18T14:47:27.149+0545] {processor.py:183} INFO - Processing /root/apache_env/lib/python3.10/site-packages/airflow/example_dags/example_sensors.py took 0.055 seconds
[2024-06-18T14:48:31.272+0545] {processor.py:161} INFO - Started process (PID=10632) to work on /root/apache_env/lib/python3.10/site-packages/airflow/example_dags/example_sensors.py
[2024-06-18T14:48:31.273+0545] {processor.py:830} INFO - Processing file /root/apache_env/lib/python3.10/site-packages/airflow/example_dags/example_sensors.py for tasks to queue
[2024-06-18T14:48:31.275+0545] {logging_mixin.py:188} INFO - [2024-06-18T14:48:31.275+0545] {dagbag.py:545} INFO - Filling up the DagBag from /root/apache_env/lib/python3.10/site-packages/airflow/example_dags/example_sensors.py
[2024-06-18T14:48:31.281+0545] {processor.py:840} INFO - DAG(s) 'example_sensors' retrieved from /root/apache_env/lib/python3.10/site-packages/airflow/example_dags/example_sensors.py
[2024-06-18T14:48:31.295+0545] {logging_mixin.py:188} INFO - [2024-06-18T14:48:31.295+0545] {dag.py:3096} INFO - Sync 1 DAGs
[2024-06-18T14:48:31.303+0545] {logging_mixin.py:188} INFO - [2024-06-18T14:48:31.303+0545] {dag.py:3954} INFO - Setting next_dagrun for example_sensors to None, run_after=None
[2024-06-18T14:48:31.321+0545] {processor.py:183} INFO - Processing /root/apache_env/lib/python3.10/site-packages/airflow/example_dags/example_sensors.py took 0.052 seconds
[2024-06-18T14:49:20.016+0545] {processor.py:161} INFO - Started process (PID=10756) to work on /root/apache_env/lib/python3.10/site-packages/airflow/example_dags/example_sensors.py
[2024-06-18T14:49:20.017+0545] {processor.py:830} INFO - Processing file /root/apache_env/lib/python3.10/site-packages/airflow/example_dags/example_sensors.py for tasks to queue
[2024-06-18T14:49:20.018+0545] {logging_mixin.py:188} INFO - [2024-06-18T14:49:20.018+0545] {dagbag.py:545} INFO - Filling up the DagBag from /root/apache_env/lib/python3.10/site-packages/airflow/example_dags/example_sensors.py
[2024-06-18T14:49:20.024+0545] {processor.py:840} INFO - DAG(s) 'example_sensors' retrieved from /root/apache_env/lib/python3.10/site-packages/airflow/example_dags/example_sensors.py
[2024-06-18T14:49:20.037+0545] {logging_mixin.py:188} INFO - [2024-06-18T14:49:20.037+0545] {dag.py:3096} INFO - Sync 1 DAGs
[2024-06-18T14:49:20.045+0545] {logging_mixin.py:188} INFO - [2024-06-18T14:49:20.045+0545] {dag.py:3954} INFO - Setting next_dagrun for example_sensors to None, run_after=None
[2024-06-18T14:49:20.062+0545] {processor.py:183} INFO - Processing /root/apache_env/lib/python3.10/site-packages/airflow/example_dags/example_sensors.py took 0.050 seconds
[2024-06-18T14:50:04.928+0545] {processor.py:161} INFO - Started process (PID=10871) to work on /root/apache_env/lib/python3.10/site-packages/airflow/example_dags/example_sensors.py
[2024-06-18T14:50:04.929+0545] {processor.py:830} INFO - Processing file /root/apache_env/lib/python3.10/site-packages/airflow/example_dags/example_sensors.py for tasks to queue
[2024-06-18T14:50:04.930+0545] {logging_mixin.py:188} INFO - [2024-06-18T14:50:04.930+0545] {dagbag.py:545} INFO - Filling up the DagBag from /root/apache_env/lib/python3.10/site-packages/airflow/example_dags/example_sensors.py
[2024-06-18T14:50:04.937+0545] {processor.py:840} INFO - DAG(s) 'example_sensors' retrieved from /root/apache_env/lib/python3.10/site-packages/airflow/example_dags/example_sensors.py
[2024-06-18T14:50:04.950+0545] {logging_mixin.py:188} INFO - [2024-06-18T14:50:04.950+0545] {dag.py:3096} INFO - Sync 1 DAGs
[2024-06-18T14:50:04.957+0545] {logging_mixin.py:188} INFO - [2024-06-18T14:50:04.957+0545] {dag.py:3954} INFO - Setting next_dagrun for example_sensors to None, run_after=None
[2024-06-18T14:50:04.973+0545] {processor.py:183} INFO - Processing /root/apache_env/lib/python3.10/site-packages/airflow/example_dags/example_sensors.py took 0.048 seconds
[2024-06-18T14:51:10.299+0545] {processor.py:161} INFO - Started process (PID=11037) to work on /root/apache_env/lib/python3.10/site-packages/airflow/example_dags/example_sensors.py
[2024-06-18T14:51:10.299+0545] {processor.py:830} INFO - Processing file /root/apache_env/lib/python3.10/site-packages/airflow/example_dags/example_sensors.py for tasks to queue
[2024-06-18T14:51:10.301+0545] {logging_mixin.py:188} INFO - [2024-06-18T14:51:10.300+0545] {dagbag.py:545} INFO - Filling up the DagBag from /root/apache_env/lib/python3.10/site-packages/airflow/example_dags/example_sensors.py
[2024-06-18T14:51:10.308+0545] {processor.py:840} INFO - DAG(s) 'example_sensors' retrieved from /root/apache_env/lib/python3.10/site-packages/airflow/example_dags/example_sensors.py
[2024-06-18T14:51:10.323+0545] {logging_mixin.py:188} INFO - [2024-06-18T14:51:10.323+0545] {dag.py:3096} INFO - Sync 1 DAGs
[2024-06-18T14:51:10.332+0545] {logging_mixin.py:188} INFO - [2024-06-18T14:51:10.332+0545] {dag.py:3954} INFO - Setting next_dagrun for example_sensors to None, run_after=None
[2024-06-18T14:51:10.349+0545] {processor.py:183} INFO - Processing /root/apache_env/lib/python3.10/site-packages/airflow/example_dags/example_sensors.py took 0.055 seconds
[2024-06-18T14:52:15.695+0545] {processor.py:161} INFO - Started process (PID=11199) to work on /root/apache_env/lib/python3.10/site-packages/airflow/example_dags/example_sensors.py
[2024-06-18T14:52:15.696+0545] {processor.py:830} INFO - Processing file /root/apache_env/lib/python3.10/site-packages/airflow/example_dags/example_sensors.py for tasks to queue
[2024-06-18T14:52:15.697+0545] {logging_mixin.py:188} INFO - [2024-06-18T14:52:15.697+0545] {dagbag.py:545} INFO - Filling up the DagBag from /root/apache_env/lib/python3.10/site-packages/airflow/example_dags/example_sensors.py
[2024-06-18T14:52:15.704+0545] {processor.py:840} INFO - DAG(s) 'example_sensors' retrieved from /root/apache_env/lib/python3.10/site-packages/airflow/example_dags/example_sensors.py
[2024-06-18T14:52:15.722+0545] {logging_mixin.py:188} INFO - [2024-06-18T14:52:15.722+0545] {dag.py:3096} INFO - Sync 1 DAGs
[2024-06-18T14:52:15.735+0545] {logging_mixin.py:188} INFO - [2024-06-18T14:52:15.735+0545] {dag.py:3954} INFO - Setting next_dagrun for example_sensors to None, run_after=None
[2024-06-18T14:52:15.755+0545] {processor.py:183} INFO - Processing /root/apache_env/lib/python3.10/site-packages/airflow/example_dags/example_sensors.py took 0.065 seconds
