[2024-06-18T14:12:46.969+0545] {processor.py:161} INFO - Started process (PID=5094) to work on /root/apache_env/lib/python3.10/site-packages/airflow/example_dags/example_branch_python_dop_operator_3.py
[2024-06-18T14:12:46.970+0545] {processor.py:830} INFO - Processing file /root/apache_env/lib/python3.10/site-packages/airflow/example_dags/example_branch_python_dop_operator_3.py for tasks to queue
[2024-06-18T14:12:46.972+0545] {logging_mixin.py:188} INFO - [2024-06-18T14:12:46.972+0545] {dagbag.py:545} INFO - Filling up the DagBag from /root/apache_env/lib/python3.10/site-packages/airflow/example_dags/example_branch_python_dop_operator_3.py
[2024-06-18T14:12:46.978+0545] {processor.py:840} INFO - DAG(s) 'example_branch_dop_operator_v3' retrieved from /root/apache_env/lib/python3.10/site-packages/airflow/example_dags/example_branch_python_dop_operator_3.py
[2024-06-18T14:12:47.055+0545] {logging_mixin.py:188} INFO - [2024-06-18T14:12:47.055+0545] {override.py:1829} INFO - Created Permission View: can delete on DAG:example_branch_dop_operator_v3
[2024-06-18T14:12:47.066+0545] {logging_mixin.py:188} INFO - [2024-06-18T14:12:47.065+0545] {override.py:1829} INFO - Created Permission View: can read on DAG:example_branch_dop_operator_v3
[2024-06-18T14:12:47.073+0545] {logging_mixin.py:188} INFO - [2024-06-18T14:12:47.073+0545] {override.py:1829} INFO - Created Permission View: can edit on DAG:example_branch_dop_operator_v3
[2024-06-18T14:12:47.073+0545] {logging_mixin.py:188} INFO - [2024-06-18T14:12:47.073+0545] {dag.py:3096} INFO - Sync 1 DAGs
[2024-06-18T14:12:47.081+0545] {logging_mixin.py:188} INFO - [2024-06-18T14:12:47.081+0545] {dag.py:3118} INFO - Creating ORM DAG for example_branch_dop_operator_v3
[2024-06-18T14:12:47.090+0545] {logging_mixin.py:188} INFO - [2024-06-18T14:12:47.090+0545] {dag.py:3954} INFO - Setting next_dagrun for example_branch_dop_operator_v3 to 2024-06-18 08:26:00+00:00, run_after=2024-06-18 08:27:00+00:00
[2024-06-18T14:12:47.166+0545] {processor.py:183} INFO - Processing /root/apache_env/lib/python3.10/site-packages/airflow/example_dags/example_branch_python_dop_operator_3.py took 0.201 seconds
[2024-06-18T14:14:58.920+0545] {processor.py:161} INFO - Started process (PID=5394) to work on /root/apache_env/lib/python3.10/site-packages/airflow/example_dags/example_branch_python_dop_operator_3.py
[2024-06-18T14:14:58.921+0545] {processor.py:830} INFO - Processing file /root/apache_env/lib/python3.10/site-packages/airflow/example_dags/example_branch_python_dop_operator_3.py for tasks to queue
[2024-06-18T14:14:58.924+0545] {logging_mixin.py:188} INFO - [2024-06-18T14:14:58.923+0545] {dagbag.py:545} INFO - Filling up the DagBag from /root/apache_env/lib/python3.10/site-packages/airflow/example_dags/example_branch_python_dop_operator_3.py
[2024-06-18T14:14:58.931+0545] {processor.py:840} INFO - DAG(s) 'example_branch_dop_operator_v3' retrieved from /root/apache_env/lib/python3.10/site-packages/airflow/example_dags/example_branch_python_dop_operator_3.py
[2024-06-18T14:14:58.949+0545] {logging_mixin.py:188} INFO - [2024-06-18T14:14:58.949+0545] {dag.py:3096} INFO - Sync 1 DAGs
[2024-06-18T14:14:58.968+0545] {logging_mixin.py:188} INFO - [2024-06-18T14:14:58.967+0545] {dag.py:3954} INFO - Setting next_dagrun for example_branch_dop_operator_v3 to 2024-06-18 08:28:00+00:00, run_after=2024-06-18 08:29:00+00:00
[2024-06-18T14:14:58.986+0545] {processor.py:183} INFO - Processing /root/apache_env/lib/python3.10/site-packages/airflow/example_dags/example_branch_python_dop_operator_3.py took 0.070 seconds
[2024-06-18T14:16:21.063+0545] {processor.py:161} INFO - Started process (PID=5616) to work on /root/apache_env/lib/python3.10/site-packages/airflow/example_dags/example_branch_python_dop_operator_3.py
[2024-06-18T14:16:21.065+0545] {processor.py:830} INFO - Processing file /root/apache_env/lib/python3.10/site-packages/airflow/example_dags/example_branch_python_dop_operator_3.py for tasks to queue
[2024-06-18T14:16:21.066+0545] {logging_mixin.py:188} INFO - [2024-06-18T14:16:21.066+0545] {dagbag.py:545} INFO - Filling up the DagBag from /root/apache_env/lib/python3.10/site-packages/airflow/example_dags/example_branch_python_dop_operator_3.py
[2024-06-18T14:16:21.071+0545] {processor.py:840} INFO - DAG(s) 'example_branch_dop_operator_v3' retrieved from /root/apache_env/lib/python3.10/site-packages/airflow/example_dags/example_branch_python_dop_operator_3.py
[2024-06-18T14:16:21.131+0545] {logging_mixin.py:188} INFO - [2024-06-18T14:16:21.130+0545] {dag.py:3096} INFO - Sync 1 DAGs
[2024-06-18T14:16:21.144+0545] {logging_mixin.py:188} INFO - [2024-06-18T14:16:21.144+0545] {dag.py:3954} INFO - Setting next_dagrun for example_branch_dop_operator_v3 to 2024-06-18 08:30:00+00:00, run_after=2024-06-18 08:31:00+00:00
[2024-06-18T14:16:21.163+0545] {processor.py:183} INFO - Processing /root/apache_env/lib/python3.10/site-packages/airflow/example_dags/example_branch_python_dop_operator_3.py took 0.103 seconds
[2024-06-18T14:17:16.343+0545] {processor.py:161} INFO - Started process (PID=5753) to work on /root/apache_env/lib/python3.10/site-packages/airflow/example_dags/example_branch_python_dop_operator_3.py
[2024-06-18T14:17:16.345+0545] {processor.py:830} INFO - Processing file /root/apache_env/lib/python3.10/site-packages/airflow/example_dags/example_branch_python_dop_operator_3.py for tasks to queue
[2024-06-18T14:17:16.346+0545] {logging_mixin.py:188} INFO - [2024-06-18T14:17:16.346+0545] {dagbag.py:545} INFO - Filling up the DagBag from /root/apache_env/lib/python3.10/site-packages/airflow/example_dags/example_branch_python_dop_operator_3.py
[2024-06-18T14:17:16.352+0545] {processor.py:840} INFO - DAG(s) 'example_branch_dop_operator_v3' retrieved from /root/apache_env/lib/python3.10/site-packages/airflow/example_dags/example_branch_python_dop_operator_3.py
[2024-06-18T14:17:16.362+0545] {logging_mixin.py:188} INFO - [2024-06-18T14:17:16.362+0545] {dag.py:3096} INFO - Sync 1 DAGs
[2024-06-18T14:17:16.377+0545] {logging_mixin.py:188} INFO - [2024-06-18T14:17:16.377+0545] {dag.py:3954} INFO - Setting next_dagrun for example_branch_dop_operator_v3 to 2024-06-18 08:31:00+00:00, run_after=2024-06-18 08:32:00+00:00
[2024-06-18T14:17:16.395+0545] {processor.py:183} INFO - Processing /root/apache_env/lib/python3.10/site-packages/airflow/example_dags/example_branch_python_dop_operator_3.py took 0.055 seconds
[2024-06-18T14:18:10.081+0545] {processor.py:161} INFO - Started process (PID=5892) to work on /root/apache_env/lib/python3.10/site-packages/airflow/example_dags/example_branch_python_dop_operator_3.py
[2024-06-18T14:18:10.082+0545] {processor.py:830} INFO - Processing file /root/apache_env/lib/python3.10/site-packages/airflow/example_dags/example_branch_python_dop_operator_3.py for tasks to queue
[2024-06-18T14:18:10.084+0545] {logging_mixin.py:188} INFO - [2024-06-18T14:18:10.084+0545] {dagbag.py:545} INFO - Filling up the DagBag from /root/apache_env/lib/python3.10/site-packages/airflow/example_dags/example_branch_python_dop_operator_3.py
[2024-06-18T14:18:10.090+0545] {processor.py:840} INFO - DAG(s) 'example_branch_dop_operator_v3' retrieved from /root/apache_env/lib/python3.10/site-packages/airflow/example_dags/example_branch_python_dop_operator_3.py
[2024-06-18T14:18:10.162+0545] {logging_mixin.py:188} INFO - [2024-06-18T14:18:10.162+0545] {dag.py:3096} INFO - Sync 1 DAGs
[2024-06-18T14:18:10.175+0545] {logging_mixin.py:188} INFO - [2024-06-18T14:18:10.175+0545] {dag.py:3954} INFO - Setting next_dagrun for example_branch_dop_operator_v3 to 2024-06-18 08:32:00+00:00, run_after=2024-06-18 08:33:00+00:00
[2024-06-18T14:18:10.191+0545] {processor.py:183} INFO - Processing /root/apache_env/lib/python3.10/site-packages/airflow/example_dags/example_branch_python_dop_operator_3.py took 0.114 seconds
[2024-06-18T14:22:30.215+0545] {processor.py:161} INFO - Started process (PID=6589) to work on /root/apache_env/lib/python3.10/site-packages/airflow/example_dags/example_branch_python_dop_operator_3.py
[2024-06-18T14:22:30.216+0545] {processor.py:830} INFO - Processing file /root/apache_env/lib/python3.10/site-packages/airflow/example_dags/example_branch_python_dop_operator_3.py for tasks to queue
[2024-06-18T14:22:30.218+0545] {logging_mixin.py:188} INFO - [2024-06-18T14:22:30.217+0545] {dagbag.py:545} INFO - Filling up the DagBag from /root/apache_env/lib/python3.10/site-packages/airflow/example_dags/example_branch_python_dop_operator_3.py
[2024-06-18T14:22:30.224+0545] {processor.py:840} INFO - DAG(s) 'example_branch_dop_operator_v3' retrieved from /root/apache_env/lib/python3.10/site-packages/airflow/example_dags/example_branch_python_dop_operator_3.py
[2024-06-18T14:22:30.231+0545] {logging_mixin.py:188} INFO - [2024-06-18T14:22:30.231+0545] {dag.py:3096} INFO - Sync 1 DAGs
[2024-06-18T14:22:30.249+0545] {logging_mixin.py:188} INFO - [2024-06-18T14:22:30.249+0545] {dag.py:3954} INFO - Setting next_dagrun for example_branch_dop_operator_v3 to 2024-06-18 08:36:00+00:00, run_after=2024-06-18 08:37:00+00:00
[2024-06-18T14:22:30.267+0545] {processor.py:183} INFO - Processing /root/apache_env/lib/python3.10/site-packages/airflow/example_dags/example_branch_python_dop_operator_3.py took 0.056 seconds
[2024-06-18T14:23:38.240+0545] {processor.py:161} INFO - Started process (PID=6779) to work on /root/apache_env/lib/python3.10/site-packages/airflow/example_dags/example_branch_python_dop_operator_3.py
[2024-06-18T14:23:38.242+0545] {processor.py:830} INFO - Processing file /root/apache_env/lib/python3.10/site-packages/airflow/example_dags/example_branch_python_dop_operator_3.py for tasks to queue
[2024-06-18T14:23:38.243+0545] {logging_mixin.py:188} INFO - [2024-06-18T14:23:38.243+0545] {dagbag.py:545} INFO - Filling up the DagBag from /root/apache_env/lib/python3.10/site-packages/airflow/example_dags/example_branch_python_dop_operator_3.py
[2024-06-18T14:23:38.249+0545] {processor.py:840} INFO - DAG(s) 'example_branch_dop_operator_v3' retrieved from /root/apache_env/lib/python3.10/site-packages/airflow/example_dags/example_branch_python_dop_operator_3.py
[2024-06-18T14:23:38.359+0545] {logging_mixin.py:188} INFO - [2024-06-18T14:23:38.359+0545] {dag.py:3096} INFO - Sync 1 DAGs
[2024-06-18T14:23:38.370+0545] {logging_mixin.py:188} INFO - [2024-06-18T14:23:38.370+0545] {dag.py:3954} INFO - Setting next_dagrun for example_branch_dop_operator_v3 to 2024-06-18 08:37:00+00:00, run_after=2024-06-18 08:38:00+00:00
[2024-06-18T14:23:38.387+0545] {processor.py:183} INFO - Processing /root/apache_env/lib/python3.10/site-packages/airflow/example_dags/example_branch_python_dop_operator_3.py took 0.151 seconds
[2024-06-18T14:24:34.937+0545] {processor.py:161} INFO - Started process (PID=6922) to work on /root/apache_env/lib/python3.10/site-packages/airflow/example_dags/example_branch_python_dop_operator_3.py
[2024-06-18T14:24:34.938+0545] {processor.py:830} INFO - Processing file /root/apache_env/lib/python3.10/site-packages/airflow/example_dags/example_branch_python_dop_operator_3.py for tasks to queue
[2024-06-18T14:24:34.940+0545] {logging_mixin.py:188} INFO - [2024-06-18T14:24:34.939+0545] {dagbag.py:545} INFO - Filling up the DagBag from /root/apache_env/lib/python3.10/site-packages/airflow/example_dags/example_branch_python_dop_operator_3.py
[2024-06-18T14:24:34.946+0545] {processor.py:840} INFO - DAG(s) 'example_branch_dop_operator_v3' retrieved from /root/apache_env/lib/python3.10/site-packages/airflow/example_dags/example_branch_python_dop_operator_3.py
[2024-06-18T14:24:35.009+0545] {logging_mixin.py:188} INFO - [2024-06-18T14:24:35.008+0545] {dag.py:3096} INFO - Sync 1 DAGs
[2024-06-18T14:24:35.023+0545] {logging_mixin.py:188} INFO - [2024-06-18T14:24:35.022+0545] {dag.py:3954} INFO - Setting next_dagrun for example_branch_dop_operator_v3 to 2024-06-18 08:38:00+00:00, run_after=2024-06-18 08:39:00+00:00
[2024-06-18T14:24:35.039+0545] {processor.py:183} INFO - Processing /root/apache_env/lib/python3.10/site-packages/airflow/example_dags/example_branch_python_dop_operator_3.py took 0.106 seconds
[2024-06-18T14:27:33.235+0545] {processor.py:161} INFO - Started process (PID=7415) to work on /root/apache_env/lib/python3.10/site-packages/airflow/example_dags/example_branch_python_dop_operator_3.py
[2024-06-18T14:27:33.236+0545] {processor.py:830} INFO - Processing file /root/apache_env/lib/python3.10/site-packages/airflow/example_dags/example_branch_python_dop_operator_3.py for tasks to queue
[2024-06-18T14:27:33.238+0545] {logging_mixin.py:188} INFO - [2024-06-18T14:27:33.237+0545] {dagbag.py:545} INFO - Filling up the DagBag from /root/apache_env/lib/python3.10/site-packages/airflow/example_dags/example_branch_python_dop_operator_3.py
[2024-06-18T14:27:33.244+0545] {processor.py:840} INFO - DAG(s) 'example_branch_dop_operator_v3' retrieved from /root/apache_env/lib/python3.10/site-packages/airflow/example_dags/example_branch_python_dop_operator_3.py
[2024-06-18T14:27:33.249+0545] {logging_mixin.py:188} INFO - [2024-06-18T14:27:33.249+0545] {dag.py:3096} INFO - Sync 1 DAGs
[2024-06-18T14:27:33.264+0545] {logging_mixin.py:188} INFO - [2024-06-18T14:27:33.264+0545] {dag.py:3954} INFO - Setting next_dagrun for example_branch_dop_operator_v3 to 2024-06-18 08:41:00+00:00, run_after=2024-06-18 08:42:00+00:00
[2024-06-18T14:27:33.280+0545] {processor.py:183} INFO - Processing /root/apache_env/lib/python3.10/site-packages/airflow/example_dags/example_branch_python_dop_operator_3.py took 0.048 seconds
[2024-06-18T14:28:30.555+0545] {processor.py:161} INFO - Started process (PID=7571) to work on /root/apache_env/lib/python3.10/site-packages/airflow/example_dags/example_branch_python_dop_operator_3.py
[2024-06-18T14:28:30.556+0545] {processor.py:830} INFO - Processing file /root/apache_env/lib/python3.10/site-packages/airflow/example_dags/example_branch_python_dop_operator_3.py for tasks to queue
[2024-06-18T14:28:30.558+0545] {logging_mixin.py:188} INFO - [2024-06-18T14:28:30.557+0545] {dagbag.py:545} INFO - Filling up the DagBag from /root/apache_env/lib/python3.10/site-packages/airflow/example_dags/example_branch_python_dop_operator_3.py
[2024-06-18T14:28:30.564+0545] {processor.py:840} INFO - DAG(s) 'example_branch_dop_operator_v3' retrieved from /root/apache_env/lib/python3.10/site-packages/airflow/example_dags/example_branch_python_dop_operator_3.py
[2024-06-18T14:28:30.690+0545] {logging_mixin.py:188} INFO - [2024-06-18T14:28:30.690+0545] {dag.py:3096} INFO - Sync 1 DAGs
[2024-06-18T14:28:30.704+0545] {logging_mixin.py:188} INFO - [2024-06-18T14:28:30.704+0545] {dag.py:3954} INFO - Setting next_dagrun for example_branch_dop_operator_v3 to 2024-06-18 08:42:00+00:00, run_after=2024-06-18 08:43:00+00:00
[2024-06-18T14:28:30.723+0545] {processor.py:183} INFO - Processing /root/apache_env/lib/python3.10/site-packages/airflow/example_dags/example_branch_python_dop_operator_3.py took 0.171 seconds
[2024-06-18T14:30:12.422+0545] {processor.py:161} INFO - Started process (PID=7819) to work on /root/apache_env/lib/python3.10/site-packages/airflow/example_dags/example_branch_python_dop_operator_3.py
[2024-06-18T14:30:12.423+0545] {processor.py:830} INFO - Processing file /root/apache_env/lib/python3.10/site-packages/airflow/example_dags/example_branch_python_dop_operator_3.py for tasks to queue
[2024-06-18T14:30:12.426+0545] {logging_mixin.py:188} INFO - [2024-06-18T14:30:12.424+0545] {dagbag.py:545} INFO - Filling up the DagBag from /root/apache_env/lib/python3.10/site-packages/airflow/example_dags/example_branch_python_dop_operator_3.py
[2024-06-18T14:30:12.431+0545] {processor.py:840} INFO - DAG(s) 'example_branch_dop_operator_v3' retrieved from /root/apache_env/lib/python3.10/site-packages/airflow/example_dags/example_branch_python_dop_operator_3.py
[2024-06-18T14:30:12.492+0545] {logging_mixin.py:188} INFO - [2024-06-18T14:30:12.492+0545] {dag.py:3096} INFO - Sync 1 DAGs
[2024-06-18T14:30:12.507+0545] {logging_mixin.py:188} INFO - [2024-06-18T14:30:12.507+0545] {dag.py:3954} INFO - Setting next_dagrun for example_branch_dop_operator_v3 to 2024-06-18 08:44:00+00:00, run_after=2024-06-18 08:45:00+00:00
[2024-06-18T14:30:12.524+0545] {processor.py:183} INFO - Processing /root/apache_env/lib/python3.10/site-packages/airflow/example_dags/example_branch_python_dop_operator_3.py took 0.106 seconds
[2024-06-18T14:31:08.622+0545] {processor.py:161} INFO - Started process (PID=7957) to work on /root/apache_env/lib/python3.10/site-packages/airflow/example_dags/example_branch_python_dop_operator_3.py
[2024-06-18T14:31:08.623+0545] {processor.py:830} INFO - Processing file /root/apache_env/lib/python3.10/site-packages/airflow/example_dags/example_branch_python_dop_operator_3.py for tasks to queue
[2024-06-18T14:31:08.624+0545] {logging_mixin.py:188} INFO - [2024-06-18T14:31:08.624+0545] {dagbag.py:545} INFO - Filling up the DagBag from /root/apache_env/lib/python3.10/site-packages/airflow/example_dags/example_branch_python_dop_operator_3.py
[2024-06-18T14:31:08.630+0545] {processor.py:840} INFO - DAG(s) 'example_branch_dop_operator_v3' retrieved from /root/apache_env/lib/python3.10/site-packages/airflow/example_dags/example_branch_python_dop_operator_3.py
[2024-06-18T14:31:08.640+0545] {logging_mixin.py:188} INFO - [2024-06-18T14:31:08.640+0545] {dag.py:3096} INFO - Sync 1 DAGs
[2024-06-18T14:31:08.655+0545] {logging_mixin.py:188} INFO - [2024-06-18T14:31:08.655+0545] {dag.py:3954} INFO - Setting next_dagrun for example_branch_dop_operator_v3 to 2024-06-18 08:45:00+00:00, run_after=2024-06-18 08:46:00+00:00
[2024-06-18T14:31:08.672+0545] {processor.py:183} INFO - Processing /root/apache_env/lib/python3.10/site-packages/airflow/example_dags/example_branch_python_dop_operator_3.py took 0.054 seconds
[2024-06-18T14:32:02.523+0545] {processor.py:161} INFO - Started process (PID=8089) to work on /root/apache_env/lib/python3.10/site-packages/airflow/example_dags/example_branch_python_dop_operator_3.py
[2024-06-18T14:32:02.524+0545] {processor.py:830} INFO - Processing file /root/apache_env/lib/python3.10/site-packages/airflow/example_dags/example_branch_python_dop_operator_3.py for tasks to queue
[2024-06-18T14:32:02.525+0545] {logging_mixin.py:188} INFO - [2024-06-18T14:32:02.525+0545] {dagbag.py:545} INFO - Filling up the DagBag from /root/apache_env/lib/python3.10/site-packages/airflow/example_dags/example_branch_python_dop_operator_3.py
[2024-06-18T14:32:02.532+0545] {processor.py:840} INFO - DAG(s) 'example_branch_dop_operator_v3' retrieved from /root/apache_env/lib/python3.10/site-packages/airflow/example_dags/example_branch_python_dop_operator_3.py
[2024-06-18T14:32:02.594+0545] {logging_mixin.py:188} INFO - [2024-06-18T14:32:02.594+0545] {dag.py:3096} INFO - Sync 1 DAGs
[2024-06-18T14:32:02.608+0545] {logging_mixin.py:188} INFO - [2024-06-18T14:32:02.608+0545] {dag.py:3954} INFO - Setting next_dagrun for example_branch_dop_operator_v3 to 2024-06-18 08:46:00+00:00, run_after=2024-06-18 08:47:00+00:00
[2024-06-18T14:32:02.624+0545] {processor.py:183} INFO - Processing /root/apache_env/lib/python3.10/site-packages/airflow/example_dags/example_branch_python_dop_operator_3.py took 0.105 seconds
[2024-06-18T14:32:51.924+0545] {processor.py:161} INFO - Started process (PID=8211) to work on /root/apache_env/lib/python3.10/site-packages/airflow/example_dags/example_branch_python_dop_operator_3.py
[2024-06-18T14:32:51.925+0545] {processor.py:830} INFO - Processing file /root/apache_env/lib/python3.10/site-packages/airflow/example_dags/example_branch_python_dop_operator_3.py for tasks to queue
[2024-06-18T14:32:51.927+0545] {logging_mixin.py:188} INFO - [2024-06-18T14:32:51.926+0545] {dagbag.py:545} INFO - Filling up the DagBag from /root/apache_env/lib/python3.10/site-packages/airflow/example_dags/example_branch_python_dop_operator_3.py
[2024-06-18T14:32:51.933+0545] {processor.py:840} INFO - DAG(s) 'example_branch_dop_operator_v3' retrieved from /root/apache_env/lib/python3.10/site-packages/airflow/example_dags/example_branch_python_dop_operator_3.py
[2024-06-18T14:32:51.942+0545] {logging_mixin.py:188} INFO - [2024-06-18T14:32:51.942+0545] {dag.py:3096} INFO - Sync 1 DAGs
[2024-06-18T14:32:51.958+0545] {logging_mixin.py:188} INFO - [2024-06-18T14:32:51.958+0545] {dag.py:3954} INFO - Setting next_dagrun for example_branch_dop_operator_v3 to 2024-06-18 08:46:00+00:00, run_after=2024-06-18 08:47:00+00:00
[2024-06-18T14:32:51.977+0545] {processor.py:183} INFO - Processing /root/apache_env/lib/python3.10/site-packages/airflow/example_dags/example_branch_python_dop_operator_3.py took 0.056 seconds
[2024-06-18T14:33:38.004+0545] {processor.py:161} INFO - Started process (PID=8329) to work on /root/apache_env/lib/python3.10/site-packages/airflow/example_dags/example_branch_python_dop_operator_3.py
[2024-06-18T14:33:38.005+0545] {processor.py:830} INFO - Processing file /root/apache_env/lib/python3.10/site-packages/airflow/example_dags/example_branch_python_dop_operator_3.py for tasks to queue
[2024-06-18T14:33:38.007+0545] {logging_mixin.py:188} INFO - [2024-06-18T14:33:38.007+0545] {dagbag.py:545} INFO - Filling up the DagBag from /root/apache_env/lib/python3.10/site-packages/airflow/example_dags/example_branch_python_dop_operator_3.py
[2024-06-18T14:33:38.013+0545] {processor.py:840} INFO - DAG(s) 'example_branch_dop_operator_v3' retrieved from /root/apache_env/lib/python3.10/site-packages/airflow/example_dags/example_branch_python_dop_operator_3.py
[2024-06-18T14:33:38.023+0545] {logging_mixin.py:188} INFO - [2024-06-18T14:33:38.022+0545] {dag.py:3096} INFO - Sync 1 DAGs
[2024-06-18T14:33:38.038+0545] {logging_mixin.py:188} INFO - [2024-06-18T14:33:38.038+0545] {dag.py:3954} INFO - Setting next_dagrun for example_branch_dop_operator_v3 to 2024-06-18 08:47:00+00:00, run_after=2024-06-18 08:48:00+00:00
[2024-06-18T14:33:38.055+0545] {processor.py:183} INFO - Processing /root/apache_env/lib/python3.10/site-packages/airflow/example_dags/example_branch_python_dop_operator_3.py took 0.054 seconds
[2024-06-18T14:34:23.177+0545] {processor.py:161} INFO - Started process (PID=8445) to work on /root/apache_env/lib/python3.10/site-packages/airflow/example_dags/example_branch_python_dop_operator_3.py
[2024-06-18T14:34:23.178+0545] {processor.py:830} INFO - Processing file /root/apache_env/lib/python3.10/site-packages/airflow/example_dags/example_branch_python_dop_operator_3.py for tasks to queue
[2024-06-18T14:34:23.179+0545] {logging_mixin.py:188} INFO - [2024-06-18T14:34:23.179+0545] {dagbag.py:545} INFO - Filling up the DagBag from /root/apache_env/lib/python3.10/site-packages/airflow/example_dags/example_branch_python_dop_operator_3.py
[2024-06-18T14:34:23.185+0545] {processor.py:840} INFO - DAG(s) 'example_branch_dop_operator_v3' retrieved from /root/apache_env/lib/python3.10/site-packages/airflow/example_dags/example_branch_python_dop_operator_3.py
[2024-06-18T14:34:23.195+0545] {logging_mixin.py:188} INFO - [2024-06-18T14:34:23.195+0545] {dag.py:3096} INFO - Sync 1 DAGs
[2024-06-18T14:34:23.210+0545] {logging_mixin.py:188} INFO - [2024-06-18T14:34:23.210+0545] {dag.py:3954} INFO - Setting next_dagrun for example_branch_dop_operator_v3 to 2024-06-18 08:48:00+00:00, run_after=2024-06-18 08:49:00+00:00
[2024-06-18T14:34:23.228+0545] {processor.py:183} INFO - Processing /root/apache_env/lib/python3.10/site-packages/airflow/example_dags/example_branch_python_dop_operator_3.py took 0.055 seconds
[2024-06-18T14:35:33.166+0545] {processor.py:161} INFO - Started process (PID=8647) to work on /root/apache_env/lib/python3.10/site-packages/airflow/example_dags/example_branch_python_dop_operator_3.py
[2024-06-18T14:35:33.168+0545] {processor.py:830} INFO - Processing file /root/apache_env/lib/python3.10/site-packages/airflow/example_dags/example_branch_python_dop_operator_3.py for tasks to queue
[2024-06-18T14:35:33.169+0545] {logging_mixin.py:188} INFO - [2024-06-18T14:35:33.168+0545] {dagbag.py:545} INFO - Filling up the DagBag from /root/apache_env/lib/python3.10/site-packages/airflow/example_dags/example_branch_python_dop_operator_3.py
[2024-06-18T14:35:33.175+0545] {processor.py:840} INFO - DAG(s) 'example_branch_dop_operator_v3' retrieved from /root/apache_env/lib/python3.10/site-packages/airflow/example_dags/example_branch_python_dop_operator_3.py
[2024-06-18T14:35:33.184+0545] {logging_mixin.py:188} INFO - [2024-06-18T14:35:33.184+0545] {dag.py:3096} INFO - Sync 1 DAGs
[2024-06-18T14:35:33.199+0545] {logging_mixin.py:188} INFO - [2024-06-18T14:35:33.199+0545] {dag.py:3954} INFO - Setting next_dagrun for example_branch_dop_operator_v3 to 2024-06-18 08:49:00+00:00, run_after=2024-06-18 08:50:00+00:00
[2024-06-18T14:35:33.218+0545] {processor.py:183} INFO - Processing /root/apache_env/lib/python3.10/site-packages/airflow/example_dags/example_branch_python_dop_operator_3.py took 0.055 seconds
[2024-06-18T14:36:21.922+0545] {processor.py:161} INFO - Started process (PID=8772) to work on /root/apache_env/lib/python3.10/site-packages/airflow/example_dags/example_branch_python_dop_operator_3.py
[2024-06-18T14:36:21.923+0545] {processor.py:830} INFO - Processing file /root/apache_env/lib/python3.10/site-packages/airflow/example_dags/example_branch_python_dop_operator_3.py for tasks to queue
[2024-06-18T14:36:21.924+0545] {logging_mixin.py:188} INFO - [2024-06-18T14:36:21.924+0545] {dagbag.py:545} INFO - Filling up the DagBag from /root/apache_env/lib/python3.10/site-packages/airflow/example_dags/example_branch_python_dop_operator_3.py
[2024-06-18T14:36:21.931+0545] {processor.py:840} INFO - DAG(s) 'example_branch_dop_operator_v3' retrieved from /root/apache_env/lib/python3.10/site-packages/airflow/example_dags/example_branch_python_dop_operator_3.py
[2024-06-18T14:36:21.940+0545] {logging_mixin.py:188} INFO - [2024-06-18T14:36:21.940+0545] {dag.py:3096} INFO - Sync 1 DAGs
[2024-06-18T14:36:21.956+0545] {logging_mixin.py:188} INFO - [2024-06-18T14:36:21.956+0545] {dag.py:3954} INFO - Setting next_dagrun for example_branch_dop_operator_v3 to 2024-06-18 08:50:00+00:00, run_after=2024-06-18 08:51:00+00:00
[2024-06-18T14:36:21.973+0545] {processor.py:183} INFO - Processing /root/apache_env/lib/python3.10/site-packages/airflow/example_dags/example_branch_python_dop_operator_3.py took 0.055 seconds
[2024-06-18T14:37:09.290+0545] {processor.py:161} INFO - Started process (PID=8891) to work on /root/apache_env/lib/python3.10/site-packages/airflow/example_dags/example_branch_python_dop_operator_3.py
[2024-06-18T14:37:09.292+0545] {processor.py:830} INFO - Processing file /root/apache_env/lib/python3.10/site-packages/airflow/example_dags/example_branch_python_dop_operator_3.py for tasks to queue
[2024-06-18T14:37:09.293+0545] {logging_mixin.py:188} INFO - [2024-06-18T14:37:09.292+0545] {dagbag.py:545} INFO - Filling up the DagBag from /root/apache_env/lib/python3.10/site-packages/airflow/example_dags/example_branch_python_dop_operator_3.py
[2024-06-18T14:37:09.299+0545] {processor.py:840} INFO - DAG(s) 'example_branch_dop_operator_v3' retrieved from /root/apache_env/lib/python3.10/site-packages/airflow/example_dags/example_branch_python_dop_operator_3.py
[2024-06-18T14:37:09.310+0545] {logging_mixin.py:188} INFO - [2024-06-18T14:37:09.309+0545] {dag.py:3096} INFO - Sync 1 DAGs
[2024-06-18T14:37:09.326+0545] {logging_mixin.py:188} INFO - [2024-06-18T14:37:09.325+0545] {dag.py:3954} INFO - Setting next_dagrun for example_branch_dop_operator_v3 to 2024-06-18 08:51:00+00:00, run_after=2024-06-18 08:52:00+00:00
[2024-06-18T14:37:09.343+0545] {processor.py:183} INFO - Processing /root/apache_env/lib/python3.10/site-packages/airflow/example_dags/example_branch_python_dop_operator_3.py took 0.057 seconds
[2024-06-18T14:38:14.811+0545] {processor.py:161} INFO - Started process (PID=9055) to work on /root/apache_env/lib/python3.10/site-packages/airflow/example_dags/example_branch_python_dop_operator_3.py
[2024-06-18T14:38:14.812+0545] {processor.py:830} INFO - Processing file /root/apache_env/lib/python3.10/site-packages/airflow/example_dags/example_branch_python_dop_operator_3.py for tasks to queue
[2024-06-18T14:38:14.813+0545] {logging_mixin.py:188} INFO - [2024-06-18T14:38:14.813+0545] {dagbag.py:545} INFO - Filling up the DagBag from /root/apache_env/lib/python3.10/site-packages/airflow/example_dags/example_branch_python_dop_operator_3.py
[2024-06-18T14:38:14.819+0545] {processor.py:840} INFO - DAG(s) 'example_branch_dop_operator_v3' retrieved from /root/apache_env/lib/python3.10/site-packages/airflow/example_dags/example_branch_python_dop_operator_3.py
[2024-06-18T14:38:14.829+0545] {logging_mixin.py:188} INFO - [2024-06-18T14:38:14.829+0545] {dag.py:3096} INFO - Sync 1 DAGs
[2024-06-18T14:38:14.845+0545] {logging_mixin.py:188} INFO - [2024-06-18T14:38:14.845+0545] {dag.py:3954} INFO - Setting next_dagrun for example_branch_dop_operator_v3 to 2024-06-18 08:52:00+00:00, run_after=2024-06-18 08:53:00+00:00
[2024-06-18T14:38:14.861+0545] {processor.py:183} INFO - Processing /root/apache_env/lib/python3.10/site-packages/airflow/example_dags/example_branch_python_dop_operator_3.py took 0.054 seconds
[2024-06-18T14:39:02.136+0545] {processor.py:161} INFO - Started process (PID=9173) to work on /root/apache_env/lib/python3.10/site-packages/airflow/example_dags/example_branch_python_dop_operator_3.py
[2024-06-18T14:39:02.138+0545] {processor.py:830} INFO - Processing file /root/apache_env/lib/python3.10/site-packages/airflow/example_dags/example_branch_python_dop_operator_3.py for tasks to queue
[2024-06-18T14:39:02.139+0545] {logging_mixin.py:188} INFO - [2024-06-18T14:39:02.139+0545] {dagbag.py:545} INFO - Filling up the DagBag from /root/apache_env/lib/python3.10/site-packages/airflow/example_dags/example_branch_python_dop_operator_3.py
[2024-06-18T14:39:02.145+0545] {processor.py:840} INFO - DAG(s) 'example_branch_dop_operator_v3' retrieved from /root/apache_env/lib/python3.10/site-packages/airflow/example_dags/example_branch_python_dop_operator_3.py
[2024-06-18T14:39:02.156+0545] {logging_mixin.py:188} INFO - [2024-06-18T14:39:02.156+0545] {dag.py:3096} INFO - Sync 1 DAGs
[2024-06-18T14:39:02.178+0545] {logging_mixin.py:188} INFO - [2024-06-18T14:39:02.178+0545] {dag.py:3954} INFO - Setting next_dagrun for example_branch_dop_operator_v3 to 2024-06-18 08:53:00+00:00, run_after=2024-06-18 08:54:00+00:00
[2024-06-18T14:39:02.197+0545] {processor.py:183} INFO - Processing /root/apache_env/lib/python3.10/site-packages/airflow/example_dags/example_branch_python_dop_operator_3.py took 0.065 seconds
[2024-06-18T14:39:48.378+0545] {processor.py:161} INFO - Started process (PID=9291) to work on /root/apache_env/lib/python3.10/site-packages/airflow/example_dags/example_branch_python_dop_operator_3.py
[2024-06-18T14:39:48.379+0545] {processor.py:830} INFO - Processing file /root/apache_env/lib/python3.10/site-packages/airflow/example_dags/example_branch_python_dop_operator_3.py for tasks to queue
[2024-06-18T14:39:48.381+0545] {logging_mixin.py:188} INFO - [2024-06-18T14:39:48.380+0545] {dagbag.py:545} INFO - Filling up the DagBag from /root/apache_env/lib/python3.10/site-packages/airflow/example_dags/example_branch_python_dop_operator_3.py
[2024-06-18T14:39:48.389+0545] {processor.py:840} INFO - DAG(s) 'example_branch_dop_operator_v3' retrieved from /root/apache_env/lib/python3.10/site-packages/airflow/example_dags/example_branch_python_dop_operator_3.py
[2024-06-18T14:39:48.401+0545] {logging_mixin.py:188} INFO - [2024-06-18T14:39:48.401+0545] {dag.py:3096} INFO - Sync 1 DAGs
[2024-06-18T14:39:48.420+0545] {logging_mixin.py:188} INFO - [2024-06-18T14:39:48.420+0545] {dag.py:3954} INFO - Setting next_dagrun for example_branch_dop_operator_v3 to 2024-06-18 08:53:00+00:00, run_after=2024-06-18 08:54:00+00:00
[2024-06-18T14:39:48.439+0545] {processor.py:183} INFO - Processing /root/apache_env/lib/python3.10/site-packages/airflow/example_dags/example_branch_python_dop_operator_3.py took 0.066 seconds
[2024-06-18T14:40:35.074+0545] {processor.py:161} INFO - Started process (PID=9409) to work on /root/apache_env/lib/python3.10/site-packages/airflow/example_dags/example_branch_python_dop_operator_3.py
[2024-06-18T14:40:35.076+0545] {processor.py:830} INFO - Processing file /root/apache_env/lib/python3.10/site-packages/airflow/example_dags/example_branch_python_dop_operator_3.py for tasks to queue
[2024-06-18T14:40:35.077+0545] {logging_mixin.py:188} INFO - [2024-06-18T14:40:35.076+0545] {dagbag.py:545} INFO - Filling up the DagBag from /root/apache_env/lib/python3.10/site-packages/airflow/example_dags/example_branch_python_dop_operator_3.py
[2024-06-18T14:40:35.083+0545] {processor.py:840} INFO - DAG(s) 'example_branch_dop_operator_v3' retrieved from /root/apache_env/lib/python3.10/site-packages/airflow/example_dags/example_branch_python_dop_operator_3.py
[2024-06-18T14:40:35.093+0545] {logging_mixin.py:188} INFO - [2024-06-18T14:40:35.092+0545] {dag.py:3096} INFO - Sync 1 DAGs
[2024-06-18T14:40:35.108+0545] {logging_mixin.py:188} INFO - [2024-06-18T14:40:35.108+0545] {dag.py:3954} INFO - Setting next_dagrun for example_branch_dop_operator_v3 to 2024-06-18 08:54:00+00:00, run_after=2024-06-18 08:55:00+00:00
[2024-06-18T14:40:35.127+0545] {processor.py:183} INFO - Processing /root/apache_env/lib/python3.10/site-packages/airflow/example_dags/example_branch_python_dop_operator_3.py took 0.057 seconds
[2024-06-18T14:41:21.862+0545] {processor.py:161} INFO - Started process (PID=9524) to work on /root/apache_env/lib/python3.10/site-packages/airflow/example_dags/example_branch_python_dop_operator_3.py
[2024-06-18T14:41:21.863+0545] {processor.py:830} INFO - Processing file /root/apache_env/lib/python3.10/site-packages/airflow/example_dags/example_branch_python_dop_operator_3.py for tasks to queue
[2024-06-18T14:41:21.865+0545] {logging_mixin.py:188} INFO - [2024-06-18T14:41:21.865+0545] {dagbag.py:545} INFO - Filling up the DagBag from /root/apache_env/lib/python3.10/site-packages/airflow/example_dags/example_branch_python_dop_operator_3.py
[2024-06-18T14:41:21.871+0545] {processor.py:840} INFO - DAG(s) 'example_branch_dop_operator_v3' retrieved from /root/apache_env/lib/python3.10/site-packages/airflow/example_dags/example_branch_python_dop_operator_3.py
[2024-06-18T14:41:21.881+0545] {logging_mixin.py:188} INFO - [2024-06-18T14:41:21.881+0545] {dag.py:3096} INFO - Sync 1 DAGs
[2024-06-18T14:41:21.896+0545] {logging_mixin.py:188} INFO - [2024-06-18T14:41:21.896+0545] {dag.py:3954} INFO - Setting next_dagrun for example_branch_dop_operator_v3 to 2024-06-18 08:55:00+00:00, run_after=2024-06-18 08:56:00+00:00
[2024-06-18T14:41:21.913+0545] {processor.py:183} INFO - Processing /root/apache_env/lib/python3.10/site-packages/airflow/example_dags/example_branch_python_dop_operator_3.py took 0.055 seconds
[2024-06-18T14:42:26.324+0545] {processor.py:161} INFO - Started process (PID=9688) to work on /root/apache_env/lib/python3.10/site-packages/airflow/example_dags/example_branch_python_dop_operator_3.py
[2024-06-18T14:42:26.326+0545] {processor.py:830} INFO - Processing file /root/apache_env/lib/python3.10/site-packages/airflow/example_dags/example_branch_python_dop_operator_3.py for tasks to queue
[2024-06-18T14:42:26.327+0545] {logging_mixin.py:188} INFO - [2024-06-18T14:42:26.327+0545] {dagbag.py:545} INFO - Filling up the DagBag from /root/apache_env/lib/python3.10/site-packages/airflow/example_dags/example_branch_python_dop_operator_3.py
[2024-06-18T14:42:26.335+0545] {processor.py:840} INFO - DAG(s) 'example_branch_dop_operator_v3' retrieved from /root/apache_env/lib/python3.10/site-packages/airflow/example_dags/example_branch_python_dop_operator_3.py
[2024-06-18T14:42:26.346+0545] {logging_mixin.py:188} INFO - [2024-06-18T14:42:26.346+0545] {dag.py:3096} INFO - Sync 1 DAGs
[2024-06-18T14:42:26.363+0545] {logging_mixin.py:188} INFO - [2024-06-18T14:42:26.363+0545] {dag.py:3954} INFO - Setting next_dagrun for example_branch_dop_operator_v3 to 2024-06-18 08:56:00+00:00, run_after=2024-06-18 08:57:00+00:00
[2024-06-18T14:42:26.380+0545] {processor.py:183} INFO - Processing /root/apache_env/lib/python3.10/site-packages/airflow/example_dags/example_branch_python_dop_operator_3.py took 0.060 seconds
[2024-06-18T14:43:33.119+0545] {processor.py:161} INFO - Started process (PID=9853) to work on /root/apache_env/lib/python3.10/site-packages/airflow/example_dags/example_branch_python_dop_operator_3.py
[2024-06-18T14:43:33.120+0545] {processor.py:830} INFO - Processing file /root/apache_env/lib/python3.10/site-packages/airflow/example_dags/example_branch_python_dop_operator_3.py for tasks to queue
[2024-06-18T14:43:33.122+0545] {logging_mixin.py:188} INFO - [2024-06-18T14:43:33.121+0545] {dagbag.py:545} INFO - Filling up the DagBag from /root/apache_env/lib/python3.10/site-packages/airflow/example_dags/example_branch_python_dop_operator_3.py
[2024-06-18T14:43:33.129+0545] {processor.py:840} INFO - DAG(s) 'example_branch_dop_operator_v3' retrieved from /root/apache_env/lib/python3.10/site-packages/airflow/example_dags/example_branch_python_dop_operator_3.py
[2024-06-18T14:43:33.140+0545] {logging_mixin.py:188} INFO - [2024-06-18T14:43:33.139+0545] {dag.py:3096} INFO - Sync 1 DAGs
[2024-06-18T14:43:33.156+0545] {logging_mixin.py:188} INFO - [2024-06-18T14:43:33.155+0545] {dag.py:3954} INFO - Setting next_dagrun for example_branch_dop_operator_v3 to 2024-06-18 08:57:00+00:00, run_after=2024-06-18 08:58:00+00:00
[2024-06-18T14:43:33.175+0545] {processor.py:183} INFO - Processing /root/apache_env/lib/python3.10/site-packages/airflow/example_dags/example_branch_python_dop_operator_3.py took 0.061 seconds
[2024-06-18T14:44:19.305+0545] {processor.py:161} INFO - Started process (PID=9970) to work on /root/apache_env/lib/python3.10/site-packages/airflow/example_dags/example_branch_python_dop_operator_3.py
[2024-06-18T14:44:19.307+0545] {processor.py:830} INFO - Processing file /root/apache_env/lib/python3.10/site-packages/airflow/example_dags/example_branch_python_dop_operator_3.py for tasks to queue
[2024-06-18T14:44:19.308+0545] {logging_mixin.py:188} INFO - [2024-06-18T14:44:19.308+0545] {dagbag.py:545} INFO - Filling up the DagBag from /root/apache_env/lib/python3.10/site-packages/airflow/example_dags/example_branch_python_dop_operator_3.py
[2024-06-18T14:44:19.314+0545] {processor.py:840} INFO - DAG(s) 'example_branch_dop_operator_v3' retrieved from /root/apache_env/lib/python3.10/site-packages/airflow/example_dags/example_branch_python_dop_operator_3.py
[2024-06-18T14:44:19.323+0545] {logging_mixin.py:188} INFO - [2024-06-18T14:44:19.323+0545] {dag.py:3096} INFO - Sync 1 DAGs
[2024-06-18T14:44:19.340+0545] {logging_mixin.py:188} INFO - [2024-06-18T14:44:19.340+0545] {dag.py:3954} INFO - Setting next_dagrun for example_branch_dop_operator_v3 to 2024-06-18 08:58:00+00:00, run_after=2024-06-18 08:59:00+00:00
[2024-06-18T14:44:19.357+0545] {processor.py:183} INFO - Processing /root/apache_env/lib/python3.10/site-packages/airflow/example_dags/example_branch_python_dop_operator_3.py took 0.055 seconds
[2024-06-18T14:45:31.623+0545] {processor.py:161} INFO - Started process (PID=10176) to work on /root/apache_env/lib/python3.10/site-packages/airflow/example_dags/example_branch_python_dop_operator_3.py
[2024-06-18T14:45:31.624+0545] {processor.py:830} INFO - Processing file /root/apache_env/lib/python3.10/site-packages/airflow/example_dags/example_branch_python_dop_operator_3.py for tasks to queue
[2024-06-18T14:45:31.625+0545] {logging_mixin.py:188} INFO - [2024-06-18T14:45:31.625+0545] {dagbag.py:545} INFO - Filling up the DagBag from /root/apache_env/lib/python3.10/site-packages/airflow/example_dags/example_branch_python_dop_operator_3.py
[2024-06-18T14:45:31.632+0545] {processor.py:840} INFO - DAG(s) 'example_branch_dop_operator_v3' retrieved from /root/apache_env/lib/python3.10/site-packages/airflow/example_dags/example_branch_python_dop_operator_3.py
[2024-06-18T14:45:31.641+0545] {logging_mixin.py:188} INFO - [2024-06-18T14:45:31.641+0545] {dag.py:3096} INFO - Sync 1 DAGs
[2024-06-18T14:45:31.656+0545] {logging_mixin.py:188} INFO - [2024-06-18T14:45:31.656+0545] {dag.py:3954} INFO - Setting next_dagrun for example_branch_dop_operator_v3 to 2024-06-18 08:59:00+00:00, run_after=2024-06-18 09:00:00+00:00
[2024-06-18T14:45:31.674+0545] {processor.py:183} INFO - Processing /root/apache_env/lib/python3.10/site-packages/airflow/example_dags/example_branch_python_dop_operator_3.py took 0.054 seconds
[2024-06-18T14:46:22.211+0545] {processor.py:161} INFO - Started process (PID=10304) to work on /root/apache_env/lib/python3.10/site-packages/airflow/example_dags/example_branch_python_dop_operator_3.py
[2024-06-18T14:46:22.212+0545] {processor.py:830} INFO - Processing file /root/apache_env/lib/python3.10/site-packages/airflow/example_dags/example_branch_python_dop_operator_3.py for tasks to queue
[2024-06-18T14:46:22.213+0545] {logging_mixin.py:188} INFO - [2024-06-18T14:46:22.213+0545] {dagbag.py:545} INFO - Filling up the DagBag from /root/apache_env/lib/python3.10/site-packages/airflow/example_dags/example_branch_python_dop_operator_3.py
[2024-06-18T14:46:22.221+0545] {processor.py:840} INFO - DAG(s) 'example_branch_dop_operator_v3' retrieved from /root/apache_env/lib/python3.10/site-packages/airflow/example_dags/example_branch_python_dop_operator_3.py
[2024-06-18T14:46:22.236+0545] {logging_mixin.py:188} INFO - [2024-06-18T14:46:22.236+0545] {dag.py:3096} INFO - Sync 1 DAGs
[2024-06-18T14:46:22.252+0545] {logging_mixin.py:188} INFO - [2024-06-18T14:46:22.252+0545] {dag.py:3954} INFO - Setting next_dagrun for example_branch_dop_operator_v3 to 2024-06-18 09:00:00+00:00, run_after=2024-06-18 09:01:00+00:00
[2024-06-18T14:46:22.270+0545] {processor.py:183} INFO - Processing /root/apache_env/lib/python3.10/site-packages/airflow/example_dags/example_branch_python_dop_operator_3.py took 0.064 seconds
[2024-06-18T14:47:25.968+0545] {processor.py:161} INFO - Started process (PID=10467) to work on /root/apache_env/lib/python3.10/site-packages/airflow/example_dags/example_branch_python_dop_operator_3.py
[2024-06-18T14:47:25.970+0545] {processor.py:830} INFO - Processing file /root/apache_env/lib/python3.10/site-packages/airflow/example_dags/example_branch_python_dop_operator_3.py for tasks to queue
[2024-06-18T14:47:25.971+0545] {logging_mixin.py:188} INFO - [2024-06-18T14:47:25.971+0545] {dagbag.py:545} INFO - Filling up the DagBag from /root/apache_env/lib/python3.10/site-packages/airflow/example_dags/example_branch_python_dop_operator_3.py
[2024-06-18T14:47:25.977+0545] {processor.py:840} INFO - DAG(s) 'example_branch_dop_operator_v3' retrieved from /root/apache_env/lib/python3.10/site-packages/airflow/example_dags/example_branch_python_dop_operator_3.py
[2024-06-18T14:47:25.986+0545] {logging_mixin.py:188} INFO - [2024-06-18T14:47:25.986+0545] {dag.py:3096} INFO - Sync 1 DAGs
[2024-06-18T14:47:26.002+0545] {logging_mixin.py:188} INFO - [2024-06-18T14:47:26.001+0545] {dag.py:3954} INFO - Setting next_dagrun for example_branch_dop_operator_v3 to 2024-06-18 09:01:00+00:00, run_after=2024-06-18 09:02:00+00:00
[2024-06-18T14:47:26.020+0545] {processor.py:183} INFO - Processing /root/apache_env/lib/python3.10/site-packages/airflow/example_dags/example_branch_python_dop_operator_3.py took 0.056 seconds
[2024-06-18T14:48:12.179+0545] {processor.py:161} INFO - Started process (PID=10584) to work on /root/apache_env/lib/python3.10/site-packages/airflow/example_dags/example_branch_python_dop_operator_3.py
[2024-06-18T14:48:12.181+0545] {processor.py:830} INFO - Processing file /root/apache_env/lib/python3.10/site-packages/airflow/example_dags/example_branch_python_dop_operator_3.py for tasks to queue
[2024-06-18T14:48:12.182+0545] {logging_mixin.py:188} INFO - [2024-06-18T14:48:12.182+0545] {dagbag.py:545} INFO - Filling up the DagBag from /root/apache_env/lib/python3.10/site-packages/airflow/example_dags/example_branch_python_dop_operator_3.py
[2024-06-18T14:48:12.188+0545] {processor.py:840} INFO - DAG(s) 'example_branch_dop_operator_v3' retrieved from /root/apache_env/lib/python3.10/site-packages/airflow/example_dags/example_branch_python_dop_operator_3.py
[2024-06-18T14:48:12.198+0545] {logging_mixin.py:188} INFO - [2024-06-18T14:48:12.198+0545] {dag.py:3096} INFO - Sync 1 DAGs
[2024-06-18T14:48:12.214+0545] {logging_mixin.py:188} INFO - [2024-06-18T14:48:12.213+0545] {dag.py:3954} INFO - Setting next_dagrun for example_branch_dop_operator_v3 to 2024-06-18 09:02:00+00:00, run_after=2024-06-18 09:03:00+00:00
[2024-06-18T14:48:12.230+0545] {processor.py:183} INFO - Processing /root/apache_env/lib/python3.10/site-packages/airflow/example_dags/example_branch_python_dop_operator_3.py took 0.055 seconds
[2024-06-18T14:49:18.889+0545] {processor.py:161} INFO - Started process (PID=10752) to work on /root/apache_env/lib/python3.10/site-packages/airflow/example_dags/example_branch_python_dop_operator_3.py
[2024-06-18T14:49:18.890+0545] {processor.py:830} INFO - Processing file /root/apache_env/lib/python3.10/site-packages/airflow/example_dags/example_branch_python_dop_operator_3.py for tasks to queue
[2024-06-18T14:49:18.891+0545] {logging_mixin.py:188} INFO - [2024-06-18T14:49:18.891+0545] {dagbag.py:545} INFO - Filling up the DagBag from /root/apache_env/lib/python3.10/site-packages/airflow/example_dags/example_branch_python_dop_operator_3.py
[2024-06-18T14:49:18.897+0545] {processor.py:840} INFO - DAG(s) 'example_branch_dop_operator_v3' retrieved from /root/apache_env/lib/python3.10/site-packages/airflow/example_dags/example_branch_python_dop_operator_3.py
[2024-06-18T14:49:18.907+0545] {logging_mixin.py:188} INFO - [2024-06-18T14:49:18.906+0545] {dag.py:3096} INFO - Sync 1 DAGs
[2024-06-18T14:49:18.922+0545] {logging_mixin.py:188} INFO - [2024-06-18T14:49:18.922+0545] {dag.py:3954} INFO - Setting next_dagrun for example_branch_dop_operator_v3 to 2024-06-18 09:03:00+00:00, run_after=2024-06-18 09:04:00+00:00
[2024-06-18T14:49:18.939+0545] {processor.py:183} INFO - Processing /root/apache_env/lib/python3.10/site-packages/airflow/example_dags/example_branch_python_dop_operator_3.py took 0.055 seconds
[2024-06-18T14:50:03.934+0545] {processor.py:161} INFO - Started process (PID=10867) to work on /root/apache_env/lib/python3.10/site-packages/airflow/example_dags/example_branch_python_dop_operator_3.py
[2024-06-18T14:50:03.936+0545] {processor.py:830} INFO - Processing file /root/apache_env/lib/python3.10/site-packages/airflow/example_dags/example_branch_python_dop_operator_3.py for tasks to queue
[2024-06-18T14:50:03.937+0545] {logging_mixin.py:188} INFO - [2024-06-18T14:50:03.937+0545] {dagbag.py:545} INFO - Filling up the DagBag from /root/apache_env/lib/python3.10/site-packages/airflow/example_dags/example_branch_python_dop_operator_3.py
[2024-06-18T14:50:03.944+0545] {processor.py:840} INFO - DAG(s) 'example_branch_dop_operator_v3' retrieved from /root/apache_env/lib/python3.10/site-packages/airflow/example_dags/example_branch_python_dop_operator_3.py
[2024-06-18T14:50:03.955+0545] {logging_mixin.py:188} INFO - [2024-06-18T14:50:03.955+0545] {dag.py:3096} INFO - Sync 1 DAGs
[2024-06-18T14:50:03.973+0545] {logging_mixin.py:188} INFO - [2024-06-18T14:50:03.973+0545] {dag.py:3954} INFO - Setting next_dagrun for example_branch_dop_operator_v3 to 2024-06-18 09:04:00+00:00, run_after=2024-06-18 09:05:00+00:00
[2024-06-18T14:50:03.993+0545] {processor.py:183} INFO - Processing /root/apache_env/lib/python3.10/site-packages/airflow/example_dags/example_branch_python_dop_operator_3.py took 0.063 seconds
[2024-06-18T14:50:47.526+0545] {processor.py:161} INFO - Started process (PID=10981) to work on /root/apache_env/lib/python3.10/site-packages/airflow/example_dags/example_branch_python_dop_operator_3.py
[2024-06-18T14:50:47.528+0545] {processor.py:830} INFO - Processing file /root/apache_env/lib/python3.10/site-packages/airflow/example_dags/example_branch_python_dop_operator_3.py for tasks to queue
[2024-06-18T14:50:47.529+0545] {logging_mixin.py:188} INFO - [2024-06-18T14:50:47.529+0545] {dagbag.py:545} INFO - Filling up the DagBag from /root/apache_env/lib/python3.10/site-packages/airflow/example_dags/example_branch_python_dop_operator_3.py
[2024-06-18T14:50:47.535+0545] {processor.py:840} INFO - DAG(s) 'example_branch_dop_operator_v3' retrieved from /root/apache_env/lib/python3.10/site-packages/airflow/example_dags/example_branch_python_dop_operator_3.py
[2024-06-18T14:50:47.547+0545] {logging_mixin.py:188} INFO - [2024-06-18T14:50:47.547+0545] {dag.py:3096} INFO - Sync 1 DAGs
[2024-06-18T14:50:47.563+0545] {logging_mixin.py:188} INFO - [2024-06-18T14:50:47.563+0545] {dag.py:3954} INFO - Setting next_dagrun for example_branch_dop_operator_v3 to 2024-06-18 09:04:00+00:00, run_after=2024-06-18 09:05:00+00:00
[2024-06-18T14:50:47.580+0545] {processor.py:183} INFO - Processing /root/apache_env/lib/python3.10/site-packages/airflow/example_dags/example_branch_python_dop_operator_3.py took 0.057 seconds
[2024-06-18T14:51:51.528+0545] {processor.py:161} INFO - Started process (PID=11142) to work on /root/apache_env/lib/python3.10/site-packages/airflow/example_dags/example_branch_python_dop_operator_3.py
[2024-06-18T14:51:51.529+0545] {processor.py:830} INFO - Processing file /root/apache_env/lib/python3.10/site-packages/airflow/example_dags/example_branch_python_dop_operator_3.py for tasks to queue
[2024-06-18T14:51:51.530+0545] {logging_mixin.py:188} INFO - [2024-06-18T14:51:51.530+0545] {dagbag.py:545} INFO - Filling up the DagBag from /root/apache_env/lib/python3.10/site-packages/airflow/example_dags/example_branch_python_dop_operator_3.py
[2024-06-18T14:51:51.537+0545] {processor.py:840} INFO - DAG(s) 'example_branch_dop_operator_v3' retrieved from /root/apache_env/lib/python3.10/site-packages/airflow/example_dags/example_branch_python_dop_operator_3.py
[2024-06-18T14:51:51.549+0545] {logging_mixin.py:188} INFO - [2024-06-18T14:51:51.549+0545] {dag.py:3096} INFO - Sync 1 DAGs
[2024-06-18T14:51:51.576+0545] {logging_mixin.py:188} INFO - [2024-06-18T14:51:51.576+0545] {dag.py:3954} INFO - Setting next_dagrun for example_branch_dop_operator_v3 to 2024-06-18 09:05:00+00:00, run_after=2024-06-18 09:06:00+00:00
[2024-06-18T14:51:51.595+0545] {processor.py:183} INFO - Processing /root/apache_env/lib/python3.10/site-packages/airflow/example_dags/example_branch_python_dop_operator_3.py took 0.072 seconds
