[2024-06-18T14:12:45.016+0545] {processor.py:161} INFO - Started process (PID=5087) to work on /root/apache_env/lib/python3.10/site-packages/airflow/example_dags/example_skip_dag.py
[2024-06-18T14:12:45.017+0545] {processor.py:830} INFO - Processing file /root/apache_env/lib/python3.10/site-packages/airflow/example_dags/example_skip_dag.py for tasks to queue
[2024-06-18T14:12:45.019+0545] {logging_mixin.py:188} INFO - [2024-06-18T14:12:45.019+0545] {dagbag.py:545} INFO - Filling up the DagBag from /root/apache_env/lib/python3.10/site-packages/airflow/example_dags/example_skip_dag.py
[2024-06-18T14:12:45.023+0545] {processor.py:840} INFO - DAG(s) 'example_skip_dag' retrieved from /root/apache_env/lib/python3.10/site-packages/airflow/example_dags/example_skip_dag.py
[2024-06-18T14:12:45.100+0545] {logging_mixin.py:188} INFO - [2024-06-18T14:12:45.100+0545] {override.py:1829} INFO - Created Permission View: can delete on DAG:example_skip_dag
[2024-06-18T14:12:45.110+0545] {logging_mixin.py:188} INFO - [2024-06-18T14:12:45.110+0545] {override.py:1829} INFO - Created Permission View: can read on DAG:example_skip_dag
[2024-06-18T14:12:45.117+0545] {logging_mixin.py:188} INFO - [2024-06-18T14:12:45.116+0545] {override.py:1829} INFO - Created Permission View: can edit on DAG:example_skip_dag
[2024-06-18T14:12:45.117+0545] {logging_mixin.py:188} INFO - [2024-06-18T14:12:45.117+0545] {dag.py:3096} INFO - Sync 1 DAGs
[2024-06-18T14:12:45.124+0545] {logging_mixin.py:188} INFO - [2024-06-18T14:12:45.124+0545] {dag.py:3118} INFO - Creating ORM DAG for example_skip_dag
[2024-06-18T14:12:45.129+0545] {logging_mixin.py:188} INFO - [2024-06-18T14:12:45.129+0545] {dag.py:3954} INFO - Setting next_dagrun for example_skip_dag to 2024-06-17 00:00:00+00:00, run_after=2024-06-18 00:00:00+00:00
[2024-06-18T14:12:45.226+0545] {processor.py:183} INFO - Processing /root/apache_env/lib/python3.10/site-packages/airflow/example_dags/example_skip_dag.py took 0.214 seconds
[2024-06-18T14:14:57.789+0545] {processor.py:161} INFO - Started process (PID=5390) to work on /root/apache_env/lib/python3.10/site-packages/airflow/example_dags/example_skip_dag.py
[2024-06-18T14:14:57.791+0545] {processor.py:830} INFO - Processing file /root/apache_env/lib/python3.10/site-packages/airflow/example_dags/example_skip_dag.py for tasks to queue
[2024-06-18T14:14:57.792+0545] {logging_mixin.py:188} INFO - [2024-06-18T14:14:57.792+0545] {dagbag.py:545} INFO - Filling up the DagBag from /root/apache_env/lib/python3.10/site-packages/airflow/example_dags/example_skip_dag.py
[2024-06-18T14:14:57.798+0545] {processor.py:840} INFO - DAG(s) 'example_skip_dag' retrieved from /root/apache_env/lib/python3.10/site-packages/airflow/example_dags/example_skip_dag.py
[2024-06-18T14:14:57.814+0545] {logging_mixin.py:188} INFO - [2024-06-18T14:14:57.814+0545] {dag.py:3096} INFO - Sync 1 DAGs
[2024-06-18T14:14:57.828+0545] {logging_mixin.py:188} INFO - [2024-06-18T14:14:57.828+0545] {dag.py:3954} INFO - Setting next_dagrun for example_skip_dag to 2024-06-17 00:00:00+00:00, run_after=2024-06-18 00:00:00+00:00
[2024-06-18T14:14:57.844+0545] {processor.py:183} INFO - Processing /root/apache_env/lib/python3.10/site-packages/airflow/example_dags/example_skip_dag.py took 0.059 seconds
[2024-06-18T14:16:19.828+0545] {processor.py:161} INFO - Started process (PID=5612) to work on /root/apache_env/lib/python3.10/site-packages/airflow/example_dags/example_skip_dag.py
[2024-06-18T14:16:19.830+0545] {processor.py:830} INFO - Processing file /root/apache_env/lib/python3.10/site-packages/airflow/example_dags/example_skip_dag.py for tasks to queue
[2024-06-18T14:16:19.831+0545] {logging_mixin.py:188} INFO - [2024-06-18T14:16:19.831+0545] {dagbag.py:545} INFO - Filling up the DagBag from /root/apache_env/lib/python3.10/site-packages/airflow/example_dags/example_skip_dag.py
[2024-06-18T14:16:19.835+0545] {processor.py:840} INFO - DAG(s) 'example_skip_dag' retrieved from /root/apache_env/lib/python3.10/site-packages/airflow/example_dags/example_skip_dag.py
[2024-06-18T14:16:19.899+0545] {logging_mixin.py:188} INFO - [2024-06-18T14:16:19.899+0545] {dag.py:3096} INFO - Sync 1 DAGs
[2024-06-18T14:16:19.910+0545] {logging_mixin.py:188} INFO - [2024-06-18T14:16:19.910+0545] {dag.py:3954} INFO - Setting next_dagrun for example_skip_dag to 2024-06-17 00:00:00+00:00, run_after=2024-06-18 00:00:00+00:00
[2024-06-18T14:16:19.928+0545] {processor.py:183} INFO - Processing /root/apache_env/lib/python3.10/site-packages/airflow/example_dags/example_skip_dag.py took 0.104 seconds
[2024-06-18T14:17:15.217+0545] {processor.py:161} INFO - Started process (PID=5749) to work on /root/apache_env/lib/python3.10/site-packages/airflow/example_dags/example_skip_dag.py
[2024-06-18T14:17:15.219+0545] {processor.py:830} INFO - Processing file /root/apache_env/lib/python3.10/site-packages/airflow/example_dags/example_skip_dag.py for tasks to queue
[2024-06-18T14:17:15.220+0545] {logging_mixin.py:188} INFO - [2024-06-18T14:17:15.219+0545] {dagbag.py:545} INFO - Filling up the DagBag from /root/apache_env/lib/python3.10/site-packages/airflow/example_dags/example_skip_dag.py
[2024-06-18T14:17:15.224+0545] {processor.py:840} INFO - DAG(s) 'example_skip_dag' retrieved from /root/apache_env/lib/python3.10/site-packages/airflow/example_dags/example_skip_dag.py
[2024-06-18T14:17:15.234+0545] {logging_mixin.py:188} INFO - [2024-06-18T14:17:15.234+0545] {dag.py:3096} INFO - Sync 1 DAGs
[2024-06-18T14:17:15.247+0545] {logging_mixin.py:188} INFO - [2024-06-18T14:17:15.247+0545] {dag.py:3954} INFO - Setting next_dagrun for example_skip_dag to 2024-06-17 00:00:00+00:00, run_after=2024-06-18 00:00:00+00:00
[2024-06-18T14:17:15.264+0545] {processor.py:183} INFO - Processing /root/apache_env/lib/python3.10/site-packages/airflow/example_dags/example_skip_dag.py took 0.051 seconds
[2024-06-18T14:18:08.835+0545] {processor.py:161} INFO - Started process (PID=5891) to work on /root/apache_env/lib/python3.10/site-packages/airflow/example_dags/example_skip_dag.py
[2024-06-18T14:18:08.836+0545] {processor.py:830} INFO - Processing file /root/apache_env/lib/python3.10/site-packages/airflow/example_dags/example_skip_dag.py for tasks to queue
[2024-06-18T14:18:08.838+0545] {logging_mixin.py:188} INFO - [2024-06-18T14:18:08.837+0545] {dagbag.py:545} INFO - Filling up the DagBag from /root/apache_env/lib/python3.10/site-packages/airflow/example_dags/example_skip_dag.py
[2024-06-18T14:18:08.842+0545] {processor.py:840} INFO - DAG(s) 'example_skip_dag' retrieved from /root/apache_env/lib/python3.10/site-packages/airflow/example_dags/example_skip_dag.py
[2024-06-18T14:18:08.909+0545] {logging_mixin.py:188} INFO - [2024-06-18T14:18:08.909+0545] {dag.py:3096} INFO - Sync 1 DAGs
[2024-06-18T14:18:08.919+0545] {logging_mixin.py:188} INFO - [2024-06-18T14:18:08.919+0545] {dag.py:3954} INFO - Setting next_dagrun for example_skip_dag to 2024-06-17 00:00:00+00:00, run_after=2024-06-18 00:00:00+00:00
[2024-06-18T14:18:08.935+0545] {processor.py:183} INFO - Processing /root/apache_env/lib/python3.10/site-packages/airflow/example_dags/example_skip_dag.py took 0.104 seconds
[2024-06-18T14:22:28.367+0545] {processor.py:161} INFO - Started process (PID=6561) to work on /root/apache_env/lib/python3.10/site-packages/airflow/example_dags/example_skip_dag.py
[2024-06-18T14:22:28.368+0545] {processor.py:830} INFO - Processing file /root/apache_env/lib/python3.10/site-packages/airflow/example_dags/example_skip_dag.py for tasks to queue
[2024-06-18T14:22:28.369+0545] {logging_mixin.py:188} INFO - [2024-06-18T14:22:28.369+0545] {dagbag.py:545} INFO - Filling up the DagBag from /root/apache_env/lib/python3.10/site-packages/airflow/example_dags/example_skip_dag.py
[2024-06-18T14:22:28.375+0545] {processor.py:840} INFO - DAG(s) 'example_skip_dag' retrieved from /root/apache_env/lib/python3.10/site-packages/airflow/example_dags/example_skip_dag.py
[2024-06-18T14:22:28.381+0545] {logging_mixin.py:188} INFO - [2024-06-18T14:22:28.381+0545] {dag.py:3096} INFO - Sync 1 DAGs
[2024-06-18T14:22:28.396+0545] {logging_mixin.py:188} INFO - [2024-06-18T14:22:28.396+0545] {dag.py:3954} INFO - Setting next_dagrun for example_skip_dag to 2024-06-17 00:00:00+00:00, run_after=2024-06-18 00:00:00+00:00
[2024-06-18T14:22:28.414+0545] {processor.py:183} INFO - Processing /root/apache_env/lib/python3.10/site-packages/airflow/example_dags/example_skip_dag.py took 0.050 seconds
[2024-06-18T14:23:37.013+0545] {processor.py:161} INFO - Started process (PID=6775) to work on /root/apache_env/lib/python3.10/site-packages/airflow/example_dags/example_skip_dag.py
[2024-06-18T14:23:37.015+0545] {processor.py:830} INFO - Processing file /root/apache_env/lib/python3.10/site-packages/airflow/example_dags/example_skip_dag.py for tasks to queue
[2024-06-18T14:23:37.016+0545] {logging_mixin.py:188} INFO - [2024-06-18T14:23:37.016+0545] {dagbag.py:545} INFO - Filling up the DagBag from /root/apache_env/lib/python3.10/site-packages/airflow/example_dags/example_skip_dag.py
[2024-06-18T14:23:37.021+0545] {processor.py:840} INFO - DAG(s) 'example_skip_dag' retrieved from /root/apache_env/lib/python3.10/site-packages/airflow/example_dags/example_skip_dag.py
[2024-06-18T14:23:37.144+0545] {logging_mixin.py:188} INFO - [2024-06-18T14:23:37.143+0545] {dag.py:3096} INFO - Sync 1 DAGs
[2024-06-18T14:23:37.154+0545] {logging_mixin.py:188} INFO - [2024-06-18T14:23:37.154+0545] {dag.py:3954} INFO - Setting next_dagrun for example_skip_dag to 2024-06-17 00:00:00+00:00, run_after=2024-06-18 00:00:00+00:00
[2024-06-18T14:23:37.170+0545] {processor.py:183} INFO - Processing /root/apache_env/lib/python3.10/site-packages/airflow/example_dags/example_skip_dag.py took 0.160 seconds
[2024-06-18T14:24:33.712+0545] {processor.py:161} INFO - Started process (PID=6918) to work on /root/apache_env/lib/python3.10/site-packages/airflow/example_dags/example_skip_dag.py
[2024-06-18T14:24:33.712+0545] {processor.py:830} INFO - Processing file /root/apache_env/lib/python3.10/site-packages/airflow/example_dags/example_skip_dag.py for tasks to queue
[2024-06-18T14:24:33.714+0545] {logging_mixin.py:188} INFO - [2024-06-18T14:24:33.713+0545] {dagbag.py:545} INFO - Filling up the DagBag from /root/apache_env/lib/python3.10/site-packages/airflow/example_dags/example_skip_dag.py
[2024-06-18T14:24:33.718+0545] {processor.py:840} INFO - DAG(s) 'example_skip_dag' retrieved from /root/apache_env/lib/python3.10/site-packages/airflow/example_dags/example_skip_dag.py
[2024-06-18T14:24:33.783+0545] {logging_mixin.py:188} INFO - [2024-06-18T14:24:33.783+0545] {dag.py:3096} INFO - Sync 1 DAGs
[2024-06-18T14:24:33.794+0545] {logging_mixin.py:188} INFO - [2024-06-18T14:24:33.794+0545] {dag.py:3954} INFO - Setting next_dagrun for example_skip_dag to 2024-06-17 00:00:00+00:00, run_after=2024-06-18 00:00:00+00:00
[2024-06-18T14:24:33.811+0545] {processor.py:183} INFO - Processing /root/apache_env/lib/python3.10/site-packages/airflow/example_dags/example_skip_dag.py took 0.104 seconds
[2024-06-18T14:25:32.187+0545] {processor.py:161} INFO - Started process (PID=7092) to work on /root/apache_env/lib/python3.10/site-packages/airflow/example_dags/example_skip_dag.py
[2024-06-18T14:25:32.188+0545] {processor.py:830} INFO - Processing file /root/apache_env/lib/python3.10/site-packages/airflow/example_dags/example_skip_dag.py for tasks to queue
[2024-06-18T14:25:32.190+0545] {logging_mixin.py:188} INFO - [2024-06-18T14:25:32.189+0545] {dagbag.py:545} INFO - Filling up the DagBag from /root/apache_env/lib/python3.10/site-packages/airflow/example_dags/example_skip_dag.py
[2024-06-18T14:25:32.195+0545] {processor.py:840} INFO - DAG(s) 'example_skip_dag' retrieved from /root/apache_env/lib/python3.10/site-packages/airflow/example_dags/example_skip_dag.py
[2024-06-18T14:25:32.205+0545] {logging_mixin.py:188} INFO - [2024-06-18T14:25:32.205+0545] {dag.py:3096} INFO - Sync 1 DAGs
[2024-06-18T14:25:32.219+0545] {logging_mixin.py:188} INFO - [2024-06-18T14:25:32.219+0545] {dag.py:3954} INFO - Setting next_dagrun for example_skip_dag to 2024-06-17 00:00:00+00:00, run_after=2024-06-18 00:00:00+00:00
[2024-06-18T14:25:32.236+0545] {processor.py:183} INFO - Processing /root/apache_env/lib/python3.10/site-packages/airflow/example_dags/example_skip_dag.py took 0.053 seconds
[2024-06-18T14:27:32.109+0545] {processor.py:161} INFO - Started process (PID=7411) to work on /root/apache_env/lib/python3.10/site-packages/airflow/example_dags/example_skip_dag.py
[2024-06-18T14:27:32.110+0545] {processor.py:830} INFO - Processing file /root/apache_env/lib/python3.10/site-packages/airflow/example_dags/example_skip_dag.py for tasks to queue
[2024-06-18T14:27:32.111+0545] {logging_mixin.py:188} INFO - [2024-06-18T14:27:32.111+0545] {dagbag.py:545} INFO - Filling up the DagBag from /root/apache_env/lib/python3.10/site-packages/airflow/example_dags/example_skip_dag.py
[2024-06-18T14:27:32.118+0545] {processor.py:840} INFO - DAG(s) 'example_skip_dag' retrieved from /root/apache_env/lib/python3.10/site-packages/airflow/example_dags/example_skip_dag.py
[2024-06-18T14:27:32.123+0545] {logging_mixin.py:188} INFO - [2024-06-18T14:27:32.123+0545] {dag.py:3096} INFO - Sync 1 DAGs
[2024-06-18T14:27:32.139+0545] {logging_mixin.py:188} INFO - [2024-06-18T14:27:32.138+0545] {dag.py:3954} INFO - Setting next_dagrun for example_skip_dag to 2024-06-17 00:00:00+00:00, run_after=2024-06-18 00:00:00+00:00
[2024-06-18T14:27:32.155+0545] {processor.py:183} INFO - Processing /root/apache_env/lib/python3.10/site-packages/airflow/example_dags/example_skip_dag.py took 0.051 seconds
[2024-06-18T14:28:29.327+0545] {processor.py:161} INFO - Started process (PID=7566) to work on /root/apache_env/lib/python3.10/site-packages/airflow/example_dags/example_skip_dag.py
[2024-06-18T14:28:29.328+0545] {processor.py:830} INFO - Processing file /root/apache_env/lib/python3.10/site-packages/airflow/example_dags/example_skip_dag.py for tasks to queue
[2024-06-18T14:28:29.329+0545] {logging_mixin.py:188} INFO - [2024-06-18T14:28:29.329+0545] {dagbag.py:545} INFO - Filling up the DagBag from /root/apache_env/lib/python3.10/site-packages/airflow/example_dags/example_skip_dag.py
[2024-06-18T14:28:29.334+0545] {processor.py:840} INFO - DAG(s) 'example_skip_dag' retrieved from /root/apache_env/lib/python3.10/site-packages/airflow/example_dags/example_skip_dag.py
[2024-06-18T14:28:29.455+0545] {logging_mixin.py:188} INFO - [2024-06-18T14:28:29.455+0545] {dag.py:3096} INFO - Sync 1 DAGs
[2024-06-18T14:28:29.466+0545] {logging_mixin.py:188} INFO - [2024-06-18T14:28:29.466+0545] {dag.py:3954} INFO - Setting next_dagrun for example_skip_dag to 2024-06-17 00:00:00+00:00, run_after=2024-06-18 00:00:00+00:00
[2024-06-18T14:28:29.482+0545] {processor.py:183} INFO - Processing /root/apache_env/lib/python3.10/site-packages/airflow/example_dags/example_skip_dag.py took 0.160 seconds
[2024-06-18T14:30:11.295+0545] {processor.py:161} INFO - Started process (PID=7818) to work on /root/apache_env/lib/python3.10/site-packages/airflow/example_dags/example_skip_dag.py
[2024-06-18T14:30:11.296+0545] {processor.py:830} INFO - Processing file /root/apache_env/lib/python3.10/site-packages/airflow/example_dags/example_skip_dag.py for tasks to queue
[2024-06-18T14:30:11.297+0545] {logging_mixin.py:188} INFO - [2024-06-18T14:30:11.297+0545] {dagbag.py:545} INFO - Filling up the DagBag from /root/apache_env/lib/python3.10/site-packages/airflow/example_dags/example_skip_dag.py
[2024-06-18T14:30:11.303+0545] {processor.py:840} INFO - DAG(s) 'example_skip_dag' retrieved from /root/apache_env/lib/python3.10/site-packages/airflow/example_dags/example_skip_dag.py
[2024-06-18T14:30:11.308+0545] {logging_mixin.py:188} INFO - [2024-06-18T14:30:11.307+0545] {dag.py:3096} INFO - Sync 1 DAGs
[2024-06-18T14:30:11.321+0545] {logging_mixin.py:188} INFO - [2024-06-18T14:30:11.320+0545] {dag.py:3954} INFO - Setting next_dagrun for example_skip_dag to 2024-06-17 00:00:00+00:00, run_after=2024-06-18 00:00:00+00:00
[2024-06-18T14:30:11.339+0545] {processor.py:183} INFO - Processing /root/apache_env/lib/python3.10/site-packages/airflow/example_dags/example_skip_dag.py took 0.047 seconds
[2024-06-18T14:31:07.394+0545] {processor.py:161} INFO - Started process (PID=7953) to work on /root/apache_env/lib/python3.10/site-packages/airflow/example_dags/example_skip_dag.py
[2024-06-18T14:31:07.396+0545] {processor.py:830} INFO - Processing file /root/apache_env/lib/python3.10/site-packages/airflow/example_dags/example_skip_dag.py for tasks to queue
[2024-06-18T14:31:07.397+0545] {logging_mixin.py:188} INFO - [2024-06-18T14:31:07.397+0545] {dagbag.py:545} INFO - Filling up the DagBag from /root/apache_env/lib/python3.10/site-packages/airflow/example_dags/example_skip_dag.py
[2024-06-18T14:31:07.401+0545] {processor.py:840} INFO - DAG(s) 'example_skip_dag' retrieved from /root/apache_env/lib/python3.10/site-packages/airflow/example_dags/example_skip_dag.py
[2024-06-18T14:31:07.515+0545] {logging_mixin.py:188} INFO - [2024-06-18T14:31:07.514+0545] {dag.py:3096} INFO - Sync 1 DAGs
[2024-06-18T14:31:07.524+0545] {logging_mixin.py:188} INFO - [2024-06-18T14:31:07.524+0545] {dag.py:3954} INFO - Setting next_dagrun for example_skip_dag to 2024-06-17 00:00:00+00:00, run_after=2024-06-18 00:00:00+00:00
[2024-06-18T14:31:07.542+0545] {processor.py:183} INFO - Processing /root/apache_env/lib/python3.10/site-packages/airflow/example_dags/example_skip_dag.py took 0.151 seconds
[2024-06-18T14:32:01.298+0545] {processor.py:161} INFO - Started process (PID=8088) to work on /root/apache_env/lib/python3.10/site-packages/airflow/example_dags/example_skip_dag.py
[2024-06-18T14:32:01.299+0545] {processor.py:830} INFO - Processing file /root/apache_env/lib/python3.10/site-packages/airflow/example_dags/example_skip_dag.py for tasks to queue
[2024-06-18T14:32:01.300+0545] {logging_mixin.py:188} INFO - [2024-06-18T14:32:01.300+0545] {dagbag.py:545} INFO - Filling up the DagBag from /root/apache_env/lib/python3.10/site-packages/airflow/example_dags/example_skip_dag.py
[2024-06-18T14:32:01.305+0545] {processor.py:840} INFO - DAG(s) 'example_skip_dag' retrieved from /root/apache_env/lib/python3.10/site-packages/airflow/example_dags/example_skip_dag.py
[2024-06-18T14:32:01.381+0545] {logging_mixin.py:188} INFO - [2024-06-18T14:32:01.380+0545] {dag.py:3096} INFO - Sync 1 DAGs
[2024-06-18T14:32:01.394+0545] {logging_mixin.py:188} INFO - [2024-06-18T14:32:01.393+0545] {dag.py:3954} INFO - Setting next_dagrun for example_skip_dag to 2024-06-17 00:00:00+00:00, run_after=2024-06-18 00:00:00+00:00
[2024-06-18T14:32:01.410+0545] {processor.py:183} INFO - Processing /root/apache_env/lib/python3.10/site-packages/airflow/example_dags/example_skip_dag.py took 0.117 seconds
[2024-06-18T14:32:50.797+0545] {processor.py:161} INFO - Started process (PID=8210) to work on /root/apache_env/lib/python3.10/site-packages/airflow/example_dags/example_skip_dag.py
[2024-06-18T14:32:50.798+0545] {processor.py:830} INFO - Processing file /root/apache_env/lib/python3.10/site-packages/airflow/example_dags/example_skip_dag.py for tasks to queue
[2024-06-18T14:32:50.799+0545] {logging_mixin.py:188} INFO - [2024-06-18T14:32:50.799+0545] {dagbag.py:545} INFO - Filling up the DagBag from /root/apache_env/lib/python3.10/site-packages/airflow/example_dags/example_skip_dag.py
[2024-06-18T14:32:50.804+0545] {processor.py:840} INFO - DAG(s) 'example_skip_dag' retrieved from /root/apache_env/lib/python3.10/site-packages/airflow/example_dags/example_skip_dag.py
[2024-06-18T14:32:50.814+0545] {logging_mixin.py:188} INFO - [2024-06-18T14:32:50.814+0545] {dag.py:3096} INFO - Sync 1 DAGs
[2024-06-18T14:32:50.828+0545] {logging_mixin.py:188} INFO - [2024-06-18T14:32:50.828+0545] {dag.py:3954} INFO - Setting next_dagrun for example_skip_dag to 2024-06-17 00:00:00+00:00, run_after=2024-06-18 00:00:00+00:00
[2024-06-18T14:32:50.845+0545] {processor.py:183} INFO - Processing /root/apache_env/lib/python3.10/site-packages/airflow/example_dags/example_skip_dag.py took 0.052 seconds
[2024-06-18T14:33:36.876+0545] {processor.py:161} INFO - Started process (PID=8325) to work on /root/apache_env/lib/python3.10/site-packages/airflow/example_dags/example_skip_dag.py
[2024-06-18T14:33:36.877+0545] {processor.py:830} INFO - Processing file /root/apache_env/lib/python3.10/site-packages/airflow/example_dags/example_skip_dag.py for tasks to queue
[2024-06-18T14:33:36.878+0545] {logging_mixin.py:188} INFO - [2024-06-18T14:33:36.878+0545] {dagbag.py:545} INFO - Filling up the DagBag from /root/apache_env/lib/python3.10/site-packages/airflow/example_dags/example_skip_dag.py
[2024-06-18T14:33:36.883+0545] {processor.py:840} INFO - DAG(s) 'example_skip_dag' retrieved from /root/apache_env/lib/python3.10/site-packages/airflow/example_dags/example_skip_dag.py
[2024-06-18T14:33:36.894+0545] {logging_mixin.py:188} INFO - [2024-06-18T14:33:36.893+0545] {dag.py:3096} INFO - Sync 1 DAGs
[2024-06-18T14:33:36.907+0545] {logging_mixin.py:188} INFO - [2024-06-18T14:33:36.906+0545] {dag.py:3954} INFO - Setting next_dagrun for example_skip_dag to 2024-06-17 00:00:00+00:00, run_after=2024-06-18 00:00:00+00:00
[2024-06-18T14:33:36.923+0545] {processor.py:183} INFO - Processing /root/apache_env/lib/python3.10/site-packages/airflow/example_dags/example_skip_dag.py took 0.051 seconds
[2024-06-18T14:34:22.041+0545] {processor.py:161} INFO - Started process (PID=8441) to work on /root/apache_env/lib/python3.10/site-packages/airflow/example_dags/example_skip_dag.py
[2024-06-18T14:34:22.042+0545] {processor.py:830} INFO - Processing file /root/apache_env/lib/python3.10/site-packages/airflow/example_dags/example_skip_dag.py for tasks to queue
[2024-06-18T14:34:22.043+0545] {logging_mixin.py:188} INFO - [2024-06-18T14:34:22.043+0545] {dagbag.py:545} INFO - Filling up the DagBag from /root/apache_env/lib/python3.10/site-packages/airflow/example_dags/example_skip_dag.py
[2024-06-18T14:34:22.048+0545] {processor.py:840} INFO - DAG(s) 'example_skip_dag' retrieved from /root/apache_env/lib/python3.10/site-packages/airflow/example_dags/example_skip_dag.py
[2024-06-18T14:34:22.058+0545] {logging_mixin.py:188} INFO - [2024-06-18T14:34:22.058+0545] {dag.py:3096} INFO - Sync 1 DAGs
[2024-06-18T14:34:22.071+0545] {logging_mixin.py:188} INFO - [2024-06-18T14:34:22.070+0545] {dag.py:3954} INFO - Setting next_dagrun for example_skip_dag to 2024-06-17 00:00:00+00:00, run_after=2024-06-18 00:00:00+00:00
[2024-06-18T14:34:22.092+0545] {processor.py:183} INFO - Processing /root/apache_env/lib/python3.10/site-packages/airflow/example_dags/example_skip_dag.py took 0.055 seconds
[2024-06-18T14:35:13.578+0545] {processor.py:161} INFO - Started process (PID=8595) to work on /root/apache_env/lib/python3.10/site-packages/airflow/example_dags/example_skip_dag.py
[2024-06-18T14:35:13.580+0545] {processor.py:830} INFO - Processing file /root/apache_env/lib/python3.10/site-packages/airflow/example_dags/example_skip_dag.py for tasks to queue
[2024-06-18T14:35:13.581+0545] {logging_mixin.py:188} INFO - [2024-06-18T14:35:13.581+0545] {dagbag.py:545} INFO - Filling up the DagBag from /root/apache_env/lib/python3.10/site-packages/airflow/example_dags/example_skip_dag.py
[2024-06-18T14:35:13.585+0545] {processor.py:840} INFO - DAG(s) 'example_skip_dag' retrieved from /root/apache_env/lib/python3.10/site-packages/airflow/example_dags/example_skip_dag.py
[2024-06-18T14:35:13.596+0545] {logging_mixin.py:188} INFO - [2024-06-18T14:35:13.596+0545] {dag.py:3096} INFO - Sync 1 DAGs
[2024-06-18T14:35:13.608+0545] {logging_mixin.py:188} INFO - [2024-06-18T14:35:13.608+0545] {dag.py:3954} INFO - Setting next_dagrun for example_skip_dag to 2024-06-17 00:00:00+00:00, run_after=2024-06-18 00:00:00+00:00
[2024-06-18T14:35:13.628+0545] {processor.py:183} INFO - Processing /root/apache_env/lib/python3.10/site-packages/airflow/example_dags/example_skip_dag.py took 0.054 seconds
[2024-06-18T14:36:02.554+0545] {processor.py:161} INFO - Started process (PID=8723) to work on /root/apache_env/lib/python3.10/site-packages/airflow/example_dags/example_skip_dag.py
[2024-06-18T14:36:02.556+0545] {processor.py:830} INFO - Processing file /root/apache_env/lib/python3.10/site-packages/airflow/example_dags/example_skip_dag.py for tasks to queue
[2024-06-18T14:36:02.557+0545] {logging_mixin.py:188} INFO - [2024-06-18T14:36:02.557+0545] {dagbag.py:545} INFO - Filling up the DagBag from /root/apache_env/lib/python3.10/site-packages/airflow/example_dags/example_skip_dag.py
[2024-06-18T14:36:02.561+0545] {processor.py:840} INFO - DAG(s) 'example_skip_dag' retrieved from /root/apache_env/lib/python3.10/site-packages/airflow/example_dags/example_skip_dag.py
[2024-06-18T14:36:02.572+0545] {logging_mixin.py:188} INFO - [2024-06-18T14:36:02.572+0545] {dag.py:3096} INFO - Sync 1 DAGs
[2024-06-18T14:36:02.585+0545] {logging_mixin.py:188} INFO - [2024-06-18T14:36:02.585+0545] {dag.py:3954} INFO - Setting next_dagrun for example_skip_dag to 2024-06-17 00:00:00+00:00, run_after=2024-06-18 00:00:00+00:00
[2024-06-18T14:36:02.603+0545] {processor.py:183} INFO - Processing /root/apache_env/lib/python3.10/site-packages/airflow/example_dags/example_skip_dag.py took 0.052 seconds
[2024-06-18T14:37:08.154+0545] {processor.py:161} INFO - Started process (PID=8887) to work on /root/apache_env/lib/python3.10/site-packages/airflow/example_dags/example_skip_dag.py
[2024-06-18T14:37:08.155+0545] {processor.py:830} INFO - Processing file /root/apache_env/lib/python3.10/site-packages/airflow/example_dags/example_skip_dag.py for tasks to queue
[2024-06-18T14:37:08.157+0545] {logging_mixin.py:188} INFO - [2024-06-18T14:37:08.156+0545] {dagbag.py:545} INFO - Filling up the DagBag from /root/apache_env/lib/python3.10/site-packages/airflow/example_dags/example_skip_dag.py
[2024-06-18T14:37:08.161+0545] {processor.py:840} INFO - DAG(s) 'example_skip_dag' retrieved from /root/apache_env/lib/python3.10/site-packages/airflow/example_dags/example_skip_dag.py
[2024-06-18T14:37:08.172+0545] {logging_mixin.py:188} INFO - [2024-06-18T14:37:08.172+0545] {dag.py:3096} INFO - Sync 1 DAGs
[2024-06-18T14:37:08.186+0545] {logging_mixin.py:188} INFO - [2024-06-18T14:37:08.186+0545] {dag.py:3954} INFO - Setting next_dagrun for example_skip_dag to 2024-06-17 00:00:00+00:00, run_after=2024-06-18 00:00:00+00:00
[2024-06-18T14:37:08.203+0545] {processor.py:183} INFO - Processing /root/apache_env/lib/python3.10/site-packages/airflow/example_dags/example_skip_dag.py took 0.053 seconds
[2024-06-18T14:38:14.525+0545] {processor.py:161} INFO - Started process (PID=9054) to work on /root/apache_env/lib/python3.10/site-packages/airflow/example_dags/example_skip_dag.py
[2024-06-18T14:38:14.527+0545] {processor.py:830} INFO - Processing file /root/apache_env/lib/python3.10/site-packages/airflow/example_dags/example_skip_dag.py for tasks to queue
[2024-06-18T14:38:14.528+0545] {logging_mixin.py:188} INFO - [2024-06-18T14:38:14.528+0545] {dagbag.py:545} INFO - Filling up the DagBag from /root/apache_env/lib/python3.10/site-packages/airflow/example_dags/example_skip_dag.py
[2024-06-18T14:38:14.533+0545] {processor.py:840} INFO - DAG(s) 'example_skip_dag' retrieved from /root/apache_env/lib/python3.10/site-packages/airflow/example_dags/example_skip_dag.py
[2024-06-18T14:38:14.543+0545] {logging_mixin.py:188} INFO - [2024-06-18T14:38:14.543+0545] {dag.py:3096} INFO - Sync 1 DAGs
[2024-06-18T14:38:14.556+0545] {logging_mixin.py:188} INFO - [2024-06-18T14:38:14.556+0545] {dag.py:3954} INFO - Setting next_dagrun for example_skip_dag to 2024-06-17 00:00:00+00:00, run_after=2024-06-18 00:00:00+00:00
[2024-06-18T14:38:14.574+0545] {processor.py:183} INFO - Processing /root/apache_env/lib/python3.10/site-packages/airflow/example_dags/example_skip_dag.py took 0.052 seconds
[2024-06-18T14:39:00.998+0545] {processor.py:161} INFO - Started process (PID=9172) to work on /root/apache_env/lib/python3.10/site-packages/airflow/example_dags/example_skip_dag.py
[2024-06-18T14:39:01.000+0545] {processor.py:830} INFO - Processing file /root/apache_env/lib/python3.10/site-packages/airflow/example_dags/example_skip_dag.py for tasks to queue
[2024-06-18T14:39:01.001+0545] {logging_mixin.py:188} INFO - [2024-06-18T14:39:01.001+0545] {dagbag.py:545} INFO - Filling up the DagBag from /root/apache_env/lib/python3.10/site-packages/airflow/example_dags/example_skip_dag.py
[2024-06-18T14:39:01.006+0545] {processor.py:840} INFO - DAG(s) 'example_skip_dag' retrieved from /root/apache_env/lib/python3.10/site-packages/airflow/example_dags/example_skip_dag.py
[2024-06-18T14:39:01.016+0545] {logging_mixin.py:188} INFO - [2024-06-18T14:39:01.016+0545] {dag.py:3096} INFO - Sync 1 DAGs
[2024-06-18T14:39:01.029+0545] {logging_mixin.py:188} INFO - [2024-06-18T14:39:01.029+0545] {dag.py:3954} INFO - Setting next_dagrun for example_skip_dag to 2024-06-17 00:00:00+00:00, run_after=2024-06-18 00:00:00+00:00
[2024-06-18T14:39:01.046+0545] {processor.py:183} INFO - Processing /root/apache_env/lib/python3.10/site-packages/airflow/example_dags/example_skip_dag.py took 0.052 seconds
[2024-06-18T14:39:47.227+0545] {processor.py:161} INFO - Started process (PID=9287) to work on /root/apache_env/lib/python3.10/site-packages/airflow/example_dags/example_skip_dag.py
[2024-06-18T14:39:47.228+0545] {processor.py:830} INFO - Processing file /root/apache_env/lib/python3.10/site-packages/airflow/example_dags/example_skip_dag.py for tasks to queue
[2024-06-18T14:39:47.229+0545] {logging_mixin.py:188} INFO - [2024-06-18T14:39:47.229+0545] {dagbag.py:545} INFO - Filling up the DagBag from /root/apache_env/lib/python3.10/site-packages/airflow/example_dags/example_skip_dag.py
[2024-06-18T14:39:47.235+0545] {processor.py:840} INFO - DAG(s) 'example_skip_dag' retrieved from /root/apache_env/lib/python3.10/site-packages/airflow/example_dags/example_skip_dag.py
[2024-06-18T14:39:47.247+0545] {logging_mixin.py:188} INFO - [2024-06-18T14:39:47.247+0545] {dag.py:3096} INFO - Sync 1 DAGs
[2024-06-18T14:39:47.263+0545] {logging_mixin.py:188} INFO - [2024-06-18T14:39:47.263+0545] {dag.py:3954} INFO - Setting next_dagrun for example_skip_dag to 2024-06-17 00:00:00+00:00, run_after=2024-06-18 00:00:00+00:00
[2024-06-18T14:39:47.286+0545] {processor.py:183} INFO - Processing /root/apache_env/lib/python3.10/site-packages/airflow/example_dags/example_skip_dag.py took 0.063 seconds
[2024-06-18T14:40:33.945+0545] {processor.py:161} INFO - Started process (PID=9405) to work on /root/apache_env/lib/python3.10/site-packages/airflow/example_dags/example_skip_dag.py
[2024-06-18T14:40:33.946+0545] {processor.py:830} INFO - Processing file /root/apache_env/lib/python3.10/site-packages/airflow/example_dags/example_skip_dag.py for tasks to queue
[2024-06-18T14:40:33.948+0545] {logging_mixin.py:188} INFO - [2024-06-18T14:40:33.948+0545] {dagbag.py:545} INFO - Filling up the DagBag from /root/apache_env/lib/python3.10/site-packages/airflow/example_dags/example_skip_dag.py
[2024-06-18T14:40:33.952+0545] {processor.py:840} INFO - DAG(s) 'example_skip_dag' retrieved from /root/apache_env/lib/python3.10/site-packages/airflow/example_dags/example_skip_dag.py
[2024-06-18T14:40:33.962+0545] {logging_mixin.py:188} INFO - [2024-06-18T14:40:33.962+0545] {dag.py:3096} INFO - Sync 1 DAGs
[2024-06-18T14:40:33.975+0545] {logging_mixin.py:188} INFO - [2024-06-18T14:40:33.975+0545] {dag.py:3954} INFO - Setting next_dagrun for example_skip_dag to 2024-06-17 00:00:00+00:00, run_after=2024-06-18 00:00:00+00:00
[2024-06-18T14:40:33.993+0545] {processor.py:183} INFO - Processing /root/apache_env/lib/python3.10/site-packages/airflow/example_dags/example_skip_dag.py took 0.052 seconds
[2024-06-18T14:41:20.730+0545] {processor.py:161} INFO - Started process (PID=9523) to work on /root/apache_env/lib/python3.10/site-packages/airflow/example_dags/example_skip_dag.py
[2024-06-18T14:41:20.731+0545] {processor.py:830} INFO - Processing file /root/apache_env/lib/python3.10/site-packages/airflow/example_dags/example_skip_dag.py for tasks to queue
[2024-06-18T14:41:20.732+0545] {logging_mixin.py:188} INFO - [2024-06-18T14:41:20.732+0545] {dagbag.py:545} INFO - Filling up the DagBag from /root/apache_env/lib/python3.10/site-packages/airflow/example_dags/example_skip_dag.py
[2024-06-18T14:41:20.737+0545] {processor.py:840} INFO - DAG(s) 'example_skip_dag' retrieved from /root/apache_env/lib/python3.10/site-packages/airflow/example_dags/example_skip_dag.py
[2024-06-18T14:41:20.747+0545] {logging_mixin.py:188} INFO - [2024-06-18T14:41:20.747+0545] {dag.py:3096} INFO - Sync 1 DAGs
[2024-06-18T14:41:20.761+0545] {logging_mixin.py:188} INFO - [2024-06-18T14:41:20.761+0545] {dag.py:3954} INFO - Setting next_dagrun for example_skip_dag to 2024-06-17 00:00:00+00:00, run_after=2024-06-18 00:00:00+00:00
[2024-06-18T14:41:20.778+0545] {processor.py:183} INFO - Processing /root/apache_env/lib/python3.10/site-packages/airflow/example_dags/example_skip_dag.py took 0.052 seconds
[2024-06-18T14:42:05.105+0545] {processor.py:161} INFO - Started process (PID=9633) to work on /root/apache_env/lib/python3.10/site-packages/airflow/example_dags/example_skip_dag.py
[2024-06-18T14:42:05.107+0545] {processor.py:830} INFO - Processing file /root/apache_env/lib/python3.10/site-packages/airflow/example_dags/example_skip_dag.py for tasks to queue
[2024-06-18T14:42:05.108+0545] {logging_mixin.py:188} INFO - [2024-06-18T14:42:05.108+0545] {dagbag.py:545} INFO - Filling up the DagBag from /root/apache_env/lib/python3.10/site-packages/airflow/example_dags/example_skip_dag.py
[2024-06-18T14:42:05.114+0545] {processor.py:840} INFO - DAG(s) 'example_skip_dag' retrieved from /root/apache_env/lib/python3.10/site-packages/airflow/example_dags/example_skip_dag.py
[2024-06-18T14:42:05.128+0545] {logging_mixin.py:188} INFO - [2024-06-18T14:42:05.127+0545] {dag.py:3096} INFO - Sync 1 DAGs
[2024-06-18T14:42:05.142+0545] {logging_mixin.py:188} INFO - [2024-06-18T14:42:05.142+0545] {dag.py:3954} INFO - Setting next_dagrun for example_skip_dag to 2024-06-17 00:00:00+00:00, run_after=2024-06-18 00:00:00+00:00
[2024-06-18T14:42:05.158+0545] {processor.py:183} INFO - Processing /root/apache_env/lib/python3.10/site-packages/airflow/example_dags/example_skip_dag.py took 0.058 seconds
[2024-06-18T14:43:09.778+0545] {processor.py:161} INFO - Started process (PID=9797) to work on /root/apache_env/lib/python3.10/site-packages/airflow/example_dags/example_skip_dag.py
[2024-06-18T14:43:09.779+0545] {processor.py:830} INFO - Processing file /root/apache_env/lib/python3.10/site-packages/airflow/example_dags/example_skip_dag.py for tasks to queue
[2024-06-18T14:43:09.780+0545] {logging_mixin.py:188} INFO - [2024-06-18T14:43:09.780+0545] {dagbag.py:545} INFO - Filling up the DagBag from /root/apache_env/lib/python3.10/site-packages/airflow/example_dags/example_skip_dag.py
[2024-06-18T14:43:09.784+0545] {processor.py:840} INFO - DAG(s) 'example_skip_dag' retrieved from /root/apache_env/lib/python3.10/site-packages/airflow/example_dags/example_skip_dag.py
[2024-06-18T14:43:09.795+0545] {logging_mixin.py:188} INFO - [2024-06-18T14:43:09.795+0545] {dag.py:3096} INFO - Sync 1 DAGs
[2024-06-18T14:43:09.808+0545] {logging_mixin.py:188} INFO - [2024-06-18T14:43:09.808+0545] {dag.py:3954} INFO - Setting next_dagrun for example_skip_dag to 2024-06-17 00:00:00+00:00, run_after=2024-06-18 00:00:00+00:00
[2024-06-18T14:43:09.826+0545] {processor.py:183} INFO - Processing /root/apache_env/lib/python3.10/site-packages/airflow/example_dags/example_skip_dag.py took 0.052 seconds
[2024-06-18T14:43:55.926+0545] {processor.py:161} INFO - Started process (PID=9912) to work on /root/apache_env/lib/python3.10/site-packages/airflow/example_dags/example_skip_dag.py
[2024-06-18T14:43:55.927+0545] {processor.py:830} INFO - Processing file /root/apache_env/lib/python3.10/site-packages/airflow/example_dags/example_skip_dag.py for tasks to queue
[2024-06-18T14:43:55.928+0545] {logging_mixin.py:188} INFO - [2024-06-18T14:43:55.928+0545] {dagbag.py:545} INFO - Filling up the DagBag from /root/apache_env/lib/python3.10/site-packages/airflow/example_dags/example_skip_dag.py
[2024-06-18T14:43:55.933+0545] {processor.py:840} INFO - DAG(s) 'example_skip_dag' retrieved from /root/apache_env/lib/python3.10/site-packages/airflow/example_dags/example_skip_dag.py
[2024-06-18T14:43:55.943+0545] {logging_mixin.py:188} INFO - [2024-06-18T14:43:55.943+0545] {dag.py:3096} INFO - Sync 1 DAGs
[2024-06-18T14:43:55.957+0545] {logging_mixin.py:188} INFO - [2024-06-18T14:43:55.957+0545] {dag.py:3954} INFO - Setting next_dagrun for example_skip_dag to 2024-06-17 00:00:00+00:00, run_after=2024-06-18 00:00:00+00:00
[2024-06-18T14:43:55.974+0545] {processor.py:183} INFO - Processing /root/apache_env/lib/python3.10/site-packages/airflow/example_dags/example_skip_dag.py took 0.051 seconds
[2024-06-18T14:44:40.979+0545] {processor.py:161} INFO - Started process (PID=10026) to work on /root/apache_env/lib/python3.10/site-packages/airflow/example_dags/example_skip_dag.py
[2024-06-18T14:44:40.980+0545] {processor.py:830} INFO - Processing file /root/apache_env/lib/python3.10/site-packages/airflow/example_dags/example_skip_dag.py for tasks to queue
[2024-06-18T14:44:40.982+0545] {logging_mixin.py:188} INFO - [2024-06-18T14:44:40.982+0545] {dagbag.py:545} INFO - Filling up the DagBag from /root/apache_env/lib/python3.10/site-packages/airflow/example_dags/example_skip_dag.py
[2024-06-18T14:44:40.986+0545] {processor.py:840} INFO - DAG(s) 'example_skip_dag' retrieved from /root/apache_env/lib/python3.10/site-packages/airflow/example_dags/example_skip_dag.py
[2024-06-18T14:44:40.996+0545] {logging_mixin.py:188} INFO - [2024-06-18T14:44:40.996+0545] {dag.py:3096} INFO - Sync 1 DAGs
[2024-06-18T14:44:41.009+0545] {logging_mixin.py:188} INFO - [2024-06-18T14:44:41.009+0545] {dag.py:3954} INFO - Setting next_dagrun for example_skip_dag to 2024-06-17 00:00:00+00:00, run_after=2024-06-18 00:00:00+00:00
[2024-06-18T14:44:41.026+0545] {processor.py:183} INFO - Processing /root/apache_env/lib/python3.10/site-packages/airflow/example_dags/example_skip_dag.py took 0.050 seconds
[2024-06-18T14:45:31.285+0545] {processor.py:161} INFO - Started process (PID=10175) to work on /root/apache_env/lib/python3.10/site-packages/airflow/example_dags/example_skip_dag.py
[2024-06-18T14:45:31.286+0545] {processor.py:830} INFO - Processing file /root/apache_env/lib/python3.10/site-packages/airflow/example_dags/example_skip_dag.py for tasks to queue
[2024-06-18T14:45:31.287+0545] {logging_mixin.py:188} INFO - [2024-06-18T14:45:31.287+0545] {dagbag.py:545} INFO - Filling up the DagBag from /root/apache_env/lib/python3.10/site-packages/airflow/example_dags/example_skip_dag.py
[2024-06-18T14:45:31.291+0545] {processor.py:840} INFO - DAG(s) 'example_skip_dag' retrieved from /root/apache_env/lib/python3.10/site-packages/airflow/example_dags/example_skip_dag.py
[2024-06-18T14:45:31.302+0545] {logging_mixin.py:188} INFO - [2024-06-18T14:45:31.302+0545] {dag.py:3096} INFO - Sync 1 DAGs
[2024-06-18T14:45:31.314+0545] {logging_mixin.py:188} INFO - [2024-06-18T14:45:31.314+0545] {dag.py:3954} INFO - Setting next_dagrun for example_skip_dag to 2024-06-17 00:00:00+00:00, run_after=2024-06-18 00:00:00+00:00
[2024-06-18T14:45:31.331+0545] {processor.py:183} INFO - Processing /root/apache_env/lib/python3.10/site-packages/airflow/example_dags/example_skip_dag.py took 0.050 seconds
[2024-06-18T14:46:21.529+0545] {processor.py:161} INFO - Started process (PID=10303) to work on /root/apache_env/lib/python3.10/site-packages/airflow/example_dags/example_skip_dag.py
[2024-06-18T14:46:21.530+0545] {processor.py:830} INFO - Processing file /root/apache_env/lib/python3.10/site-packages/airflow/example_dags/example_skip_dag.py for tasks to queue
[2024-06-18T14:46:21.532+0545] {logging_mixin.py:188} INFO - [2024-06-18T14:46:21.531+0545] {dagbag.py:545} INFO - Filling up the DagBag from /root/apache_env/lib/python3.10/site-packages/airflow/example_dags/example_skip_dag.py
[2024-06-18T14:46:21.537+0545] {processor.py:840} INFO - DAG(s) 'example_skip_dag' retrieved from /root/apache_env/lib/python3.10/site-packages/airflow/example_dags/example_skip_dag.py
[2024-06-18T14:46:21.548+0545] {logging_mixin.py:188} INFO - [2024-06-18T14:46:21.548+0545] {dag.py:3096} INFO - Sync 1 DAGs
[2024-06-18T14:46:21.566+0545] {logging_mixin.py:188} INFO - [2024-06-18T14:46:21.566+0545] {dag.py:3954} INFO - Setting next_dagrun for example_skip_dag to 2024-06-17 00:00:00+00:00, run_after=2024-06-18 00:00:00+00:00
[2024-06-18T14:46:21.583+0545] {processor.py:183} INFO - Processing /root/apache_env/lib/python3.10/site-packages/airflow/example_dags/example_skip_dag.py took 0.058 seconds
[2024-06-18T14:47:06.549+0545] {processor.py:161} INFO - Started process (PID=10417) to work on /root/apache_env/lib/python3.10/site-packages/airflow/example_dags/example_skip_dag.py
[2024-06-18T14:47:06.550+0545] {processor.py:830} INFO - Processing file /root/apache_env/lib/python3.10/site-packages/airflow/example_dags/example_skip_dag.py for tasks to queue
[2024-06-18T14:47:06.551+0545] {logging_mixin.py:188} INFO - [2024-06-18T14:47:06.551+0545] {dagbag.py:545} INFO - Filling up the DagBag from /root/apache_env/lib/python3.10/site-packages/airflow/example_dags/example_skip_dag.py
[2024-06-18T14:47:06.559+0545] {processor.py:840} INFO - DAG(s) 'example_skip_dag' retrieved from /root/apache_env/lib/python3.10/site-packages/airflow/example_dags/example_skip_dag.py
[2024-06-18T14:47:06.575+0545] {logging_mixin.py:188} INFO - [2024-06-18T14:47:06.575+0545] {dag.py:3096} INFO - Sync 1 DAGs
[2024-06-18T14:47:06.592+0545] {logging_mixin.py:188} INFO - [2024-06-18T14:47:06.592+0545] {dag.py:3954} INFO - Setting next_dagrun for example_skip_dag to 2024-06-17 00:00:00+00:00, run_after=2024-06-18 00:00:00+00:00
[2024-06-18T14:47:06.608+0545] {processor.py:183} INFO - Processing /root/apache_env/lib/python3.10/site-packages/airflow/example_dags/example_skip_dag.py took 0.063 seconds
[2024-06-18T14:48:11.044+0545] {processor.py:161} INFO - Started process (PID=10580) to work on /root/apache_env/lib/python3.10/site-packages/airflow/example_dags/example_skip_dag.py
[2024-06-18T14:48:11.045+0545] {processor.py:830} INFO - Processing file /root/apache_env/lib/python3.10/site-packages/airflow/example_dags/example_skip_dag.py for tasks to queue
[2024-06-18T14:48:11.046+0545] {logging_mixin.py:188} INFO - [2024-06-18T14:48:11.046+0545] {dagbag.py:545} INFO - Filling up the DagBag from /root/apache_env/lib/python3.10/site-packages/airflow/example_dags/example_skip_dag.py
[2024-06-18T14:48:11.051+0545] {processor.py:840} INFO - DAG(s) 'example_skip_dag' retrieved from /root/apache_env/lib/python3.10/site-packages/airflow/example_dags/example_skip_dag.py
[2024-06-18T14:48:11.062+0545] {logging_mixin.py:188} INFO - [2024-06-18T14:48:11.062+0545] {dag.py:3096} INFO - Sync 1 DAGs
[2024-06-18T14:48:11.075+0545] {logging_mixin.py:188} INFO - [2024-06-18T14:48:11.075+0545] {dag.py:3954} INFO - Setting next_dagrun for example_skip_dag to 2024-06-17 00:00:00+00:00, run_after=2024-06-18 00:00:00+00:00
[2024-06-18T14:48:11.092+0545] {processor.py:183} INFO - Processing /root/apache_env/lib/python3.10/site-packages/airflow/example_dags/example_skip_dag.py took 0.052 seconds
[2024-06-18T14:48:56.366+0545] {processor.py:161} INFO - Started process (PID=10693) to work on /root/apache_env/lib/python3.10/site-packages/airflow/example_dags/example_skip_dag.py
[2024-06-18T14:48:56.367+0545] {processor.py:830} INFO - Processing file /root/apache_env/lib/python3.10/site-packages/airflow/example_dags/example_skip_dag.py for tasks to queue
[2024-06-18T14:48:56.368+0545] {logging_mixin.py:188} INFO - [2024-06-18T14:48:56.368+0545] {dagbag.py:545} INFO - Filling up the DagBag from /root/apache_env/lib/python3.10/site-packages/airflow/example_dags/example_skip_dag.py
[2024-06-18T14:48:56.374+0545] {processor.py:840} INFO - DAG(s) 'example_skip_dag' retrieved from /root/apache_env/lib/python3.10/site-packages/airflow/example_dags/example_skip_dag.py
[2024-06-18T14:48:56.387+0545] {logging_mixin.py:188} INFO - [2024-06-18T14:48:56.387+0545] {dag.py:3096} INFO - Sync 1 DAGs
[2024-06-18T14:48:56.402+0545] {logging_mixin.py:188} INFO - [2024-06-18T14:48:56.402+0545] {dag.py:3954} INFO - Setting next_dagrun for example_skip_dag to 2024-06-17 00:00:00+00:00, run_after=2024-06-18 00:00:00+00:00
[2024-06-18T14:48:56.418+0545] {processor.py:183} INFO - Processing /root/apache_env/lib/python3.10/site-packages/airflow/example_dags/example_skip_dag.py took 0.057 seconds
[2024-06-18T14:49:42.811+0545] {processor.py:161} INFO - Started process (PID=10814) to work on /root/apache_env/lib/python3.10/site-packages/airflow/example_dags/example_skip_dag.py
[2024-06-18T14:49:42.812+0545] {processor.py:830} INFO - Processing file /root/apache_env/lib/python3.10/site-packages/airflow/example_dags/example_skip_dag.py for tasks to queue
[2024-06-18T14:49:42.815+0545] {logging_mixin.py:188} INFO - [2024-06-18T14:49:42.814+0545] {dagbag.py:545} INFO - Filling up the DagBag from /root/apache_env/lib/python3.10/site-packages/airflow/example_dags/example_skip_dag.py
[2024-06-18T14:49:42.819+0545] {processor.py:840} INFO - DAG(s) 'example_skip_dag' retrieved from /root/apache_env/lib/python3.10/site-packages/airflow/example_dags/example_skip_dag.py
[2024-06-18T14:49:42.831+0545] {logging_mixin.py:188} INFO - [2024-06-18T14:49:42.830+0545] {dag.py:3096} INFO - Sync 1 DAGs
[2024-06-18T14:49:42.844+0545] {logging_mixin.py:188} INFO - [2024-06-18T14:49:42.844+0545] {dag.py:3954} INFO - Setting next_dagrun for example_skip_dag to 2024-06-17 00:00:00+00:00, run_after=2024-06-18 00:00:00+00:00
[2024-06-18T14:49:42.860+0545] {processor.py:183} INFO - Processing /root/apache_env/lib/python3.10/site-packages/airflow/example_dags/example_skip_dag.py took 0.053 seconds
[2024-06-18T14:50:46.397+0545] {processor.py:161} INFO - Started process (PID=10977) to work on /root/apache_env/lib/python3.10/site-packages/airflow/example_dags/example_skip_dag.py
[2024-06-18T14:50:46.398+0545] {processor.py:830} INFO - Processing file /root/apache_env/lib/python3.10/site-packages/airflow/example_dags/example_skip_dag.py for tasks to queue
[2024-06-18T14:50:46.399+0545] {logging_mixin.py:188} INFO - [2024-06-18T14:50:46.399+0545] {dagbag.py:545} INFO - Filling up the DagBag from /root/apache_env/lib/python3.10/site-packages/airflow/example_dags/example_skip_dag.py
[2024-06-18T14:50:46.404+0545] {processor.py:840} INFO - DAG(s) 'example_skip_dag' retrieved from /root/apache_env/lib/python3.10/site-packages/airflow/example_dags/example_skip_dag.py
[2024-06-18T14:50:46.415+0545] {logging_mixin.py:188} INFO - [2024-06-18T14:50:46.415+0545] {dag.py:3096} INFO - Sync 1 DAGs
[2024-06-18T14:50:46.430+0545] {logging_mixin.py:188} INFO - [2024-06-18T14:50:46.430+0545] {dag.py:3954} INFO - Setting next_dagrun for example_skip_dag to 2024-06-17 00:00:00+00:00, run_after=2024-06-18 00:00:00+00:00
[2024-06-18T14:50:46.447+0545] {processor.py:183} INFO - Processing /root/apache_env/lib/python3.10/site-packages/airflow/example_dags/example_skip_dag.py took 0.054 seconds
[2024-06-18T14:51:31.462+0545] {processor.py:161} INFO - Started process (PID=11090) to work on /root/apache_env/lib/python3.10/site-packages/airflow/example_dags/example_skip_dag.py
[2024-06-18T14:51:31.463+0545] {processor.py:830} INFO - Processing file /root/apache_env/lib/python3.10/site-packages/airflow/example_dags/example_skip_dag.py for tasks to queue
[2024-06-18T14:51:31.465+0545] {logging_mixin.py:188} INFO - [2024-06-18T14:51:31.464+0545] {dagbag.py:545} INFO - Filling up the DagBag from /root/apache_env/lib/python3.10/site-packages/airflow/example_dags/example_skip_dag.py
[2024-06-18T14:51:31.469+0545] {processor.py:840} INFO - DAG(s) 'example_skip_dag' retrieved from /root/apache_env/lib/python3.10/site-packages/airflow/example_dags/example_skip_dag.py
[2024-06-18T14:51:31.481+0545] {logging_mixin.py:188} INFO - [2024-06-18T14:51:31.481+0545] {dag.py:3096} INFO - Sync 1 DAGs
[2024-06-18T14:51:31.501+0545] {logging_mixin.py:188} INFO - [2024-06-18T14:51:31.501+0545] {dag.py:3954} INFO - Setting next_dagrun for example_skip_dag to 2024-06-17 00:00:00+00:00, run_after=2024-06-18 00:00:00+00:00
[2024-06-18T14:51:31.526+0545] {processor.py:183} INFO - Processing /root/apache_env/lib/python3.10/site-packages/airflow/example_dags/example_skip_dag.py took 0.068 seconds
