[2024-06-18T14:12:57.093+0545] {processor.py:161} INFO - Started process (PID=5119) to work on /root/apache_env/lib/python3.10/site-packages/airflow/example_dags/example_branch_datetime_operator.py
[2024-06-18T14:12:57.094+0545] {processor.py:830} INFO - Processing file /root/apache_env/lib/python3.10/site-packages/airflow/example_dags/example_branch_datetime_operator.py for tasks to queue
[2024-06-18T14:12:57.095+0545] {logging_mixin.py:188} INFO - [2024-06-18T14:12:57.094+0545] {dagbag.py:545} INFO - Filling up the DagBag from /root/apache_env/lib/python3.10/site-packages/airflow/example_dags/example_branch_datetime_operator.py
[2024-06-18T14:12:57.101+0545] {processor.py:840} INFO - DAG(s) 'example_branch_datetime_operator_3', 'example_branch_datetime_operator_2', 'example_branch_datetime_operator' retrieved from /root/apache_env/lib/python3.10/site-packages/airflow/example_dags/example_branch_datetime_operator.py
[2024-06-18T14:12:57.169+0545] {logging_mixin.py:188} INFO - [2024-06-18T14:12:57.168+0545] {override.py:1829} INFO - Created Permission View: can delete on DAG:example_branch_datetime_operator_3
[2024-06-18T14:12:57.178+0545] {logging_mixin.py:188} INFO - [2024-06-18T14:12:57.178+0545] {override.py:1829} INFO - Created Permission View: can read on DAG:example_branch_datetime_operator_3
[2024-06-18T14:12:57.185+0545] {logging_mixin.py:188} INFO - [2024-06-18T14:12:57.185+0545] {override.py:1829} INFO - Created Permission View: can edit on DAG:example_branch_datetime_operator_3
[2024-06-18T14:12:57.201+0545] {logging_mixin.py:188} INFO - [2024-06-18T14:12:57.201+0545] {override.py:1829} INFO - Created Permission View: can delete on DAG:example_branch_datetime_operator_2
[2024-06-18T14:12:57.208+0545] {logging_mixin.py:188} INFO - [2024-06-18T14:12:57.208+0545] {override.py:1829} INFO - Created Permission View: can read on DAG:example_branch_datetime_operator_2
[2024-06-18T14:12:57.215+0545] {logging_mixin.py:188} INFO - [2024-06-18T14:12:57.215+0545] {override.py:1829} INFO - Created Permission View: can edit on DAG:example_branch_datetime_operator_2
[2024-06-18T14:12:57.236+0545] {logging_mixin.py:188} INFO - [2024-06-18T14:12:57.236+0545] {override.py:1829} INFO - Created Permission View: can delete on DAG:example_branch_datetime_operator
[2024-06-18T14:12:57.245+0545] {logging_mixin.py:188} INFO - [2024-06-18T14:12:57.244+0545] {override.py:1829} INFO - Created Permission View: can read on DAG:example_branch_datetime_operator
[2024-06-18T14:12:57.253+0545] {logging_mixin.py:188} INFO - [2024-06-18T14:12:57.252+0545] {override.py:1829} INFO - Created Permission View: can edit on DAG:example_branch_datetime_operator
[2024-06-18T14:12:57.253+0545] {logging_mixin.py:188} INFO - [2024-06-18T14:12:57.253+0545] {dag.py:3096} INFO - Sync 3 DAGs
[2024-06-18T14:12:57.261+0545] {logging_mixin.py:188} INFO - [2024-06-18T14:12:57.260+0545] {dag.py:3118} INFO - Creating ORM DAG for example_branch_datetime_operator_3
[2024-06-18T14:12:57.261+0545] {logging_mixin.py:188} INFO - [2024-06-18T14:12:57.261+0545] {dag.py:3118} INFO - Creating ORM DAG for example_branch_datetime_operator
[2024-06-18T14:12:57.261+0545] {logging_mixin.py:188} INFO - [2024-06-18T14:12:57.261+0545] {dag.py:3118} INFO - Creating ORM DAG for example_branch_datetime_operator_2
[2024-06-18T14:12:57.331+0545] {logging_mixin.py:188} INFO - [2024-06-18T14:12:57.330+0545] {dag.py:3954} INFO - Setting next_dagrun for example_branch_datetime_operator to 2024-06-17 00:00:00+00:00, run_after=2024-06-18 00:00:00+00:00
[2024-06-18T14:12:57.332+0545] {logging_mixin.py:188} INFO - [2024-06-18T14:12:57.332+0545] {dag.py:3954} INFO - Setting next_dagrun for example_branch_datetime_operator_2 to 2024-06-17 00:00:00+00:00, run_after=2024-06-18 00:00:00+00:00
[2024-06-18T14:12:57.333+0545] {logging_mixin.py:188} INFO - [2024-06-18T14:12:57.333+0545] {dag.py:3954} INFO - Setting next_dagrun for example_branch_datetime_operator_3 to 2024-06-17 00:00:00+00:00, run_after=2024-06-18 00:00:00+00:00
[2024-06-18T14:12:57.349+0545] {processor.py:183} INFO - Processing /root/apache_env/lib/python3.10/site-packages/airflow/example_dags/example_branch_datetime_operator.py took 0.259 seconds
[2024-06-18T14:15:05.798+0545] {processor.py:161} INFO - Started process (PID=5411) to work on /root/apache_env/lib/python3.10/site-packages/airflow/example_dags/example_branch_datetime_operator.py
[2024-06-18T14:15:05.800+0545] {processor.py:830} INFO - Processing file /root/apache_env/lib/python3.10/site-packages/airflow/example_dags/example_branch_datetime_operator.py for tasks to queue
[2024-06-18T14:15:05.801+0545] {logging_mixin.py:188} INFO - [2024-06-18T14:15:05.801+0545] {dagbag.py:545} INFO - Filling up the DagBag from /root/apache_env/lib/python3.10/site-packages/airflow/example_dags/example_branch_datetime_operator.py
[2024-06-18T14:15:05.808+0545] {processor.py:840} INFO - DAG(s) 'example_branch_datetime_operator', 'example_branch_datetime_operator_2', 'example_branch_datetime_operator_3' retrieved from /root/apache_env/lib/python3.10/site-packages/airflow/example_dags/example_branch_datetime_operator.py
[2024-06-18T14:15:05.822+0545] {logging_mixin.py:188} INFO - [2024-06-18T14:15:05.821+0545] {dag.py:3096} INFO - Sync 3 DAGs
[2024-06-18T14:15:05.836+0545] {logging_mixin.py:188} INFO - [2024-06-18T14:15:05.836+0545] {dag.py:3954} INFO - Setting next_dagrun for example_branch_datetime_operator to 2024-06-17 00:00:00+00:00, run_after=2024-06-18 00:00:00+00:00
[2024-06-18T14:15:05.839+0545] {logging_mixin.py:188} INFO - [2024-06-18T14:15:05.839+0545] {dag.py:3954} INFO - Setting next_dagrun for example_branch_datetime_operator_2 to 2024-06-17 00:00:00+00:00, run_after=2024-06-18 00:00:00+00:00
[2024-06-18T14:15:05.841+0545] {logging_mixin.py:188} INFO - [2024-06-18T14:15:05.840+0545] {dag.py:3954} INFO - Setting next_dagrun for example_branch_datetime_operator_3 to 2024-06-17 00:00:00+00:00, run_after=2024-06-18 00:00:00+00:00
[2024-06-18T14:15:05.856+0545] {processor.py:183} INFO - Processing /root/apache_env/lib/python3.10/site-packages/airflow/example_dags/example_branch_datetime_operator.py took 0.062 seconds
[2024-06-18T14:16:29.744+0545] {processor.py:161} INFO - Started process (PID=5636) to work on /root/apache_env/lib/python3.10/site-packages/airflow/example_dags/example_branch_datetime_operator.py
[2024-06-18T14:16:29.746+0545] {processor.py:830} INFO - Processing file /root/apache_env/lib/python3.10/site-packages/airflow/example_dags/example_branch_datetime_operator.py for tasks to queue
[2024-06-18T14:16:29.747+0545] {logging_mixin.py:188} INFO - [2024-06-18T14:16:29.747+0545] {dagbag.py:545} INFO - Filling up the DagBag from /root/apache_env/lib/python3.10/site-packages/airflow/example_dags/example_branch_datetime_operator.py
[2024-06-18T14:16:29.754+0545] {processor.py:840} INFO - DAG(s) 'example_branch_datetime_operator_3', 'example_branch_datetime_operator_2', 'example_branch_datetime_operator' retrieved from /root/apache_env/lib/python3.10/site-packages/airflow/example_dags/example_branch_datetime_operator.py
[2024-06-18T14:16:29.820+0545] {logging_mixin.py:188} INFO - [2024-06-18T14:16:29.820+0545] {dag.py:3096} INFO - Sync 3 DAGs
[2024-06-18T14:16:29.889+0545] {logging_mixin.py:188} INFO - [2024-06-18T14:16:29.889+0545] {dag.py:3954} INFO - Setting next_dagrun for example_branch_datetime_operator to 2024-06-17 00:00:00+00:00, run_after=2024-06-18 00:00:00+00:00
[2024-06-18T14:16:29.891+0545] {logging_mixin.py:188} INFO - [2024-06-18T14:16:29.891+0545] {dag.py:3954} INFO - Setting next_dagrun for example_branch_datetime_operator_2 to 2024-06-17 00:00:00+00:00, run_after=2024-06-18 00:00:00+00:00
[2024-06-18T14:16:29.893+0545] {logging_mixin.py:188} INFO - [2024-06-18T14:16:29.893+0545] {dag.py:3954} INFO - Setting next_dagrun for example_branch_datetime_operator_3 to 2024-06-17 00:00:00+00:00, run_after=2024-06-18 00:00:00+00:00
[2024-06-18T14:16:29.909+0545] {processor.py:183} INFO - Processing /root/apache_env/lib/python3.10/site-packages/airflow/example_dags/example_branch_datetime_operator.py took 0.168 seconds
[2024-06-18T14:17:24.469+0545] {processor.py:161} INFO - Started process (PID=5775) to work on /root/apache_env/lib/python3.10/site-packages/airflow/example_dags/example_branch_datetime_operator.py
[2024-06-18T14:17:24.470+0545] {processor.py:830} INFO - Processing file /root/apache_env/lib/python3.10/site-packages/airflow/example_dags/example_branch_datetime_operator.py for tasks to queue
[2024-06-18T14:17:24.472+0545] {logging_mixin.py:188} INFO - [2024-06-18T14:17:24.471+0545] {dagbag.py:545} INFO - Filling up the DagBag from /root/apache_env/lib/python3.10/site-packages/airflow/example_dags/example_branch_datetime_operator.py
[2024-06-18T14:17:24.479+0545] {processor.py:840} INFO - DAG(s) 'example_branch_datetime_operator_3', 'example_branch_datetime_operator', 'example_branch_datetime_operator_2' retrieved from /root/apache_env/lib/python3.10/site-packages/airflow/example_dags/example_branch_datetime_operator.py
[2024-06-18T14:17:24.496+0545] {logging_mixin.py:188} INFO - [2024-06-18T14:17:24.496+0545] {dag.py:3096} INFO - Sync 3 DAGs
[2024-06-18T14:17:24.512+0545] {logging_mixin.py:188} INFO - [2024-06-18T14:17:24.512+0545] {dag.py:3954} INFO - Setting next_dagrun for example_branch_datetime_operator to 2024-06-17 00:00:00+00:00, run_after=2024-06-18 00:00:00+00:00
[2024-06-18T14:17:24.515+0545] {logging_mixin.py:188} INFO - [2024-06-18T14:17:24.515+0545] {dag.py:3954} INFO - Setting next_dagrun for example_branch_datetime_operator_2 to 2024-06-17 00:00:00+00:00, run_after=2024-06-18 00:00:00+00:00
[2024-06-18T14:17:24.517+0545] {logging_mixin.py:188} INFO - [2024-06-18T14:17:24.517+0545] {dag.py:3954} INFO - Setting next_dagrun for example_branch_datetime_operator_3 to 2024-06-17 00:00:00+00:00, run_after=2024-06-18 00:00:00+00:00
[2024-06-18T14:17:24.534+0545] {processor.py:183} INFO - Processing /root/apache_env/lib/python3.10/site-packages/airflow/example_dags/example_branch_datetime_operator.py took 0.069 seconds
[2024-06-18T14:18:18.998+0545] {processor.py:161} INFO - Started process (PID=5900) to work on /root/apache_env/lib/python3.10/site-packages/airflow/example_dags/example_branch_datetime_operator.py
[2024-06-18T14:18:19.000+0545] {processor.py:830} INFO - Processing file /root/apache_env/lib/python3.10/site-packages/airflow/example_dags/example_branch_datetime_operator.py for tasks to queue
[2024-06-18T14:18:19.001+0545] {logging_mixin.py:188} INFO - [2024-06-18T14:18:19.001+0545] {dagbag.py:545} INFO - Filling up the DagBag from /root/apache_env/lib/python3.10/site-packages/airflow/example_dags/example_branch_datetime_operator.py
[2024-06-18T14:18:19.064+0545] {processor.py:840} INFO - DAG(s) 'example_branch_datetime_operator_2', 'example_branch_datetime_operator_3', 'example_branch_datetime_operator' retrieved from /root/apache_env/lib/python3.10/site-packages/airflow/example_dags/example_branch_datetime_operator.py
[2024-06-18T14:18:19.074+0545] {logging_mixin.py:188} INFO - [2024-06-18T14:18:19.074+0545] {dag.py:3096} INFO - Sync 3 DAGs
[2024-06-18T14:18:19.086+0545] {logging_mixin.py:188} INFO - [2024-06-18T14:18:19.086+0545] {dag.py:3954} INFO - Setting next_dagrun for example_branch_datetime_operator to 2024-06-17 00:00:00+00:00, run_after=2024-06-18 00:00:00+00:00
[2024-06-18T14:18:19.088+0545] {logging_mixin.py:188} INFO - [2024-06-18T14:18:19.088+0545] {dag.py:3954} INFO - Setting next_dagrun for example_branch_datetime_operator_2 to 2024-06-17 00:00:00+00:00, run_after=2024-06-18 00:00:00+00:00
[2024-06-18T14:18:19.090+0545] {logging_mixin.py:188} INFO - [2024-06-18T14:18:19.090+0545] {dag.py:3954} INFO - Setting next_dagrun for example_branch_datetime_operator_3 to 2024-06-17 00:00:00+00:00, run_after=2024-06-18 00:00:00+00:00
[2024-06-18T14:18:19.105+0545] {processor.py:183} INFO - Processing /root/apache_env/lib/python3.10/site-packages/airflow/example_dags/example_branch_datetime_operator.py took 0.110 seconds
[2024-06-18T14:22:44.785+0545] {processor.py:161} INFO - Started process (PID=6622) to work on /root/apache_env/lib/python3.10/site-packages/airflow/example_dags/example_branch_datetime_operator.py
[2024-06-18T14:22:44.786+0545] {processor.py:830} INFO - Processing file /root/apache_env/lib/python3.10/site-packages/airflow/example_dags/example_branch_datetime_operator.py for tasks to queue
[2024-06-18T14:22:44.788+0545] {logging_mixin.py:188} INFO - [2024-06-18T14:22:44.787+0545] {dagbag.py:545} INFO - Filling up the DagBag from /root/apache_env/lib/python3.10/site-packages/airflow/example_dags/example_branch_datetime_operator.py
[2024-06-18T14:22:44.794+0545] {processor.py:840} INFO - DAG(s) 'example_branch_datetime_operator_3', 'example_branch_datetime_operator', 'example_branch_datetime_operator_2' retrieved from /root/apache_env/lib/python3.10/site-packages/airflow/example_dags/example_branch_datetime_operator.py
[2024-06-18T14:22:44.875+0545] {logging_mixin.py:188} INFO - [2024-06-18T14:22:44.875+0545] {dag.py:3096} INFO - Sync 3 DAGs
[2024-06-18T14:22:44.946+0545] {logging_mixin.py:188} INFO - [2024-06-18T14:22:44.946+0545] {dag.py:3954} INFO - Setting next_dagrun for example_branch_datetime_operator to 2024-06-17 00:00:00+00:00, run_after=2024-06-18 00:00:00+00:00
[2024-06-18T14:22:44.949+0545] {logging_mixin.py:188} INFO - [2024-06-18T14:22:44.948+0545] {dag.py:3954} INFO - Setting next_dagrun for example_branch_datetime_operator_2 to 2024-06-17 00:00:00+00:00, run_after=2024-06-18 00:00:00+00:00
[2024-06-18T14:22:44.950+0545] {logging_mixin.py:188} INFO - [2024-06-18T14:22:44.950+0545] {dag.py:3954} INFO - Setting next_dagrun for example_branch_datetime_operator_3 to 2024-06-17 00:00:00+00:00, run_after=2024-06-18 00:00:00+00:00
[2024-06-18T14:22:44.966+0545] {processor.py:183} INFO - Processing /root/apache_env/lib/python3.10/site-packages/airflow/example_dags/example_branch_datetime_operator.py took 0.185 seconds
[2024-06-18T14:23:49.040+0545] {processor.py:161} INFO - Started process (PID=6805) to work on /root/apache_env/lib/python3.10/site-packages/airflow/example_dags/example_branch_datetime_operator.py
[2024-06-18T14:23:49.041+0545] {processor.py:830} INFO - Processing file /root/apache_env/lib/python3.10/site-packages/airflow/example_dags/example_branch_datetime_operator.py for tasks to queue
[2024-06-18T14:23:49.043+0545] {logging_mixin.py:188} INFO - [2024-06-18T14:23:49.042+0545] {dagbag.py:545} INFO - Filling up the DagBag from /root/apache_env/lib/python3.10/site-packages/airflow/example_dags/example_branch_datetime_operator.py
[2024-06-18T14:23:49.049+0545] {processor.py:840} INFO - DAG(s) 'example_branch_datetime_operator_2', 'example_branch_datetime_operator', 'example_branch_datetime_operator_3' retrieved from /root/apache_env/lib/python3.10/site-packages/airflow/example_dags/example_branch_datetime_operator.py
[2024-06-18T14:23:49.062+0545] {logging_mixin.py:188} INFO - [2024-06-18T14:23:49.062+0545] {dag.py:3096} INFO - Sync 3 DAGs
[2024-06-18T14:23:49.076+0545] {logging_mixin.py:188} INFO - [2024-06-18T14:23:49.076+0545] {dag.py:3954} INFO - Setting next_dagrun for example_branch_datetime_operator to 2024-06-17 00:00:00+00:00, run_after=2024-06-18 00:00:00+00:00
[2024-06-18T14:23:49.079+0545] {logging_mixin.py:188} INFO - [2024-06-18T14:23:49.079+0545] {dag.py:3954} INFO - Setting next_dagrun for example_branch_datetime_operator_2 to 2024-06-17 00:00:00+00:00, run_after=2024-06-18 00:00:00+00:00
[2024-06-18T14:23:49.080+0545] {logging_mixin.py:188} INFO - [2024-06-18T14:23:49.080+0545] {dag.py:3954} INFO - Setting next_dagrun for example_branch_datetime_operator_3 to 2024-06-17 00:00:00+00:00, run_after=2024-06-18 00:00:00+00:00
[2024-06-18T14:23:49.096+0545] {processor.py:183} INFO - Processing /root/apache_env/lib/python3.10/site-packages/airflow/example_dags/example_branch_datetime_operator.py took 0.060 seconds
[2024-06-18T14:24:42.956+0545] {processor.py:161} INFO - Started process (PID=6942) to work on /root/apache_env/lib/python3.10/site-packages/airflow/example_dags/example_branch_datetime_operator.py
[2024-06-18T14:24:42.958+0545] {processor.py:830} INFO - Processing file /root/apache_env/lib/python3.10/site-packages/airflow/example_dags/example_branch_datetime_operator.py for tasks to queue
[2024-06-18T14:24:42.959+0545] {logging_mixin.py:188} INFO - [2024-06-18T14:24:42.959+0545] {dagbag.py:545} INFO - Filling up the DagBag from /root/apache_env/lib/python3.10/site-packages/airflow/example_dags/example_branch_datetime_operator.py
[2024-06-18T14:24:43.023+0545] {processor.py:840} INFO - DAG(s) 'example_branch_datetime_operator_2', 'example_branch_datetime_operator_3', 'example_branch_datetime_operator' retrieved from /root/apache_env/lib/python3.10/site-packages/airflow/example_dags/example_branch_datetime_operator.py
[2024-06-18T14:24:43.034+0545] {logging_mixin.py:188} INFO - [2024-06-18T14:24:43.034+0545] {dag.py:3096} INFO - Sync 3 DAGs
[2024-06-18T14:24:43.047+0545] {logging_mixin.py:188} INFO - [2024-06-18T14:24:43.047+0545] {dag.py:3954} INFO - Setting next_dagrun for example_branch_datetime_operator to 2024-06-17 00:00:00+00:00, run_after=2024-06-18 00:00:00+00:00
[2024-06-18T14:24:43.050+0545] {logging_mixin.py:188} INFO - [2024-06-18T14:24:43.050+0545] {dag.py:3954} INFO - Setting next_dagrun for example_branch_datetime_operator_2 to 2024-06-17 00:00:00+00:00, run_after=2024-06-18 00:00:00+00:00
[2024-06-18T14:24:43.052+0545] {logging_mixin.py:188} INFO - [2024-06-18T14:24:43.051+0545] {dag.py:3954} INFO - Setting next_dagrun for example_branch_datetime_operator_3 to 2024-06-17 00:00:00+00:00, run_after=2024-06-18 00:00:00+00:00
[2024-06-18T14:24:43.066+0545] {processor.py:183} INFO - Processing /root/apache_env/lib/python3.10/site-packages/airflow/example_dags/example_branch_datetime_operator.py took 0.114 seconds
[2024-06-18T14:27:42.397+0545] {processor.py:161} INFO - Started process (PID=7440) to work on /root/apache_env/lib/python3.10/site-packages/airflow/example_dags/example_branch_datetime_operator.py
[2024-06-18T14:27:42.399+0545] {processor.py:830} INFO - Processing file /root/apache_env/lib/python3.10/site-packages/airflow/example_dags/example_branch_datetime_operator.py for tasks to queue
[2024-06-18T14:27:42.400+0545] {logging_mixin.py:188} INFO - [2024-06-18T14:27:42.400+0545] {dagbag.py:545} INFO - Filling up the DagBag from /root/apache_env/lib/python3.10/site-packages/airflow/example_dags/example_branch_datetime_operator.py
[2024-06-18T14:27:42.408+0545] {processor.py:840} INFO - DAG(s) 'example_branch_datetime_operator_2', 'example_branch_datetime_operator', 'example_branch_datetime_operator_3' retrieved from /root/apache_env/lib/python3.10/site-packages/airflow/example_dags/example_branch_datetime_operator.py
[2024-06-18T14:27:42.493+0545] {logging_mixin.py:188} INFO - [2024-06-18T14:27:42.492+0545] {dag.py:3096} INFO - Sync 3 DAGs
[2024-06-18T14:27:42.574+0545] {logging_mixin.py:188} INFO - [2024-06-18T14:27:42.573+0545] {dag.py:3954} INFO - Setting next_dagrun for example_branch_datetime_operator to 2024-06-17 00:00:00+00:00, run_after=2024-06-18 00:00:00+00:00
[2024-06-18T14:27:42.576+0545] {logging_mixin.py:188} INFO - [2024-06-18T14:27:42.576+0545] {dag.py:3954} INFO - Setting next_dagrun for example_branch_datetime_operator_2 to 2024-06-17 00:00:00+00:00, run_after=2024-06-18 00:00:00+00:00
[2024-06-18T14:27:42.578+0545] {logging_mixin.py:188} INFO - [2024-06-18T14:27:42.578+0545] {dag.py:3954} INFO - Setting next_dagrun for example_branch_datetime_operator_3 to 2024-06-17 00:00:00+00:00, run_after=2024-06-18 00:00:00+00:00
[2024-06-18T14:27:42.596+0545] {processor.py:183} INFO - Processing /root/apache_env/lib/python3.10/site-packages/airflow/example_dags/example_branch_datetime_operator.py took 0.204 seconds
[2024-06-18T14:28:37.836+0545] {processor.py:161} INFO - Started process (PID=7591) to work on /root/apache_env/lib/python3.10/site-packages/airflow/example_dags/example_branch_datetime_operator.py
[2024-06-18T14:28:37.837+0545] {processor.py:830} INFO - Processing file /root/apache_env/lib/python3.10/site-packages/airflow/example_dags/example_branch_datetime_operator.py for tasks to queue
[2024-06-18T14:28:37.838+0545] {logging_mixin.py:188} INFO - [2024-06-18T14:28:37.838+0545] {dagbag.py:545} INFO - Filling up the DagBag from /root/apache_env/lib/python3.10/site-packages/airflow/example_dags/example_branch_datetime_operator.py
[2024-06-18T14:28:37.845+0545] {processor.py:840} INFO - DAG(s) 'example_branch_datetime_operator_2', 'example_branch_datetime_operator_3', 'example_branch_datetime_operator' retrieved from /root/apache_env/lib/python3.10/site-packages/airflow/example_dags/example_branch_datetime_operator.py
[2024-06-18T14:28:37.858+0545] {logging_mixin.py:188} INFO - [2024-06-18T14:28:37.858+0545] {dag.py:3096} INFO - Sync 3 DAGs
[2024-06-18T14:28:37.871+0545] {logging_mixin.py:188} INFO - [2024-06-18T14:28:37.871+0545] {dag.py:3954} INFO - Setting next_dagrun for example_branch_datetime_operator to 2024-06-17 00:00:00+00:00, run_after=2024-06-18 00:00:00+00:00
[2024-06-18T14:28:37.874+0545] {logging_mixin.py:188} INFO - [2024-06-18T14:28:37.874+0545] {dag.py:3954} INFO - Setting next_dagrun for example_branch_datetime_operator_2 to 2024-06-17 00:00:00+00:00, run_after=2024-06-18 00:00:00+00:00
[2024-06-18T14:28:37.876+0545] {logging_mixin.py:188} INFO - [2024-06-18T14:28:37.876+0545] {dag.py:3954} INFO - Setting next_dagrun for example_branch_datetime_operator_3 to 2024-06-17 00:00:00+00:00, run_after=2024-06-18 00:00:00+00:00
[2024-06-18T14:28:37.891+0545] {processor.py:183} INFO - Processing /root/apache_env/lib/python3.10/site-packages/airflow/example_dags/example_branch_datetime_operator.py took 0.060 seconds
[2024-06-18T14:30:20.637+0545] {processor.py:161} INFO - Started process (PID=7839) to work on /root/apache_env/lib/python3.10/site-packages/airflow/example_dags/example_branch_datetime_operator.py
[2024-06-18T14:30:20.638+0545] {processor.py:830} INFO - Processing file /root/apache_env/lib/python3.10/site-packages/airflow/example_dags/example_branch_datetime_operator.py for tasks to queue
[2024-06-18T14:30:20.639+0545] {logging_mixin.py:188} INFO - [2024-06-18T14:30:20.639+0545] {dagbag.py:545} INFO - Filling up the DagBag from /root/apache_env/lib/python3.10/site-packages/airflow/example_dags/example_branch_datetime_operator.py
[2024-06-18T14:30:20.646+0545] {processor.py:840} INFO - DAG(s) 'example_branch_datetime_operator_3', 'example_branch_datetime_operator_2', 'example_branch_datetime_operator' retrieved from /root/apache_env/lib/python3.10/site-packages/airflow/example_dags/example_branch_datetime_operator.py
[2024-06-18T14:30:20.713+0545] {logging_mixin.py:188} INFO - [2024-06-18T14:30:20.712+0545] {dag.py:3096} INFO - Sync 3 DAGs
[2024-06-18T14:30:20.782+0545] {logging_mixin.py:188} INFO - [2024-06-18T14:30:20.782+0545] {dag.py:3954} INFO - Setting next_dagrun for example_branch_datetime_operator to 2024-06-17 00:00:00+00:00, run_after=2024-06-18 00:00:00+00:00
[2024-06-18T14:30:20.784+0545] {logging_mixin.py:188} INFO - [2024-06-18T14:30:20.784+0545] {dag.py:3954} INFO - Setting next_dagrun for example_branch_datetime_operator_2 to 2024-06-17 00:00:00+00:00, run_after=2024-06-18 00:00:00+00:00
[2024-06-18T14:30:20.786+0545] {logging_mixin.py:188} INFO - [2024-06-18T14:30:20.786+0545] {dag.py:3954} INFO - Setting next_dagrun for example_branch_datetime_operator_3 to 2024-06-17 00:00:00+00:00, run_after=2024-06-18 00:00:00+00:00
[2024-06-18T14:30:20.803+0545] {processor.py:183} INFO - Processing /root/apache_env/lib/python3.10/site-packages/airflow/example_dags/example_branch_datetime_operator.py took 0.170 seconds
[2024-06-18T14:31:15.927+0545] {processor.py:161} INFO - Started process (PID=7974) to work on /root/apache_env/lib/python3.10/site-packages/airflow/example_dags/example_branch_datetime_operator.py
[2024-06-18T14:31:15.928+0545] {processor.py:830} INFO - Processing file /root/apache_env/lib/python3.10/site-packages/airflow/example_dags/example_branch_datetime_operator.py for tasks to queue
[2024-06-18T14:31:15.929+0545] {logging_mixin.py:188} INFO - [2024-06-18T14:31:15.928+0545] {dagbag.py:545} INFO - Filling up the DagBag from /root/apache_env/lib/python3.10/site-packages/airflow/example_dags/example_branch_datetime_operator.py
[2024-06-18T14:31:15.936+0545] {processor.py:840} INFO - DAG(s) 'example_branch_datetime_operator_2', 'example_branch_datetime_operator', 'example_branch_datetime_operator_3' retrieved from /root/apache_env/lib/python3.10/site-packages/airflow/example_dags/example_branch_datetime_operator.py
[2024-06-18T14:31:15.949+0545] {logging_mixin.py:188} INFO - [2024-06-18T14:31:15.949+0545] {dag.py:3096} INFO - Sync 3 DAGs
[2024-06-18T14:31:15.963+0545] {logging_mixin.py:188} INFO - [2024-06-18T14:31:15.963+0545] {dag.py:3954} INFO - Setting next_dagrun for example_branch_datetime_operator to 2024-06-17 00:00:00+00:00, run_after=2024-06-18 00:00:00+00:00
[2024-06-18T14:31:15.966+0545] {logging_mixin.py:188} INFO - [2024-06-18T14:31:15.966+0545] {dag.py:3954} INFO - Setting next_dagrun for example_branch_datetime_operator_2 to 2024-06-17 00:00:00+00:00, run_after=2024-06-18 00:00:00+00:00
[2024-06-18T14:31:15.968+0545] {logging_mixin.py:188} INFO - [2024-06-18T14:31:15.968+0545] {dag.py:3954} INFO - Setting next_dagrun for example_branch_datetime_operator_3 to 2024-06-17 00:00:00+00:00, run_after=2024-06-18 00:00:00+00:00
[2024-06-18T14:31:15.984+0545] {processor.py:183} INFO - Processing /root/apache_env/lib/python3.10/site-packages/airflow/example_dags/example_branch_datetime_operator.py took 0.061 seconds
[2024-06-18T14:32:10.802+0545] {processor.py:161} INFO - Started process (PID=8109) to work on /root/apache_env/lib/python3.10/site-packages/airflow/example_dags/example_branch_datetime_operator.py
[2024-06-18T14:32:10.803+0545] {processor.py:830} INFO - Processing file /root/apache_env/lib/python3.10/site-packages/airflow/example_dags/example_branch_datetime_operator.py for tasks to queue
[2024-06-18T14:32:10.804+0545] {logging_mixin.py:188} INFO - [2024-06-18T14:32:10.804+0545] {dagbag.py:545} INFO - Filling up the DagBag from /root/apache_env/lib/python3.10/site-packages/airflow/example_dags/example_branch_datetime_operator.py
[2024-06-18T14:32:10.867+0545] {processor.py:840} INFO - DAG(s) 'example_branch_datetime_operator_3', 'example_branch_datetime_operator', 'example_branch_datetime_operator_2' retrieved from /root/apache_env/lib/python3.10/site-packages/airflow/example_dags/example_branch_datetime_operator.py
[2024-06-18T14:32:10.877+0545] {logging_mixin.py:188} INFO - [2024-06-18T14:32:10.877+0545] {dag.py:3096} INFO - Sync 3 DAGs
[2024-06-18T14:32:10.892+0545] {logging_mixin.py:188} INFO - [2024-06-18T14:32:10.892+0545] {dag.py:3954} INFO - Setting next_dagrun for example_branch_datetime_operator to 2024-06-17 00:00:00+00:00, run_after=2024-06-18 00:00:00+00:00
[2024-06-18T14:32:10.896+0545] {logging_mixin.py:188} INFO - [2024-06-18T14:32:10.896+0545] {dag.py:3954} INFO - Setting next_dagrun for example_branch_datetime_operator_2 to 2024-06-17 00:00:00+00:00, run_after=2024-06-18 00:00:00+00:00
[2024-06-18T14:32:10.897+0545] {logging_mixin.py:188} INFO - [2024-06-18T14:32:10.897+0545] {dag.py:3954} INFO - Setting next_dagrun for example_branch_datetime_operator_3 to 2024-06-17 00:00:00+00:00, run_after=2024-06-18 00:00:00+00:00
[2024-06-18T14:32:10.912+0545] {processor.py:183} INFO - Processing /root/apache_env/lib/python3.10/site-packages/airflow/example_dags/example_branch_datetime_operator.py took 0.115 seconds
[2024-06-18T14:32:59.789+0545] {processor.py:161} INFO - Started process (PID=8231) to work on /root/apache_env/lib/python3.10/site-packages/airflow/example_dags/example_branch_datetime_operator.py
[2024-06-18T14:32:59.790+0545] {processor.py:830} INFO - Processing file /root/apache_env/lib/python3.10/site-packages/airflow/example_dags/example_branch_datetime_operator.py for tasks to queue
[2024-06-18T14:32:59.792+0545] {logging_mixin.py:188} INFO - [2024-06-18T14:32:59.792+0545] {dagbag.py:545} INFO - Filling up the DagBag from /root/apache_env/lib/python3.10/site-packages/airflow/example_dags/example_branch_datetime_operator.py
[2024-06-18T14:32:59.799+0545] {processor.py:840} INFO - DAG(s) 'example_branch_datetime_operator', 'example_branch_datetime_operator_3', 'example_branch_datetime_operator_2' retrieved from /root/apache_env/lib/python3.10/site-packages/airflow/example_dags/example_branch_datetime_operator.py
[2024-06-18T14:32:59.812+0545] {logging_mixin.py:188} INFO - [2024-06-18T14:32:59.812+0545] {dag.py:3096} INFO - Sync 3 DAGs
[2024-06-18T14:32:59.829+0545] {logging_mixin.py:188} INFO - [2024-06-18T14:32:59.829+0545] {dag.py:3954} INFO - Setting next_dagrun for example_branch_datetime_operator to 2024-06-17 00:00:00+00:00, run_after=2024-06-18 00:00:00+00:00
[2024-06-18T14:32:59.833+0545] {logging_mixin.py:188} INFO - [2024-06-18T14:32:59.833+0545] {dag.py:3954} INFO - Setting next_dagrun for example_branch_datetime_operator_2 to 2024-06-17 00:00:00+00:00, run_after=2024-06-18 00:00:00+00:00
[2024-06-18T14:32:59.835+0545] {logging_mixin.py:188} INFO - [2024-06-18T14:32:59.834+0545] {dag.py:3954} INFO - Setting next_dagrun for example_branch_datetime_operator_3 to 2024-06-17 00:00:00+00:00, run_after=2024-06-18 00:00:00+00:00
[2024-06-18T14:32:59.849+0545] {processor.py:183} INFO - Processing /root/apache_env/lib/python3.10/site-packages/airflow/example_dags/example_branch_datetime_operator.py took 0.064 seconds
[2024-06-18T14:34:06.125+0545] {processor.py:161} INFO - Started process (PID=8402) to work on /root/apache_env/lib/python3.10/site-packages/airflow/example_dags/example_branch_datetime_operator.py
[2024-06-18T14:34:06.126+0545] {processor.py:830} INFO - Processing file /root/apache_env/lib/python3.10/site-packages/airflow/example_dags/example_branch_datetime_operator.py for tasks to queue
[2024-06-18T14:34:06.127+0545] {logging_mixin.py:188} INFO - [2024-06-18T14:34:06.126+0545] {dagbag.py:545} INFO - Filling up the DagBag from /root/apache_env/lib/python3.10/site-packages/airflow/example_dags/example_branch_datetime_operator.py
[2024-06-18T14:34:06.134+0545] {processor.py:840} INFO - DAG(s) 'example_branch_datetime_operator_3', 'example_branch_datetime_operator', 'example_branch_datetime_operator_2' retrieved from /root/apache_env/lib/python3.10/site-packages/airflow/example_dags/example_branch_datetime_operator.py
[2024-06-18T14:34:06.148+0545] {logging_mixin.py:188} INFO - [2024-06-18T14:34:06.148+0545] {dag.py:3096} INFO - Sync 3 DAGs
[2024-06-18T14:34:06.164+0545] {logging_mixin.py:188} INFO - [2024-06-18T14:34:06.163+0545] {dag.py:3954} INFO - Setting next_dagrun for example_branch_datetime_operator to 2024-06-17 00:00:00+00:00, run_after=2024-06-18 00:00:00+00:00
[2024-06-18T14:34:06.168+0545] {logging_mixin.py:188} INFO - [2024-06-18T14:34:06.168+0545] {dag.py:3954} INFO - Setting next_dagrun for example_branch_datetime_operator_2 to 2024-06-17 00:00:00+00:00, run_after=2024-06-18 00:00:00+00:00
[2024-06-18T14:34:06.169+0545] {logging_mixin.py:188} INFO - [2024-06-18T14:34:06.169+0545] {dag.py:3954} INFO - Setting next_dagrun for example_branch_datetime_operator_3 to 2024-06-17 00:00:00+00:00, run_after=2024-06-18 00:00:00+00:00
[2024-06-18T14:34:06.183+0545] {processor.py:183} INFO - Processing /root/apache_env/lib/python3.10/site-packages/airflow/example_dags/example_branch_datetime_operator.py took 0.063 seconds
[2024-06-18T14:35:16.326+0545] {processor.py:161} INFO - Started process (PID=8604) to work on /root/apache_env/lib/python3.10/site-packages/airflow/example_dags/example_branch_datetime_operator.py
[2024-06-18T14:35:16.328+0545] {processor.py:830} INFO - Processing file /root/apache_env/lib/python3.10/site-packages/airflow/example_dags/example_branch_datetime_operator.py for tasks to queue
[2024-06-18T14:35:16.329+0545] {logging_mixin.py:188} INFO - [2024-06-18T14:35:16.329+0545] {dagbag.py:545} INFO - Filling up the DagBag from /root/apache_env/lib/python3.10/site-packages/airflow/example_dags/example_branch_datetime_operator.py
[2024-06-18T14:35:16.336+0545] {processor.py:840} INFO - DAG(s) 'example_branch_datetime_operator', 'example_branch_datetime_operator_3', 'example_branch_datetime_operator_2' retrieved from /root/apache_env/lib/python3.10/site-packages/airflow/example_dags/example_branch_datetime_operator.py
[2024-06-18T14:35:16.350+0545] {logging_mixin.py:188} INFO - [2024-06-18T14:35:16.350+0545] {dag.py:3096} INFO - Sync 3 DAGs
[2024-06-18T14:35:16.366+0545] {logging_mixin.py:188} INFO - [2024-06-18T14:35:16.365+0545] {dag.py:3954} INFO - Setting next_dagrun for example_branch_datetime_operator to 2024-06-17 00:00:00+00:00, run_after=2024-06-18 00:00:00+00:00
[2024-06-18T14:35:16.370+0545] {logging_mixin.py:188} INFO - [2024-06-18T14:35:16.370+0545] {dag.py:3954} INFO - Setting next_dagrun for example_branch_datetime_operator_2 to 2024-06-17 00:00:00+00:00, run_after=2024-06-18 00:00:00+00:00
[2024-06-18T14:35:16.372+0545] {logging_mixin.py:188} INFO - [2024-06-18T14:35:16.372+0545] {dag.py:3954} INFO - Setting next_dagrun for example_branch_datetime_operator_3 to 2024-06-17 00:00:00+00:00, run_after=2024-06-18 00:00:00+00:00
[2024-06-18T14:35:16.387+0545] {processor.py:183} INFO - Processing /root/apache_env/lib/python3.10/site-packages/airflow/example_dags/example_branch_datetime_operator.py took 0.064 seconds
[2024-06-18T14:36:05.662+0545] {processor.py:161} INFO - Started process (PID=8732) to work on /root/apache_env/lib/python3.10/site-packages/airflow/example_dags/example_branch_datetime_operator.py
[2024-06-18T14:36:05.663+0545] {processor.py:830} INFO - Processing file /root/apache_env/lib/python3.10/site-packages/airflow/example_dags/example_branch_datetime_operator.py for tasks to queue
[2024-06-18T14:36:05.664+0545] {logging_mixin.py:188} INFO - [2024-06-18T14:36:05.664+0545] {dagbag.py:545} INFO - Filling up the DagBag from /root/apache_env/lib/python3.10/site-packages/airflow/example_dags/example_branch_datetime_operator.py
[2024-06-18T14:36:05.671+0545] {processor.py:840} INFO - DAG(s) 'example_branch_datetime_operator', 'example_branch_datetime_operator_3', 'example_branch_datetime_operator_2' retrieved from /root/apache_env/lib/python3.10/site-packages/airflow/example_dags/example_branch_datetime_operator.py
[2024-06-18T14:36:05.684+0545] {logging_mixin.py:188} INFO - [2024-06-18T14:36:05.684+0545] {dag.py:3096} INFO - Sync 3 DAGs
[2024-06-18T14:36:05.698+0545] {logging_mixin.py:188} INFO - [2024-06-18T14:36:05.698+0545] {dag.py:3954} INFO - Setting next_dagrun for example_branch_datetime_operator to 2024-06-17 00:00:00+00:00, run_after=2024-06-18 00:00:00+00:00
[2024-06-18T14:36:05.701+0545] {logging_mixin.py:188} INFO - [2024-06-18T14:36:05.701+0545] {dag.py:3954} INFO - Setting next_dagrun for example_branch_datetime_operator_2 to 2024-06-17 00:00:00+00:00, run_after=2024-06-18 00:00:00+00:00
[2024-06-18T14:36:05.703+0545] {logging_mixin.py:188} INFO - [2024-06-18T14:36:05.703+0545] {dag.py:3954} INFO - Setting next_dagrun for example_branch_datetime_operator_3 to 2024-06-17 00:00:00+00:00, run_after=2024-06-18 00:00:00+00:00
[2024-06-18T14:36:05.720+0545] {processor.py:183} INFO - Processing /root/apache_env/lib/python3.10/site-packages/airflow/example_dags/example_branch_datetime_operator.py took 0.062 seconds
[2024-06-18T14:37:12.530+0545] {processor.py:161} INFO - Started process (PID=8900) to work on /root/apache_env/lib/python3.10/site-packages/airflow/example_dags/example_branch_datetime_operator.py
[2024-06-18T14:37:12.531+0545] {processor.py:830} INFO - Processing file /root/apache_env/lib/python3.10/site-packages/airflow/example_dags/example_branch_datetime_operator.py for tasks to queue
[2024-06-18T14:37:12.532+0545] {logging_mixin.py:188} INFO - [2024-06-18T14:37:12.531+0545] {dagbag.py:545} INFO - Filling up the DagBag from /root/apache_env/lib/python3.10/site-packages/airflow/example_dags/example_branch_datetime_operator.py
[2024-06-18T14:37:12.539+0545] {processor.py:840} INFO - DAG(s) 'example_branch_datetime_operator_2', 'example_branch_datetime_operator', 'example_branch_datetime_operator_3' retrieved from /root/apache_env/lib/python3.10/site-packages/airflow/example_dags/example_branch_datetime_operator.py
[2024-06-18T14:37:12.552+0545] {logging_mixin.py:188} INFO - [2024-06-18T14:37:12.552+0545] {dag.py:3096} INFO - Sync 3 DAGs
[2024-06-18T14:37:12.566+0545] {logging_mixin.py:188} INFO - [2024-06-18T14:37:12.566+0545] {dag.py:3954} INFO - Setting next_dagrun for example_branch_datetime_operator to 2024-06-17 00:00:00+00:00, run_after=2024-06-18 00:00:00+00:00
[2024-06-18T14:37:12.569+0545] {logging_mixin.py:188} INFO - [2024-06-18T14:37:12.569+0545] {dag.py:3954} INFO - Setting next_dagrun for example_branch_datetime_operator_2 to 2024-06-17 00:00:00+00:00, run_after=2024-06-18 00:00:00+00:00
[2024-06-18T14:37:12.570+0545] {logging_mixin.py:188} INFO - [2024-06-18T14:37:12.570+0545] {dag.py:3954} INFO - Setting next_dagrun for example_branch_datetime_operator_3 to 2024-06-17 00:00:00+00:00, run_after=2024-06-18 00:00:00+00:00
[2024-06-18T14:37:12.585+0545] {processor.py:183} INFO - Processing /root/apache_env/lib/python3.10/site-packages/airflow/example_dags/example_branch_datetime_operator.py took 0.060 seconds
[2024-06-18T14:38:22.209+0545] {processor.py:161} INFO - Started process (PID=9074) to work on /root/apache_env/lib/python3.10/site-packages/airflow/example_dags/example_branch_datetime_operator.py
[2024-06-18T14:38:22.211+0545] {processor.py:830} INFO - Processing file /root/apache_env/lib/python3.10/site-packages/airflow/example_dags/example_branch_datetime_operator.py for tasks to queue
[2024-06-18T14:38:22.212+0545] {logging_mixin.py:188} INFO - [2024-06-18T14:38:22.211+0545] {dagbag.py:545} INFO - Filling up the DagBag from /root/apache_env/lib/python3.10/site-packages/airflow/example_dags/example_branch_datetime_operator.py
[2024-06-18T14:38:22.219+0545] {processor.py:840} INFO - DAG(s) 'example_branch_datetime_operator_3', 'example_branch_datetime_operator', 'example_branch_datetime_operator_2' retrieved from /root/apache_env/lib/python3.10/site-packages/airflow/example_dags/example_branch_datetime_operator.py
[2024-06-18T14:38:22.234+0545] {logging_mixin.py:188} INFO - [2024-06-18T14:38:22.233+0545] {dag.py:3096} INFO - Sync 3 DAGs
[2024-06-18T14:38:22.248+0545] {logging_mixin.py:188} INFO - [2024-06-18T14:38:22.248+0545] {dag.py:3954} INFO - Setting next_dagrun for example_branch_datetime_operator to 2024-06-17 00:00:00+00:00, run_after=2024-06-18 00:00:00+00:00
[2024-06-18T14:38:22.251+0545] {logging_mixin.py:188} INFO - [2024-06-18T14:38:22.251+0545] {dag.py:3954} INFO - Setting next_dagrun for example_branch_datetime_operator_2 to 2024-06-17 00:00:00+00:00, run_after=2024-06-18 00:00:00+00:00
[2024-06-18T14:38:22.253+0545] {logging_mixin.py:188} INFO - [2024-06-18T14:38:22.253+0545] {dag.py:3954} INFO - Setting next_dagrun for example_branch_datetime_operator_3 to 2024-06-17 00:00:00+00:00, run_after=2024-06-18 00:00:00+00:00
[2024-06-18T14:38:22.268+0545] {processor.py:183} INFO - Processing /root/apache_env/lib/python3.10/site-packages/airflow/example_dags/example_branch_datetime_operator.py took 0.063 seconds
[2024-06-18T14:39:31.171+0545] {processor.py:161} INFO - Started process (PID=9245) to work on /root/apache_env/lib/python3.10/site-packages/airflow/example_dags/example_branch_datetime_operator.py
[2024-06-18T14:39:31.173+0545] {processor.py:830} INFO - Processing file /root/apache_env/lib/python3.10/site-packages/airflow/example_dags/example_branch_datetime_operator.py for tasks to queue
[2024-06-18T14:39:31.174+0545] {logging_mixin.py:188} INFO - [2024-06-18T14:39:31.173+0545] {dagbag.py:545} INFO - Filling up the DagBag from /root/apache_env/lib/python3.10/site-packages/airflow/example_dags/example_branch_datetime_operator.py
[2024-06-18T14:39:31.181+0545] {processor.py:840} INFO - DAG(s) 'example_branch_datetime_operator_3', 'example_branch_datetime_operator', 'example_branch_datetime_operator_2' retrieved from /root/apache_env/lib/python3.10/site-packages/airflow/example_dags/example_branch_datetime_operator.py
[2024-06-18T14:39:31.194+0545] {logging_mixin.py:188} INFO - [2024-06-18T14:39:31.194+0545] {dag.py:3096} INFO - Sync 3 DAGs
[2024-06-18T14:39:31.208+0545] {logging_mixin.py:188} INFO - [2024-06-18T14:39:31.208+0545] {dag.py:3954} INFO - Setting next_dagrun for example_branch_datetime_operator to 2024-06-17 00:00:00+00:00, run_after=2024-06-18 00:00:00+00:00
[2024-06-18T14:39:31.211+0545] {logging_mixin.py:188} INFO - [2024-06-18T14:39:31.211+0545] {dag.py:3954} INFO - Setting next_dagrun for example_branch_datetime_operator_2 to 2024-06-17 00:00:00+00:00, run_after=2024-06-18 00:00:00+00:00
[2024-06-18T14:39:31.212+0545] {logging_mixin.py:188} INFO - [2024-06-18T14:39:31.212+0545] {dag.py:3954} INFO - Setting next_dagrun for example_branch_datetime_operator_3 to 2024-06-17 00:00:00+00:00, run_after=2024-06-18 00:00:00+00:00
[2024-06-18T14:39:31.228+0545] {processor.py:183} INFO - Processing /root/apache_env/lib/python3.10/site-packages/airflow/example_dags/example_branch_datetime_operator.py took 0.060 seconds
[2024-06-18T14:40:39.776+0545] {processor.py:161} INFO - Started process (PID=9420) to work on /root/apache_env/lib/python3.10/site-packages/airflow/example_dags/example_branch_datetime_operator.py
[2024-06-18T14:40:39.777+0545] {processor.py:830} INFO - Processing file /root/apache_env/lib/python3.10/site-packages/airflow/example_dags/example_branch_datetime_operator.py for tasks to queue
[2024-06-18T14:40:39.778+0545] {logging_mixin.py:188} INFO - [2024-06-18T14:40:39.778+0545] {dagbag.py:545} INFO - Filling up the DagBag from /root/apache_env/lib/python3.10/site-packages/airflow/example_dags/example_branch_datetime_operator.py
[2024-06-18T14:40:39.785+0545] {processor.py:840} INFO - DAG(s) 'example_branch_datetime_operator_2', 'example_branch_datetime_operator', 'example_branch_datetime_operator_3' retrieved from /root/apache_env/lib/python3.10/site-packages/airflow/example_dags/example_branch_datetime_operator.py
[2024-06-18T14:40:39.799+0545] {logging_mixin.py:188} INFO - [2024-06-18T14:40:39.799+0545] {dag.py:3096} INFO - Sync 3 DAGs
[2024-06-18T14:40:39.814+0545] {logging_mixin.py:188} INFO - [2024-06-18T14:40:39.814+0545] {dag.py:3954} INFO - Setting next_dagrun for example_branch_datetime_operator to 2024-06-17 00:00:00+00:00, run_after=2024-06-18 00:00:00+00:00
[2024-06-18T14:40:39.817+0545] {logging_mixin.py:188} INFO - [2024-06-18T14:40:39.817+0545] {dag.py:3954} INFO - Setting next_dagrun for example_branch_datetime_operator_2 to 2024-06-17 00:00:00+00:00, run_after=2024-06-18 00:00:00+00:00
[2024-06-18T14:40:39.819+0545] {logging_mixin.py:188} INFO - [2024-06-18T14:40:39.819+0545] {dag.py:3954} INFO - Setting next_dagrun for example_branch_datetime_operator_3 to 2024-06-17 00:00:00+00:00, run_after=2024-06-18 00:00:00+00:00
[2024-06-18T14:40:39.843+0545] {processor.py:183} INFO - Processing /root/apache_env/lib/python3.10/site-packages/airflow/example_dags/example_branch_datetime_operator.py took 0.071 seconds
[2024-06-18T14:41:46.365+0545] {processor.py:161} INFO - Started process (PID=9587) to work on /root/apache_env/lib/python3.10/site-packages/airflow/example_dags/example_branch_datetime_operator.py
[2024-06-18T14:41:46.366+0545] {processor.py:830} INFO - Processing file /root/apache_env/lib/python3.10/site-packages/airflow/example_dags/example_branch_datetime_operator.py for tasks to queue
[2024-06-18T14:41:46.367+0545] {logging_mixin.py:188} INFO - [2024-06-18T14:41:46.367+0545] {dagbag.py:545} INFO - Filling up the DagBag from /root/apache_env/lib/python3.10/site-packages/airflow/example_dags/example_branch_datetime_operator.py
[2024-06-18T14:41:46.374+0545] {processor.py:840} INFO - DAG(s) 'example_branch_datetime_operator', 'example_branch_datetime_operator_3', 'example_branch_datetime_operator_2' retrieved from /root/apache_env/lib/python3.10/site-packages/airflow/example_dags/example_branch_datetime_operator.py
[2024-06-18T14:41:46.387+0545] {logging_mixin.py:188} INFO - [2024-06-18T14:41:46.387+0545] {dag.py:3096} INFO - Sync 3 DAGs
[2024-06-18T14:41:46.401+0545] {logging_mixin.py:188} INFO - [2024-06-18T14:41:46.401+0545] {dag.py:3954} INFO - Setting next_dagrun for example_branch_datetime_operator to 2024-06-17 00:00:00+00:00, run_after=2024-06-18 00:00:00+00:00
[2024-06-18T14:41:46.404+0545] {logging_mixin.py:188} INFO - [2024-06-18T14:41:46.404+0545] {dag.py:3954} INFO - Setting next_dagrun for example_branch_datetime_operator_2 to 2024-06-17 00:00:00+00:00, run_after=2024-06-18 00:00:00+00:00
[2024-06-18T14:41:46.406+0545] {logging_mixin.py:188} INFO - [2024-06-18T14:41:46.405+0545] {dag.py:3954} INFO - Setting next_dagrun for example_branch_datetime_operator_3 to 2024-06-17 00:00:00+00:00, run_after=2024-06-18 00:00:00+00:00
[2024-06-18T14:41:46.421+0545] {processor.py:183} INFO - Processing /root/apache_env/lib/python3.10/site-packages/airflow/example_dags/example_branch_datetime_operator.py took 0.061 seconds
[2024-06-18T14:42:51.456+0545] {processor.py:161} INFO - Started process (PID=9751) to work on /root/apache_env/lib/python3.10/site-packages/airflow/example_dags/example_branch_datetime_operator.py
[2024-06-18T14:42:51.457+0545] {processor.py:830} INFO - Processing file /root/apache_env/lib/python3.10/site-packages/airflow/example_dags/example_branch_datetime_operator.py for tasks to queue
[2024-06-18T14:42:51.458+0545] {logging_mixin.py:188} INFO - [2024-06-18T14:42:51.458+0545] {dagbag.py:545} INFO - Filling up the DagBag from /root/apache_env/lib/python3.10/site-packages/airflow/example_dags/example_branch_datetime_operator.py
[2024-06-18T14:42:51.465+0545] {processor.py:840} INFO - DAG(s) 'example_branch_datetime_operator_3', 'example_branch_datetime_operator_2', 'example_branch_datetime_operator' retrieved from /root/apache_env/lib/python3.10/site-packages/airflow/example_dags/example_branch_datetime_operator.py
[2024-06-18T14:42:51.478+0545] {logging_mixin.py:188} INFO - [2024-06-18T14:42:51.478+0545] {dag.py:3096} INFO - Sync 3 DAGs
[2024-06-18T14:42:51.492+0545] {logging_mixin.py:188} INFO - [2024-06-18T14:42:51.492+0545] {dag.py:3954} INFO - Setting next_dagrun for example_branch_datetime_operator to 2024-06-17 00:00:00+00:00, run_after=2024-06-18 00:00:00+00:00
[2024-06-18T14:42:51.495+0545] {logging_mixin.py:188} INFO - [2024-06-18T14:42:51.495+0545] {dag.py:3954} INFO - Setting next_dagrun for example_branch_datetime_operator_2 to 2024-06-17 00:00:00+00:00, run_after=2024-06-18 00:00:00+00:00
[2024-06-18T14:42:51.496+0545] {logging_mixin.py:188} INFO - [2024-06-18T14:42:51.496+0545] {dag.py:3954} INFO - Setting next_dagrun for example_branch_datetime_operator_3 to 2024-06-17 00:00:00+00:00, run_after=2024-06-18 00:00:00+00:00
[2024-06-18T14:42:51.513+0545] {processor.py:183} INFO - Processing /root/apache_env/lib/python3.10/site-packages/airflow/example_dags/example_branch_datetime_operator.py took 0.061 seconds
[2024-06-18T14:44:01.025+0545] {processor.py:161} INFO - Started process (PID=9923) to work on /root/apache_env/lib/python3.10/site-packages/airflow/example_dags/example_branch_datetime_operator.py
[2024-06-18T14:44:01.026+0545] {processor.py:830} INFO - Processing file /root/apache_env/lib/python3.10/site-packages/airflow/example_dags/example_branch_datetime_operator.py for tasks to queue
[2024-06-18T14:44:01.027+0545] {logging_mixin.py:188} INFO - [2024-06-18T14:44:01.027+0545] {dagbag.py:545} INFO - Filling up the DagBag from /root/apache_env/lib/python3.10/site-packages/airflow/example_dags/example_branch_datetime_operator.py
[2024-06-18T14:44:01.034+0545] {processor.py:840} INFO - DAG(s) 'example_branch_datetime_operator', 'example_branch_datetime_operator_3', 'example_branch_datetime_operator_2' retrieved from /root/apache_env/lib/python3.10/site-packages/airflow/example_dags/example_branch_datetime_operator.py
[2024-06-18T14:44:01.049+0545] {logging_mixin.py:188} INFO - [2024-06-18T14:44:01.049+0545] {dag.py:3096} INFO - Sync 3 DAGs
[2024-06-18T14:44:01.067+0545] {logging_mixin.py:188} INFO - [2024-06-18T14:44:01.066+0545] {dag.py:3954} INFO - Setting next_dagrun for example_branch_datetime_operator to 2024-06-17 00:00:00+00:00, run_after=2024-06-18 00:00:00+00:00
[2024-06-18T14:44:01.070+0545] {logging_mixin.py:188} INFO - [2024-06-18T14:44:01.070+0545] {dag.py:3954} INFO - Setting next_dagrun for example_branch_datetime_operator_2 to 2024-06-17 00:00:00+00:00, run_after=2024-06-18 00:00:00+00:00
[2024-06-18T14:44:01.071+0545] {logging_mixin.py:188} INFO - [2024-06-18T14:44:01.071+0545] {dag.py:3954} INFO - Setting next_dagrun for example_branch_datetime_operator_3 to 2024-06-17 00:00:00+00:00, run_after=2024-06-18 00:00:00+00:00
[2024-06-18T14:44:01.087+0545] {processor.py:183} INFO - Processing /root/apache_env/lib/python3.10/site-packages/airflow/example_dags/example_branch_datetime_operator.py took 0.066 seconds
[2024-06-18T14:45:13.763+0545] {processor.py:161} INFO - Started process (PID=10132) to work on /root/apache_env/lib/python3.10/site-packages/airflow/example_dags/example_branch_datetime_operator.py
[2024-06-18T14:45:13.764+0545] {processor.py:830} INFO - Processing file /root/apache_env/lib/python3.10/site-packages/airflow/example_dags/example_branch_datetime_operator.py for tasks to queue
[2024-06-18T14:45:13.766+0545] {logging_mixin.py:188} INFO - [2024-06-18T14:45:13.765+0545] {dagbag.py:545} INFO - Filling up the DagBag from /root/apache_env/lib/python3.10/site-packages/airflow/example_dags/example_branch_datetime_operator.py
[2024-06-18T14:45:13.773+0545] {processor.py:840} INFO - DAG(s) 'example_branch_datetime_operator_3', 'example_branch_datetime_operator_2', 'example_branch_datetime_operator' retrieved from /root/apache_env/lib/python3.10/site-packages/airflow/example_dags/example_branch_datetime_operator.py
[2024-06-18T14:45:13.786+0545] {logging_mixin.py:188} INFO - [2024-06-18T14:45:13.786+0545] {dag.py:3096} INFO - Sync 3 DAGs
[2024-06-18T14:45:13.801+0545] {logging_mixin.py:188} INFO - [2024-06-18T14:45:13.800+0545] {dag.py:3954} INFO - Setting next_dagrun for example_branch_datetime_operator to 2024-06-17 00:00:00+00:00, run_after=2024-06-18 00:00:00+00:00
[2024-06-18T14:45:13.803+0545] {logging_mixin.py:188} INFO - [2024-06-18T14:45:13.803+0545] {dag.py:3954} INFO - Setting next_dagrun for example_branch_datetime_operator_2 to 2024-06-17 00:00:00+00:00, run_after=2024-06-18 00:00:00+00:00
[2024-06-18T14:45:13.805+0545] {logging_mixin.py:188} INFO - [2024-06-18T14:45:13.805+0545] {dag.py:3954} INFO - Setting next_dagrun for example_branch_datetime_operator_3 to 2024-06-17 00:00:00+00:00, run_after=2024-06-18 00:00:00+00:00
[2024-06-18T14:45:13.822+0545] {processor.py:183} INFO - Processing /root/apache_env/lib/python3.10/site-packages/airflow/example_dags/example_branch_datetime_operator.py took 0.062 seconds
[2024-06-18T14:46:03.861+0545] {processor.py:161} INFO - Started process (PID=10258) to work on /root/apache_env/lib/python3.10/site-packages/airflow/example_dags/example_branch_datetime_operator.py
[2024-06-18T14:46:03.863+0545] {processor.py:830} INFO - Processing file /root/apache_env/lib/python3.10/site-packages/airflow/example_dags/example_branch_datetime_operator.py for tasks to queue
[2024-06-18T14:46:03.864+0545] {logging_mixin.py:188} INFO - [2024-06-18T14:46:03.863+0545] {dagbag.py:545} INFO - Filling up the DagBag from /root/apache_env/lib/python3.10/site-packages/airflow/example_dags/example_branch_datetime_operator.py
[2024-06-18T14:46:03.871+0545] {processor.py:840} INFO - DAG(s) 'example_branch_datetime_operator_3', 'example_branch_datetime_operator', 'example_branch_datetime_operator_2' retrieved from /root/apache_env/lib/python3.10/site-packages/airflow/example_dags/example_branch_datetime_operator.py
[2024-06-18T14:46:03.885+0545] {logging_mixin.py:188} INFO - [2024-06-18T14:46:03.884+0545] {dag.py:3096} INFO - Sync 3 DAGs
[2024-06-18T14:46:03.899+0545] {logging_mixin.py:188} INFO - [2024-06-18T14:46:03.899+0545] {dag.py:3954} INFO - Setting next_dagrun for example_branch_datetime_operator to 2024-06-17 00:00:00+00:00, run_after=2024-06-18 00:00:00+00:00
[2024-06-18T14:46:03.902+0545] {logging_mixin.py:188} INFO - [2024-06-18T14:46:03.902+0545] {dag.py:3954} INFO - Setting next_dagrun for example_branch_datetime_operator_2 to 2024-06-17 00:00:00+00:00, run_after=2024-06-18 00:00:00+00:00
[2024-06-18T14:46:03.903+0545] {logging_mixin.py:188} INFO - [2024-06-18T14:46:03.903+0545] {dag.py:3954} INFO - Setting next_dagrun for example_branch_datetime_operator_3 to 2024-06-17 00:00:00+00:00, run_after=2024-06-18 00:00:00+00:00
[2024-06-18T14:46:03.921+0545] {processor.py:183} INFO - Processing /root/apache_env/lib/python3.10/site-packages/airflow/example_dags/example_branch_datetime_operator.py took 0.063 seconds
[2024-06-18T14:47:09.425+0545] {processor.py:161} INFO - Started process (PID=10426) to work on /root/apache_env/lib/python3.10/site-packages/airflow/example_dags/example_branch_datetime_operator.py
[2024-06-18T14:47:09.426+0545] {processor.py:830} INFO - Processing file /root/apache_env/lib/python3.10/site-packages/airflow/example_dags/example_branch_datetime_operator.py for tasks to queue
[2024-06-18T14:47:09.427+0545] {logging_mixin.py:188} INFO - [2024-06-18T14:47:09.427+0545] {dagbag.py:545} INFO - Filling up the DagBag from /root/apache_env/lib/python3.10/site-packages/airflow/example_dags/example_branch_datetime_operator.py
[2024-06-18T14:47:09.435+0545] {processor.py:840} INFO - DAG(s) 'example_branch_datetime_operator_3', 'example_branch_datetime_operator_2', 'example_branch_datetime_operator' retrieved from /root/apache_env/lib/python3.10/site-packages/airflow/example_dags/example_branch_datetime_operator.py
[2024-06-18T14:47:09.452+0545] {logging_mixin.py:188} INFO - [2024-06-18T14:47:09.452+0545] {dag.py:3096} INFO - Sync 3 DAGs
[2024-06-18T14:47:09.471+0545] {logging_mixin.py:188} INFO - [2024-06-18T14:47:09.471+0545] {dag.py:3954} INFO - Setting next_dagrun for example_branch_datetime_operator to 2024-06-17 00:00:00+00:00, run_after=2024-06-18 00:00:00+00:00
[2024-06-18T14:47:09.475+0545] {logging_mixin.py:188} INFO - [2024-06-18T14:47:09.474+0545] {dag.py:3954} INFO - Setting next_dagrun for example_branch_datetime_operator_2 to 2024-06-17 00:00:00+00:00, run_after=2024-06-18 00:00:00+00:00
[2024-06-18T14:47:09.477+0545] {logging_mixin.py:188} INFO - [2024-06-18T14:47:09.476+0545] {dag.py:3954} INFO - Setting next_dagrun for example_branch_datetime_operator_3 to 2024-06-17 00:00:00+00:00, run_after=2024-06-18 00:00:00+00:00
[2024-06-18T14:47:09.491+0545] {processor.py:183} INFO - Processing /root/apache_env/lib/python3.10/site-packages/airflow/example_dags/example_branch_datetime_operator.py took 0.073 seconds
[2024-06-18T14:48:14.775+0545] {processor.py:161} INFO - Started process (PID=10590) to work on /root/apache_env/lib/python3.10/site-packages/airflow/example_dags/example_branch_datetime_operator.py
[2024-06-18T14:48:14.777+0545] {processor.py:830} INFO - Processing file /root/apache_env/lib/python3.10/site-packages/airflow/example_dags/example_branch_datetime_operator.py for tasks to queue
[2024-06-18T14:48:14.778+0545] {logging_mixin.py:188} INFO - [2024-06-18T14:48:14.777+0545] {dagbag.py:545} INFO - Filling up the DagBag from /root/apache_env/lib/python3.10/site-packages/airflow/example_dags/example_branch_datetime_operator.py
[2024-06-18T14:48:14.785+0545] {processor.py:840} INFO - DAG(s) 'example_branch_datetime_operator_3', 'example_branch_datetime_operator', 'example_branch_datetime_operator_2' retrieved from /root/apache_env/lib/python3.10/site-packages/airflow/example_dags/example_branch_datetime_operator.py
[2024-06-18T14:48:14.798+0545] {logging_mixin.py:188} INFO - [2024-06-18T14:48:14.798+0545] {dag.py:3096} INFO - Sync 3 DAGs
[2024-06-18T14:48:14.812+0545] {logging_mixin.py:188} INFO - [2024-06-18T14:48:14.812+0545] {dag.py:3954} INFO - Setting next_dagrun for example_branch_datetime_operator to 2024-06-17 00:00:00+00:00, run_after=2024-06-18 00:00:00+00:00
[2024-06-18T14:48:14.815+0545] {logging_mixin.py:188} INFO - [2024-06-18T14:48:14.815+0545] {dag.py:3954} INFO - Setting next_dagrun for example_branch_datetime_operator_2 to 2024-06-17 00:00:00+00:00, run_after=2024-06-18 00:00:00+00:00
[2024-06-18T14:48:14.816+0545] {logging_mixin.py:188} INFO - [2024-06-18T14:48:14.816+0545] {dag.py:3954} INFO - Setting next_dagrun for example_branch_datetime_operator_3 to 2024-06-17 00:00:00+00:00, run_after=2024-06-18 00:00:00+00:00
[2024-06-18T14:48:14.833+0545] {processor.py:183} INFO - Processing /root/apache_env/lib/python3.10/site-packages/airflow/example_dags/example_branch_datetime_operator.py took 0.062 seconds
[2024-06-18T14:49:25.623+0545] {processor.py:161} INFO - Started process (PID=10771) to work on /root/apache_env/lib/python3.10/site-packages/airflow/example_dags/example_branch_datetime_operator.py
[2024-06-18T14:49:25.624+0545] {processor.py:830} INFO - Processing file /root/apache_env/lib/python3.10/site-packages/airflow/example_dags/example_branch_datetime_operator.py for tasks to queue
[2024-06-18T14:49:25.625+0545] {logging_mixin.py:188} INFO - [2024-06-18T14:49:25.625+0545] {dagbag.py:545} INFO - Filling up the DagBag from /root/apache_env/lib/python3.10/site-packages/airflow/example_dags/example_branch_datetime_operator.py
[2024-06-18T14:49:25.632+0545] {processor.py:840} INFO - DAG(s) 'example_branch_datetime_operator_2', 'example_branch_datetime_operator_3', 'example_branch_datetime_operator' retrieved from /root/apache_env/lib/python3.10/site-packages/airflow/example_dags/example_branch_datetime_operator.py
[2024-06-18T14:49:25.646+0545] {logging_mixin.py:188} INFO - [2024-06-18T14:49:25.646+0545] {dag.py:3096} INFO - Sync 3 DAGs
[2024-06-18T14:49:25.660+0545] {logging_mixin.py:188} INFO - [2024-06-18T14:49:25.659+0545] {dag.py:3954} INFO - Setting next_dagrun for example_branch_datetime_operator to 2024-06-17 00:00:00+00:00, run_after=2024-06-18 00:00:00+00:00
[2024-06-18T14:49:25.663+0545] {logging_mixin.py:188} INFO - [2024-06-18T14:49:25.662+0545] {dag.py:3954} INFO - Setting next_dagrun for example_branch_datetime_operator_2 to 2024-06-17 00:00:00+00:00, run_after=2024-06-18 00:00:00+00:00
[2024-06-18T14:49:25.664+0545] {logging_mixin.py:188} INFO - [2024-06-18T14:49:25.664+0545] {dag.py:3954} INFO - Setting next_dagrun for example_branch_datetime_operator_3 to 2024-06-17 00:00:00+00:00, run_after=2024-06-18 00:00:00+00:00
[2024-06-18T14:49:25.680+0545] {processor.py:183} INFO - Processing /root/apache_env/lib/python3.10/site-packages/airflow/example_dags/example_branch_datetime_operator.py took 0.061 seconds
[2024-06-18T14:50:29.715+0545] {processor.py:161} INFO - Started process (PID=10934) to work on /root/apache_env/lib/python3.10/site-packages/airflow/example_dags/example_branch_datetime_operator.py
[2024-06-18T14:50:29.715+0545] {processor.py:830} INFO - Processing file /root/apache_env/lib/python3.10/site-packages/airflow/example_dags/example_branch_datetime_operator.py for tasks to queue
[2024-06-18T14:50:29.717+0545] {logging_mixin.py:188} INFO - [2024-06-18T14:50:29.716+0545] {dagbag.py:545} INFO - Filling up the DagBag from /root/apache_env/lib/python3.10/site-packages/airflow/example_dags/example_branch_datetime_operator.py
[2024-06-18T14:50:29.724+0545] {processor.py:840} INFO - DAG(s) 'example_branch_datetime_operator_3', 'example_branch_datetime_operator_2', 'example_branch_datetime_operator' retrieved from /root/apache_env/lib/python3.10/site-packages/airflow/example_dags/example_branch_datetime_operator.py
[2024-06-18T14:50:29.739+0545] {logging_mixin.py:188} INFO - [2024-06-18T14:50:29.739+0545] {dag.py:3096} INFO - Sync 3 DAGs
[2024-06-18T14:50:29.755+0545] {logging_mixin.py:188} INFO - [2024-06-18T14:50:29.755+0545] {dag.py:3954} INFO - Setting next_dagrun for example_branch_datetime_operator to 2024-06-17 00:00:00+00:00, run_after=2024-06-18 00:00:00+00:00
[2024-06-18T14:50:29.758+0545] {logging_mixin.py:188} INFO - [2024-06-18T14:50:29.758+0545] {dag.py:3954} INFO - Setting next_dagrun for example_branch_datetime_operator_2 to 2024-06-17 00:00:00+00:00, run_after=2024-06-18 00:00:00+00:00
[2024-06-18T14:50:29.760+0545] {logging_mixin.py:188} INFO - [2024-06-18T14:50:29.760+0545] {dag.py:3954} INFO - Setting next_dagrun for example_branch_datetime_operator_3 to 2024-06-17 00:00:00+00:00, run_after=2024-06-18 00:00:00+00:00
[2024-06-18T14:50:29.775+0545] {processor.py:183} INFO - Processing /root/apache_env/lib/python3.10/site-packages/airflow/example_dags/example_branch_datetime_operator.py took 0.065 seconds
[2024-06-18T14:51:35.992+0545] {processor.py:161} INFO - Started process (PID=11100) to work on /root/apache_env/lib/python3.10/site-packages/airflow/example_dags/example_branch_datetime_operator.py
[2024-06-18T14:51:35.993+0545] {processor.py:830} INFO - Processing file /root/apache_env/lib/python3.10/site-packages/airflow/example_dags/example_branch_datetime_operator.py for tasks to queue
[2024-06-18T14:51:35.994+0545] {logging_mixin.py:188} INFO - [2024-06-18T14:51:35.994+0545] {dagbag.py:545} INFO - Filling up the DagBag from /root/apache_env/lib/python3.10/site-packages/airflow/example_dags/example_branch_datetime_operator.py
[2024-06-18T14:51:36.002+0545] {processor.py:840} INFO - DAG(s) 'example_branch_datetime_operator_3', 'example_branch_datetime_operator', 'example_branch_datetime_operator_2' retrieved from /root/apache_env/lib/python3.10/site-packages/airflow/example_dags/example_branch_datetime_operator.py
[2024-06-18T14:51:36.016+0545] {logging_mixin.py:188} INFO - [2024-06-18T14:51:36.016+0545] {dag.py:3096} INFO - Sync 3 DAGs
[2024-06-18T14:51:36.034+0545] {logging_mixin.py:188} INFO - [2024-06-18T14:51:36.034+0545] {dag.py:3954} INFO - Setting next_dagrun for example_branch_datetime_operator to 2024-06-17 00:00:00+00:00, run_after=2024-06-18 00:00:00+00:00
[2024-06-18T14:51:36.048+0545] {logging_mixin.py:188} INFO - [2024-06-18T14:51:36.047+0545] {dag.py:3954} INFO - Setting next_dagrun for example_branch_datetime_operator_2 to 2024-06-17 00:00:00+00:00, run_after=2024-06-18 00:00:00+00:00
[2024-06-18T14:51:36.050+0545] {logging_mixin.py:188} INFO - [2024-06-18T14:51:36.049+0545] {dag.py:3954} INFO - Setting next_dagrun for example_branch_datetime_operator_3 to 2024-06-17 00:00:00+00:00, run_after=2024-06-18 00:00:00+00:00
[2024-06-18T14:51:36.067+0545] {processor.py:183} INFO - Processing /root/apache_env/lib/python3.10/site-packages/airflow/example_dags/example_branch_datetime_operator.py took 0.079 seconds
