[2024-06-18T14:12:16.351+0545] {processor.py:161} INFO - Started process (PID=5011) to work on /root/apache_env/lib/python3.10/site-packages/airflow/example_dags/example_setup_teardown.py
[2024-06-18T14:12:16.351+0545] {processor.py:830} INFO - Processing file /root/apache_env/lib/python3.10/site-packages/airflow/example_dags/example_setup_teardown.py for tasks to queue
[2024-06-18T14:12:16.352+0545] {logging_mixin.py:188} INFO - [2024-06-18T14:12:16.352+0545] {dagbag.py:545} INFO - Filling up the DagBag from /root/apache_env/lib/python3.10/site-packages/airflow/example_dags/example_setup_teardown.py
[2024-06-18T14:12:16.359+0545] {processor.py:840} INFO - DAG(s) 'example_setup_teardown' retrieved from /root/apache_env/lib/python3.10/site-packages/airflow/example_dags/example_setup_teardown.py
[2024-06-18T14:12:16.430+0545] {logging_mixin.py:188} INFO - [2024-06-18T14:12:16.430+0545] {override.py:1829} INFO - Created Permission View: can delete on DAG:example_setup_teardown
[2024-06-18T14:12:16.441+0545] {logging_mixin.py:188} INFO - [2024-06-18T14:12:16.441+0545] {override.py:1829} INFO - Created Permission View: can read on DAG:example_setup_teardown
[2024-06-18T14:12:16.449+0545] {logging_mixin.py:188} INFO - [2024-06-18T14:12:16.449+0545] {override.py:1829} INFO - Created Permission View: can edit on DAG:example_setup_teardown
[2024-06-18T14:12:16.449+0545] {logging_mixin.py:188} INFO - [2024-06-18T14:12:16.449+0545] {dag.py:3096} INFO - Sync 1 DAGs
[2024-06-18T14:12:16.455+0545] {logging_mixin.py:188} INFO - [2024-06-18T14:12:16.455+0545] {dag.py:3118} INFO - Creating ORM DAG for example_setup_teardown
[2024-06-18T14:12:16.461+0545] {logging_mixin.py:188} INFO - [2024-06-18T14:12:16.461+0545] {dag.py:3954} INFO - Setting next_dagrun for example_setup_teardown to 2024-06-17 00:00:00+00:00, run_after=2024-06-18 00:00:00+00:00
[2024-06-18T14:12:16.477+0545] {processor.py:183} INFO - Processing /root/apache_env/lib/python3.10/site-packages/airflow/example_dags/example_setup_teardown.py took 0.129 seconds
[2024-06-18T14:14:32.285+0545] {processor.py:161} INFO - Started process (PID=5318) to work on /root/apache_env/lib/python3.10/site-packages/airflow/example_dags/example_setup_teardown.py
[2024-06-18T14:14:32.287+0545] {processor.py:830} INFO - Processing file /root/apache_env/lib/python3.10/site-packages/airflow/example_dags/example_setup_teardown.py for tasks to queue
[2024-06-18T14:14:32.289+0545] {logging_mixin.py:188} INFO - [2024-06-18T14:14:32.289+0545] {dagbag.py:545} INFO - Filling up the DagBag from /root/apache_env/lib/python3.10/site-packages/airflow/example_dags/example_setup_teardown.py
[2024-06-18T14:14:32.310+0545] {processor.py:840} INFO - DAG(s) 'example_setup_teardown' retrieved from /root/apache_env/lib/python3.10/site-packages/airflow/example_dags/example_setup_teardown.py
[2024-06-18T14:14:32.377+0545] {logging_mixin.py:188} INFO - [2024-06-18T14:14:32.377+0545] {dag.py:3096} INFO - Sync 1 DAGs
[2024-06-18T14:14:32.400+0545] {logging_mixin.py:188} INFO - [2024-06-18T14:14:32.399+0545] {dag.py:3954} INFO - Setting next_dagrun for example_setup_teardown to 2024-06-17 00:00:00+00:00, run_after=2024-06-18 00:00:00+00:00
[2024-06-18T14:14:32.423+0545] {processor.py:183} INFO - Processing /root/apache_env/lib/python3.10/site-packages/airflow/example_dags/example_setup_teardown.py took 0.154 seconds
[2024-06-18T14:15:47.802+0545] {processor.py:161} INFO - Started process (PID=5517) to work on /root/apache_env/lib/python3.10/site-packages/airflow/example_dags/example_setup_teardown.py
[2024-06-18T14:15:47.804+0545] {processor.py:830} INFO - Processing file /root/apache_env/lib/python3.10/site-packages/airflow/example_dags/example_setup_teardown.py for tasks to queue
[2024-06-18T14:15:47.805+0545] {logging_mixin.py:188} INFO - [2024-06-18T14:15:47.805+0545] {dagbag.py:545} INFO - Filling up the DagBag from /root/apache_env/lib/python3.10/site-packages/airflow/example_dags/example_setup_teardown.py
[2024-06-18T14:15:47.813+0545] {processor.py:840} INFO - DAG(s) 'example_setup_teardown' retrieved from /root/apache_env/lib/python3.10/site-packages/airflow/example_dags/example_setup_teardown.py
[2024-06-18T14:15:47.818+0545] {logging_mixin.py:188} INFO - [2024-06-18T14:15:47.817+0545] {dag.py:3096} INFO - Sync 1 DAGs
[2024-06-18T14:15:47.833+0545] {logging_mixin.py:188} INFO - [2024-06-18T14:15:47.833+0545] {dag.py:3954} INFO - Setting next_dagrun for example_setup_teardown to 2024-06-17 00:00:00+00:00, run_after=2024-06-18 00:00:00+00:00
[2024-06-18T14:15:47.849+0545] {processor.py:183} INFO - Processing /root/apache_env/lib/python3.10/site-packages/airflow/example_dags/example_setup_teardown.py took 0.051 seconds
[2024-06-18T14:16:47.151+0545] {processor.py:161} INFO - Started process (PID=5681) to work on /root/apache_env/lib/python3.10/site-packages/airflow/example_dags/example_setup_teardown.py
[2024-06-18T14:16:47.152+0545] {processor.py:830} INFO - Processing file /root/apache_env/lib/python3.10/site-packages/airflow/example_dags/example_setup_teardown.py for tasks to queue
[2024-06-18T14:16:47.153+0545] {logging_mixin.py:188} INFO - [2024-06-18T14:16:47.153+0545] {dagbag.py:545} INFO - Filling up the DagBag from /root/apache_env/lib/python3.10/site-packages/airflow/example_dags/example_setup_teardown.py
[2024-06-18T14:16:47.158+0545] {processor.py:840} INFO - DAG(s) 'example_setup_teardown' retrieved from /root/apache_env/lib/python3.10/site-packages/airflow/example_dags/example_setup_teardown.py
[2024-06-18T14:16:47.270+0545] {logging_mixin.py:188} INFO - [2024-06-18T14:16:47.270+0545] {dag.py:3096} INFO - Sync 1 DAGs
[2024-06-18T14:16:47.279+0545] {logging_mixin.py:188} INFO - [2024-06-18T14:16:47.279+0545] {dag.py:3954} INFO - Setting next_dagrun for example_setup_teardown to 2024-06-17 00:00:00+00:00, run_after=2024-06-18 00:00:00+00:00
[2024-06-18T14:16:47.295+0545] {processor.py:183} INFO - Processing /root/apache_env/lib/python3.10/site-packages/airflow/example_dags/example_setup_teardown.py took 0.148 seconds
[2024-06-18T14:17:38.358+0545] {processor.py:161} INFO - Started process (PID=5810) to work on /root/apache_env/lib/python3.10/site-packages/airflow/example_dags/example_setup_teardown.py
[2024-06-18T14:17:38.359+0545] {processor.py:830} INFO - Processing file /root/apache_env/lib/python3.10/site-packages/airflow/example_dags/example_setup_teardown.py for tasks to queue
[2024-06-18T14:17:38.360+0545] {logging_mixin.py:188} INFO - [2024-06-18T14:17:38.360+0545] {dagbag.py:545} INFO - Filling up the DagBag from /root/apache_env/lib/python3.10/site-packages/airflow/example_dags/example_setup_teardown.py
[2024-06-18T14:17:38.366+0545] {processor.py:840} INFO - DAG(s) 'example_setup_teardown' retrieved from /root/apache_env/lib/python3.10/site-packages/airflow/example_dags/example_setup_teardown.py
[2024-06-18T14:17:38.377+0545] {logging_mixin.py:188} INFO - [2024-06-18T14:17:38.377+0545] {dag.py:3096} INFO - Sync 1 DAGs
[2024-06-18T14:17:38.391+0545] {logging_mixin.py:188} INFO - [2024-06-18T14:17:38.391+0545] {dag.py:3954} INFO - Setting next_dagrun for example_setup_teardown to 2024-06-17 00:00:00+00:00, run_after=2024-06-18 00:00:00+00:00
[2024-06-18T14:17:38.472+0545] {processor.py:183} INFO - Processing /root/apache_env/lib/python3.10/site-packages/airflow/example_dags/example_setup_teardown.py took 0.118 seconds
[2024-06-18T14:18:26.918+0545] {processor.py:161} INFO - Started process (PID=5908) to work on /root/apache_env/lib/python3.10/site-packages/airflow/example_dags/example_setup_teardown.py
[2024-06-18T14:18:26.919+0545] {processor.py:830} INFO - Processing file /root/apache_env/lib/python3.10/site-packages/airflow/example_dags/example_setup_teardown.py for tasks to queue
[2024-06-18T14:18:26.921+0545] {logging_mixin.py:188} INFO - [2024-06-18T14:18:26.921+0545] {dagbag.py:545} INFO - Filling up the DagBag from /root/apache_env/lib/python3.10/site-packages/airflow/example_dags/example_setup_teardown.py
[2024-06-18T14:18:26.985+0545] {processor.py:840} INFO - DAG(s) 'example_setup_teardown' retrieved from /root/apache_env/lib/python3.10/site-packages/airflow/example_dags/example_setup_teardown.py
[2024-06-18T14:18:26.992+0545] {logging_mixin.py:188} INFO - [2024-06-18T14:18:26.992+0545] {dag.py:3096} INFO - Sync 1 DAGs
[2024-06-18T14:18:27.002+0545] {logging_mixin.py:188} INFO - [2024-06-18T14:18:27.002+0545] {dag.py:3954} INFO - Setting next_dagrun for example_setup_teardown to 2024-06-17 00:00:00+00:00, run_after=2024-06-18 00:00:00+00:00
[2024-06-18T14:18:27.018+0545] {processor.py:183} INFO - Processing /root/apache_env/lib/python3.10/site-packages/airflow/example_dags/example_setup_teardown.py took 0.104 seconds
[2024-06-18T14:22:05.145+0545] {processor.py:161} INFO - Started process (PID=6495) to work on /root/apache_env/lib/python3.10/site-packages/airflow/example_dags/example_setup_teardown.py
[2024-06-18T14:22:05.146+0545] {processor.py:830} INFO - Processing file /root/apache_env/lib/python3.10/site-packages/airflow/example_dags/example_setup_teardown.py for tasks to queue
[2024-06-18T14:22:05.147+0545] {logging_mixin.py:188} INFO - [2024-06-18T14:22:05.147+0545] {dagbag.py:545} INFO - Filling up the DagBag from /root/apache_env/lib/python3.10/site-packages/airflow/example_dags/example_setup_teardown.py
[2024-06-18T14:22:05.156+0545] {processor.py:840} INFO - DAG(s) 'example_setup_teardown' retrieved from /root/apache_env/lib/python3.10/site-packages/airflow/example_dags/example_setup_teardown.py
[2024-06-18T14:22:05.161+0545] {logging_mixin.py:188} INFO - [2024-06-18T14:22:05.161+0545] {dag.py:3096} INFO - Sync 1 DAGs
[2024-06-18T14:22:05.178+0545] {logging_mixin.py:188} INFO - [2024-06-18T14:22:05.178+0545] {dag.py:3954} INFO - Setting next_dagrun for example_setup_teardown to 2024-06-17 00:00:00+00:00, run_after=2024-06-18 00:00:00+00:00
[2024-06-18T14:22:05.195+0545] {processor.py:183} INFO - Processing /root/apache_env/lib/python3.10/site-packages/airflow/example_dags/example_setup_teardown.py took 0.055 seconds
[2024-06-18T14:23:08.680+0545] {processor.py:161} INFO - Started process (PID=6710) to work on /root/apache_env/lib/python3.10/site-packages/airflow/example_dags/example_setup_teardown.py
[2024-06-18T14:23:08.681+0545] {processor.py:830} INFO - Processing file /root/apache_env/lib/python3.10/site-packages/airflow/example_dags/example_setup_teardown.py for tasks to queue
[2024-06-18T14:23:08.682+0545] {logging_mixin.py:188} INFO - [2024-06-18T14:23:08.682+0545] {dagbag.py:545} INFO - Filling up the DagBag from /root/apache_env/lib/python3.10/site-packages/airflow/example_dags/example_setup_teardown.py
[2024-06-18T14:23:08.687+0545] {processor.py:840} INFO - DAG(s) 'example_setup_teardown' retrieved from /root/apache_env/lib/python3.10/site-packages/airflow/example_dags/example_setup_teardown.py
[2024-06-18T14:23:08.810+0545] {logging_mixin.py:188} INFO - [2024-06-18T14:23:08.810+0545] {dag.py:3096} INFO - Sync 1 DAGs
[2024-06-18T14:23:08.822+0545] {logging_mixin.py:188} INFO - [2024-06-18T14:23:08.822+0545] {dag.py:3954} INFO - Setting next_dagrun for example_setup_teardown to 2024-06-17 00:00:00+00:00, run_after=2024-06-18 00:00:00+00:00
[2024-06-18T14:23:08.837+0545] {processor.py:183} INFO - Processing /root/apache_env/lib/python3.10/site-packages/airflow/example_dags/example_setup_teardown.py took 0.162 seconds
[2024-06-18T14:23:40.926+0545] {processor.py:161} INFO - Started process (PID=6785) to work on /root/apache_env/lib/python3.10/site-packages/airflow/example_dags/example_setup_teardown.py
[2024-06-18T14:23:40.927+0545] {processor.py:830} INFO - Processing file /root/apache_env/lib/python3.10/site-packages/airflow/example_dags/example_setup_teardown.py for tasks to queue
[2024-06-18T14:23:40.929+0545] {logging_mixin.py:188} INFO - [2024-06-18T14:23:40.928+0545] {dagbag.py:545} INFO - Filling up the DagBag from /root/apache_env/lib/python3.10/site-packages/airflow/example_dags/example_setup_teardown.py
[2024-06-18T14:23:40.933+0545] {processor.py:840} INFO - DAG(s) 'example_setup_teardown' retrieved from /root/apache_env/lib/python3.10/site-packages/airflow/example_dags/example_setup_teardown.py
[2024-06-18T14:23:40.943+0545] {logging_mixin.py:188} INFO - [2024-06-18T14:23:40.943+0545] {dag.py:3096} INFO - Sync 1 DAGs
[2024-06-18T14:23:40.955+0545] {logging_mixin.py:188} INFO - [2024-06-18T14:23:40.955+0545] {dag.py:3954} INFO - Setting next_dagrun for example_setup_teardown to 2024-06-17 00:00:00+00:00, run_after=2024-06-18 00:00:00+00:00
[2024-06-18T14:23:40.973+0545] {processor.py:183} INFO - Processing /root/apache_env/lib/python3.10/site-packages/airflow/example_dags/example_setup_teardown.py took 0.050 seconds
[2024-06-18T14:24:31.246+0545] {processor.py:161} INFO - Started process (PID=6913) to work on /root/apache_env/lib/python3.10/site-packages/airflow/example_dags/example_setup_teardown.py
[2024-06-18T14:24:31.247+0545] {processor.py:830} INFO - Processing file /root/apache_env/lib/python3.10/site-packages/airflow/example_dags/example_setup_teardown.py for tasks to queue
[2024-06-18T14:24:31.248+0545] {logging_mixin.py:188} INFO - [2024-06-18T14:24:31.248+0545] {dagbag.py:545} INFO - Filling up the DagBag from /root/apache_env/lib/python3.10/site-packages/airflow/example_dags/example_setup_teardown.py
[2024-06-18T14:24:31.253+0545] {processor.py:840} INFO - DAG(s) 'example_setup_teardown' retrieved from /root/apache_env/lib/python3.10/site-packages/airflow/example_dags/example_setup_teardown.py
[2024-06-18T14:24:31.326+0545] {logging_mixin.py:188} INFO - [2024-06-18T14:24:31.325+0545] {dag.py:3096} INFO - Sync 1 DAGs
[2024-06-18T14:24:31.338+0545] {logging_mixin.py:188} INFO - [2024-06-18T14:24:31.338+0545] {dag.py:3954} INFO - Setting next_dagrun for example_setup_teardown to 2024-06-17 00:00:00+00:00, run_after=2024-06-18 00:00:00+00:00
[2024-06-18T14:24:31.353+0545] {processor.py:183} INFO - Processing /root/apache_env/lib/python3.10/site-packages/airflow/example_dags/example_setup_teardown.py took 0.111 seconds
[2024-06-18T14:25:25.909+0545] {processor.py:161} INFO - Started process (PID=7076) to work on /root/apache_env/lib/python3.10/site-packages/airflow/example_dags/example_setup_teardown.py
[2024-06-18T14:25:25.910+0545] {processor.py:830} INFO - Processing file /root/apache_env/lib/python3.10/site-packages/airflow/example_dags/example_setup_teardown.py for tasks to queue
[2024-06-18T14:25:25.911+0545] {logging_mixin.py:188} INFO - [2024-06-18T14:25:25.911+0545] {dagbag.py:545} INFO - Filling up the DagBag from /root/apache_env/lib/python3.10/site-packages/airflow/example_dags/example_setup_teardown.py
[2024-06-18T14:25:25.918+0545] {processor.py:840} INFO - DAG(s) 'example_setup_teardown' retrieved from /root/apache_env/lib/python3.10/site-packages/airflow/example_dags/example_setup_teardown.py
[2024-06-18T14:25:25.940+0545] {logging_mixin.py:188} INFO - [2024-06-18T14:25:25.939+0545] {dag.py:3096} INFO - Sync 1 DAGs
[2024-06-18T14:25:25.962+0545] {logging_mixin.py:188} INFO - [2024-06-18T14:25:25.961+0545] {dag.py:3954} INFO - Setting next_dagrun for example_setup_teardown to 2024-06-17 00:00:00+00:00, run_after=2024-06-18 00:00:00+00:00
[2024-06-18T14:25:25.982+0545] {processor.py:183} INFO - Processing /root/apache_env/lib/python3.10/site-packages/airflow/example_dags/example_setup_teardown.py took 0.078 seconds
[2024-06-18T14:25:42.407+0545] {processor.py:161} INFO - Started process (PID=7136) to work on /root/apache_env/lib/python3.10/site-packages/airflow/example_dags/example_setup_teardown.py
[2024-06-18T14:25:42.408+0545] {processor.py:830} INFO - Processing file /root/apache_env/lib/python3.10/site-packages/airflow/example_dags/example_setup_teardown.py for tasks to queue
[2024-06-18T14:25:42.410+0545] {logging_mixin.py:188} INFO - [2024-06-18T14:25:42.409+0545] {dagbag.py:545} INFO - Filling up the DagBag from /root/apache_env/lib/python3.10/site-packages/airflow/example_dags/example_setup_teardown.py
[2024-06-18T14:25:42.417+0545] {processor.py:840} INFO - DAG(s) 'example_setup_teardown' retrieved from /root/apache_env/lib/python3.10/site-packages/airflow/example_dags/example_setup_teardown.py
[2024-06-18T14:25:42.424+0545] {logging_mixin.py:188} INFO - [2024-06-18T14:25:42.423+0545] {dag.py:3096} INFO - Sync 1 DAGs
[2024-06-18T14:25:42.445+0545] {logging_mixin.py:188} INFO - [2024-06-18T14:25:42.445+0545] {dag.py:3954} INFO - Setting next_dagrun for example_setup_teardown to 2024-06-17 00:00:00+00:00, run_after=2024-06-18 00:00:00+00:00
[2024-06-18T14:25:42.465+0545] {processor.py:183} INFO - Processing /root/apache_env/lib/python3.10/site-packages/airflow/example_dags/example_setup_teardown.py took 0.062 seconds
[2024-06-18T14:27:08.868+0545] {processor.py:161} INFO - Started process (PID=7347) to work on /root/apache_env/lib/python3.10/site-packages/airflow/example_dags/example_setup_teardown.py
[2024-06-18T14:27:08.869+0545] {processor.py:830} INFO - Processing file /root/apache_env/lib/python3.10/site-packages/airflow/example_dags/example_setup_teardown.py for tasks to queue
[2024-06-18T14:27:08.870+0545] {logging_mixin.py:188} INFO - [2024-06-18T14:27:08.870+0545] {dagbag.py:545} INFO - Filling up the DagBag from /root/apache_env/lib/python3.10/site-packages/airflow/example_dags/example_setup_teardown.py
[2024-06-18T14:27:08.876+0545] {processor.py:840} INFO - DAG(s) 'example_setup_teardown' retrieved from /root/apache_env/lib/python3.10/site-packages/airflow/example_dags/example_setup_teardown.py
[2024-06-18T14:27:08.881+0545] {logging_mixin.py:188} INFO - [2024-06-18T14:27:08.880+0545] {dag.py:3096} INFO - Sync 1 DAGs
[2024-06-18T14:27:08.894+0545] {logging_mixin.py:188} INFO - [2024-06-18T14:27:08.894+0545] {dag.py:3954} INFO - Setting next_dagrun for example_setup_teardown to 2024-06-17 00:00:00+00:00, run_after=2024-06-18 00:00:00+00:00
[2024-06-18T14:27:08.911+0545] {processor.py:183} INFO - Processing /root/apache_env/lib/python3.10/site-packages/airflow/example_dags/example_setup_teardown.py took 0.047 seconds
[2024-06-18T14:28:02.014+0545] {processor.py:161} INFO - Started process (PID=7498) to work on /root/apache_env/lib/python3.10/site-packages/airflow/example_dags/example_setup_teardown.py
[2024-06-18T14:28:02.016+0545] {processor.py:830} INFO - Processing file /root/apache_env/lib/python3.10/site-packages/airflow/example_dags/example_setup_teardown.py for tasks to queue
[2024-06-18T14:28:02.017+0545] {logging_mixin.py:188} INFO - [2024-06-18T14:28:02.017+0545] {dagbag.py:545} INFO - Filling up the DagBag from /root/apache_env/lib/python3.10/site-packages/airflow/example_dags/example_setup_teardown.py
[2024-06-18T14:28:02.022+0545] {processor.py:840} INFO - DAG(s) 'example_setup_teardown' retrieved from /root/apache_env/lib/python3.10/site-packages/airflow/example_dags/example_setup_teardown.py
[2024-06-18T14:28:02.156+0545] {logging_mixin.py:188} INFO - [2024-06-18T14:28:02.156+0545] {dag.py:3096} INFO - Sync 1 DAGs
[2024-06-18T14:28:02.167+0545] {logging_mixin.py:188} INFO - [2024-06-18T14:28:02.167+0545] {dag.py:3954} INFO - Setting next_dagrun for example_setup_teardown to 2024-06-17 00:00:00+00:00, run_after=2024-06-18 00:00:00+00:00
[2024-06-18T14:28:02.183+0545] {processor.py:183} INFO - Processing /root/apache_env/lib/python3.10/site-packages/airflow/example_dags/example_setup_teardown.py took 0.174 seconds
[2024-06-18T14:29:46.961+0545] {processor.py:161} INFO - Started process (PID=7750) to work on /root/apache_env/lib/python3.10/site-packages/airflow/example_dags/example_setup_teardown.py
[2024-06-18T14:29:46.962+0545] {processor.py:830} INFO - Processing file /root/apache_env/lib/python3.10/site-packages/airflow/example_dags/example_setup_teardown.py for tasks to queue
[2024-06-18T14:29:46.963+0545] {logging_mixin.py:188} INFO - [2024-06-18T14:29:46.963+0545] {dagbag.py:545} INFO - Filling up the DagBag from /root/apache_env/lib/python3.10/site-packages/airflow/example_dags/example_setup_teardown.py
[2024-06-18T14:29:46.972+0545] {processor.py:840} INFO - DAG(s) 'example_setup_teardown' retrieved from /root/apache_env/lib/python3.10/site-packages/airflow/example_dags/example_setup_teardown.py
[2024-06-18T14:29:46.976+0545] {logging_mixin.py:188} INFO - [2024-06-18T14:29:46.976+0545] {dag.py:3096} INFO - Sync 1 DAGs
[2024-06-18T14:29:46.990+0545] {logging_mixin.py:188} INFO - [2024-06-18T14:29:46.990+0545] {dag.py:3954} INFO - Setting next_dagrun for example_setup_teardown to 2024-06-17 00:00:00+00:00, run_after=2024-06-18 00:00:00+00:00
[2024-06-18T14:29:47.005+0545] {processor.py:183} INFO - Processing /root/apache_env/lib/python3.10/site-packages/airflow/example_dags/example_setup_teardown.py took 0.048 seconds
[2024-06-18T14:30:40.241+0545] {processor.py:161} INFO - Started process (PID=7888) to work on /root/apache_env/lib/python3.10/site-packages/airflow/example_dags/example_setup_teardown.py
[2024-06-18T14:30:40.242+0545] {processor.py:830} INFO - Processing file /root/apache_env/lib/python3.10/site-packages/airflow/example_dags/example_setup_teardown.py for tasks to queue
[2024-06-18T14:30:40.244+0545] {logging_mixin.py:188} INFO - [2024-06-18T14:30:40.243+0545] {dagbag.py:545} INFO - Filling up the DagBag from /root/apache_env/lib/python3.10/site-packages/airflow/example_dags/example_setup_teardown.py
[2024-06-18T14:30:40.248+0545] {processor.py:840} INFO - DAG(s) 'example_setup_teardown' retrieved from /root/apache_env/lib/python3.10/site-packages/airflow/example_dags/example_setup_teardown.py
[2024-06-18T14:30:40.366+0545] {logging_mixin.py:188} INFO - [2024-06-18T14:30:40.366+0545] {dag.py:3096} INFO - Sync 1 DAGs
[2024-06-18T14:30:40.377+0545] {logging_mixin.py:188} INFO - [2024-06-18T14:30:40.377+0545] {dag.py:3954} INFO - Setting next_dagrun for example_setup_teardown to 2024-06-17 00:00:00+00:00, run_after=2024-06-18 00:00:00+00:00
[2024-06-18T14:30:40.394+0545] {processor.py:183} INFO - Processing /root/apache_env/lib/python3.10/site-packages/airflow/example_dags/example_setup_teardown.py took 0.156 seconds
[2024-06-18T14:31:30.836+0545] {processor.py:161} INFO - Started process (PID=8013) to work on /root/apache_env/lib/python3.10/site-packages/airflow/example_dags/example_setup_teardown.py
[2024-06-18T14:31:30.837+0545] {processor.py:830} INFO - Processing file /root/apache_env/lib/python3.10/site-packages/airflow/example_dags/example_setup_teardown.py for tasks to queue
[2024-06-18T14:31:30.838+0545] {logging_mixin.py:188} INFO - [2024-06-18T14:31:30.838+0545] {dagbag.py:545} INFO - Filling up the DagBag from /root/apache_env/lib/python3.10/site-packages/airflow/example_dags/example_setup_teardown.py
[2024-06-18T14:31:30.845+0545] {processor.py:840} INFO - DAG(s) 'example_setup_teardown' retrieved from /root/apache_env/lib/python3.10/site-packages/airflow/example_dags/example_setup_teardown.py
[2024-06-18T14:31:30.856+0545] {logging_mixin.py:188} INFO - [2024-06-18T14:31:30.856+0545] {dag.py:3096} INFO - Sync 1 DAGs
[2024-06-18T14:31:30.871+0545] {logging_mixin.py:188} INFO - [2024-06-18T14:31:30.871+0545] {dag.py:3954} INFO - Setting next_dagrun for example_setup_teardown to 2024-06-17 00:00:00+00:00, run_after=2024-06-18 00:00:00+00:00
[2024-06-18T14:31:30.954+0545] {processor.py:183} INFO - Processing /root/apache_env/lib/python3.10/site-packages/airflow/example_dags/example_setup_teardown.py took 0.122 seconds
[2024-06-18T14:32:20.045+0545] {processor.py:161} INFO - Started process (PID=8134) to work on /root/apache_env/lib/python3.10/site-packages/airflow/example_dags/example_setup_teardown.py
[2024-06-18T14:32:20.046+0545] {processor.py:830} INFO - Processing file /root/apache_env/lib/python3.10/site-packages/airflow/example_dags/example_setup_teardown.py for tasks to queue
[2024-06-18T14:32:20.047+0545] {logging_mixin.py:188} INFO - [2024-06-18T14:32:20.047+0545] {dagbag.py:545} INFO - Filling up the DagBag from /root/apache_env/lib/python3.10/site-packages/airflow/example_dags/example_setup_teardown.py
[2024-06-18T14:32:20.105+0545] {processor.py:840} INFO - DAG(s) 'example_setup_teardown' retrieved from /root/apache_env/lib/python3.10/site-packages/airflow/example_dags/example_setup_teardown.py
[2024-06-18T14:32:20.118+0545] {logging_mixin.py:188} INFO - [2024-06-18T14:32:20.117+0545] {dag.py:3096} INFO - Sync 1 DAGs
[2024-06-18T14:32:20.130+0545] {logging_mixin.py:188} INFO - [2024-06-18T14:32:20.130+0545] {dag.py:3954} INFO - Setting next_dagrun for example_setup_teardown to 2024-06-17 00:00:00+00:00, run_after=2024-06-18 00:00:00+00:00
[2024-06-18T14:32:20.147+0545] {processor.py:183} INFO - Processing /root/apache_env/lib/python3.10/site-packages/airflow/example_dags/example_setup_teardown.py took 0.106 seconds
[2024-06-18T14:33:06.535+0545] {processor.py:161} INFO - Started process (PID=8248) to work on /root/apache_env/lib/python3.10/site-packages/airflow/example_dags/example_setup_teardown.py
[2024-06-18T14:33:06.537+0545] {processor.py:830} INFO - Processing file /root/apache_env/lib/python3.10/site-packages/airflow/example_dags/example_setup_teardown.py for tasks to queue
[2024-06-18T14:33:06.538+0545] {logging_mixin.py:188} INFO - [2024-06-18T14:33:06.537+0545] {dagbag.py:545} INFO - Filling up the DagBag from /root/apache_env/lib/python3.10/site-packages/airflow/example_dags/example_setup_teardown.py
[2024-06-18T14:33:06.543+0545] {processor.py:840} INFO - DAG(s) 'example_setup_teardown' retrieved from /root/apache_env/lib/python3.10/site-packages/airflow/example_dags/example_setup_teardown.py
[2024-06-18T14:33:06.554+0545] {logging_mixin.py:188} INFO - [2024-06-18T14:33:06.553+0545] {dag.py:3096} INFO - Sync 1 DAGs
[2024-06-18T14:33:06.567+0545] {logging_mixin.py:188} INFO - [2024-06-18T14:33:06.567+0545] {dag.py:3954} INFO - Setting next_dagrun for example_setup_teardown to 2024-06-17 00:00:00+00:00, run_after=2024-06-18 00:00:00+00:00
[2024-06-18T14:33:06.584+0545] {processor.py:183} INFO - Processing /root/apache_env/lib/python3.10/site-packages/airflow/example_dags/example_setup_teardown.py took 0.053 seconds
[2024-06-18T14:33:51.331+0545] {processor.py:161} INFO - Started process (PID=8363) to work on /root/apache_env/lib/python3.10/site-packages/airflow/example_dags/example_setup_teardown.py
[2024-06-18T14:33:51.332+0545] {processor.py:830} INFO - Processing file /root/apache_env/lib/python3.10/site-packages/airflow/example_dags/example_setup_teardown.py for tasks to queue
[2024-06-18T14:33:51.334+0545] {logging_mixin.py:188} INFO - [2024-06-18T14:33:51.333+0545] {dagbag.py:545} INFO - Filling up the DagBag from /root/apache_env/lib/python3.10/site-packages/airflow/example_dags/example_setup_teardown.py
[2024-06-18T14:33:51.339+0545] {processor.py:840} INFO - DAG(s) 'example_setup_teardown' retrieved from /root/apache_env/lib/python3.10/site-packages/airflow/example_dags/example_setup_teardown.py
[2024-06-18T14:33:51.349+0545] {logging_mixin.py:188} INFO - [2024-06-18T14:33:51.349+0545] {dag.py:3096} INFO - Sync 1 DAGs
[2024-06-18T14:33:51.362+0545] {logging_mixin.py:188} INFO - [2024-06-18T14:33:51.362+0545] {dag.py:3954} INFO - Setting next_dagrun for example_setup_teardown to 2024-06-17 00:00:00+00:00, run_after=2024-06-18 00:00:00+00:00
[2024-06-18T14:33:51.379+0545] {processor.py:183} INFO - Processing /root/apache_env/lib/python3.10/site-packages/airflow/example_dags/example_setup_teardown.py took 0.052 seconds
[2024-06-18T14:34:34.577+0545] {processor.py:161} INFO - Started process (PID=8472) to work on /root/apache_env/lib/python3.10/site-packages/airflow/example_dags/example_setup_teardown.py
[2024-06-18T14:34:34.578+0545] {processor.py:830} INFO - Processing file /root/apache_env/lib/python3.10/site-packages/airflow/example_dags/example_setup_teardown.py for tasks to queue
[2024-06-18T14:34:34.580+0545] {logging_mixin.py:188} INFO - [2024-06-18T14:34:34.580+0545] {dagbag.py:545} INFO - Filling up the DagBag from /root/apache_env/lib/python3.10/site-packages/airflow/example_dags/example_setup_teardown.py
[2024-06-18T14:34:34.584+0545] {processor.py:840} INFO - DAG(s) 'example_setup_teardown' retrieved from /root/apache_env/lib/python3.10/site-packages/airflow/example_dags/example_setup_teardown.py
[2024-06-18T14:34:34.594+0545] {logging_mixin.py:188} INFO - [2024-06-18T14:34:34.594+0545] {dag.py:3096} INFO - Sync 1 DAGs
[2024-06-18T14:34:34.607+0545] {logging_mixin.py:188} INFO - [2024-06-18T14:34:34.607+0545] {dag.py:3954} INFO - Setting next_dagrun for example_setup_teardown to 2024-06-17 00:00:00+00:00, run_after=2024-06-18 00:00:00+00:00
[2024-06-18T14:34:34.625+0545] {processor.py:183} INFO - Processing /root/apache_env/lib/python3.10/site-packages/airflow/example_dags/example_setup_teardown.py took 0.053 seconds
[2024-06-18T14:35:23.719+0545] {processor.py:161} INFO - Started process (PID=8621) to work on /root/apache_env/lib/python3.10/site-packages/airflow/example_dags/example_setup_teardown.py
[2024-06-18T14:35:23.720+0545] {processor.py:830} INFO - Processing file /root/apache_env/lib/python3.10/site-packages/airflow/example_dags/example_setup_teardown.py for tasks to queue
[2024-06-18T14:35:23.721+0545] {logging_mixin.py:188} INFO - [2024-06-18T14:35:23.721+0545] {dagbag.py:545} INFO - Filling up the DagBag from /root/apache_env/lib/python3.10/site-packages/airflow/example_dags/example_setup_teardown.py
[2024-06-18T14:35:23.725+0545] {processor.py:840} INFO - DAG(s) 'example_setup_teardown' retrieved from /root/apache_env/lib/python3.10/site-packages/airflow/example_dags/example_setup_teardown.py
[2024-06-18T14:35:23.736+0545] {logging_mixin.py:188} INFO - [2024-06-18T14:35:23.735+0545] {dag.py:3096} INFO - Sync 1 DAGs
[2024-06-18T14:35:23.748+0545] {logging_mixin.py:188} INFO - [2024-06-18T14:35:23.748+0545] {dag.py:3954} INFO - Setting next_dagrun for example_setup_teardown to 2024-06-17 00:00:00+00:00, run_after=2024-06-18 00:00:00+00:00
[2024-06-18T14:35:23.766+0545] {processor.py:183} INFO - Processing /root/apache_env/lib/python3.10/site-packages/airflow/example_dags/example_setup_teardown.py took 0.051 seconds
[2024-06-18T14:36:10.790+0545] {processor.py:161} INFO - Started process (PID=8743) to work on /root/apache_env/lib/python3.10/site-packages/airflow/example_dags/example_setup_teardown.py
[2024-06-18T14:36:10.791+0545] {processor.py:830} INFO - Processing file /root/apache_env/lib/python3.10/site-packages/airflow/example_dags/example_setup_teardown.py for tasks to queue
[2024-06-18T14:36:10.792+0545] {logging_mixin.py:188} INFO - [2024-06-18T14:36:10.792+0545] {dagbag.py:545} INFO - Filling up the DagBag from /root/apache_env/lib/python3.10/site-packages/airflow/example_dags/example_setup_teardown.py
[2024-06-18T14:36:10.797+0545] {processor.py:840} INFO - DAG(s) 'example_setup_teardown' retrieved from /root/apache_env/lib/python3.10/site-packages/airflow/example_dags/example_setup_teardown.py
[2024-06-18T14:36:10.807+0545] {logging_mixin.py:188} INFO - [2024-06-18T14:36:10.807+0545] {dag.py:3096} INFO - Sync 1 DAGs
[2024-06-18T14:36:10.820+0545] {logging_mixin.py:188} INFO - [2024-06-18T14:36:10.820+0545] {dag.py:3954} INFO - Setting next_dagrun for example_setup_teardown to 2024-06-17 00:00:00+00:00, run_after=2024-06-18 00:00:00+00:00
[2024-06-18T14:36:10.837+0545] {processor.py:183} INFO - Processing /root/apache_env/lib/python3.10/site-packages/airflow/example_dags/example_setup_teardown.py took 0.051 seconds
[2024-06-18T14:36:56.132+0545] {processor.py:161} INFO - Started process (PID=8860) to work on /root/apache_env/lib/python3.10/site-packages/airflow/example_dags/example_setup_teardown.py
[2024-06-18T14:36:56.133+0545] {processor.py:830} INFO - Processing file /root/apache_env/lib/python3.10/site-packages/airflow/example_dags/example_setup_teardown.py for tasks to queue
[2024-06-18T14:36:56.134+0545] {logging_mixin.py:188} INFO - [2024-06-18T14:36:56.133+0545] {dagbag.py:545} INFO - Filling up the DagBag from /root/apache_env/lib/python3.10/site-packages/airflow/example_dags/example_setup_teardown.py
[2024-06-18T14:36:56.138+0545] {processor.py:840} INFO - DAG(s) 'example_setup_teardown' retrieved from /root/apache_env/lib/python3.10/site-packages/airflow/example_dags/example_setup_teardown.py
[2024-06-18T14:36:56.150+0545] {logging_mixin.py:188} INFO - [2024-06-18T14:36:56.149+0545] {dag.py:3096} INFO - Sync 1 DAGs
[2024-06-18T14:36:56.166+0545] {logging_mixin.py:188} INFO - [2024-06-18T14:36:56.166+0545] {dag.py:3954} INFO - Setting next_dagrun for example_setup_teardown to 2024-06-17 00:00:00+00:00, run_after=2024-06-18 00:00:00+00:00
[2024-06-18T14:36:56.183+0545] {processor.py:183} INFO - Processing /root/apache_env/lib/python3.10/site-packages/airflow/example_dags/example_setup_teardown.py took 0.055 seconds
[2024-06-18T14:37:40.107+0545] {processor.py:161} INFO - Started process (PID=8968) to work on /root/apache_env/lib/python3.10/site-packages/airflow/example_dags/example_setup_teardown.py
[2024-06-18T14:37:40.109+0545] {processor.py:830} INFO - Processing file /root/apache_env/lib/python3.10/site-packages/airflow/example_dags/example_setup_teardown.py for tasks to queue
[2024-06-18T14:37:40.110+0545] {logging_mixin.py:188} INFO - [2024-06-18T14:37:40.110+0545] {dagbag.py:545} INFO - Filling up the DagBag from /root/apache_env/lib/python3.10/site-packages/airflow/example_dags/example_setup_teardown.py
[2024-06-18T14:37:40.115+0545] {processor.py:840} INFO - DAG(s) 'example_setup_teardown' retrieved from /root/apache_env/lib/python3.10/site-packages/airflow/example_dags/example_setup_teardown.py
[2024-06-18T14:37:40.125+0545] {logging_mixin.py:188} INFO - [2024-06-18T14:37:40.125+0545] {dag.py:3096} INFO - Sync 1 DAGs
[2024-06-18T14:37:40.138+0545] {logging_mixin.py:188} INFO - [2024-06-18T14:37:40.138+0545] {dag.py:3954} INFO - Setting next_dagrun for example_setup_teardown to 2024-06-17 00:00:00+00:00, run_after=2024-06-18 00:00:00+00:00
[2024-06-18T14:37:40.157+0545] {processor.py:183} INFO - Processing /root/apache_env/lib/python3.10/site-packages/airflow/example_dags/example_setup_teardown.py took 0.054 seconds
[2024-06-18T14:38:26.220+0545] {processor.py:161} INFO - Started process (PID=9085) to work on /root/apache_env/lib/python3.10/site-packages/airflow/example_dags/example_setup_teardown.py
[2024-06-18T14:38:26.221+0545] {processor.py:830} INFO - Processing file /root/apache_env/lib/python3.10/site-packages/airflow/example_dags/example_setup_teardown.py for tasks to queue
[2024-06-18T14:38:26.222+0545] {logging_mixin.py:188} INFO - [2024-06-18T14:38:26.222+0545] {dagbag.py:545} INFO - Filling up the DagBag from /root/apache_env/lib/python3.10/site-packages/airflow/example_dags/example_setup_teardown.py
[2024-06-18T14:38:26.227+0545] {processor.py:840} INFO - DAG(s) 'example_setup_teardown' retrieved from /root/apache_env/lib/python3.10/site-packages/airflow/example_dags/example_setup_teardown.py
[2024-06-18T14:38:26.237+0545] {logging_mixin.py:188} INFO - [2024-06-18T14:38:26.237+0545] {dag.py:3096} INFO - Sync 1 DAGs
[2024-06-18T14:38:26.250+0545] {logging_mixin.py:188} INFO - [2024-06-18T14:38:26.250+0545] {dag.py:3954} INFO - Setting next_dagrun for example_setup_teardown to 2024-06-17 00:00:00+00:00, run_after=2024-06-18 00:00:00+00:00
[2024-06-18T14:38:26.267+0545] {processor.py:183} INFO - Processing /root/apache_env/lib/python3.10/site-packages/airflow/example_dags/example_setup_teardown.py took 0.052 seconds
[2024-06-18T14:39:12.995+0545] {processor.py:161} INFO - Started process (PID=9200) to work on /root/apache_env/lib/python3.10/site-packages/airflow/example_dags/example_setup_teardown.py
[2024-06-18T14:39:12.997+0545] {processor.py:830} INFO - Processing file /root/apache_env/lib/python3.10/site-packages/airflow/example_dags/example_setup_teardown.py for tasks to queue
[2024-06-18T14:39:12.998+0545] {logging_mixin.py:188} INFO - [2024-06-18T14:39:12.998+0545] {dagbag.py:545} INFO - Filling up the DagBag from /root/apache_env/lib/python3.10/site-packages/airflow/example_dags/example_setup_teardown.py
[2024-06-18T14:39:13.003+0545] {processor.py:840} INFO - DAG(s) 'example_setup_teardown' retrieved from /root/apache_env/lib/python3.10/site-packages/airflow/example_dags/example_setup_teardown.py
[2024-06-18T14:39:13.013+0545] {logging_mixin.py:188} INFO - [2024-06-18T14:39:13.012+0545] {dag.py:3096} INFO - Sync 1 DAGs
[2024-06-18T14:39:13.025+0545] {logging_mixin.py:188} INFO - [2024-06-18T14:39:13.025+0545] {dag.py:3954} INFO - Setting next_dagrun for example_setup_teardown to 2024-06-17 00:00:00+00:00, run_after=2024-06-18 00:00:00+00:00
[2024-06-18T14:39:13.043+0545] {processor.py:183} INFO - Processing /root/apache_env/lib/python3.10/site-packages/airflow/example_dags/example_setup_teardown.py took 0.051 seconds
[2024-06-18T14:39:59.701+0545] {processor.py:161} INFO - Started process (PID=9317) to work on /root/apache_env/lib/python3.10/site-packages/airflow/example_dags/example_setup_teardown.py
[2024-06-18T14:39:59.702+0545] {processor.py:830} INFO - Processing file /root/apache_env/lib/python3.10/site-packages/airflow/example_dags/example_setup_teardown.py for tasks to queue
[2024-06-18T14:39:59.704+0545] {logging_mixin.py:188} INFO - [2024-06-18T14:39:59.703+0545] {dagbag.py:545} INFO - Filling up the DagBag from /root/apache_env/lib/python3.10/site-packages/airflow/example_dags/example_setup_teardown.py
[2024-06-18T14:39:59.709+0545] {processor.py:840} INFO - DAG(s) 'example_setup_teardown' retrieved from /root/apache_env/lib/python3.10/site-packages/airflow/example_dags/example_setup_teardown.py
[2024-06-18T14:39:59.721+0545] {logging_mixin.py:188} INFO - [2024-06-18T14:39:59.721+0545] {dag.py:3096} INFO - Sync 1 DAGs
[2024-06-18T14:39:59.738+0545] {logging_mixin.py:188} INFO - [2024-06-18T14:39:59.738+0545] {dag.py:3954} INFO - Setting next_dagrun for example_setup_teardown to 2024-06-17 00:00:00+00:00, run_after=2024-06-18 00:00:00+00:00
[2024-06-18T14:39:59.756+0545] {processor.py:183} INFO - Processing /root/apache_env/lib/python3.10/site-packages/airflow/example_dags/example_setup_teardown.py took 0.060 seconds
[2024-06-18T14:40:47.355+0545] {processor.py:161} INFO - Started process (PID=9440) to work on /root/apache_env/lib/python3.10/site-packages/airflow/example_dags/example_setup_teardown.py
[2024-06-18T14:40:47.356+0545] {processor.py:830} INFO - Processing file /root/apache_env/lib/python3.10/site-packages/airflow/example_dags/example_setup_teardown.py for tasks to queue
[2024-06-18T14:40:47.357+0545] {logging_mixin.py:188} INFO - [2024-06-18T14:40:47.357+0545] {dagbag.py:545} INFO - Filling up the DagBag from /root/apache_env/lib/python3.10/site-packages/airflow/example_dags/example_setup_teardown.py
[2024-06-18T14:40:47.363+0545] {processor.py:840} INFO - DAG(s) 'example_setup_teardown' retrieved from /root/apache_env/lib/python3.10/site-packages/airflow/example_dags/example_setup_teardown.py
[2024-06-18T14:40:47.373+0545] {logging_mixin.py:188} INFO - [2024-06-18T14:40:47.373+0545] {dag.py:3096} INFO - Sync 1 DAGs
[2024-06-18T14:40:47.385+0545] {logging_mixin.py:188} INFO - [2024-06-18T14:40:47.385+0545] {dag.py:3954} INFO - Setting next_dagrun for example_setup_teardown to 2024-06-17 00:00:00+00:00, run_after=2024-06-18 00:00:00+00:00
[2024-06-18T14:40:47.402+0545] {processor.py:183} INFO - Processing /root/apache_env/lib/python3.10/site-packages/airflow/example_dags/example_setup_teardown.py took 0.052 seconds
[2024-06-18T14:41:32.127+0545] {processor.py:161} INFO - Started process (PID=9550) to work on /root/apache_env/lib/python3.10/site-packages/airflow/example_dags/example_setup_teardown.py
[2024-06-18T14:41:32.128+0545] {processor.py:830} INFO - Processing file /root/apache_env/lib/python3.10/site-packages/airflow/example_dags/example_setup_teardown.py for tasks to queue
[2024-06-18T14:41:32.129+0545] {logging_mixin.py:188} INFO - [2024-06-18T14:41:32.129+0545] {dagbag.py:545} INFO - Filling up the DagBag from /root/apache_env/lib/python3.10/site-packages/airflow/example_dags/example_setup_teardown.py
[2024-06-18T14:41:32.134+0545] {processor.py:840} INFO - DAG(s) 'example_setup_teardown' retrieved from /root/apache_env/lib/python3.10/site-packages/airflow/example_dags/example_setup_teardown.py
[2024-06-18T14:41:32.145+0545] {logging_mixin.py:188} INFO - [2024-06-18T14:41:32.144+0545] {dag.py:3096} INFO - Sync 1 DAGs
[2024-06-18T14:41:32.157+0545] {logging_mixin.py:188} INFO - [2024-06-18T14:41:32.157+0545] {dag.py:3954} INFO - Setting next_dagrun for example_setup_teardown to 2024-06-17 00:00:00+00:00, run_after=2024-06-18 00:00:00+00:00
[2024-06-18T14:41:32.173+0545] {processor.py:183} INFO - Processing /root/apache_env/lib/python3.10/site-packages/airflow/example_dags/example_setup_teardown.py took 0.050 seconds
[2024-06-18T14:42:15.235+0545] {processor.py:161} INFO - Started process (PID=9659) to work on /root/apache_env/lib/python3.10/site-packages/airflow/example_dags/example_setup_teardown.py
[2024-06-18T14:42:15.237+0545] {processor.py:830} INFO - Processing file /root/apache_env/lib/python3.10/site-packages/airflow/example_dags/example_setup_teardown.py for tasks to queue
[2024-06-18T14:42:15.238+0545] {logging_mixin.py:188} INFO - [2024-06-18T14:42:15.238+0545] {dagbag.py:545} INFO - Filling up the DagBag from /root/apache_env/lib/python3.10/site-packages/airflow/example_dags/example_setup_teardown.py
[2024-06-18T14:42:15.243+0545] {processor.py:840} INFO - DAG(s) 'example_setup_teardown' retrieved from /root/apache_env/lib/python3.10/site-packages/airflow/example_dags/example_setup_teardown.py
[2024-06-18T14:42:15.257+0545] {logging_mixin.py:188} INFO - [2024-06-18T14:42:15.257+0545] {dag.py:3096} INFO - Sync 1 DAGs
[2024-06-18T14:42:15.273+0545] {logging_mixin.py:188} INFO - [2024-06-18T14:42:15.272+0545] {dag.py:3954} INFO - Setting next_dagrun for example_setup_teardown to 2024-06-17 00:00:00+00:00, run_after=2024-06-18 00:00:00+00:00
[2024-06-18T14:42:15.290+0545] {processor.py:183} INFO - Processing /root/apache_env/lib/python3.10/site-packages/airflow/example_dags/example_setup_teardown.py took 0.059 seconds
[2024-06-18T14:42:58.376+0545] {processor.py:161} INFO - Started process (PID=9771) to work on /root/apache_env/lib/python3.10/site-packages/airflow/example_dags/example_setup_teardown.py
[2024-06-18T14:42:58.377+0545] {processor.py:830} INFO - Processing file /root/apache_env/lib/python3.10/site-packages/airflow/example_dags/example_setup_teardown.py for tasks to queue
[2024-06-18T14:42:58.379+0545] {logging_mixin.py:188} INFO - [2024-06-18T14:42:58.378+0545] {dagbag.py:545} INFO - Filling up the DagBag from /root/apache_env/lib/python3.10/site-packages/airflow/example_dags/example_setup_teardown.py
[2024-06-18T14:42:58.384+0545] {processor.py:840} INFO - DAG(s) 'example_setup_teardown' retrieved from /root/apache_env/lib/python3.10/site-packages/airflow/example_dags/example_setup_teardown.py
[2024-06-18T14:42:58.396+0545] {logging_mixin.py:188} INFO - [2024-06-18T14:42:58.396+0545] {dag.py:3096} INFO - Sync 1 DAGs
[2024-06-18T14:42:58.411+0545] {logging_mixin.py:188} INFO - [2024-06-18T14:42:58.411+0545] {dag.py:3954} INFO - Setting next_dagrun for example_setup_teardown to 2024-06-17 00:00:00+00:00, run_after=2024-06-18 00:00:00+00:00
[2024-06-18T14:42:58.427+0545] {processor.py:183} INFO - Processing /root/apache_env/lib/python3.10/site-packages/airflow/example_dags/example_setup_teardown.py took 0.055 seconds
[2024-06-18T14:43:44.390+0545] {processor.py:161} INFO - Started process (PID=9883) to work on /root/apache_env/lib/python3.10/site-packages/airflow/example_dags/example_setup_teardown.py
[2024-06-18T14:43:44.391+0545] {processor.py:830} INFO - Processing file /root/apache_env/lib/python3.10/site-packages/airflow/example_dags/example_setup_teardown.py for tasks to queue
[2024-06-18T14:43:44.392+0545] {logging_mixin.py:188} INFO - [2024-06-18T14:43:44.392+0545] {dagbag.py:545} INFO - Filling up the DagBag from /root/apache_env/lib/python3.10/site-packages/airflow/example_dags/example_setup_teardown.py
[2024-06-18T14:43:44.397+0545] {processor.py:840} INFO - DAG(s) 'example_setup_teardown' retrieved from /root/apache_env/lib/python3.10/site-packages/airflow/example_dags/example_setup_teardown.py
[2024-06-18T14:43:44.409+0545] {logging_mixin.py:188} INFO - [2024-06-18T14:43:44.409+0545] {dag.py:3096} INFO - Sync 1 DAGs
[2024-06-18T14:43:44.422+0545] {logging_mixin.py:188} INFO - [2024-06-18T14:43:44.422+0545] {dag.py:3954} INFO - Setting next_dagrun for example_setup_teardown to 2024-06-17 00:00:00+00:00, run_after=2024-06-18 00:00:00+00:00
[2024-06-18T14:43:44.441+0545] {processor.py:183} INFO - Processing /root/apache_env/lib/python3.10/site-packages/airflow/example_dags/example_setup_teardown.py took 0.055 seconds
[2024-06-18T14:44:30.705+0545] {processor.py:161} INFO - Started process (PID=10000) to work on /root/apache_env/lib/python3.10/site-packages/airflow/example_dags/example_setup_teardown.py
[2024-06-18T14:44:30.707+0545] {processor.py:830} INFO - Processing file /root/apache_env/lib/python3.10/site-packages/airflow/example_dags/example_setup_teardown.py for tasks to queue
[2024-06-18T14:44:30.708+0545] {logging_mixin.py:188} INFO - [2024-06-18T14:44:30.708+0545] {dagbag.py:545} INFO - Filling up the DagBag from /root/apache_env/lib/python3.10/site-packages/airflow/example_dags/example_setup_teardown.py
[2024-06-18T14:44:30.713+0545] {processor.py:840} INFO - DAG(s) 'example_setup_teardown' retrieved from /root/apache_env/lib/python3.10/site-packages/airflow/example_dags/example_setup_teardown.py
[2024-06-18T14:44:30.723+0545] {logging_mixin.py:188} INFO - [2024-06-18T14:44:30.723+0545] {dag.py:3096} INFO - Sync 1 DAGs
[2024-06-18T14:44:30.736+0545] {logging_mixin.py:188} INFO - [2024-06-18T14:44:30.735+0545] {dag.py:3954} INFO - Setting next_dagrun for example_setup_teardown to 2024-06-17 00:00:00+00:00, run_after=2024-06-18 00:00:00+00:00
[2024-06-18T14:44:30.753+0545] {processor.py:183} INFO - Processing /root/apache_env/lib/python3.10/site-packages/airflow/example_dags/example_setup_teardown.py took 0.051 seconds
[2024-06-18T14:45:21.495+0545] {processor.py:161} INFO - Started process (PID=10149) to work on /root/apache_env/lib/python3.10/site-packages/airflow/example_dags/example_setup_teardown.py
[2024-06-18T14:45:21.497+0545] {processor.py:830} INFO - Processing file /root/apache_env/lib/python3.10/site-packages/airflow/example_dags/example_setup_teardown.py for tasks to queue
[2024-06-18T14:45:21.498+0545] {logging_mixin.py:188} INFO - [2024-06-18T14:45:21.498+0545] {dagbag.py:545} INFO - Filling up the DagBag from /root/apache_env/lib/python3.10/site-packages/airflow/example_dags/example_setup_teardown.py
[2024-06-18T14:45:21.503+0545] {processor.py:840} INFO - DAG(s) 'example_setup_teardown' retrieved from /root/apache_env/lib/python3.10/site-packages/airflow/example_dags/example_setup_teardown.py
[2024-06-18T14:45:21.516+0545] {logging_mixin.py:188} INFO - [2024-06-18T14:45:21.516+0545] {dag.py:3096} INFO - Sync 1 DAGs
[2024-06-18T14:45:21.531+0545] {logging_mixin.py:188} INFO - [2024-06-18T14:45:21.531+0545] {dag.py:3954} INFO - Setting next_dagrun for example_setup_teardown to 2024-06-17 00:00:00+00:00, run_after=2024-06-18 00:00:00+00:00
[2024-06-18T14:45:21.548+0545] {processor.py:183} INFO - Processing /root/apache_env/lib/python3.10/site-packages/airflow/example_dags/example_setup_teardown.py took 0.056 seconds
[2024-06-18T14:46:11.251+0545] {processor.py:161} INFO - Started process (PID=10277) to work on /root/apache_env/lib/python3.10/site-packages/airflow/example_dags/example_setup_teardown.py
[2024-06-18T14:46:11.252+0545] {processor.py:830} INFO - Processing file /root/apache_env/lib/python3.10/site-packages/airflow/example_dags/example_setup_teardown.py for tasks to queue
[2024-06-18T14:46:11.253+0545] {logging_mixin.py:188} INFO - [2024-06-18T14:46:11.253+0545] {dagbag.py:545} INFO - Filling up the DagBag from /root/apache_env/lib/python3.10/site-packages/airflow/example_dags/example_setup_teardown.py
[2024-06-18T14:46:11.259+0545] {processor.py:840} INFO - DAG(s) 'example_setup_teardown' retrieved from /root/apache_env/lib/python3.10/site-packages/airflow/example_dags/example_setup_teardown.py
[2024-06-18T14:46:11.275+0545] {logging_mixin.py:188} INFO - [2024-06-18T14:46:11.275+0545] {dag.py:3096} INFO - Sync 1 DAGs
[2024-06-18T14:46:11.298+0545] {logging_mixin.py:188} INFO - [2024-06-18T14:46:11.298+0545] {dag.py:3954} INFO - Setting next_dagrun for example_setup_teardown to 2024-06-17 00:00:00+00:00, run_after=2024-06-18 00:00:00+00:00
[2024-06-18T14:46:11.320+0545] {processor.py:183} INFO - Processing /root/apache_env/lib/python3.10/site-packages/airflow/example_dags/example_setup_teardown.py took 0.073 seconds
[2024-06-18T14:46:54.013+0545] {processor.py:161} INFO - Started process (PID=10386) to work on /root/apache_env/lib/python3.10/site-packages/airflow/example_dags/example_setup_teardown.py
[2024-06-18T14:46:54.014+0545] {processor.py:830} INFO - Processing file /root/apache_env/lib/python3.10/site-packages/airflow/example_dags/example_setup_teardown.py for tasks to queue
[2024-06-18T14:46:54.016+0545] {logging_mixin.py:188} INFO - [2024-06-18T14:46:54.015+0545] {dagbag.py:545} INFO - Filling up the DagBag from /root/apache_env/lib/python3.10/site-packages/airflow/example_dags/example_setup_teardown.py
[2024-06-18T14:46:54.021+0545] {processor.py:840} INFO - DAG(s) 'example_setup_teardown' retrieved from /root/apache_env/lib/python3.10/site-packages/airflow/example_dags/example_setup_teardown.py
[2024-06-18T14:46:54.032+0545] {logging_mixin.py:188} INFO - [2024-06-18T14:46:54.032+0545] {dag.py:3096} INFO - Sync 1 DAGs
[2024-06-18T14:46:54.046+0545] {logging_mixin.py:188} INFO - [2024-06-18T14:46:54.046+0545] {dag.py:3954} INFO - Setting next_dagrun for example_setup_teardown to 2024-06-17 00:00:00+00:00, run_after=2024-06-18 00:00:00+00:00
[2024-06-18T14:46:54.061+0545] {processor.py:183} INFO - Processing /root/apache_env/lib/python3.10/site-packages/airflow/example_dags/example_setup_teardown.py took 0.054 seconds
[2024-06-18T14:47:37.366+0545] {processor.py:161} INFO - Started process (PID=10497) to work on /root/apache_env/lib/python3.10/site-packages/airflow/example_dags/example_setup_teardown.py
[2024-06-18T14:47:37.368+0545] {processor.py:830} INFO - Processing file /root/apache_env/lib/python3.10/site-packages/airflow/example_dags/example_setup_teardown.py for tasks to queue
[2024-06-18T14:47:37.369+0545] {logging_mixin.py:188} INFO - [2024-06-18T14:47:37.369+0545] {dagbag.py:545} INFO - Filling up the DagBag from /root/apache_env/lib/python3.10/site-packages/airflow/example_dags/example_setup_teardown.py
[2024-06-18T14:47:37.374+0545] {processor.py:840} INFO - DAG(s) 'example_setup_teardown' retrieved from /root/apache_env/lib/python3.10/site-packages/airflow/example_dags/example_setup_teardown.py
[2024-06-18T14:47:37.384+0545] {logging_mixin.py:188} INFO - [2024-06-18T14:47:37.384+0545] {dag.py:3096} INFO - Sync 1 DAGs
[2024-06-18T14:47:37.399+0545] {logging_mixin.py:188} INFO - [2024-06-18T14:47:37.399+0545] {dag.py:3954} INFO - Setting next_dagrun for example_setup_teardown to 2024-06-17 00:00:00+00:00, run_after=2024-06-18 00:00:00+00:00
[2024-06-18T14:47:37.415+0545] {processor.py:183} INFO - Processing /root/apache_env/lib/python3.10/site-packages/airflow/example_dags/example_setup_teardown.py took 0.052 seconds
[2024-06-18T14:48:21.316+0545] {processor.py:161} INFO - Started process (PID=10606) to work on /root/apache_env/lib/python3.10/site-packages/airflow/example_dags/example_setup_teardown.py
[2024-06-18T14:48:21.317+0545] {processor.py:830} INFO - Processing file /root/apache_env/lib/python3.10/site-packages/airflow/example_dags/example_setup_teardown.py for tasks to queue
[2024-06-18T14:48:21.319+0545] {logging_mixin.py:188} INFO - [2024-06-18T14:48:21.318+0545] {dagbag.py:545} INFO - Filling up the DagBag from /root/apache_env/lib/python3.10/site-packages/airflow/example_dags/example_setup_teardown.py
[2024-06-18T14:48:21.323+0545] {processor.py:840} INFO - DAG(s) 'example_setup_teardown' retrieved from /root/apache_env/lib/python3.10/site-packages/airflow/example_dags/example_setup_teardown.py
[2024-06-18T14:48:21.333+0545] {logging_mixin.py:188} INFO - [2024-06-18T14:48:21.333+0545] {dag.py:3096} INFO - Sync 1 DAGs
[2024-06-18T14:48:21.346+0545] {logging_mixin.py:188} INFO - [2024-06-18T14:48:21.346+0545] {dag.py:3954} INFO - Setting next_dagrun for example_setup_teardown to 2024-06-17 00:00:00+00:00, run_after=2024-06-18 00:00:00+00:00
[2024-06-18T14:48:21.363+0545] {processor.py:183} INFO - Processing /root/apache_env/lib/python3.10/site-packages/airflow/example_dags/example_setup_teardown.py took 0.051 seconds
[2024-06-18T14:49:07.542+0545] {processor.py:161} INFO - Started process (PID=10724) to work on /root/apache_env/lib/python3.10/site-packages/airflow/example_dags/example_setup_teardown.py
[2024-06-18T14:49:07.544+0545] {processor.py:830} INFO - Processing file /root/apache_env/lib/python3.10/site-packages/airflow/example_dags/example_setup_teardown.py for tasks to queue
[2024-06-18T14:49:07.545+0545] {logging_mixin.py:188} INFO - [2024-06-18T14:49:07.545+0545] {dagbag.py:545} INFO - Filling up the DagBag from /root/apache_env/lib/python3.10/site-packages/airflow/example_dags/example_setup_teardown.py
[2024-06-18T14:49:07.550+0545] {processor.py:840} INFO - DAG(s) 'example_setup_teardown' retrieved from /root/apache_env/lib/python3.10/site-packages/airflow/example_dags/example_setup_teardown.py
[2024-06-18T14:49:07.560+0545] {logging_mixin.py:188} INFO - [2024-06-18T14:49:07.560+0545] {dag.py:3096} INFO - Sync 1 DAGs
[2024-06-18T14:49:07.572+0545] {logging_mixin.py:188} INFO - [2024-06-18T14:49:07.572+0545] {dag.py:3954} INFO - Setting next_dagrun for example_setup_teardown to 2024-06-17 00:00:00+00:00, run_after=2024-06-18 00:00:00+00:00
[2024-06-18T14:49:07.590+0545] {processor.py:183} INFO - Processing /root/apache_env/lib/python3.10/site-packages/airflow/example_dags/example_setup_teardown.py took 0.052 seconds
[2024-06-18T14:49:53.660+0545] {processor.py:161} INFO - Started process (PID=10841) to work on /root/apache_env/lib/python3.10/site-packages/airflow/example_dags/example_setup_teardown.py
[2024-06-18T14:49:53.662+0545] {processor.py:830} INFO - Processing file /root/apache_env/lib/python3.10/site-packages/airflow/example_dags/example_setup_teardown.py for tasks to queue
[2024-06-18T14:49:53.664+0545] {logging_mixin.py:188} INFO - [2024-06-18T14:49:53.664+0545] {dagbag.py:545} INFO - Filling up the DagBag from /root/apache_env/lib/python3.10/site-packages/airflow/example_dags/example_setup_teardown.py
[2024-06-18T14:49:53.669+0545] {processor.py:840} INFO - DAG(s) 'example_setup_teardown' retrieved from /root/apache_env/lib/python3.10/site-packages/airflow/example_dags/example_setup_teardown.py
[2024-06-18T14:49:53.679+0545] {logging_mixin.py:188} INFO - [2024-06-18T14:49:53.679+0545] {dag.py:3096} INFO - Sync 1 DAGs
[2024-06-18T14:49:53.692+0545] {logging_mixin.py:188} INFO - [2024-06-18T14:49:53.692+0545] {dag.py:3954} INFO - Setting next_dagrun for example_setup_teardown to 2024-06-17 00:00:00+00:00, run_after=2024-06-18 00:00:00+00:00
[2024-06-18T14:49:53.708+0545] {processor.py:183} INFO - Processing /root/apache_env/lib/python3.10/site-packages/airflow/example_dags/example_setup_teardown.py took 0.052 seconds
[2024-06-18T14:50:36.454+0545] {processor.py:161} INFO - Started process (PID=10950) to work on /root/apache_env/lib/python3.10/site-packages/airflow/example_dags/example_setup_teardown.py
[2024-06-18T14:50:36.455+0545] {processor.py:830} INFO - Processing file /root/apache_env/lib/python3.10/site-packages/airflow/example_dags/example_setup_teardown.py for tasks to queue
[2024-06-18T14:50:36.457+0545] {logging_mixin.py:188} INFO - [2024-06-18T14:50:36.456+0545] {dagbag.py:545} INFO - Filling up the DagBag from /root/apache_env/lib/python3.10/site-packages/airflow/example_dags/example_setup_teardown.py
[2024-06-18T14:50:36.462+0545] {processor.py:840} INFO - DAG(s) 'example_setup_teardown' retrieved from /root/apache_env/lib/python3.10/site-packages/airflow/example_dags/example_setup_teardown.py
[2024-06-18T14:50:36.476+0545] {logging_mixin.py:188} INFO - [2024-06-18T14:50:36.476+0545] {dag.py:3096} INFO - Sync 1 DAGs
[2024-06-18T14:50:36.493+0545] {logging_mixin.py:188} INFO - [2024-06-18T14:50:36.493+0545] {dag.py:3954} INFO - Setting next_dagrun for example_setup_teardown to 2024-06-17 00:00:00+00:00, run_after=2024-06-18 00:00:00+00:00
[2024-06-18T14:50:36.510+0545] {processor.py:183} INFO - Processing /root/apache_env/lib/python3.10/site-packages/airflow/example_dags/example_setup_teardown.py took 0.060 seconds
[2024-06-18T14:51:20.566+0545] {processor.py:161} INFO - Started process (PID=11063) to work on /root/apache_env/lib/python3.10/site-packages/airflow/example_dags/example_setup_teardown.py
[2024-06-18T14:51:20.567+0545] {processor.py:830} INFO - Processing file /root/apache_env/lib/python3.10/site-packages/airflow/example_dags/example_setup_teardown.py for tasks to queue
[2024-06-18T14:51:20.569+0545] {logging_mixin.py:188} INFO - [2024-06-18T14:51:20.569+0545] {dagbag.py:545} INFO - Filling up the DagBag from /root/apache_env/lib/python3.10/site-packages/airflow/example_dags/example_setup_teardown.py
[2024-06-18T14:51:20.574+0545] {processor.py:840} INFO - DAG(s) 'example_setup_teardown' retrieved from /root/apache_env/lib/python3.10/site-packages/airflow/example_dags/example_setup_teardown.py
[2024-06-18T14:51:20.585+0545] {logging_mixin.py:188} INFO - [2024-06-18T14:51:20.585+0545] {dag.py:3096} INFO - Sync 1 DAGs
[2024-06-18T14:51:20.599+0545] {logging_mixin.py:188} INFO - [2024-06-18T14:51:20.599+0545] {dag.py:3954} INFO - Setting next_dagrun for example_setup_teardown to 2024-06-17 00:00:00+00:00, run_after=2024-06-18 00:00:00+00:00
[2024-06-18T14:51:20.617+0545] {processor.py:183} INFO - Processing /root/apache_env/lib/python3.10/site-packages/airflow/example_dags/example_setup_teardown.py took 0.055 seconds
[2024-06-18T14:52:03.440+0545] {processor.py:161} INFO - Started process (PID=11169) to work on /root/apache_env/lib/python3.10/site-packages/airflow/example_dags/example_setup_teardown.py
[2024-06-18T14:52:03.441+0545] {processor.py:830} INFO - Processing file /root/apache_env/lib/python3.10/site-packages/airflow/example_dags/example_setup_teardown.py for tasks to queue
[2024-06-18T14:52:03.443+0545] {logging_mixin.py:188} INFO - [2024-06-18T14:52:03.442+0545] {dagbag.py:545} INFO - Filling up the DagBag from /root/apache_env/lib/python3.10/site-packages/airflow/example_dags/example_setup_teardown.py
[2024-06-18T14:52:03.449+0545] {processor.py:840} INFO - DAG(s) 'example_setup_teardown' retrieved from /root/apache_env/lib/python3.10/site-packages/airflow/example_dags/example_setup_teardown.py
[2024-06-18T14:52:03.464+0545] {logging_mixin.py:188} INFO - [2024-06-18T14:52:03.464+0545] {dag.py:3096} INFO - Sync 1 DAGs
[2024-06-18T14:52:03.487+0545] {logging_mixin.py:188} INFO - [2024-06-18T14:52:03.487+0545] {dag.py:3954} INFO - Setting next_dagrun for example_setup_teardown to 2024-06-17 00:00:00+00:00, run_after=2024-06-18 00:00:00+00:00
[2024-06-18T14:52:03.524+0545] {processor.py:183} INFO - Processing /root/apache_env/lib/python3.10/site-packages/airflow/example_dags/example_setup_teardown.py took 0.090 seconds
