[2024-06-18T14:12:25.313+0545] {processor.py:161} INFO - Started process (PID=5036) to work on /root/apache_env/lib/python3.10/site-packages/airflow/example_dags/example_branch_operator_decorator.py
[2024-06-18T14:12:25.313+0545] {processor.py:830} INFO - Processing file /root/apache_env/lib/python3.10/site-packages/airflow/example_dags/example_branch_operator_decorator.py for tasks to queue
[2024-06-18T14:12:25.314+0545] {logging_mixin.py:188} INFO - [2024-06-18T14:12:25.314+0545] {dagbag.py:545} INFO - Filling up the DagBag from /root/apache_env/lib/python3.10/site-packages/airflow/example_dags/example_branch_operator_decorator.py
[2024-06-18T14:12:25.331+0545] {processor.py:840} INFO - DAG(s) 'example_branch_python_operator_decorator' retrieved from /root/apache_env/lib/python3.10/site-packages/airflow/example_dags/example_branch_operator_decorator.py
[2024-06-18T14:12:25.415+0545] {logging_mixin.py:188} INFO - [2024-06-18T14:12:25.414+0545] {override.py:1829} INFO - Created Permission View: can delete on DAG:example_branch_python_operator_decorator
[2024-06-18T14:12:25.425+0545] {logging_mixin.py:188} INFO - [2024-06-18T14:12:25.424+0545] {override.py:1829} INFO - Created Permission View: can read on DAG:example_branch_python_operator_decorator
[2024-06-18T14:12:25.433+0545] {logging_mixin.py:188} INFO - [2024-06-18T14:12:25.432+0545] {override.py:1829} INFO - Created Permission View: can edit on DAG:example_branch_python_operator_decorator
[2024-06-18T14:12:25.433+0545] {logging_mixin.py:188} INFO - [2024-06-18T14:12:25.433+0545] {dag.py:3096} INFO - Sync 1 DAGs
[2024-06-18T14:12:25.441+0545] {logging_mixin.py:188} INFO - [2024-06-18T14:12:25.441+0545] {dag.py:3118} INFO - Creating ORM DAG for example_branch_python_operator_decorator
[2024-06-18T14:12:25.448+0545] {logging_mixin.py:188} INFO - [2024-06-18T14:12:25.447+0545] {dag.py:3954} INFO - Setting next_dagrun for example_branch_python_operator_decorator to 2024-06-17 00:00:00+00:00, run_after=2024-06-18 00:00:00+00:00
[2024-06-18T14:12:25.464+0545] {processor.py:183} INFO - Processing /root/apache_env/lib/python3.10/site-packages/airflow/example_dags/example_branch_operator_decorator.py took 0.155 seconds
[2024-06-18T14:14:39.945+0545] {processor.py:161} INFO - Started process (PID=5338) to work on /root/apache_env/lib/python3.10/site-packages/airflow/example_dags/example_branch_operator_decorator.py
[2024-06-18T14:14:39.946+0545] {processor.py:830} INFO - Processing file /root/apache_env/lib/python3.10/site-packages/airflow/example_dags/example_branch_operator_decorator.py for tasks to queue
[2024-06-18T14:14:39.947+0545] {logging_mixin.py:188} INFO - [2024-06-18T14:14:39.947+0545] {dagbag.py:545} INFO - Filling up the DagBag from /root/apache_env/lib/python3.10/site-packages/airflow/example_dags/example_branch_operator_decorator.py
[2024-06-18T14:14:39.964+0545] {processor.py:840} INFO - DAG(s) 'example_branch_python_operator_decorator' retrieved from /root/apache_env/lib/python3.10/site-packages/airflow/example_dags/example_branch_operator_decorator.py
[2024-06-18T14:14:40.050+0545] {logging_mixin.py:188} INFO - [2024-06-18T14:14:40.050+0545] {dag.py:3096} INFO - Sync 1 DAGs
[2024-06-18T14:14:40.067+0545] {logging_mixin.py:188} INFO - [2024-06-18T14:14:40.067+0545] {dag.py:3954} INFO - Setting next_dagrun for example_branch_python_operator_decorator to 2024-06-17 00:00:00+00:00, run_after=2024-06-18 00:00:00+00:00
[2024-06-18T14:14:40.085+0545] {processor.py:183} INFO - Processing /root/apache_env/lib/python3.10/site-packages/airflow/example_dags/example_branch_operator_decorator.py took 0.144 seconds
[2024-06-18T14:15:56.978+0545] {processor.py:161} INFO - Started process (PID=5557) to work on /root/apache_env/lib/python3.10/site-packages/airflow/example_dags/example_branch_operator_decorator.py
[2024-06-18T14:15:56.979+0545] {processor.py:830} INFO - Processing file /root/apache_env/lib/python3.10/site-packages/airflow/example_dags/example_branch_operator_decorator.py for tasks to queue
[2024-06-18T14:15:56.981+0545] {logging_mixin.py:188} INFO - [2024-06-18T14:15:56.980+0545] {dagbag.py:545} INFO - Filling up the DagBag from /root/apache_env/lib/python3.10/site-packages/airflow/example_dags/example_branch_operator_decorator.py
[2024-06-18T14:15:56.999+0545] {processor.py:840} INFO - DAG(s) 'example_branch_python_operator_decorator' retrieved from /root/apache_env/lib/python3.10/site-packages/airflow/example_dags/example_branch_operator_decorator.py
[2024-06-18T14:15:57.005+0545] {logging_mixin.py:188} INFO - [2024-06-18T14:15:57.005+0545] {dag.py:3096} INFO - Sync 1 DAGs
[2024-06-18T14:15:57.021+0545] {logging_mixin.py:188} INFO - [2024-06-18T14:15:57.021+0545] {dag.py:3954} INFO - Setting next_dagrun for example_branch_python_operator_decorator to 2024-06-17 00:00:00+00:00, run_after=2024-06-18 00:00:00+00:00
[2024-06-18T14:15:57.038+0545] {processor.py:183} INFO - Processing /root/apache_env/lib/python3.10/site-packages/airflow/example_dags/example_branch_operator_decorator.py took 0.065 seconds
[2024-06-18T14:16:56.015+0545] {processor.py:161} INFO - Started process (PID=5701) to work on /root/apache_env/lib/python3.10/site-packages/airflow/example_dags/example_branch_operator_decorator.py
[2024-06-18T14:16:56.016+0545] {processor.py:830} INFO - Processing file /root/apache_env/lib/python3.10/site-packages/airflow/example_dags/example_branch_operator_decorator.py for tasks to queue
[2024-06-18T14:16:56.017+0545] {logging_mixin.py:188} INFO - [2024-06-18T14:16:56.017+0545] {dagbag.py:545} INFO - Filling up the DagBag from /root/apache_env/lib/python3.10/site-packages/airflow/example_dags/example_branch_operator_decorator.py
[2024-06-18T14:16:56.032+0545] {processor.py:840} INFO - DAG(s) 'example_branch_python_operator_decorator' retrieved from /root/apache_env/lib/python3.10/site-packages/airflow/example_dags/example_branch_operator_decorator.py
[2024-06-18T14:16:56.148+0545] {logging_mixin.py:188} INFO - [2024-06-18T14:16:56.148+0545] {dag.py:3096} INFO - Sync 1 DAGs
[2024-06-18T14:16:56.159+0545] {logging_mixin.py:188} INFO - [2024-06-18T14:16:56.158+0545] {dag.py:3954} INFO - Setting next_dagrun for example_branch_python_operator_decorator to 2024-06-17 00:00:00+00:00, run_after=2024-06-18 00:00:00+00:00
[2024-06-18T14:16:56.174+0545] {processor.py:183} INFO - Processing /root/apache_env/lib/python3.10/site-packages/airflow/example_dags/example_branch_operator_decorator.py took 0.163 seconds
[2024-06-18T14:17:46.935+0545] {processor.py:161} INFO - Started process (PID=5830) to work on /root/apache_env/lib/python3.10/site-packages/airflow/example_dags/example_branch_operator_decorator.py
[2024-06-18T14:17:46.936+0545] {processor.py:830} INFO - Processing file /root/apache_env/lib/python3.10/site-packages/airflow/example_dags/example_branch_operator_decorator.py for tasks to queue
[2024-06-18T14:17:46.938+0545] {logging_mixin.py:188} INFO - [2024-06-18T14:17:46.937+0545] {dagbag.py:545} INFO - Filling up the DagBag from /root/apache_env/lib/python3.10/site-packages/airflow/example_dags/example_branch_operator_decorator.py
[2024-06-18T14:17:46.951+0545] {processor.py:840} INFO - DAG(s) 'example_branch_python_operator_decorator' retrieved from /root/apache_env/lib/python3.10/site-packages/airflow/example_dags/example_branch_operator_decorator.py
[2024-06-18T14:17:46.969+0545] {logging_mixin.py:188} INFO - [2024-06-18T14:17:46.969+0545] {dag.py:3096} INFO - Sync 1 DAGs
[2024-06-18T14:17:47.040+0545] {logging_mixin.py:188} INFO - [2024-06-18T14:17:47.040+0545] {dag.py:3954} INFO - Setting next_dagrun for example_branch_python_operator_decorator to 2024-06-17 00:00:00+00:00, run_after=2024-06-18 00:00:00+00:00
[2024-06-18T14:17:47.056+0545] {processor.py:183} INFO - Processing /root/apache_env/lib/python3.10/site-packages/airflow/example_dags/example_branch_operator_decorator.py took 0.125 seconds
[2024-06-18T14:18:34.925+0545] {processor.py:161} INFO - Started process (PID=5916) to work on /root/apache_env/lib/python3.10/site-packages/airflow/example_dags/example_branch_operator_decorator.py
[2024-06-18T14:18:34.927+0545] {processor.py:830} INFO - Processing file /root/apache_env/lib/python3.10/site-packages/airflow/example_dags/example_branch_operator_decorator.py for tasks to queue
[2024-06-18T14:18:34.928+0545] {logging_mixin.py:188} INFO - [2024-06-18T14:18:34.928+0545] {dagbag.py:545} INFO - Filling up the DagBag from /root/apache_env/lib/python3.10/site-packages/airflow/example_dags/example_branch_operator_decorator.py
[2024-06-18T14:18:34.942+0545] {processor.py:840} INFO - DAG(s) 'example_branch_python_operator_decorator' retrieved from /root/apache_env/lib/python3.10/site-packages/airflow/example_dags/example_branch_operator_decorator.py
[2024-06-18T14:18:34.958+0545] {logging_mixin.py:188} INFO - [2024-06-18T14:18:34.957+0545] {dag.py:3096} INFO - Sync 1 DAGs
[2024-06-18T14:18:34.970+0545] {logging_mixin.py:188} INFO - [2024-06-18T14:18:34.970+0545] {dag.py:3954} INFO - Setting next_dagrun for example_branch_python_operator_decorator to 2024-06-17 00:00:00+00:00, run_after=2024-06-18 00:00:00+00:00
[2024-06-18T14:18:34.989+0545] {processor.py:183} INFO - Processing /root/apache_env/lib/python3.10/site-packages/airflow/example_dags/example_branch_operator_decorator.py took 0.068 seconds
[2024-06-18T14:22:12.818+0545] {processor.py:161} INFO - Started process (PID=6515) to work on /root/apache_env/lib/python3.10/site-packages/airflow/example_dags/example_branch_operator_decorator.py
[2024-06-18T14:22:12.819+0545] {processor.py:830} INFO - Processing file /root/apache_env/lib/python3.10/site-packages/airflow/example_dags/example_branch_operator_decorator.py for tasks to queue
[2024-06-18T14:22:12.820+0545] {logging_mixin.py:188} INFO - [2024-06-18T14:22:12.820+0545] {dagbag.py:545} INFO - Filling up the DagBag from /root/apache_env/lib/python3.10/site-packages/airflow/example_dags/example_branch_operator_decorator.py
[2024-06-18T14:22:12.836+0545] {processor.py:840} INFO - DAG(s) 'example_branch_python_operator_decorator' retrieved from /root/apache_env/lib/python3.10/site-packages/airflow/example_dags/example_branch_operator_decorator.py
[2024-06-18T14:22:12.841+0545] {logging_mixin.py:188} INFO - [2024-06-18T14:22:12.841+0545] {dag.py:3096} INFO - Sync 1 DAGs
[2024-06-18T14:22:12.858+0545] {logging_mixin.py:188} INFO - [2024-06-18T14:22:12.858+0545] {dag.py:3954} INFO - Setting next_dagrun for example_branch_python_operator_decorator to 2024-06-17 00:00:00+00:00, run_after=2024-06-18 00:00:00+00:00
[2024-06-18T14:22:12.877+0545] {processor.py:183} INFO - Processing /root/apache_env/lib/python3.10/site-packages/airflow/example_dags/example_branch_operator_decorator.py took 0.064 seconds
[2024-06-18T14:23:18.524+0545] {processor.py:161} INFO - Started process (PID=6730) to work on /root/apache_env/lib/python3.10/site-packages/airflow/example_dags/example_branch_operator_decorator.py
[2024-06-18T14:23:18.525+0545] {processor.py:830} INFO - Processing file /root/apache_env/lib/python3.10/site-packages/airflow/example_dags/example_branch_operator_decorator.py for tasks to queue
[2024-06-18T14:23:18.527+0545] {logging_mixin.py:188} INFO - [2024-06-18T14:23:18.527+0545] {dagbag.py:545} INFO - Filling up the DagBag from /root/apache_env/lib/python3.10/site-packages/airflow/example_dags/example_branch_operator_decorator.py
[2024-06-18T14:23:18.541+0545] {processor.py:840} INFO - DAG(s) 'example_branch_python_operator_decorator' retrieved from /root/apache_env/lib/python3.10/site-packages/airflow/example_dags/example_branch_operator_decorator.py
[2024-06-18T14:23:18.670+0545] {logging_mixin.py:188} INFO - [2024-06-18T14:23:18.670+0545] {dag.py:3096} INFO - Sync 1 DAGs
[2024-06-18T14:23:18.681+0545] {logging_mixin.py:188} INFO - [2024-06-18T14:23:18.681+0545] {dag.py:3954} INFO - Setting next_dagrun for example_branch_python_operator_decorator to 2024-06-17 00:00:00+00:00, run_after=2024-06-18 00:00:00+00:00
[2024-06-18T14:23:18.697+0545] {processor.py:183} INFO - Processing /root/apache_env/lib/python3.10/site-packages/airflow/example_dags/example_branch_operator_decorator.py took 0.176 seconds
[2024-06-18T14:24:11.639+0545] {processor.py:161} INFO - Started process (PID=6862) to work on /root/apache_env/lib/python3.10/site-packages/airflow/example_dags/example_branch_operator_decorator.py
[2024-06-18T14:24:11.640+0545] {processor.py:830} INFO - Processing file /root/apache_env/lib/python3.10/site-packages/airflow/example_dags/example_branch_operator_decorator.py for tasks to queue
[2024-06-18T14:24:11.641+0545] {logging_mixin.py:188} INFO - [2024-06-18T14:24:11.641+0545] {dagbag.py:545} INFO - Filling up the DagBag from /root/apache_env/lib/python3.10/site-packages/airflow/example_dags/example_branch_operator_decorator.py
[2024-06-18T14:24:11.655+0545] {processor.py:840} INFO - DAG(s) 'example_branch_python_operator_decorator' retrieved from /root/apache_env/lib/python3.10/site-packages/airflow/example_dags/example_branch_operator_decorator.py
[2024-06-18T14:24:11.671+0545] {logging_mixin.py:188} INFO - [2024-06-18T14:24:11.671+0545] {dag.py:3096} INFO - Sync 1 DAGs
[2024-06-18T14:24:11.740+0545] {logging_mixin.py:188} INFO - [2024-06-18T14:24:11.739+0545] {dag.py:3954} INFO - Setting next_dagrun for example_branch_python_operator_decorator to 2024-06-17 00:00:00+00:00, run_after=2024-06-18 00:00:00+00:00
[2024-06-18T14:24:11.757+0545] {processor.py:183} INFO - Processing /root/apache_env/lib/python3.10/site-packages/airflow/example_dags/example_branch_operator_decorator.py took 0.122 seconds
[2024-06-18T14:25:01.119+0545] {processor.py:161} INFO - Started process (PID=6984) to work on /root/apache_env/lib/python3.10/site-packages/airflow/example_dags/example_branch_operator_decorator.py
[2024-06-18T14:25:01.121+0545] {processor.py:830} INFO - Processing file /root/apache_env/lib/python3.10/site-packages/airflow/example_dags/example_branch_operator_decorator.py for tasks to queue
[2024-06-18T14:25:01.123+0545] {logging_mixin.py:188} INFO - [2024-06-18T14:25:01.123+0545] {dagbag.py:545} INFO - Filling up the DagBag from /root/apache_env/lib/python3.10/site-packages/airflow/example_dags/example_branch_operator_decorator.py
[2024-06-18T14:25:01.142+0545] {processor.py:840} INFO - DAG(s) 'example_branch_python_operator_decorator' retrieved from /root/apache_env/lib/python3.10/site-packages/airflow/example_dags/example_branch_operator_decorator.py
[2024-06-18T14:25:01.160+0545] {logging_mixin.py:188} INFO - [2024-06-18T14:25:01.160+0545] {dag.py:3096} INFO - Sync 1 DAGs
[2024-06-18T14:25:01.176+0545] {logging_mixin.py:188} INFO - [2024-06-18T14:25:01.176+0545] {dag.py:3954} INFO - Setting next_dagrun for example_branch_python_operator_decorator to 2024-06-17 00:00:00+00:00, run_after=2024-06-18 00:00:00+00:00
[2024-06-18T14:25:01.195+0545] {processor.py:183} INFO - Processing /root/apache_env/lib/python3.10/site-packages/airflow/example_dags/example_branch_operator_decorator.py took 0.080 seconds
[2024-06-18T14:25:50.087+0545] {processor.py:161} INFO - Started process (PID=7153) to work on /root/apache_env/lib/python3.10/site-packages/airflow/example_dags/example_branch_operator_decorator.py
[2024-06-18T14:25:50.088+0545] {processor.py:830} INFO - Processing file /root/apache_env/lib/python3.10/site-packages/airflow/example_dags/example_branch_operator_decorator.py for tasks to queue
[2024-06-18T14:25:50.089+0545] {logging_mixin.py:188} INFO - [2024-06-18T14:25:50.089+0545] {dagbag.py:545} INFO - Filling up the DagBag from /root/apache_env/lib/python3.10/site-packages/airflow/example_dags/example_branch_operator_decorator.py
[2024-06-18T14:25:50.105+0545] {processor.py:840} INFO - DAG(s) 'example_branch_python_operator_decorator' retrieved from /root/apache_env/lib/python3.10/site-packages/airflow/example_dags/example_branch_operator_decorator.py
[2024-06-18T14:25:50.110+0545] {logging_mixin.py:188} INFO - [2024-06-18T14:25:50.110+0545] {dag.py:3096} INFO - Sync 1 DAGs
[2024-06-18T14:25:50.125+0545] {logging_mixin.py:188} INFO - [2024-06-18T14:25:50.125+0545] {dag.py:3954} INFO - Setting next_dagrun for example_branch_python_operator_decorator to 2024-06-17 00:00:00+00:00, run_after=2024-06-18 00:00:00+00:00
[2024-06-18T14:25:50.142+0545] {processor.py:183} INFO - Processing /root/apache_env/lib/python3.10/site-packages/airflow/example_dags/example_branch_operator_decorator.py took 0.061 seconds
[2024-06-18T14:27:15.559+0545] {processor.py:161} INFO - Started process (PID=7368) to work on /root/apache_env/lib/python3.10/site-packages/airflow/example_dags/example_branch_operator_decorator.py
[2024-06-18T14:27:15.560+0545] {processor.py:830} INFO - Processing file /root/apache_env/lib/python3.10/site-packages/airflow/example_dags/example_branch_operator_decorator.py for tasks to queue
[2024-06-18T14:27:15.562+0545] {logging_mixin.py:188} INFO - [2024-06-18T14:27:15.562+0545] {dagbag.py:545} INFO - Filling up the DagBag from /root/apache_env/lib/python3.10/site-packages/airflow/example_dags/example_branch_operator_decorator.py
[2024-06-18T14:27:15.581+0545] {processor.py:840} INFO - DAG(s) 'example_branch_python_operator_decorator' retrieved from /root/apache_env/lib/python3.10/site-packages/airflow/example_dags/example_branch_operator_decorator.py
[2024-06-18T14:27:15.586+0545] {logging_mixin.py:188} INFO - [2024-06-18T14:27:15.586+0545] {dag.py:3096} INFO - Sync 1 DAGs
[2024-06-18T14:27:15.604+0545] {logging_mixin.py:188} INFO - [2024-06-18T14:27:15.604+0545] {dag.py:3954} INFO - Setting next_dagrun for example_branch_python_operator_decorator to 2024-06-17 00:00:00+00:00, run_after=2024-06-18 00:00:00+00:00
[2024-06-18T14:27:15.625+0545] {processor.py:183} INFO - Processing /root/apache_env/lib/python3.10/site-packages/airflow/example_dags/example_branch_operator_decorator.py took 0.070 seconds
[2024-06-18T14:28:10.840+0545] {processor.py:161} INFO - Started process (PID=7518) to work on /root/apache_env/lib/python3.10/site-packages/airflow/example_dags/example_branch_operator_decorator.py
[2024-06-18T14:28:10.841+0545] {processor.py:830} INFO - Processing file /root/apache_env/lib/python3.10/site-packages/airflow/example_dags/example_branch_operator_decorator.py for tasks to queue
[2024-06-18T14:28:10.843+0545] {logging_mixin.py:188} INFO - [2024-06-18T14:28:10.842+0545] {dagbag.py:545} INFO - Filling up the DagBag from /root/apache_env/lib/python3.10/site-packages/airflow/example_dags/example_branch_operator_decorator.py
[2024-06-18T14:28:10.859+0545] {processor.py:840} INFO - DAG(s) 'example_branch_python_operator_decorator' retrieved from /root/apache_env/lib/python3.10/site-packages/airflow/example_dags/example_branch_operator_decorator.py
[2024-06-18T14:28:10.990+0545] {logging_mixin.py:188} INFO - [2024-06-18T14:28:10.990+0545] {dag.py:3096} INFO - Sync 1 DAGs
[2024-06-18T14:28:11.002+0545] {logging_mixin.py:188} INFO - [2024-06-18T14:28:11.002+0545] {dag.py:3954} INFO - Setting next_dagrun for example_branch_python_operator_decorator to 2024-06-17 00:00:00+00:00, run_after=2024-06-18 00:00:00+00:00
[2024-06-18T14:28:11.022+0545] {processor.py:183} INFO - Processing /root/apache_env/lib/python3.10/site-packages/airflow/example_dags/example_branch_operator_decorator.py took 0.187 seconds
[2024-06-18T14:29:54.658+0545] {processor.py:161} INFO - Started process (PID=7773) to work on /root/apache_env/lib/python3.10/site-packages/airflow/example_dags/example_branch_operator_decorator.py
[2024-06-18T14:29:54.659+0545] {processor.py:830} INFO - Processing file /root/apache_env/lib/python3.10/site-packages/airflow/example_dags/example_branch_operator_decorator.py for tasks to queue
[2024-06-18T14:29:54.660+0545] {logging_mixin.py:188} INFO - [2024-06-18T14:29:54.660+0545] {dagbag.py:545} INFO - Filling up the DagBag from /root/apache_env/lib/python3.10/site-packages/airflow/example_dags/example_branch_operator_decorator.py
[2024-06-18T14:29:54.677+0545] {processor.py:840} INFO - DAG(s) 'example_branch_python_operator_decorator' retrieved from /root/apache_env/lib/python3.10/site-packages/airflow/example_dags/example_branch_operator_decorator.py
[2024-06-18T14:29:54.682+0545] {logging_mixin.py:188} INFO - [2024-06-18T14:29:54.682+0545] {dag.py:3096} INFO - Sync 1 DAGs
[2024-06-18T14:29:54.699+0545] {logging_mixin.py:188} INFO - [2024-06-18T14:29:54.699+0545] {dag.py:3954} INFO - Setting next_dagrun for example_branch_python_operator_decorator to 2024-06-17 00:00:00+00:00, run_after=2024-06-18 00:00:00+00:00
[2024-06-18T14:29:54.716+0545] {processor.py:183} INFO - Processing /root/apache_env/lib/python3.10/site-packages/airflow/example_dags/example_branch_operator_decorator.py took 0.061 seconds
[2024-06-18T14:30:47.944+0545] {processor.py:161} INFO - Started process (PID=7908) to work on /root/apache_env/lib/python3.10/site-packages/airflow/example_dags/example_branch_operator_decorator.py
[2024-06-18T14:30:47.945+0545] {processor.py:830} INFO - Processing file /root/apache_env/lib/python3.10/site-packages/airflow/example_dags/example_branch_operator_decorator.py for tasks to queue
[2024-06-18T14:30:47.946+0545] {logging_mixin.py:188} INFO - [2024-06-18T14:30:47.946+0545] {dagbag.py:545} INFO - Filling up the DagBag from /root/apache_env/lib/python3.10/site-packages/airflow/example_dags/example_branch_operator_decorator.py
[2024-06-18T14:30:47.960+0545] {processor.py:840} INFO - DAG(s) 'example_branch_python_operator_decorator' retrieved from /root/apache_env/lib/python3.10/site-packages/airflow/example_dags/example_branch_operator_decorator.py
[2024-06-18T14:30:48.076+0545] {logging_mixin.py:188} INFO - [2024-06-18T14:30:48.076+0545] {dag.py:3096} INFO - Sync 1 DAGs
[2024-06-18T14:30:48.086+0545] {logging_mixin.py:188} INFO - [2024-06-18T14:30:48.086+0545] {dag.py:3954} INFO - Setting next_dagrun for example_branch_python_operator_decorator to 2024-06-17 00:00:00+00:00, run_after=2024-06-18 00:00:00+00:00
[2024-06-18T14:30:48.103+0545] {processor.py:183} INFO - Processing /root/apache_env/lib/python3.10/site-packages/airflow/example_dags/example_branch_operator_decorator.py took 0.163 seconds
[2024-06-18T14:31:39.538+0545] {processor.py:161} INFO - Started process (PID=8033) to work on /root/apache_env/lib/python3.10/site-packages/airflow/example_dags/example_branch_operator_decorator.py
[2024-06-18T14:31:39.539+0545] {processor.py:830} INFO - Processing file /root/apache_env/lib/python3.10/site-packages/airflow/example_dags/example_branch_operator_decorator.py for tasks to queue
[2024-06-18T14:31:39.540+0545] {logging_mixin.py:188} INFO - [2024-06-18T14:31:39.540+0545] {dagbag.py:545} INFO - Filling up the DagBag from /root/apache_env/lib/python3.10/site-packages/airflow/example_dags/example_branch_operator_decorator.py
[2024-06-18T14:31:39.557+0545] {processor.py:840} INFO - DAG(s) 'example_branch_python_operator_decorator' retrieved from /root/apache_env/lib/python3.10/site-packages/airflow/example_dags/example_branch_operator_decorator.py
[2024-06-18T14:31:39.575+0545] {logging_mixin.py:188} INFO - [2024-06-18T14:31:39.575+0545] {dag.py:3096} INFO - Sync 1 DAGs
[2024-06-18T14:31:39.651+0545] {logging_mixin.py:188} INFO - [2024-06-18T14:31:39.651+0545] {dag.py:3954} INFO - Setting next_dagrun for example_branch_python_operator_decorator to 2024-06-17 00:00:00+00:00, run_after=2024-06-18 00:00:00+00:00
[2024-06-18T14:31:39.667+0545] {processor.py:183} INFO - Processing /root/apache_env/lib/python3.10/site-packages/airflow/example_dags/example_branch_operator_decorator.py took 0.133 seconds
[2024-06-18T14:32:28.278+0545] {processor.py:161} INFO - Started process (PID=8154) to work on /root/apache_env/lib/python3.10/site-packages/airflow/example_dags/example_branch_operator_decorator.py
[2024-06-18T14:32:28.279+0545] {processor.py:830} INFO - Processing file /root/apache_env/lib/python3.10/site-packages/airflow/example_dags/example_branch_operator_decorator.py for tasks to queue
[2024-06-18T14:32:28.281+0545] {logging_mixin.py:188} INFO - [2024-06-18T14:32:28.280+0545] {dagbag.py:545} INFO - Filling up the DagBag from /root/apache_env/lib/python3.10/site-packages/airflow/example_dags/example_branch_operator_decorator.py
[2024-06-18T14:32:28.296+0545] {processor.py:840} INFO - DAG(s) 'example_branch_python_operator_decorator' retrieved from /root/apache_env/lib/python3.10/site-packages/airflow/example_dags/example_branch_operator_decorator.py
[2024-06-18T14:32:28.312+0545] {logging_mixin.py:188} INFO - [2024-06-18T14:32:28.312+0545] {dag.py:3096} INFO - Sync 1 DAGs
[2024-06-18T14:32:28.325+0545] {logging_mixin.py:188} INFO - [2024-06-18T14:32:28.325+0545] {dag.py:3954} INFO - Setting next_dagrun for example_branch_python_operator_decorator to 2024-06-17 00:00:00+00:00, run_after=2024-06-18 00:00:00+00:00
[2024-06-18T14:32:28.344+0545] {processor.py:183} INFO - Processing /root/apache_env/lib/python3.10/site-packages/airflow/example_dags/example_branch_operator_decorator.py took 0.070 seconds
[2024-06-18T14:33:14.718+0545] {processor.py:161} INFO - Started process (PID=8268) to work on /root/apache_env/lib/python3.10/site-packages/airflow/example_dags/example_branch_operator_decorator.py
[2024-06-18T14:33:14.720+0545] {processor.py:830} INFO - Processing file /root/apache_env/lib/python3.10/site-packages/airflow/example_dags/example_branch_operator_decorator.py for tasks to queue
[2024-06-18T14:33:14.721+0545] {logging_mixin.py:188} INFO - [2024-06-18T14:33:14.720+0545] {dagbag.py:545} INFO - Filling up the DagBag from /root/apache_env/lib/python3.10/site-packages/airflow/example_dags/example_branch_operator_decorator.py
[2024-06-18T14:33:14.735+0545] {processor.py:840} INFO - DAG(s) 'example_branch_python_operator_decorator' retrieved from /root/apache_env/lib/python3.10/site-packages/airflow/example_dags/example_branch_operator_decorator.py
[2024-06-18T14:33:14.751+0545] {logging_mixin.py:188} INFO - [2024-06-18T14:33:14.750+0545] {dag.py:3096} INFO - Sync 1 DAGs
[2024-06-18T14:33:14.764+0545] {logging_mixin.py:188} INFO - [2024-06-18T14:33:14.763+0545] {dag.py:3954} INFO - Setting next_dagrun for example_branch_python_operator_decorator to 2024-06-17 00:00:00+00:00, run_after=2024-06-18 00:00:00+00:00
[2024-06-18T14:33:14.780+0545] {processor.py:183} INFO - Processing /root/apache_env/lib/python3.10/site-packages/airflow/example_dags/example_branch_operator_decorator.py took 0.066 seconds
[2024-06-18T14:33:59.388+0545] {processor.py:161} INFO - Started process (PID=8383) to work on /root/apache_env/lib/python3.10/site-packages/airflow/example_dags/example_branch_operator_decorator.py
[2024-06-18T14:33:59.389+0545] {processor.py:830} INFO - Processing file /root/apache_env/lib/python3.10/site-packages/airflow/example_dags/example_branch_operator_decorator.py for tasks to queue
[2024-06-18T14:33:59.390+0545] {logging_mixin.py:188} INFO - [2024-06-18T14:33:59.390+0545] {dagbag.py:545} INFO - Filling up the DagBag from /root/apache_env/lib/python3.10/site-packages/airflow/example_dags/example_branch_operator_decorator.py
[2024-06-18T14:33:59.405+0545] {processor.py:840} INFO - DAG(s) 'example_branch_python_operator_decorator' retrieved from /root/apache_env/lib/python3.10/site-packages/airflow/example_dags/example_branch_operator_decorator.py
[2024-06-18T14:33:59.422+0545] {logging_mixin.py:188} INFO - [2024-06-18T14:33:59.421+0545] {dag.py:3096} INFO - Sync 1 DAGs
[2024-06-18T14:33:59.435+0545] {logging_mixin.py:188} INFO - [2024-06-18T14:33:59.435+0545] {dag.py:3954} INFO - Setting next_dagrun for example_branch_python_operator_decorator to 2024-06-17 00:00:00+00:00, run_after=2024-06-18 00:00:00+00:00
[2024-06-18T14:33:59.452+0545] {processor.py:183} INFO - Processing /root/apache_env/lib/python3.10/site-packages/airflow/example_dags/example_branch_operator_decorator.py took 0.068 seconds
[2024-06-18T14:34:42.158+0545] {processor.py:161} INFO - Started process (PID=8492) to work on /root/apache_env/lib/python3.10/site-packages/airflow/example_dags/example_branch_operator_decorator.py
[2024-06-18T14:34:42.159+0545] {processor.py:830} INFO - Processing file /root/apache_env/lib/python3.10/site-packages/airflow/example_dags/example_branch_operator_decorator.py for tasks to queue
[2024-06-18T14:34:42.160+0545] {logging_mixin.py:188} INFO - [2024-06-18T14:34:42.160+0545] {dagbag.py:545} INFO - Filling up the DagBag from /root/apache_env/lib/python3.10/site-packages/airflow/example_dags/example_branch_operator_decorator.py
[2024-06-18T14:34:42.174+0545] {processor.py:840} INFO - DAG(s) 'example_branch_python_operator_decorator' retrieved from /root/apache_env/lib/python3.10/site-packages/airflow/example_dags/example_branch_operator_decorator.py
[2024-06-18T14:34:42.190+0545] {logging_mixin.py:188} INFO - [2024-06-18T14:34:42.190+0545] {dag.py:3096} INFO - Sync 1 DAGs
[2024-06-18T14:34:42.204+0545] {logging_mixin.py:188} INFO - [2024-06-18T14:34:42.204+0545] {dag.py:3954} INFO - Setting next_dagrun for example_branch_python_operator_decorator to 2024-06-17 00:00:00+00:00, run_after=2024-06-18 00:00:00+00:00
[2024-06-18T14:34:42.222+0545] {processor.py:183} INFO - Processing /root/apache_env/lib/python3.10/site-packages/airflow/example_dags/example_branch_operator_decorator.py took 0.068 seconds
[2024-06-18T14:35:30.601+0545] {processor.py:161} INFO - Started process (PID=8641) to work on /root/apache_env/lib/python3.10/site-packages/airflow/example_dags/example_branch_operator_decorator.py
[2024-06-18T14:35:30.602+0545] {processor.py:830} INFO - Processing file /root/apache_env/lib/python3.10/site-packages/airflow/example_dags/example_branch_operator_decorator.py for tasks to queue
[2024-06-18T14:35:30.604+0545] {logging_mixin.py:188} INFO - [2024-06-18T14:35:30.604+0545] {dagbag.py:545} INFO - Filling up the DagBag from /root/apache_env/lib/python3.10/site-packages/airflow/example_dags/example_branch_operator_decorator.py
[2024-06-18T14:35:30.620+0545] {processor.py:840} INFO - DAG(s) 'example_branch_python_operator_decorator' retrieved from /root/apache_env/lib/python3.10/site-packages/airflow/example_dags/example_branch_operator_decorator.py
[2024-06-18T14:35:30.636+0545] {logging_mixin.py:188} INFO - [2024-06-18T14:35:30.636+0545] {dag.py:3096} INFO - Sync 1 DAGs
[2024-06-18T14:35:30.649+0545] {logging_mixin.py:188} INFO - [2024-06-18T14:35:30.649+0545] {dag.py:3954} INFO - Setting next_dagrun for example_branch_python_operator_decorator to 2024-06-17 00:00:00+00:00, run_after=2024-06-18 00:00:00+00:00
[2024-06-18T14:35:30.666+0545] {processor.py:183} INFO - Processing /root/apache_env/lib/python3.10/site-packages/airflow/example_dags/example_branch_operator_decorator.py took 0.070 seconds
[2024-06-18T14:36:18.535+0545] {processor.py:161} INFO - Started process (PID=8763) to work on /root/apache_env/lib/python3.10/site-packages/airflow/example_dags/example_branch_operator_decorator.py
[2024-06-18T14:36:18.536+0545] {processor.py:830} INFO - Processing file /root/apache_env/lib/python3.10/site-packages/airflow/example_dags/example_branch_operator_decorator.py for tasks to queue
[2024-06-18T14:36:18.537+0545] {logging_mixin.py:188} INFO - [2024-06-18T14:36:18.537+0545] {dagbag.py:545} INFO - Filling up the DagBag from /root/apache_env/lib/python3.10/site-packages/airflow/example_dags/example_branch_operator_decorator.py
[2024-06-18T14:36:18.552+0545] {processor.py:840} INFO - DAG(s) 'example_branch_python_operator_decorator' retrieved from /root/apache_env/lib/python3.10/site-packages/airflow/example_dags/example_branch_operator_decorator.py
[2024-06-18T14:36:18.569+0545] {logging_mixin.py:188} INFO - [2024-06-18T14:36:18.569+0545] {dag.py:3096} INFO - Sync 1 DAGs
[2024-06-18T14:36:18.582+0545] {logging_mixin.py:188} INFO - [2024-06-18T14:36:18.582+0545] {dag.py:3954} INFO - Setting next_dagrun for example_branch_python_operator_decorator to 2024-06-17 00:00:00+00:00, run_after=2024-06-18 00:00:00+00:00
[2024-06-18T14:36:18.600+0545] {processor.py:183} INFO - Processing /root/apache_env/lib/python3.10/site-packages/airflow/example_dags/example_branch_operator_decorator.py took 0.069 seconds
[2024-06-18T14:37:03.874+0545] {processor.py:161} INFO - Started process (PID=8877) to work on /root/apache_env/lib/python3.10/site-packages/airflow/example_dags/example_branch_operator_decorator.py
[2024-06-18T14:37:03.876+0545] {processor.py:830} INFO - Processing file /root/apache_env/lib/python3.10/site-packages/airflow/example_dags/example_branch_operator_decorator.py for tasks to queue
[2024-06-18T14:37:03.877+0545] {logging_mixin.py:188} INFO - [2024-06-18T14:37:03.877+0545] {dagbag.py:545} INFO - Filling up the DagBag from /root/apache_env/lib/python3.10/site-packages/airflow/example_dags/example_branch_operator_decorator.py
[2024-06-18T14:37:03.891+0545] {processor.py:840} INFO - DAG(s) 'example_branch_python_operator_decorator' retrieved from /root/apache_env/lib/python3.10/site-packages/airflow/example_dags/example_branch_operator_decorator.py
[2024-06-18T14:37:03.907+0545] {logging_mixin.py:188} INFO - [2024-06-18T14:37:03.906+0545] {dag.py:3096} INFO - Sync 1 DAGs
[2024-06-18T14:37:03.920+0545] {logging_mixin.py:188} INFO - [2024-06-18T14:37:03.920+0545] {dag.py:3954} INFO - Setting next_dagrun for example_branch_python_operator_decorator to 2024-06-17 00:00:00+00:00, run_after=2024-06-18 00:00:00+00:00
[2024-06-18T14:37:03.937+0545] {processor.py:183} INFO - Processing /root/apache_env/lib/python3.10/site-packages/airflow/example_dags/example_branch_operator_decorator.py took 0.066 seconds
[2024-06-18T14:37:48.100+0545] {processor.py:161} INFO - Started process (PID=8988) to work on /root/apache_env/lib/python3.10/site-packages/airflow/example_dags/example_branch_operator_decorator.py
[2024-06-18T14:37:48.101+0545] {processor.py:830} INFO - Processing file /root/apache_env/lib/python3.10/site-packages/airflow/example_dags/example_branch_operator_decorator.py for tasks to queue
[2024-06-18T14:37:48.103+0545] {logging_mixin.py:188} INFO - [2024-06-18T14:37:48.102+0545] {dagbag.py:545} INFO - Filling up the DagBag from /root/apache_env/lib/python3.10/site-packages/airflow/example_dags/example_branch_operator_decorator.py
[2024-06-18T14:37:48.120+0545] {processor.py:840} INFO - DAG(s) 'example_branch_python_operator_decorator' retrieved from /root/apache_env/lib/python3.10/site-packages/airflow/example_dags/example_branch_operator_decorator.py
[2024-06-18T14:37:48.137+0545] {logging_mixin.py:188} INFO - [2024-06-18T14:37:48.137+0545] {dag.py:3096} INFO - Sync 1 DAGs
[2024-06-18T14:37:48.153+0545] {logging_mixin.py:188} INFO - [2024-06-18T14:37:48.153+0545] {dag.py:3954} INFO - Setting next_dagrun for example_branch_python_operator_decorator to 2024-06-17 00:00:00+00:00, run_after=2024-06-18 00:00:00+00:00
[2024-06-18T14:37:48.176+0545] {processor.py:183} INFO - Processing /root/apache_env/lib/python3.10/site-packages/airflow/example_dags/example_branch_operator_decorator.py took 0.080 seconds
[2024-06-18T14:38:34.466+0545] {processor.py:161} INFO - Started process (PID=9105) to work on /root/apache_env/lib/python3.10/site-packages/airflow/example_dags/example_branch_operator_decorator.py
[2024-06-18T14:38:34.467+0545] {processor.py:830} INFO - Processing file /root/apache_env/lib/python3.10/site-packages/airflow/example_dags/example_branch_operator_decorator.py for tasks to queue
[2024-06-18T14:38:34.468+0545] {logging_mixin.py:188} INFO - [2024-06-18T14:38:34.468+0545] {dagbag.py:545} INFO - Filling up the DagBag from /root/apache_env/lib/python3.10/site-packages/airflow/example_dags/example_branch_operator_decorator.py
[2024-06-18T14:38:34.482+0545] {processor.py:840} INFO - DAG(s) 'example_branch_python_operator_decorator' retrieved from /root/apache_env/lib/python3.10/site-packages/airflow/example_dags/example_branch_operator_decorator.py
[2024-06-18T14:38:34.497+0545] {logging_mixin.py:188} INFO - [2024-06-18T14:38:34.497+0545] {dag.py:3096} INFO - Sync 1 DAGs
[2024-06-18T14:38:34.510+0545] {logging_mixin.py:188} INFO - [2024-06-18T14:38:34.510+0545] {dag.py:3954} INFO - Setting next_dagrun for example_branch_python_operator_decorator to 2024-06-17 00:00:00+00:00, run_after=2024-06-18 00:00:00+00:00
[2024-06-18T14:38:34.528+0545] {processor.py:183} INFO - Processing /root/apache_env/lib/python3.10/site-packages/airflow/example_dags/example_branch_operator_decorator.py took 0.066 seconds
[2024-06-18T14:39:21.521+0545] {processor.py:161} INFO - Started process (PID=9223) to work on /root/apache_env/lib/python3.10/site-packages/airflow/example_dags/example_branch_operator_decorator.py
[2024-06-18T14:39:21.522+0545] {processor.py:830} INFO - Processing file /root/apache_env/lib/python3.10/site-packages/airflow/example_dags/example_branch_operator_decorator.py for tasks to queue
[2024-06-18T14:39:21.524+0545] {logging_mixin.py:188} INFO - [2024-06-18T14:39:21.523+0545] {dagbag.py:545} INFO - Filling up the DagBag from /root/apache_env/lib/python3.10/site-packages/airflow/example_dags/example_branch_operator_decorator.py
[2024-06-18T14:39:21.541+0545] {processor.py:840} INFO - DAG(s) 'example_branch_python_operator_decorator' retrieved from /root/apache_env/lib/python3.10/site-packages/airflow/example_dags/example_branch_operator_decorator.py
[2024-06-18T14:39:21.559+0545] {logging_mixin.py:188} INFO - [2024-06-18T14:39:21.559+0545] {dag.py:3096} INFO - Sync 1 DAGs
[2024-06-18T14:39:21.575+0545] {logging_mixin.py:188} INFO - [2024-06-18T14:39:21.575+0545] {dag.py:3954} INFO - Setting next_dagrun for example_branch_python_operator_decorator to 2024-06-17 00:00:00+00:00, run_after=2024-06-18 00:00:00+00:00
[2024-06-18T14:39:21.592+0545] {processor.py:183} INFO - Processing /root/apache_env/lib/python3.10/site-packages/airflow/example_dags/example_branch_operator_decorator.py took 0.076 seconds
[2024-06-18T14:40:07.427+0545] {processor.py:161} INFO - Started process (PID=9339) to work on /root/apache_env/lib/python3.10/site-packages/airflow/example_dags/example_branch_operator_decorator.py
[2024-06-18T14:40:07.429+0545] {processor.py:830} INFO - Processing file /root/apache_env/lib/python3.10/site-packages/airflow/example_dags/example_branch_operator_decorator.py for tasks to queue
[2024-06-18T14:40:07.430+0545] {logging_mixin.py:188} INFO - [2024-06-18T14:40:07.429+0545] {dagbag.py:545} INFO - Filling up the DagBag from /root/apache_env/lib/python3.10/site-packages/airflow/example_dags/example_branch_operator_decorator.py
[2024-06-18T14:40:07.446+0545] {processor.py:840} INFO - DAG(s) 'example_branch_python_operator_decorator' retrieved from /root/apache_env/lib/python3.10/site-packages/airflow/example_dags/example_branch_operator_decorator.py
[2024-06-18T14:40:07.464+0545] {logging_mixin.py:188} INFO - [2024-06-18T14:40:07.464+0545] {dag.py:3096} INFO - Sync 1 DAGs
[2024-06-18T14:40:07.480+0545] {logging_mixin.py:188} INFO - [2024-06-18T14:40:07.479+0545] {dag.py:3954} INFO - Setting next_dagrun for example_branch_python_operator_decorator to 2024-06-17 00:00:00+00:00, run_after=2024-06-18 00:00:00+00:00
[2024-06-18T14:40:07.497+0545] {processor.py:183} INFO - Processing /root/apache_env/lib/python3.10/site-packages/airflow/example_dags/example_branch_operator_decorator.py took 0.074 seconds
[2024-06-18T14:40:54.204+0545] {processor.py:161} INFO - Started process (PID=9457) to work on /root/apache_env/lib/python3.10/site-packages/airflow/example_dags/example_branch_operator_decorator.py
[2024-06-18T14:40:54.205+0545] {processor.py:830} INFO - Processing file /root/apache_env/lib/python3.10/site-packages/airflow/example_dags/example_branch_operator_decorator.py for tasks to queue
[2024-06-18T14:40:54.206+0545] {logging_mixin.py:188} INFO - [2024-06-18T14:40:54.206+0545] {dagbag.py:545} INFO - Filling up the DagBag from /root/apache_env/lib/python3.10/site-packages/airflow/example_dags/example_branch_operator_decorator.py
[2024-06-18T14:40:54.220+0545] {processor.py:840} INFO - DAG(s) 'example_branch_python_operator_decorator' retrieved from /root/apache_env/lib/python3.10/site-packages/airflow/example_dags/example_branch_operator_decorator.py
[2024-06-18T14:40:54.237+0545] {logging_mixin.py:188} INFO - [2024-06-18T14:40:54.236+0545] {dag.py:3096} INFO - Sync 1 DAGs
[2024-06-18T14:40:54.251+0545] {logging_mixin.py:188} INFO - [2024-06-18T14:40:54.250+0545] {dag.py:3954} INFO - Setting next_dagrun for example_branch_python_operator_decorator to 2024-06-17 00:00:00+00:00, run_after=2024-06-18 00:00:00+00:00
[2024-06-18T14:40:54.269+0545] {processor.py:183} INFO - Processing /root/apache_env/lib/python3.10/site-packages/airflow/example_dags/example_branch_operator_decorator.py took 0.070 seconds
[2024-06-18T14:41:39.247+0545] {processor.py:161} INFO - Started process (PID=9570) to work on /root/apache_env/lib/python3.10/site-packages/airflow/example_dags/example_branch_operator_decorator.py
[2024-06-18T14:41:39.248+0545] {processor.py:830} INFO - Processing file /root/apache_env/lib/python3.10/site-packages/airflow/example_dags/example_branch_operator_decorator.py for tasks to queue
[2024-06-18T14:41:39.249+0545] {logging_mixin.py:188} INFO - [2024-06-18T14:41:39.249+0545] {dagbag.py:545} INFO - Filling up the DagBag from /root/apache_env/lib/python3.10/site-packages/airflow/example_dags/example_branch_operator_decorator.py
[2024-06-18T14:41:39.263+0545] {processor.py:840} INFO - DAG(s) 'example_branch_python_operator_decorator' retrieved from /root/apache_env/lib/python3.10/site-packages/airflow/example_dags/example_branch_operator_decorator.py
[2024-06-18T14:41:39.279+0545] {logging_mixin.py:188} INFO - [2024-06-18T14:41:39.279+0545] {dag.py:3096} INFO - Sync 1 DAGs
[2024-06-18T14:41:39.292+0545] {logging_mixin.py:188} INFO - [2024-06-18T14:41:39.292+0545] {dag.py:3954} INFO - Setting next_dagrun for example_branch_python_operator_decorator to 2024-06-17 00:00:00+00:00, run_after=2024-06-18 00:00:00+00:00
[2024-06-18T14:41:39.309+0545] {processor.py:183} INFO - Processing /root/apache_env/lib/python3.10/site-packages/airflow/example_dags/example_branch_operator_decorator.py took 0.066 seconds
[2024-06-18T14:42:23.459+0545] {processor.py:161} INFO - Started process (PID=9679) to work on /root/apache_env/lib/python3.10/site-packages/airflow/example_dags/example_branch_operator_decorator.py
[2024-06-18T14:42:23.460+0545] {processor.py:830} INFO - Processing file /root/apache_env/lib/python3.10/site-packages/airflow/example_dags/example_branch_operator_decorator.py for tasks to queue
[2024-06-18T14:42:23.462+0545] {logging_mixin.py:188} INFO - [2024-06-18T14:42:23.461+0545] {dagbag.py:545} INFO - Filling up the DagBag from /root/apache_env/lib/python3.10/site-packages/airflow/example_dags/example_branch_operator_decorator.py
[2024-06-18T14:42:23.476+0545] {processor.py:840} INFO - DAG(s) 'example_branch_python_operator_decorator' retrieved from /root/apache_env/lib/python3.10/site-packages/airflow/example_dags/example_branch_operator_decorator.py
[2024-06-18T14:42:23.492+0545] {logging_mixin.py:188} INFO - [2024-06-18T14:42:23.492+0545] {dag.py:3096} INFO - Sync 1 DAGs
[2024-06-18T14:42:23.505+0545] {logging_mixin.py:188} INFO - [2024-06-18T14:42:23.505+0545] {dag.py:3954} INFO - Setting next_dagrun for example_branch_python_operator_decorator to 2024-06-17 00:00:00+00:00, run_after=2024-06-18 00:00:00+00:00
[2024-06-18T14:42:23.523+0545] {processor.py:183} INFO - Processing /root/apache_env/lib/python3.10/site-packages/airflow/example_dags/example_branch_operator_decorator.py took 0.067 seconds
[2024-06-18T14:43:06.587+0545] {processor.py:161} INFO - Started process (PID=9791) to work on /root/apache_env/lib/python3.10/site-packages/airflow/example_dags/example_branch_operator_decorator.py
[2024-06-18T14:43:06.588+0545] {processor.py:830} INFO - Processing file /root/apache_env/lib/python3.10/site-packages/airflow/example_dags/example_branch_operator_decorator.py for tasks to queue
[2024-06-18T14:43:06.590+0545] {logging_mixin.py:188} INFO - [2024-06-18T14:43:06.590+0545] {dagbag.py:545} INFO - Filling up the DagBag from /root/apache_env/lib/python3.10/site-packages/airflow/example_dags/example_branch_operator_decorator.py
[2024-06-18T14:43:06.606+0545] {processor.py:840} INFO - DAG(s) 'example_branch_python_operator_decorator' retrieved from /root/apache_env/lib/python3.10/site-packages/airflow/example_dags/example_branch_operator_decorator.py
[2024-06-18T14:43:06.622+0545] {logging_mixin.py:188} INFO - [2024-06-18T14:43:06.622+0545] {dag.py:3096} INFO - Sync 1 DAGs
[2024-06-18T14:43:06.635+0545] {logging_mixin.py:188} INFO - [2024-06-18T14:43:06.635+0545] {dag.py:3954} INFO - Setting next_dagrun for example_branch_python_operator_decorator to 2024-06-17 00:00:00+00:00, run_after=2024-06-18 00:00:00+00:00
[2024-06-18T14:43:06.652+0545] {processor.py:183} INFO - Processing /root/apache_env/lib/python3.10/site-packages/airflow/example_dags/example_branch_operator_decorator.py took 0.069 seconds
[2024-06-18T14:43:53.053+0545] {processor.py:161} INFO - Started process (PID=9903) to work on /root/apache_env/lib/python3.10/site-packages/airflow/example_dags/example_branch_operator_decorator.py
[2024-06-18T14:43:53.054+0545] {processor.py:830} INFO - Processing file /root/apache_env/lib/python3.10/site-packages/airflow/example_dags/example_branch_operator_decorator.py for tasks to queue
[2024-06-18T14:43:53.055+0545] {logging_mixin.py:188} INFO - [2024-06-18T14:43:53.055+0545] {dagbag.py:545} INFO - Filling up the DagBag from /root/apache_env/lib/python3.10/site-packages/airflow/example_dags/example_branch_operator_decorator.py
[2024-06-18T14:43:53.070+0545] {processor.py:840} INFO - DAG(s) 'example_branch_python_operator_decorator' retrieved from /root/apache_env/lib/python3.10/site-packages/airflow/example_dags/example_branch_operator_decorator.py
[2024-06-18T14:43:53.085+0545] {logging_mixin.py:188} INFO - [2024-06-18T14:43:53.085+0545] {dag.py:3096} INFO - Sync 1 DAGs
[2024-06-18T14:43:53.099+0545] {logging_mixin.py:188} INFO - [2024-06-18T14:43:53.099+0545] {dag.py:3954} INFO - Setting next_dagrun for example_branch_python_operator_decorator to 2024-06-17 00:00:00+00:00, run_after=2024-06-18 00:00:00+00:00
[2024-06-18T14:43:53.115+0545] {processor.py:183} INFO - Processing /root/apache_env/lib/python3.10/site-packages/airflow/example_dags/example_branch_operator_decorator.py took 0.066 seconds
[2024-06-18T14:44:38.437+0545] {processor.py:161} INFO - Started process (PID=10017) to work on /root/apache_env/lib/python3.10/site-packages/airflow/example_dags/example_branch_operator_decorator.py
[2024-06-18T14:44:38.438+0545] {processor.py:830} INFO - Processing file /root/apache_env/lib/python3.10/site-packages/airflow/example_dags/example_branch_operator_decorator.py for tasks to queue
[2024-06-18T14:44:38.439+0545] {logging_mixin.py:188} INFO - [2024-06-18T14:44:38.439+0545] {dagbag.py:545} INFO - Filling up the DagBag from /root/apache_env/lib/python3.10/site-packages/airflow/example_dags/example_branch_operator_decorator.py
[2024-06-18T14:44:38.453+0545] {processor.py:840} INFO - DAG(s) 'example_branch_python_operator_decorator' retrieved from /root/apache_env/lib/python3.10/site-packages/airflow/example_dags/example_branch_operator_decorator.py
[2024-06-18T14:44:38.469+0545] {logging_mixin.py:188} INFO - [2024-06-18T14:44:38.469+0545] {dag.py:3096} INFO - Sync 1 DAGs
[2024-06-18T14:44:38.482+0545] {logging_mixin.py:188} INFO - [2024-06-18T14:44:38.482+0545] {dag.py:3954} INFO - Setting next_dagrun for example_branch_python_operator_decorator to 2024-06-17 00:00:00+00:00, run_after=2024-06-18 00:00:00+00:00
[2024-06-18T14:44:38.500+0545] {processor.py:183} INFO - Processing /root/apache_env/lib/python3.10/site-packages/airflow/example_dags/example_branch_operator_decorator.py took 0.068 seconds
[2024-06-18T14:45:27.902+0545] {processor.py:161} INFO - Started process (PID=10169) to work on /root/apache_env/lib/python3.10/site-packages/airflow/example_dags/example_branch_operator_decorator.py
[2024-06-18T14:45:27.903+0545] {processor.py:830} INFO - Processing file /root/apache_env/lib/python3.10/site-packages/airflow/example_dags/example_branch_operator_decorator.py for tasks to queue
[2024-06-18T14:45:27.904+0545] {logging_mixin.py:188} INFO - [2024-06-18T14:45:27.904+0545] {dagbag.py:545} INFO - Filling up the DagBag from /root/apache_env/lib/python3.10/site-packages/airflow/example_dags/example_branch_operator_decorator.py
[2024-06-18T14:45:27.919+0545] {processor.py:840} INFO - DAG(s) 'example_branch_python_operator_decorator' retrieved from /root/apache_env/lib/python3.10/site-packages/airflow/example_dags/example_branch_operator_decorator.py
[2024-06-18T14:45:27.934+0545] {logging_mixin.py:188} INFO - [2024-06-18T14:45:27.934+0545] {dag.py:3096} INFO - Sync 1 DAGs
[2024-06-18T14:45:27.947+0545] {logging_mixin.py:188} INFO - [2024-06-18T14:45:27.947+0545] {dag.py:3954} INFO - Setting next_dagrun for example_branch_python_operator_decorator to 2024-06-17 00:00:00+00:00, run_after=2024-06-18 00:00:00+00:00
[2024-06-18T14:45:27.964+0545] {processor.py:183} INFO - Processing /root/apache_env/lib/python3.10/site-packages/airflow/example_dags/example_branch_operator_decorator.py took 0.066 seconds
[2024-06-18T14:46:18.138+0545] {processor.py:161} INFO - Started process (PID=10294) to work on /root/apache_env/lib/python3.10/site-packages/airflow/example_dags/example_branch_operator_decorator.py
[2024-06-18T14:46:18.139+0545] {processor.py:830} INFO - Processing file /root/apache_env/lib/python3.10/site-packages/airflow/example_dags/example_branch_operator_decorator.py for tasks to queue
[2024-06-18T14:46:18.141+0545] {logging_mixin.py:188} INFO - [2024-06-18T14:46:18.140+0545] {dagbag.py:545} INFO - Filling up the DagBag from /root/apache_env/lib/python3.10/site-packages/airflow/example_dags/example_branch_operator_decorator.py
[2024-06-18T14:46:18.157+0545] {processor.py:840} INFO - DAG(s) 'example_branch_python_operator_decorator' retrieved from /root/apache_env/lib/python3.10/site-packages/airflow/example_dags/example_branch_operator_decorator.py
[2024-06-18T14:46:18.174+0545] {logging_mixin.py:188} INFO - [2024-06-18T14:46:18.174+0545] {dag.py:3096} INFO - Sync 1 DAGs
[2024-06-18T14:46:18.188+0545] {logging_mixin.py:188} INFO - [2024-06-18T14:46:18.188+0545] {dag.py:3954} INFO - Setting next_dagrun for example_branch_python_operator_decorator to 2024-06-17 00:00:00+00:00, run_after=2024-06-18 00:00:00+00:00
[2024-06-18T14:46:18.204+0545] {processor.py:183} INFO - Processing /root/apache_env/lib/python3.10/site-packages/airflow/example_dags/example_branch_operator_decorator.py took 0.070 seconds
[2024-06-18T14:47:02.548+0545] {processor.py:161} INFO - Started process (PID=10406) to work on /root/apache_env/lib/python3.10/site-packages/airflow/example_dags/example_branch_operator_decorator.py
[2024-06-18T14:47:02.549+0545] {processor.py:830} INFO - Processing file /root/apache_env/lib/python3.10/site-packages/airflow/example_dags/example_branch_operator_decorator.py for tasks to queue
[2024-06-18T14:47:02.550+0545] {logging_mixin.py:188} INFO - [2024-06-18T14:47:02.550+0545] {dagbag.py:545} INFO - Filling up the DagBag from /root/apache_env/lib/python3.10/site-packages/airflow/example_dags/example_branch_operator_decorator.py
[2024-06-18T14:47:02.565+0545] {processor.py:840} INFO - DAG(s) 'example_branch_python_operator_decorator' retrieved from /root/apache_env/lib/python3.10/site-packages/airflow/example_dags/example_branch_operator_decorator.py
[2024-06-18T14:47:02.582+0545] {logging_mixin.py:188} INFO - [2024-06-18T14:47:02.581+0545] {dag.py:3096} INFO - Sync 1 DAGs
[2024-06-18T14:47:02.597+0545] {logging_mixin.py:188} INFO - [2024-06-18T14:47:02.597+0545] {dag.py:3954} INFO - Setting next_dagrun for example_branch_python_operator_decorator to 2024-06-17 00:00:00+00:00, run_after=2024-06-18 00:00:00+00:00
[2024-06-18T14:47:02.613+0545] {processor.py:183} INFO - Processing /root/apache_env/lib/python3.10/site-packages/airflow/example_dags/example_branch_operator_decorator.py took 0.071 seconds
[2024-06-18T14:47:44.572+0545] {processor.py:161} INFO - Started process (PID=10514) to work on /root/apache_env/lib/python3.10/site-packages/airflow/example_dags/example_branch_operator_decorator.py
[2024-06-18T14:47:44.574+0545] {processor.py:830} INFO - Processing file /root/apache_env/lib/python3.10/site-packages/airflow/example_dags/example_branch_operator_decorator.py for tasks to queue
[2024-06-18T14:47:44.575+0545] {logging_mixin.py:188} INFO - [2024-06-18T14:47:44.575+0545] {dagbag.py:545} INFO - Filling up the DagBag from /root/apache_env/lib/python3.10/site-packages/airflow/example_dags/example_branch_operator_decorator.py
[2024-06-18T14:47:44.589+0545] {processor.py:840} INFO - DAG(s) 'example_branch_python_operator_decorator' retrieved from /root/apache_env/lib/python3.10/site-packages/airflow/example_dags/example_branch_operator_decorator.py
[2024-06-18T14:47:44.604+0545] {logging_mixin.py:188} INFO - [2024-06-18T14:47:44.604+0545] {dag.py:3096} INFO - Sync 1 DAGs
[2024-06-18T14:47:44.617+0545] {logging_mixin.py:188} INFO - [2024-06-18T14:47:44.617+0545] {dag.py:3954} INFO - Setting next_dagrun for example_branch_python_operator_decorator to 2024-06-17 00:00:00+00:00, run_after=2024-06-18 00:00:00+00:00
[2024-06-18T14:47:44.633+0545] {processor.py:183} INFO - Processing /root/apache_env/lib/python3.10/site-packages/airflow/example_dags/example_branch_operator_decorator.py took 0.066 seconds
[2024-06-18T14:48:27.891+0545] {processor.py:161} INFO - Started process (PID=10623) to work on /root/apache_env/lib/python3.10/site-packages/airflow/example_dags/example_branch_operator_decorator.py
[2024-06-18T14:48:27.892+0545] {processor.py:830} INFO - Processing file /root/apache_env/lib/python3.10/site-packages/airflow/example_dags/example_branch_operator_decorator.py for tasks to queue
[2024-06-18T14:48:27.893+0545] {logging_mixin.py:188} INFO - [2024-06-18T14:48:27.893+0545] {dagbag.py:545} INFO - Filling up the DagBag from /root/apache_env/lib/python3.10/site-packages/airflow/example_dags/example_branch_operator_decorator.py
[2024-06-18T14:48:27.908+0545] {processor.py:840} INFO - DAG(s) 'example_branch_python_operator_decorator' retrieved from /root/apache_env/lib/python3.10/site-packages/airflow/example_dags/example_branch_operator_decorator.py
[2024-06-18T14:48:27.923+0545] {logging_mixin.py:188} INFO - [2024-06-18T14:48:27.923+0545] {dag.py:3096} INFO - Sync 1 DAGs
[2024-06-18T14:48:27.936+0545] {logging_mixin.py:188} INFO - [2024-06-18T14:48:27.936+0545] {dag.py:3954} INFO - Setting next_dagrun for example_branch_python_operator_decorator to 2024-06-17 00:00:00+00:00, run_after=2024-06-18 00:00:00+00:00
[2024-06-18T14:48:27.953+0545] {processor.py:183} INFO - Processing /root/apache_env/lib/python3.10/site-packages/airflow/example_dags/example_branch_operator_decorator.py took 0.066 seconds
[2024-06-18T14:49:15.497+0545] {processor.py:161} INFO - Started process (PID=10746) to work on /root/apache_env/lib/python3.10/site-packages/airflow/example_dags/example_branch_operator_decorator.py
[2024-06-18T14:49:15.498+0545] {processor.py:830} INFO - Processing file /root/apache_env/lib/python3.10/site-packages/airflow/example_dags/example_branch_operator_decorator.py for tasks to queue
[2024-06-18T14:49:15.499+0545] {logging_mixin.py:188} INFO - [2024-06-18T14:49:15.499+0545] {dagbag.py:545} INFO - Filling up the DagBag from /root/apache_env/lib/python3.10/site-packages/airflow/example_dags/example_branch_operator_decorator.py
[2024-06-18T14:49:15.515+0545] {processor.py:840} INFO - DAG(s) 'example_branch_python_operator_decorator' retrieved from /root/apache_env/lib/python3.10/site-packages/airflow/example_dags/example_branch_operator_decorator.py
[2024-06-18T14:49:15.532+0545] {logging_mixin.py:188} INFO - [2024-06-18T14:49:15.532+0545] {dag.py:3096} INFO - Sync 1 DAGs
[2024-06-18T14:49:15.545+0545] {logging_mixin.py:188} INFO - [2024-06-18T14:49:15.545+0545] {dag.py:3954} INFO - Setting next_dagrun for example_branch_python_operator_decorator to 2024-06-17 00:00:00+00:00, run_after=2024-06-18 00:00:00+00:00
[2024-06-18T14:49:15.562+0545] {processor.py:183} INFO - Processing /root/apache_env/lib/python3.10/site-packages/airflow/example_dags/example_branch_operator_decorator.py took 0.070 seconds
[2024-06-18T14:50:01.062+0545] {processor.py:161} INFO - Started process (PID=10861) to work on /root/apache_env/lib/python3.10/site-packages/airflow/example_dags/example_branch_operator_decorator.py
[2024-06-18T14:50:01.064+0545] {processor.py:830} INFO - Processing file /root/apache_env/lib/python3.10/site-packages/airflow/example_dags/example_branch_operator_decorator.py for tasks to queue
[2024-06-18T14:50:01.065+0545] {logging_mixin.py:188} INFO - [2024-06-18T14:50:01.065+0545] {dagbag.py:545} INFO - Filling up the DagBag from /root/apache_env/lib/python3.10/site-packages/airflow/example_dags/example_branch_operator_decorator.py
[2024-06-18T14:50:01.081+0545] {processor.py:840} INFO - DAG(s) 'example_branch_python_operator_decorator' retrieved from /root/apache_env/lib/python3.10/site-packages/airflow/example_dags/example_branch_operator_decorator.py
[2024-06-18T14:50:01.099+0545] {logging_mixin.py:188} INFO - [2024-06-18T14:50:01.099+0545] {dag.py:3096} INFO - Sync 1 DAGs
[2024-06-18T14:50:01.113+0545] {logging_mixin.py:188} INFO - [2024-06-18T14:50:01.113+0545] {dag.py:3954} INFO - Setting next_dagrun for example_branch_python_operator_decorator to 2024-06-17 00:00:00+00:00, run_after=2024-06-18 00:00:00+00:00
[2024-06-18T14:50:01.130+0545] {processor.py:183} INFO - Processing /root/apache_env/lib/python3.10/site-packages/airflow/example_dags/example_branch_operator_decorator.py took 0.072 seconds
[2024-06-18T14:50:43.848+0545] {processor.py:161} INFO - Started process (PID=10970) to work on /root/apache_env/lib/python3.10/site-packages/airflow/example_dags/example_branch_operator_decorator.py
[2024-06-18T14:50:43.849+0545] {processor.py:830} INFO - Processing file /root/apache_env/lib/python3.10/site-packages/airflow/example_dags/example_branch_operator_decorator.py for tasks to queue
[2024-06-18T14:50:43.850+0545] {logging_mixin.py:188} INFO - [2024-06-18T14:50:43.850+0545] {dagbag.py:545} INFO - Filling up the DagBag from /root/apache_env/lib/python3.10/site-packages/airflow/example_dags/example_branch_operator_decorator.py
[2024-06-18T14:50:43.867+0545] {processor.py:840} INFO - DAG(s) 'example_branch_python_operator_decorator' retrieved from /root/apache_env/lib/python3.10/site-packages/airflow/example_dags/example_branch_operator_decorator.py
[2024-06-18T14:50:43.885+0545] {logging_mixin.py:188} INFO - [2024-06-18T14:50:43.885+0545] {dag.py:3096} INFO - Sync 1 DAGs
[2024-06-18T14:50:43.903+0545] {logging_mixin.py:188} INFO - [2024-06-18T14:50:43.903+0545] {dag.py:3954} INFO - Setting next_dagrun for example_branch_python_operator_decorator to 2024-06-17 00:00:00+00:00, run_after=2024-06-18 00:00:00+00:00
[2024-06-18T14:50:43.921+0545] {processor.py:183} INFO - Processing /root/apache_env/lib/python3.10/site-packages/airflow/example_dags/example_branch_operator_decorator.py took 0.078 seconds
[2024-06-18T14:51:27.464+0545] {processor.py:161} INFO - Started process (PID=11080) to work on /root/apache_env/lib/python3.10/site-packages/airflow/example_dags/example_branch_operator_decorator.py
[2024-06-18T14:51:27.465+0545] {processor.py:830} INFO - Processing file /root/apache_env/lib/python3.10/site-packages/airflow/example_dags/example_branch_operator_decorator.py for tasks to queue
[2024-06-18T14:51:27.467+0545] {logging_mixin.py:188} INFO - [2024-06-18T14:51:27.466+0545] {dagbag.py:545} INFO - Filling up the DagBag from /root/apache_env/lib/python3.10/site-packages/airflow/example_dags/example_branch_operator_decorator.py
[2024-06-18T14:51:27.489+0545] {processor.py:840} INFO - DAG(s) 'example_branch_python_operator_decorator' retrieved from /root/apache_env/lib/python3.10/site-packages/airflow/example_dags/example_branch_operator_decorator.py
[2024-06-18T14:51:27.511+0545] {logging_mixin.py:188} INFO - [2024-06-18T14:51:27.511+0545] {dag.py:3096} INFO - Sync 1 DAGs
[2024-06-18T14:51:27.530+0545] {logging_mixin.py:188} INFO - [2024-06-18T14:51:27.530+0545] {dag.py:3954} INFO - Setting next_dagrun for example_branch_python_operator_decorator to 2024-06-17 00:00:00+00:00, run_after=2024-06-18 00:00:00+00:00
[2024-06-18T14:51:27.553+0545] {processor.py:183} INFO - Processing /root/apache_env/lib/python3.10/site-packages/airflow/example_dags/example_branch_operator_decorator.py took 0.093 seconds
[2024-06-18T14:52:11.968+0545] {processor.py:161} INFO - Started process (PID=11192) to work on /root/apache_env/lib/python3.10/site-packages/airflow/example_dags/example_branch_operator_decorator.py
[2024-06-18T14:52:11.969+0545] {processor.py:830} INFO - Processing file /root/apache_env/lib/python3.10/site-packages/airflow/example_dags/example_branch_operator_decorator.py for tasks to queue
[2024-06-18T14:52:11.970+0545] {logging_mixin.py:188} INFO - [2024-06-18T14:52:11.970+0545] {dagbag.py:545} INFO - Filling up the DagBag from /root/apache_env/lib/python3.10/site-packages/airflow/example_dags/example_branch_operator_decorator.py
[2024-06-18T14:52:11.988+0545] {processor.py:840} INFO - DAG(s) 'example_branch_python_operator_decorator' retrieved from /root/apache_env/lib/python3.10/site-packages/airflow/example_dags/example_branch_operator_decorator.py
[2024-06-18T14:52:12.016+0545] {logging_mixin.py:188} INFO - [2024-06-18T14:52:12.015+0545] {dag.py:3096} INFO - Sync 1 DAGs
[2024-06-18T14:52:12.032+0545] {logging_mixin.py:188} INFO - [2024-06-18T14:52:12.031+0545] {dag.py:3954} INFO - Setting next_dagrun for example_branch_python_operator_decorator to 2024-06-17 00:00:00+00:00, run_after=2024-06-18 00:00:00+00:00
[2024-06-18T14:52:12.050+0545] {processor.py:183} INFO - Processing /root/apache_env/lib/python3.10/site-packages/airflow/example_dags/example_branch_operator_decorator.py took 0.087 seconds
