[2024-06-18T14:12:55.754+0545] {processor.py:161} INFO - Started process (PID=5118) to work on /root/apache_env/lib/python3.10/site-packages/airflow/example_dags/example_branch_operator.py
[2024-06-18T14:12:55.755+0545] {processor.py:830} INFO - Processing file /root/apache_env/lib/python3.10/site-packages/airflow/example_dags/example_branch_operator.py for tasks to queue
[2024-06-18T14:12:55.757+0545] {logging_mixin.py:188} INFO - [2024-06-18T14:12:55.756+0545] {dagbag.py:545} INFO - Filling up the DagBag from /root/apache_env/lib/python3.10/site-packages/airflow/example_dags/example_branch_operator.py
[2024-06-18T14:12:55.769+0545] {processor.py:840} INFO - DAG(s) 'example_branch_operator' retrieved from /root/apache_env/lib/python3.10/site-packages/airflow/example_dags/example_branch_operator.py
[2024-06-18T14:12:55.847+0545] {logging_mixin.py:188} INFO - [2024-06-18T14:12:55.847+0545] {override.py:1829} INFO - Created Permission View: can delete on DAG:example_branch_operator
[2024-06-18T14:12:55.857+0545] {logging_mixin.py:188} INFO - [2024-06-18T14:12:55.856+0545] {override.py:1829} INFO - Created Permission View: can read on DAG:example_branch_operator
[2024-06-18T14:12:55.863+0545] {logging_mixin.py:188} INFO - [2024-06-18T14:12:55.863+0545] {override.py:1829} INFO - Created Permission View: can edit on DAG:example_branch_operator
[2024-06-18T14:12:55.864+0545] {logging_mixin.py:188} INFO - [2024-06-18T14:12:55.864+0545] {dag.py:3096} INFO - Sync 1 DAGs
[2024-06-18T14:12:55.931+0545] {logging_mixin.py:188} INFO - [2024-06-18T14:12:55.931+0545] {dag.py:3118} INFO - Creating ORM DAG for example_branch_operator
[2024-06-18T14:12:55.937+0545] {logging_mixin.py:188} INFO - [2024-06-18T14:12:55.937+0545] {dag.py:3954} INFO - Setting next_dagrun for example_branch_operator to 2024-06-17 00:00:00+00:00, run_after=2024-06-18 00:00:00+00:00
[2024-06-18T14:12:55.954+0545] {processor.py:183} INFO - Processing /root/apache_env/lib/python3.10/site-packages/airflow/example_dags/example_branch_operator.py took 0.204 seconds
[2024-06-18T14:15:05.284+0545] {processor.py:161} INFO - Started process (PID=5410) to work on /root/apache_env/lib/python3.10/site-packages/airflow/example_dags/example_branch_operator.py
[2024-06-18T14:15:05.285+0545] {processor.py:830} INFO - Processing file /root/apache_env/lib/python3.10/site-packages/airflow/example_dags/example_branch_operator.py for tasks to queue
[2024-06-18T14:15:05.286+0545] {logging_mixin.py:188} INFO - [2024-06-18T14:15:05.286+0545] {dagbag.py:545} INFO - Filling up the DagBag from /root/apache_env/lib/python3.10/site-packages/airflow/example_dags/example_branch_operator.py
[2024-06-18T14:15:05.297+0545] {processor.py:840} INFO - DAG(s) 'example_branch_operator' retrieved from /root/apache_env/lib/python3.10/site-packages/airflow/example_dags/example_branch_operator.py
[2024-06-18T14:15:05.360+0545] {logging_mixin.py:188} INFO - [2024-06-18T14:15:05.360+0545] {dag.py:3096} INFO - Sync 1 DAGs
[2024-06-18T14:15:05.437+0545] {logging_mixin.py:188} INFO - [2024-06-18T14:15:05.437+0545] {dag.py:3954} INFO - Setting next_dagrun for example_branch_operator to 2024-06-17 00:00:00+00:00, run_after=2024-06-18 00:00:00+00:00
[2024-06-18T14:15:05.453+0545] {processor.py:183} INFO - Processing /root/apache_env/lib/python3.10/site-packages/airflow/example_dags/example_branch_operator.py took 0.172 seconds
[2024-06-18T14:16:28.519+0545] {processor.py:161} INFO - Started process (PID=5632) to work on /root/apache_env/lib/python3.10/site-packages/airflow/example_dags/example_branch_operator.py
[2024-06-18T14:16:28.521+0545] {processor.py:830} INFO - Processing file /root/apache_env/lib/python3.10/site-packages/airflow/example_dags/example_branch_operator.py for tasks to queue
[2024-06-18T14:16:28.522+0545] {logging_mixin.py:188} INFO - [2024-06-18T14:16:28.522+0545] {dagbag.py:545} INFO - Filling up the DagBag from /root/apache_env/lib/python3.10/site-packages/airflow/example_dags/example_branch_operator.py
[2024-06-18T14:16:28.535+0545] {processor.py:840} INFO - DAG(s) 'example_branch_operator' retrieved from /root/apache_env/lib/python3.10/site-packages/airflow/example_dags/example_branch_operator.py
[2024-06-18T14:16:28.605+0545] {logging_mixin.py:188} INFO - [2024-06-18T14:16:28.604+0545] {dag.py:3096} INFO - Sync 1 DAGs
[2024-06-18T14:16:28.687+0545] {logging_mixin.py:188} INFO - [2024-06-18T14:16:28.687+0545] {dag.py:3954} INFO - Setting next_dagrun for example_branch_operator to 2024-06-17 00:00:00+00:00, run_after=2024-06-18 00:00:00+00:00
[2024-06-18T14:16:28.702+0545] {processor.py:183} INFO - Processing /root/apache_env/lib/python3.10/site-packages/airflow/example_dags/example_branch_operator.py took 0.188 seconds
[2024-06-18T14:17:23.242+0545] {processor.py:161} INFO - Started process (PID=5771) to work on /root/apache_env/lib/python3.10/site-packages/airflow/example_dags/example_branch_operator.py
[2024-06-18T14:17:23.244+0545] {processor.py:830} INFO - Processing file /root/apache_env/lib/python3.10/site-packages/airflow/example_dags/example_branch_operator.py for tasks to queue
[2024-06-18T14:17:23.245+0545] {logging_mixin.py:188} INFO - [2024-06-18T14:17:23.245+0545] {dagbag.py:545} INFO - Filling up the DagBag from /root/apache_env/lib/python3.10/site-packages/airflow/example_dags/example_branch_operator.py
[2024-06-18T14:17:23.256+0545] {processor.py:840} INFO - DAG(s) 'example_branch_operator' retrieved from /root/apache_env/lib/python3.10/site-packages/airflow/example_dags/example_branch_operator.py
[2024-06-18T14:17:23.272+0545] {logging_mixin.py:188} INFO - [2024-06-18T14:17:23.272+0545] {dag.py:3096} INFO - Sync 1 DAGs
[2024-06-18T14:17:23.286+0545] {logging_mixin.py:188} INFO - [2024-06-18T14:17:23.286+0545] {dag.py:3954} INFO - Setting next_dagrun for example_branch_operator to 2024-06-17 00:00:00+00:00, run_after=2024-06-18 00:00:00+00:00
[2024-06-18T14:17:23.363+0545] {processor.py:183} INFO - Processing /root/apache_env/lib/python3.10/site-packages/airflow/example_dags/example_branch_operator.py took 0.125 seconds
[2024-06-18T14:18:17.769+0545] {processor.py:161} INFO - Started process (PID=5899) to work on /root/apache_env/lib/python3.10/site-packages/airflow/example_dags/example_branch_operator.py
[2024-06-18T14:18:17.771+0545] {processor.py:830} INFO - Processing file /root/apache_env/lib/python3.10/site-packages/airflow/example_dags/example_branch_operator.py for tasks to queue
[2024-06-18T14:18:17.772+0545] {logging_mixin.py:188} INFO - [2024-06-18T14:18:17.772+0545] {dagbag.py:545} INFO - Filling up the DagBag from /root/apache_env/lib/python3.10/site-packages/airflow/example_dags/example_branch_operator.py
[2024-06-18T14:18:17.839+0545] {processor.py:840} INFO - DAG(s) 'example_branch_operator' retrieved from /root/apache_env/lib/python3.10/site-packages/airflow/example_dags/example_branch_operator.py
[2024-06-18T14:18:17.852+0545] {logging_mixin.py:188} INFO - [2024-06-18T14:18:17.852+0545] {dag.py:3096} INFO - Sync 1 DAGs
[2024-06-18T14:18:17.863+0545] {logging_mixin.py:188} INFO - [2024-06-18T14:18:17.863+0545] {dag.py:3954} INFO - Setting next_dagrun for example_branch_operator to 2024-06-17 00:00:00+00:00, run_after=2024-06-18 00:00:00+00:00
[2024-06-18T14:18:17.879+0545] {processor.py:183} INFO - Processing /root/apache_env/lib/python3.10/site-packages/airflow/example_dags/example_branch_operator.py took 0.113 seconds
[2024-06-18T14:22:43.556+0545] {processor.py:161} INFO - Started process (PID=6618) to work on /root/apache_env/lib/python3.10/site-packages/airflow/example_dags/example_branch_operator.py
[2024-06-18T14:22:43.557+0545] {processor.py:830} INFO - Processing file /root/apache_env/lib/python3.10/site-packages/airflow/example_dags/example_branch_operator.py for tasks to queue
[2024-06-18T14:22:43.558+0545] {logging_mixin.py:188} INFO - [2024-06-18T14:22:43.558+0545] {dagbag.py:545} INFO - Filling up the DagBag from /root/apache_env/lib/python3.10/site-packages/airflow/example_dags/example_branch_operator.py
[2024-06-18T14:22:43.571+0545] {processor.py:840} INFO - DAG(s) 'example_branch_operator' retrieved from /root/apache_env/lib/python3.10/site-packages/airflow/example_dags/example_branch_operator.py
[2024-06-18T14:22:43.641+0545] {logging_mixin.py:188} INFO - [2024-06-18T14:22:43.640+0545] {dag.py:3096} INFO - Sync 1 DAGs
[2024-06-18T14:22:43.717+0545] {logging_mixin.py:188} INFO - [2024-06-18T14:22:43.716+0545] {dag.py:3954} INFO - Setting next_dagrun for example_branch_operator to 2024-06-17 00:00:00+00:00, run_after=2024-06-18 00:00:00+00:00
[2024-06-18T14:22:43.732+0545] {processor.py:183} INFO - Processing /root/apache_env/lib/python3.10/site-packages/airflow/example_dags/example_branch_operator.py took 0.180 seconds
[2024-06-18T14:23:48.317+0545] {processor.py:161} INFO - Started process (PID=6804) to work on /root/apache_env/lib/python3.10/site-packages/airflow/example_dags/example_branch_operator.py
[2024-06-18T14:23:48.319+0545] {processor.py:830} INFO - Processing file /root/apache_env/lib/python3.10/site-packages/airflow/example_dags/example_branch_operator.py for tasks to queue
[2024-06-18T14:23:48.320+0545] {logging_mixin.py:188} INFO - [2024-06-18T14:23:48.320+0545] {dagbag.py:545} INFO - Filling up the DagBag from /root/apache_env/lib/python3.10/site-packages/airflow/example_dags/example_branch_operator.py
[2024-06-18T14:23:48.332+0545] {processor.py:840} INFO - DAG(s) 'example_branch_operator' retrieved from /root/apache_env/lib/python3.10/site-packages/airflow/example_dags/example_branch_operator.py
[2024-06-18T14:23:48.347+0545] {logging_mixin.py:188} INFO - [2024-06-18T14:23:48.347+0545] {dag.py:3096} INFO - Sync 1 DAGs
[2024-06-18T14:23:48.360+0545] {logging_mixin.py:188} INFO - [2024-06-18T14:23:48.360+0545] {dag.py:3954} INFO - Setting next_dagrun for example_branch_operator to 2024-06-17 00:00:00+00:00, run_after=2024-06-18 00:00:00+00:00
[2024-06-18T14:23:48.379+0545] {processor.py:183} INFO - Processing /root/apache_env/lib/python3.10/site-packages/airflow/example_dags/example_branch_operator.py took 0.066 seconds
[2024-06-18T14:24:41.720+0545] {processor.py:161} INFO - Started process (PID=6938) to work on /root/apache_env/lib/python3.10/site-packages/airflow/example_dags/example_branch_operator.py
[2024-06-18T14:24:41.722+0545] {processor.py:830} INFO - Processing file /root/apache_env/lib/python3.10/site-packages/airflow/example_dags/example_branch_operator.py for tasks to queue
[2024-06-18T14:24:41.723+0545] {logging_mixin.py:188} INFO - [2024-06-18T14:24:41.723+0545] {dagbag.py:545} INFO - Filling up the DagBag from /root/apache_env/lib/python3.10/site-packages/airflow/example_dags/example_branch_operator.py
[2024-06-18T14:24:41.798+0545] {processor.py:840} INFO - DAG(s) 'example_branch_operator' retrieved from /root/apache_env/lib/python3.10/site-packages/airflow/example_dags/example_branch_operator.py
[2024-06-18T14:24:41.813+0545] {logging_mixin.py:188} INFO - [2024-06-18T14:24:41.812+0545] {dag.py:3096} INFO - Sync 1 DAGs
[2024-06-18T14:24:41.824+0545] {logging_mixin.py:188} INFO - [2024-06-18T14:24:41.824+0545] {dag.py:3954} INFO - Setting next_dagrun for example_branch_operator to 2024-06-17 00:00:00+00:00, run_after=2024-06-18 00:00:00+00:00
[2024-06-18T14:24:41.841+0545] {processor.py:183} INFO - Processing /root/apache_env/lib/python3.10/site-packages/airflow/example_dags/example_branch_operator.py took 0.124 seconds
[2024-06-18T14:27:41.058+0545] {processor.py:161} INFO - Started process (PID=7438) to work on /root/apache_env/lib/python3.10/site-packages/airflow/example_dags/example_branch_operator.py
[2024-06-18T14:27:41.059+0545] {processor.py:830} INFO - Processing file /root/apache_env/lib/python3.10/site-packages/airflow/example_dags/example_branch_operator.py for tasks to queue
[2024-06-18T14:27:41.061+0545] {logging_mixin.py:188} INFO - [2024-06-18T14:27:41.060+0545] {dagbag.py:545} INFO - Filling up the DagBag from /root/apache_env/lib/python3.10/site-packages/airflow/example_dags/example_branch_operator.py
[2024-06-18T14:27:41.075+0545] {processor.py:840} INFO - DAG(s) 'example_branch_operator' retrieved from /root/apache_env/lib/python3.10/site-packages/airflow/example_dags/example_branch_operator.py
[2024-06-18T14:27:41.158+0545] {logging_mixin.py:188} INFO - [2024-06-18T14:27:41.157+0545] {dag.py:3096} INFO - Sync 1 DAGs
[2024-06-18T14:27:41.247+0545] {logging_mixin.py:188} INFO - [2024-06-18T14:27:41.247+0545] {dag.py:3954} INFO - Setting next_dagrun for example_branch_operator to 2024-06-17 00:00:00+00:00, run_after=2024-06-18 00:00:00+00:00
[2024-06-18T14:27:41.265+0545] {processor.py:183} INFO - Processing /root/apache_env/lib/python3.10/site-packages/airflow/example_dags/example_branch_operator.py took 0.213 seconds
[2024-06-18T14:28:36.607+0545] {processor.py:161} INFO - Started process (PID=7589) to work on /root/apache_env/lib/python3.10/site-packages/airflow/example_dags/example_branch_operator.py
[2024-06-18T14:28:36.608+0545] {processor.py:830} INFO - Processing file /root/apache_env/lib/python3.10/site-packages/airflow/example_dags/example_branch_operator.py for tasks to queue
[2024-06-18T14:28:36.609+0545] {logging_mixin.py:188} INFO - [2024-06-18T14:28:36.609+0545] {dagbag.py:545} INFO - Filling up the DagBag from /root/apache_env/lib/python3.10/site-packages/airflow/example_dags/example_branch_operator.py
[2024-06-18T14:28:36.620+0545] {processor.py:840} INFO - DAG(s) 'example_branch_operator' retrieved from /root/apache_env/lib/python3.10/site-packages/airflow/example_dags/example_branch_operator.py
[2024-06-18T14:28:36.636+0545] {logging_mixin.py:188} INFO - [2024-06-18T14:28:36.636+0545] {dag.py:3096} INFO - Sync 1 DAGs
[2024-06-18T14:28:36.649+0545] {logging_mixin.py:188} INFO - [2024-06-18T14:28:36.649+0545] {dag.py:3954} INFO - Setting next_dagrun for example_branch_operator to 2024-06-17 00:00:00+00:00, run_after=2024-06-18 00:00:00+00:00
[2024-06-18T14:28:36.722+0545] {processor.py:183} INFO - Processing /root/apache_env/lib/python3.10/site-packages/airflow/example_dags/example_branch_operator.py took 0.120 seconds
[2024-06-18T14:30:19.402+0545] {processor.py:161} INFO - Started process (PID=7838) to work on /root/apache_env/lib/python3.10/site-packages/airflow/example_dags/example_branch_operator.py
[2024-06-18T14:30:19.403+0545] {processor.py:830} INFO - Processing file /root/apache_env/lib/python3.10/site-packages/airflow/example_dags/example_branch_operator.py for tasks to queue
[2024-06-18T14:30:19.404+0545] {logging_mixin.py:188} INFO - [2024-06-18T14:30:19.404+0545] {dagbag.py:545} INFO - Filling up the DagBag from /root/apache_env/lib/python3.10/site-packages/airflow/example_dags/example_branch_operator.py
[2024-06-18T14:30:19.415+0545] {processor.py:840} INFO - DAG(s) 'example_branch_operator' retrieved from /root/apache_env/lib/python3.10/site-packages/airflow/example_dags/example_branch_operator.py
[2024-06-18T14:30:19.479+0545] {logging_mixin.py:188} INFO - [2024-06-18T14:30:19.479+0545] {dag.py:3096} INFO - Sync 1 DAGs
[2024-06-18T14:30:19.548+0545] {logging_mixin.py:188} INFO - [2024-06-18T14:30:19.548+0545] {dag.py:3954} INFO - Setting next_dagrun for example_branch_operator to 2024-06-17 00:00:00+00:00, run_after=2024-06-18 00:00:00+00:00
[2024-06-18T14:30:19.565+0545] {processor.py:183} INFO - Processing /root/apache_env/lib/python3.10/site-packages/airflow/example_dags/example_branch_operator.py took 0.167 seconds
[2024-06-18T14:31:14.698+0545] {processor.py:161} INFO - Started process (PID=7973) to work on /root/apache_env/lib/python3.10/site-packages/airflow/example_dags/example_branch_operator.py
[2024-06-18T14:31:14.699+0545] {processor.py:830} INFO - Processing file /root/apache_env/lib/python3.10/site-packages/airflow/example_dags/example_branch_operator.py for tasks to queue
[2024-06-18T14:31:14.700+0545] {logging_mixin.py:188} INFO - [2024-06-18T14:31:14.700+0545] {dagbag.py:545} INFO - Filling up the DagBag from /root/apache_env/lib/python3.10/site-packages/airflow/example_dags/example_branch_operator.py
[2024-06-18T14:31:14.711+0545] {processor.py:840} INFO - DAG(s) 'example_branch_operator' retrieved from /root/apache_env/lib/python3.10/site-packages/airflow/example_dags/example_branch_operator.py
[2024-06-18T14:31:14.726+0545] {logging_mixin.py:188} INFO - [2024-06-18T14:31:14.726+0545] {dag.py:3096} INFO - Sync 1 DAGs
[2024-06-18T14:31:14.739+0545] {logging_mixin.py:188} INFO - [2024-06-18T14:31:14.739+0545] {dag.py:3954} INFO - Setting next_dagrun for example_branch_operator to 2024-06-17 00:00:00+00:00, run_after=2024-06-18 00:00:00+00:00
[2024-06-18T14:31:14.809+0545] {processor.py:183} INFO - Processing /root/apache_env/lib/python3.10/site-packages/airflow/example_dags/example_branch_operator.py took 0.115 seconds
[2024-06-18T14:32:09.573+0545] {processor.py:161} INFO - Started process (PID=8108) to work on /root/apache_env/lib/python3.10/site-packages/airflow/example_dags/example_branch_operator.py
[2024-06-18T14:32:09.574+0545] {processor.py:830} INFO - Processing file /root/apache_env/lib/python3.10/site-packages/airflow/example_dags/example_branch_operator.py for tasks to queue
[2024-06-18T14:32:09.575+0545] {logging_mixin.py:188} INFO - [2024-06-18T14:32:09.575+0545] {dagbag.py:545} INFO - Filling up the DagBag from /root/apache_env/lib/python3.10/site-packages/airflow/example_dags/example_branch_operator.py
[2024-06-18T14:32:09.640+0545] {processor.py:840} INFO - DAG(s) 'example_branch_operator' retrieved from /root/apache_env/lib/python3.10/site-packages/airflow/example_dags/example_branch_operator.py
[2024-06-18T14:32:09.653+0545] {logging_mixin.py:188} INFO - [2024-06-18T14:32:09.653+0545] {dag.py:3096} INFO - Sync 1 DAGs
[2024-06-18T14:32:09.665+0545] {logging_mixin.py:188} INFO - [2024-06-18T14:32:09.665+0545] {dag.py:3954} INFO - Setting next_dagrun for example_branch_operator to 2024-06-17 00:00:00+00:00, run_after=2024-06-18 00:00:00+00:00
[2024-06-18T14:32:09.681+0545] {processor.py:183} INFO - Processing /root/apache_env/lib/python3.10/site-packages/airflow/example_dags/example_branch_operator.py took 0.111 seconds
[2024-06-18T14:32:58.663+0545] {processor.py:161} INFO - Started process (PID=8230) to work on /root/apache_env/lib/python3.10/site-packages/airflow/example_dags/example_branch_operator.py
[2024-06-18T14:32:58.664+0545] {processor.py:830} INFO - Processing file /root/apache_env/lib/python3.10/site-packages/airflow/example_dags/example_branch_operator.py for tasks to queue
[2024-06-18T14:32:58.665+0545] {logging_mixin.py:188} INFO - [2024-06-18T14:32:58.665+0545] {dagbag.py:545} INFO - Filling up the DagBag from /root/apache_env/lib/python3.10/site-packages/airflow/example_dags/example_branch_operator.py
[2024-06-18T14:32:58.677+0545] {processor.py:840} INFO - DAG(s) 'example_branch_operator' retrieved from /root/apache_env/lib/python3.10/site-packages/airflow/example_dags/example_branch_operator.py
[2024-06-18T14:32:58.692+0545] {logging_mixin.py:188} INFO - [2024-06-18T14:32:58.692+0545] {dag.py:3096} INFO - Sync 1 DAGs
[2024-06-18T14:32:58.705+0545] {logging_mixin.py:188} INFO - [2024-06-18T14:32:58.705+0545] {dag.py:3954} INFO - Setting next_dagrun for example_branch_operator to 2024-06-17 00:00:00+00:00, run_after=2024-06-18 00:00:00+00:00
[2024-06-18T14:32:58.724+0545] {processor.py:183} INFO - Processing /root/apache_env/lib/python3.10/site-packages/airflow/example_dags/example_branch_operator.py took 0.065 seconds
[2024-06-18T14:34:04.998+0545] {processor.py:161} INFO - Started process (PID=8398) to work on /root/apache_env/lib/python3.10/site-packages/airflow/example_dags/example_branch_operator.py
[2024-06-18T14:34:04.999+0545] {processor.py:830} INFO - Processing file /root/apache_env/lib/python3.10/site-packages/airflow/example_dags/example_branch_operator.py for tasks to queue
[2024-06-18T14:34:05.000+0545] {logging_mixin.py:188} INFO - [2024-06-18T14:34:05.000+0545] {dagbag.py:545} INFO - Filling up the DagBag from /root/apache_env/lib/python3.10/site-packages/airflow/example_dags/example_branch_operator.py
[2024-06-18T14:34:05.012+0545] {processor.py:840} INFO - DAG(s) 'example_branch_operator' retrieved from /root/apache_env/lib/python3.10/site-packages/airflow/example_dags/example_branch_operator.py
[2024-06-18T14:34:05.029+0545] {logging_mixin.py:188} INFO - [2024-06-18T14:34:05.029+0545] {dag.py:3096} INFO - Sync 1 DAGs
[2024-06-18T14:34:05.044+0545] {logging_mixin.py:188} INFO - [2024-06-18T14:34:05.044+0545] {dag.py:3954} INFO - Setting next_dagrun for example_branch_operator to 2024-06-17 00:00:00+00:00, run_after=2024-06-18 00:00:00+00:00
[2024-06-18T14:34:05.061+0545] {processor.py:183} INFO - Processing /root/apache_env/lib/python3.10/site-packages/airflow/example_dags/example_branch_operator.py took 0.068 seconds
[2024-06-18T14:35:15.186+0545] {processor.py:161} INFO - Started process (PID=8600) to work on /root/apache_env/lib/python3.10/site-packages/airflow/example_dags/example_branch_operator.py
[2024-06-18T14:35:15.187+0545] {processor.py:830} INFO - Processing file /root/apache_env/lib/python3.10/site-packages/airflow/example_dags/example_branch_operator.py for tasks to queue
[2024-06-18T14:35:15.188+0545] {logging_mixin.py:188} INFO - [2024-06-18T14:35:15.188+0545] {dagbag.py:545} INFO - Filling up the DagBag from /root/apache_env/lib/python3.10/site-packages/airflow/example_dags/example_branch_operator.py
[2024-06-18T14:35:15.200+0545] {processor.py:840} INFO - DAG(s) 'example_branch_operator' retrieved from /root/apache_env/lib/python3.10/site-packages/airflow/example_dags/example_branch_operator.py
[2024-06-18T14:35:15.215+0545] {logging_mixin.py:188} INFO - [2024-06-18T14:35:15.215+0545] {dag.py:3096} INFO - Sync 1 DAGs
[2024-06-18T14:35:15.229+0545] {logging_mixin.py:188} INFO - [2024-06-18T14:35:15.229+0545] {dag.py:3954} INFO - Setting next_dagrun for example_branch_operator to 2024-06-17 00:00:00+00:00, run_after=2024-06-18 00:00:00+00:00
[2024-06-18T14:35:15.247+0545] {processor.py:183} INFO - Processing /root/apache_env/lib/python3.10/site-packages/airflow/example_dags/example_branch_operator.py took 0.065 seconds
[2024-06-18T14:36:04.535+0545] {processor.py:161} INFO - Started process (PID=8728) to work on /root/apache_env/lib/python3.10/site-packages/airflow/example_dags/example_branch_operator.py
[2024-06-18T14:36:04.536+0545] {processor.py:830} INFO - Processing file /root/apache_env/lib/python3.10/site-packages/airflow/example_dags/example_branch_operator.py for tasks to queue
[2024-06-18T14:36:04.538+0545] {logging_mixin.py:188} INFO - [2024-06-18T14:36:04.537+0545] {dagbag.py:545} INFO - Filling up the DagBag from /root/apache_env/lib/python3.10/site-packages/airflow/example_dags/example_branch_operator.py
[2024-06-18T14:36:04.550+0545] {processor.py:840} INFO - DAG(s) 'example_branch_operator' retrieved from /root/apache_env/lib/python3.10/site-packages/airflow/example_dags/example_branch_operator.py
[2024-06-18T14:36:04.565+0545] {logging_mixin.py:188} INFO - [2024-06-18T14:36:04.565+0545] {dag.py:3096} INFO - Sync 1 DAGs
[2024-06-18T14:36:04.578+0545] {logging_mixin.py:188} INFO - [2024-06-18T14:36:04.578+0545] {dag.py:3954} INFO - Setting next_dagrun for example_branch_operator to 2024-06-17 00:00:00+00:00, run_after=2024-06-18 00:00:00+00:00
[2024-06-18T14:36:04.595+0545] {processor.py:183} INFO - Processing /root/apache_env/lib/python3.10/site-packages/airflow/example_dags/example_branch_operator.py took 0.064 seconds
[2024-06-18T14:37:11.401+0545] {processor.py:161} INFO - Started process (PID=8896) to work on /root/apache_env/lib/python3.10/site-packages/airflow/example_dags/example_branch_operator.py
[2024-06-18T14:37:11.402+0545] {processor.py:830} INFO - Processing file /root/apache_env/lib/python3.10/site-packages/airflow/example_dags/example_branch_operator.py for tasks to queue
[2024-06-18T14:37:11.404+0545] {logging_mixin.py:188} INFO - [2024-06-18T14:37:11.403+0545] {dagbag.py:545} INFO - Filling up the DagBag from /root/apache_env/lib/python3.10/site-packages/airflow/example_dags/example_branch_operator.py
[2024-06-18T14:37:11.415+0545] {processor.py:840} INFO - DAG(s) 'example_branch_operator' retrieved from /root/apache_env/lib/python3.10/site-packages/airflow/example_dags/example_branch_operator.py
[2024-06-18T14:37:11.431+0545] {logging_mixin.py:188} INFO - [2024-06-18T14:37:11.431+0545] {dag.py:3096} INFO - Sync 1 DAGs
[2024-06-18T14:37:11.444+0545] {logging_mixin.py:188} INFO - [2024-06-18T14:37:11.444+0545] {dag.py:3954} INFO - Setting next_dagrun for example_branch_operator to 2024-06-17 00:00:00+00:00, run_after=2024-06-18 00:00:00+00:00
[2024-06-18T14:37:11.460+0545] {processor.py:183} INFO - Processing /root/apache_env/lib/python3.10/site-packages/airflow/example_dags/example_branch_operator.py took 0.063 seconds
[2024-06-18T14:38:21.083+0545] {processor.py:161} INFO - Started process (PID=9070) to work on /root/apache_env/lib/python3.10/site-packages/airflow/example_dags/example_branch_operator.py
[2024-06-18T14:38:21.084+0545] {processor.py:830} INFO - Processing file /root/apache_env/lib/python3.10/site-packages/airflow/example_dags/example_branch_operator.py for tasks to queue
[2024-06-18T14:38:21.085+0545] {logging_mixin.py:188} INFO - [2024-06-18T14:38:21.085+0545] {dagbag.py:545} INFO - Filling up the DagBag from /root/apache_env/lib/python3.10/site-packages/airflow/example_dags/example_branch_operator.py
[2024-06-18T14:38:21.097+0545] {processor.py:840} INFO - DAG(s) 'example_branch_operator' retrieved from /root/apache_env/lib/python3.10/site-packages/airflow/example_dags/example_branch_operator.py
[2024-06-18T14:38:21.113+0545] {logging_mixin.py:188} INFO - [2024-06-18T14:38:21.113+0545] {dag.py:3096} INFO - Sync 1 DAGs
[2024-06-18T14:38:21.126+0545] {logging_mixin.py:188} INFO - [2024-06-18T14:38:21.126+0545] {dag.py:3954} INFO - Setting next_dagrun for example_branch_operator to 2024-06-17 00:00:00+00:00, run_after=2024-06-18 00:00:00+00:00
[2024-06-18T14:38:21.142+0545] {processor.py:183} INFO - Processing /root/apache_env/lib/python3.10/site-packages/airflow/example_dags/example_branch_operator.py took 0.063 seconds
[2024-06-18T14:39:30.046+0545] {processor.py:161} INFO - Started process (PID=9244) to work on /root/apache_env/lib/python3.10/site-packages/airflow/example_dags/example_branch_operator.py
[2024-06-18T14:39:30.048+0545] {processor.py:830} INFO - Processing file /root/apache_env/lib/python3.10/site-packages/airflow/example_dags/example_branch_operator.py for tasks to queue
[2024-06-18T14:39:30.049+0545] {logging_mixin.py:188} INFO - [2024-06-18T14:39:30.048+0545] {dagbag.py:545} INFO - Filling up the DagBag from /root/apache_env/lib/python3.10/site-packages/airflow/example_dags/example_branch_operator.py
[2024-06-18T14:39:30.061+0545] {processor.py:840} INFO - DAG(s) 'example_branch_operator' retrieved from /root/apache_env/lib/python3.10/site-packages/airflow/example_dags/example_branch_operator.py
[2024-06-18T14:39:30.079+0545] {logging_mixin.py:188} INFO - [2024-06-18T14:39:30.079+0545] {dag.py:3096} INFO - Sync 1 DAGs
[2024-06-18T14:39:30.096+0545] {logging_mixin.py:188} INFO - [2024-06-18T14:39:30.096+0545] {dag.py:3954} INFO - Setting next_dagrun for example_branch_operator to 2024-06-17 00:00:00+00:00, run_after=2024-06-18 00:00:00+00:00
[2024-06-18T14:39:30.113+0545] {processor.py:183} INFO - Processing /root/apache_env/lib/python3.10/site-packages/airflow/example_dags/example_branch_operator.py took 0.071 seconds
[2024-06-18T14:40:38.639+0545] {processor.py:161} INFO - Started process (PID=9416) to work on /root/apache_env/lib/python3.10/site-packages/airflow/example_dags/example_branch_operator.py
[2024-06-18T14:40:38.640+0545] {processor.py:830} INFO - Processing file /root/apache_env/lib/python3.10/site-packages/airflow/example_dags/example_branch_operator.py for tasks to queue
[2024-06-18T14:40:38.642+0545] {logging_mixin.py:188} INFO - [2024-06-18T14:40:38.641+0545] {dagbag.py:545} INFO - Filling up the DagBag from /root/apache_env/lib/python3.10/site-packages/airflow/example_dags/example_branch_operator.py
[2024-06-18T14:40:38.653+0545] {processor.py:840} INFO - DAG(s) 'example_branch_operator' retrieved from /root/apache_env/lib/python3.10/site-packages/airflow/example_dags/example_branch_operator.py
[2024-06-18T14:40:38.669+0545] {logging_mixin.py:188} INFO - [2024-06-18T14:40:38.668+0545] {dag.py:3096} INFO - Sync 1 DAGs
[2024-06-18T14:40:38.682+0545] {logging_mixin.py:188} INFO - [2024-06-18T14:40:38.682+0545] {dag.py:3954} INFO - Setting next_dagrun for example_branch_operator to 2024-06-17 00:00:00+00:00, run_after=2024-06-18 00:00:00+00:00
[2024-06-18T14:40:38.700+0545] {processor.py:183} INFO - Processing /root/apache_env/lib/python3.10/site-packages/airflow/example_dags/example_branch_operator.py took 0.065 seconds
[2024-06-18T14:41:45.226+0545] {processor.py:161} INFO - Started process (PID=9586) to work on /root/apache_env/lib/python3.10/site-packages/airflow/example_dags/example_branch_operator.py
[2024-06-18T14:41:45.227+0545] {processor.py:830} INFO - Processing file /root/apache_env/lib/python3.10/site-packages/airflow/example_dags/example_branch_operator.py for tasks to queue
[2024-06-18T14:41:45.228+0545] {logging_mixin.py:188} INFO - [2024-06-18T14:41:45.228+0545] {dagbag.py:545} INFO - Filling up the DagBag from /root/apache_env/lib/python3.10/site-packages/airflow/example_dags/example_branch_operator.py
[2024-06-18T14:41:45.240+0545] {processor.py:840} INFO - DAG(s) 'example_branch_operator' retrieved from /root/apache_env/lib/python3.10/site-packages/airflow/example_dags/example_branch_operator.py
[2024-06-18T14:41:45.255+0545] {logging_mixin.py:188} INFO - [2024-06-18T14:41:45.255+0545] {dag.py:3096} INFO - Sync 1 DAGs
[2024-06-18T14:41:45.269+0545] {logging_mixin.py:188} INFO - [2024-06-18T14:41:45.269+0545] {dag.py:3954} INFO - Setting next_dagrun for example_branch_operator to 2024-06-17 00:00:00+00:00, run_after=2024-06-18 00:00:00+00:00
[2024-06-18T14:41:45.288+0545] {processor.py:183} INFO - Processing /root/apache_env/lib/python3.10/site-packages/airflow/example_dags/example_branch_operator.py took 0.066 seconds
[2024-06-18T14:42:50.360+0545] {processor.py:161} INFO - Started process (PID=9750) to work on /root/apache_env/lib/python3.10/site-packages/airflow/example_dags/example_branch_operator.py
[2024-06-18T14:42:50.361+0545] {processor.py:830} INFO - Processing file /root/apache_env/lib/python3.10/site-packages/airflow/example_dags/example_branch_operator.py for tasks to queue
[2024-06-18T14:42:50.362+0545] {logging_mixin.py:188} INFO - [2024-06-18T14:42:50.362+0545] {dagbag.py:545} INFO - Filling up the DagBag from /root/apache_env/lib/python3.10/site-packages/airflow/example_dags/example_branch_operator.py
[2024-06-18T14:42:50.374+0545] {processor.py:840} INFO - DAG(s) 'example_branch_operator' retrieved from /root/apache_env/lib/python3.10/site-packages/airflow/example_dags/example_branch_operator.py
[2024-06-18T14:42:50.390+0545] {logging_mixin.py:188} INFO - [2024-06-18T14:42:50.390+0545] {dag.py:3096} INFO - Sync 1 DAGs
[2024-06-18T14:42:50.403+0545] {logging_mixin.py:188} INFO - [2024-06-18T14:42:50.403+0545] {dag.py:3954} INFO - Setting next_dagrun for example_branch_operator to 2024-06-17 00:00:00+00:00, run_after=2024-06-18 00:00:00+00:00
[2024-06-18T14:42:50.420+0545] {processor.py:183} INFO - Processing /root/apache_env/lib/python3.10/site-packages/airflow/example_dags/example_branch_operator.py took 0.064 seconds
[2024-06-18T14:43:59.896+0545] {processor.py:161} INFO - Started process (PID=9922) to work on /root/apache_env/lib/python3.10/site-packages/airflow/example_dags/example_branch_operator.py
[2024-06-18T14:43:59.897+0545] {processor.py:830} INFO - Processing file /root/apache_env/lib/python3.10/site-packages/airflow/example_dags/example_branch_operator.py for tasks to queue
[2024-06-18T14:43:59.898+0545] {logging_mixin.py:188} INFO - [2024-06-18T14:43:59.898+0545] {dagbag.py:545} INFO - Filling up the DagBag from /root/apache_env/lib/python3.10/site-packages/airflow/example_dags/example_branch_operator.py
[2024-06-18T14:43:59.909+0545] {processor.py:840} INFO - DAG(s) 'example_branch_operator' retrieved from /root/apache_env/lib/python3.10/site-packages/airflow/example_dags/example_branch_operator.py
[2024-06-18T14:43:59.925+0545] {logging_mixin.py:188} INFO - [2024-06-18T14:43:59.925+0545] {dag.py:3096} INFO - Sync 1 DAGs
[2024-06-18T14:43:59.938+0545] {logging_mixin.py:188} INFO - [2024-06-18T14:43:59.938+0545] {dag.py:3954} INFO - Setting next_dagrun for example_branch_operator to 2024-06-17 00:00:00+00:00, run_after=2024-06-18 00:00:00+00:00
[2024-06-18T14:43:59.955+0545] {processor.py:183} INFO - Processing /root/apache_env/lib/python3.10/site-packages/airflow/example_dags/example_branch_operator.py took 0.063 seconds
[2024-06-18T14:45:12.636+0545] {processor.py:161} INFO - Started process (PID=10128) to work on /root/apache_env/lib/python3.10/site-packages/airflow/example_dags/example_branch_operator.py
[2024-06-18T14:45:12.638+0545] {processor.py:830} INFO - Processing file /root/apache_env/lib/python3.10/site-packages/airflow/example_dags/example_branch_operator.py for tasks to queue
[2024-06-18T14:45:12.639+0545] {logging_mixin.py:188} INFO - [2024-06-18T14:45:12.639+0545] {dagbag.py:545} INFO - Filling up the DagBag from /root/apache_env/lib/python3.10/site-packages/airflow/example_dags/example_branch_operator.py
[2024-06-18T14:45:12.651+0545] {processor.py:840} INFO - DAG(s) 'example_branch_operator' retrieved from /root/apache_env/lib/python3.10/site-packages/airflow/example_dags/example_branch_operator.py
[2024-06-18T14:45:12.666+0545] {logging_mixin.py:188} INFO - [2024-06-18T14:45:12.666+0545] {dag.py:3096} INFO - Sync 1 DAGs
[2024-06-18T14:45:12.679+0545] {logging_mixin.py:188} INFO - [2024-06-18T14:45:12.679+0545] {dag.py:3954} INFO - Setting next_dagrun for example_branch_operator to 2024-06-17 00:00:00+00:00, run_after=2024-06-18 00:00:00+00:00
[2024-06-18T14:45:12.697+0545] {processor.py:183} INFO - Processing /root/apache_env/lib/python3.10/site-packages/airflow/example_dags/example_branch_operator.py took 0.064 seconds
[2024-06-18T14:46:02.725+0545] {processor.py:161} INFO - Started process (PID=10257) to work on /root/apache_env/lib/python3.10/site-packages/airflow/example_dags/example_branch_operator.py
[2024-06-18T14:46:02.726+0545] {processor.py:830} INFO - Processing file /root/apache_env/lib/python3.10/site-packages/airflow/example_dags/example_branch_operator.py for tasks to queue
[2024-06-18T14:46:02.727+0545] {logging_mixin.py:188} INFO - [2024-06-18T14:46:02.727+0545] {dagbag.py:545} INFO - Filling up the DagBag from /root/apache_env/lib/python3.10/site-packages/airflow/example_dags/example_branch_operator.py
[2024-06-18T14:46:02.739+0545] {processor.py:840} INFO - DAG(s) 'example_branch_operator' retrieved from /root/apache_env/lib/python3.10/site-packages/airflow/example_dags/example_branch_operator.py
[2024-06-18T14:46:02.754+0545] {logging_mixin.py:188} INFO - [2024-06-18T14:46:02.754+0545] {dag.py:3096} INFO - Sync 1 DAGs
[2024-06-18T14:46:02.768+0545] {logging_mixin.py:188} INFO - [2024-06-18T14:46:02.768+0545] {dag.py:3954} INFO - Setting next_dagrun for example_branch_operator to 2024-06-17 00:00:00+00:00, run_after=2024-06-18 00:00:00+00:00
[2024-06-18T14:46:02.784+0545] {processor.py:183} INFO - Processing /root/apache_env/lib/python3.10/site-packages/airflow/example_dags/example_branch_operator.py took 0.063 seconds
[2024-06-18T14:47:08.812+0545] {processor.py:161} INFO - Started process (PID=10424) to work on /root/apache_env/lib/python3.10/site-packages/airflow/example_dags/example_branch_operator.py
[2024-06-18T14:47:08.813+0545] {processor.py:830} INFO - Processing file /root/apache_env/lib/python3.10/site-packages/airflow/example_dags/example_branch_operator.py for tasks to queue
[2024-06-18T14:47:08.815+0545] {logging_mixin.py:188} INFO - [2024-06-18T14:47:08.815+0545] {dagbag.py:545} INFO - Filling up the DagBag from /root/apache_env/lib/python3.10/site-packages/airflow/example_dags/example_branch_operator.py
[2024-06-18T14:47:08.832+0545] {processor.py:840} INFO - DAG(s) 'example_branch_operator' retrieved from /root/apache_env/lib/python3.10/site-packages/airflow/example_dags/example_branch_operator.py
[2024-06-18T14:47:08.853+0545] {logging_mixin.py:188} INFO - [2024-06-18T14:47:08.853+0545] {dag.py:3096} INFO - Sync 1 DAGs
[2024-06-18T14:47:08.868+0545] {logging_mixin.py:188} INFO - [2024-06-18T14:47:08.868+0545] {dag.py:3954} INFO - Setting next_dagrun for example_branch_operator to 2024-06-17 00:00:00+00:00, run_after=2024-06-18 00:00:00+00:00
[2024-06-18T14:47:08.884+0545] {processor.py:183} INFO - Processing /root/apache_env/lib/python3.10/site-packages/airflow/example_dags/example_branch_operator.py took 0.076 seconds
[2024-06-18T14:48:13.637+0545] {processor.py:161} INFO - Started process (PID=10586) to work on /root/apache_env/lib/python3.10/site-packages/airflow/example_dags/example_branch_operator.py
[2024-06-18T14:48:13.638+0545] {processor.py:830} INFO - Processing file /root/apache_env/lib/python3.10/site-packages/airflow/example_dags/example_branch_operator.py for tasks to queue
[2024-06-18T14:48:13.639+0545] {logging_mixin.py:188} INFO - [2024-06-18T14:48:13.639+0545] {dagbag.py:545} INFO - Filling up the DagBag from /root/apache_env/lib/python3.10/site-packages/airflow/example_dags/example_branch_operator.py
[2024-06-18T14:48:13.651+0545] {processor.py:840} INFO - DAG(s) 'example_branch_operator' retrieved from /root/apache_env/lib/python3.10/site-packages/airflow/example_dags/example_branch_operator.py
[2024-06-18T14:48:13.667+0545] {logging_mixin.py:188} INFO - [2024-06-18T14:48:13.666+0545] {dag.py:3096} INFO - Sync 1 DAGs
[2024-06-18T14:48:13.681+0545] {logging_mixin.py:188} INFO - [2024-06-18T14:48:13.681+0545] {dag.py:3954} INFO - Setting next_dagrun for example_branch_operator to 2024-06-17 00:00:00+00:00, run_after=2024-06-18 00:00:00+00:00
[2024-06-18T14:48:13.697+0545] {processor.py:183} INFO - Processing /root/apache_env/lib/python3.10/site-packages/airflow/example_dags/example_branch_operator.py took 0.064 seconds
[2024-06-18T14:49:24.496+0545] {processor.py:161} INFO - Started process (PID=10767) to work on /root/apache_env/lib/python3.10/site-packages/airflow/example_dags/example_branch_operator.py
[2024-06-18T14:49:24.497+0545] {processor.py:830} INFO - Processing file /root/apache_env/lib/python3.10/site-packages/airflow/example_dags/example_branch_operator.py for tasks to queue
[2024-06-18T14:49:24.499+0545] {logging_mixin.py:188} INFO - [2024-06-18T14:49:24.498+0545] {dagbag.py:545} INFO - Filling up the DagBag from /root/apache_env/lib/python3.10/site-packages/airflow/example_dags/example_branch_operator.py
[2024-06-18T14:49:24.511+0545] {processor.py:840} INFO - DAG(s) 'example_branch_operator' retrieved from /root/apache_env/lib/python3.10/site-packages/airflow/example_dags/example_branch_operator.py
[2024-06-18T14:49:24.529+0545] {logging_mixin.py:188} INFO - [2024-06-18T14:49:24.529+0545] {dag.py:3096} INFO - Sync 1 DAGs
[2024-06-18T14:49:24.544+0545] {logging_mixin.py:188} INFO - [2024-06-18T14:49:24.544+0545] {dag.py:3954} INFO - Setting next_dagrun for example_branch_operator to 2024-06-17 00:00:00+00:00, run_after=2024-06-18 00:00:00+00:00
[2024-06-18T14:49:24.562+0545] {processor.py:183} INFO - Processing /root/apache_env/lib/python3.10/site-packages/airflow/example_dags/example_branch_operator.py took 0.072 seconds
[2024-06-18T14:50:28.716+0545] {processor.py:161} INFO - Started process (PID=10930) to work on /root/apache_env/lib/python3.10/site-packages/airflow/example_dags/example_branch_operator.py
[2024-06-18T14:50:28.717+0545] {processor.py:830} INFO - Processing file /root/apache_env/lib/python3.10/site-packages/airflow/example_dags/example_branch_operator.py for tasks to queue
[2024-06-18T14:50:28.718+0545] {logging_mixin.py:188} INFO - [2024-06-18T14:50:28.718+0545] {dagbag.py:545} INFO - Filling up the DagBag from /root/apache_env/lib/python3.10/site-packages/airflow/example_dags/example_branch_operator.py
[2024-06-18T14:50:28.734+0545] {processor.py:840} INFO - DAG(s) 'example_branch_operator' retrieved from /root/apache_env/lib/python3.10/site-packages/airflow/example_dags/example_branch_operator.py
[2024-06-18T14:50:28.753+0545] {logging_mixin.py:188} INFO - [2024-06-18T14:50:28.752+0545] {dag.py:3096} INFO - Sync 1 DAGs
[2024-06-18T14:50:28.769+0545] {logging_mixin.py:188} INFO - [2024-06-18T14:50:28.768+0545] {dag.py:3954} INFO - Setting next_dagrun for example_branch_operator to 2024-06-17 00:00:00+00:00, run_after=2024-06-18 00:00:00+00:00
[2024-06-18T14:50:28.785+0545] {processor.py:183} INFO - Processing /root/apache_env/lib/python3.10/site-packages/airflow/example_dags/example_branch_operator.py took 0.073 seconds
[2024-06-18T14:51:34.862+0545] {processor.py:161} INFO - Started process (PID=11099) to work on /root/apache_env/lib/python3.10/site-packages/airflow/example_dags/example_branch_operator.py
[2024-06-18T14:51:34.863+0545] {processor.py:830} INFO - Processing file /root/apache_env/lib/python3.10/site-packages/airflow/example_dags/example_branch_operator.py for tasks to queue
[2024-06-18T14:51:34.865+0545] {logging_mixin.py:188} INFO - [2024-06-18T14:51:34.864+0545] {dagbag.py:545} INFO - Filling up the DagBag from /root/apache_env/lib/python3.10/site-packages/airflow/example_dags/example_branch_operator.py
[2024-06-18T14:51:34.877+0545] {processor.py:840} INFO - DAG(s) 'example_branch_operator' retrieved from /root/apache_env/lib/python3.10/site-packages/airflow/example_dags/example_branch_operator.py
[2024-06-18T14:51:34.897+0545] {logging_mixin.py:188} INFO - [2024-06-18T14:51:34.897+0545] {dag.py:3096} INFO - Sync 1 DAGs
[2024-06-18T14:51:34.915+0545] {logging_mixin.py:188} INFO - [2024-06-18T14:51:34.915+0545] {dag.py:3954} INFO - Setting next_dagrun for example_branch_operator to 2024-06-17 00:00:00+00:00, run_after=2024-06-18 00:00:00+00:00
[2024-06-18T14:51:34.934+0545] {processor.py:183} INFO - Processing /root/apache_env/lib/python3.10/site-packages/airflow/example_dags/example_branch_operator.py took 0.077 seconds
