[2024-06-18T14:12:29.315+0545] {processor.py:161} INFO - Started process (PID=5050) to work on /root/apache_env/lib/python3.10/site-packages/airflow/example_dags/example_short_circuit_decorator.py
[2024-06-18T14:12:29.316+0545] {processor.py:830} INFO - Processing file /root/apache_env/lib/python3.10/site-packages/airflow/example_dags/example_short_circuit_decorator.py for tasks to queue
[2024-06-18T14:12:29.317+0545] {logging_mixin.py:188} INFO - [2024-06-18T14:12:29.317+0545] {dagbag.py:545} INFO - Filling up the DagBag from /root/apache_env/lib/python3.10/site-packages/airflow/example_dags/example_short_circuit_decorator.py
[2024-06-18T14:12:29.328+0545] {processor.py:840} INFO - DAG(s) 'example_short_circuit_decorator' retrieved from /root/apache_env/lib/python3.10/site-packages/airflow/example_dags/example_short_circuit_decorator.py
[2024-06-18T14:12:29.412+0545] {logging_mixin.py:188} INFO - [2024-06-18T14:12:29.412+0545] {override.py:1829} INFO - Created Permission View: can delete on DAG:example_short_circuit_decorator
[2024-06-18T14:12:29.423+0545] {logging_mixin.py:188} INFO - [2024-06-18T14:12:29.422+0545] {override.py:1829} INFO - Created Permission View: can read on DAG:example_short_circuit_decorator
[2024-06-18T14:12:29.431+0545] {logging_mixin.py:188} INFO - [2024-06-18T14:12:29.431+0545] {override.py:1829} INFO - Created Permission View: can edit on DAG:example_short_circuit_decorator
[2024-06-18T14:12:29.432+0545] {logging_mixin.py:188} INFO - [2024-06-18T14:12:29.432+0545] {dag.py:3096} INFO - Sync 1 DAGs
[2024-06-18T14:12:29.440+0545] {logging_mixin.py:188} INFO - [2024-06-18T14:12:29.440+0545] {dag.py:3118} INFO - Creating ORM DAG for example_short_circuit_decorator
[2024-06-18T14:12:29.448+0545] {logging_mixin.py:188} INFO - [2024-06-18T14:12:29.447+0545] {dag.py:3954} INFO - Setting next_dagrun for example_short_circuit_decorator to 2024-06-17 00:00:00+00:00, run_after=2024-06-18 00:00:00+00:00
[2024-06-18T14:12:29.467+0545] {processor.py:183} INFO - Processing /root/apache_env/lib/python3.10/site-packages/airflow/example_dags/example_short_circuit_decorator.py took 0.157 seconds
[2024-06-18T14:14:44.671+0545] {processor.py:161} INFO - Started process (PID=5352) to work on /root/apache_env/lib/python3.10/site-packages/airflow/example_dags/example_short_circuit_decorator.py
[2024-06-18T14:14:44.673+0545] {processor.py:830} INFO - Processing file /root/apache_env/lib/python3.10/site-packages/airflow/example_dags/example_short_circuit_decorator.py for tasks to queue
[2024-06-18T14:14:44.674+0545] {logging_mixin.py:188} INFO - [2024-06-18T14:14:44.674+0545] {dagbag.py:545} INFO - Filling up the DagBag from /root/apache_env/lib/python3.10/site-packages/airflow/example_dags/example_short_circuit_decorator.py
[2024-06-18T14:14:44.682+0545] {processor.py:840} INFO - DAG(s) 'example_short_circuit_decorator' retrieved from /root/apache_env/lib/python3.10/site-packages/airflow/example_dags/example_short_circuit_decorator.py
[2024-06-18T14:14:44.699+0545] {logging_mixin.py:188} INFO - [2024-06-18T14:14:44.699+0545] {dag.py:3096} INFO - Sync 1 DAGs
[2024-06-18T14:14:44.714+0545] {logging_mixin.py:188} INFO - [2024-06-18T14:14:44.714+0545] {dag.py:3954} INFO - Setting next_dagrun for example_short_circuit_decorator to 2024-06-17 00:00:00+00:00, run_after=2024-06-18 00:00:00+00:00
[2024-06-18T14:14:44.732+0545] {processor.py:183} INFO - Processing /root/apache_env/lib/python3.10/site-packages/airflow/example_dags/example_short_circuit_decorator.py took 0.064 seconds
[2024-06-18T14:16:06.724+0545] {processor.py:161} INFO - Started process (PID=5580) to work on /root/apache_env/lib/python3.10/site-packages/airflow/example_dags/example_short_circuit_decorator.py
[2024-06-18T14:16:06.726+0545] {processor.py:830} INFO - Processing file /root/apache_env/lib/python3.10/site-packages/airflow/example_dags/example_short_circuit_decorator.py for tasks to queue
[2024-06-18T14:16:06.727+0545] {logging_mixin.py:188} INFO - [2024-06-18T14:16:06.727+0545] {dagbag.py:545} INFO - Filling up the DagBag from /root/apache_env/lib/python3.10/site-packages/airflow/example_dags/example_short_circuit_decorator.py
[2024-06-18T14:16:06.735+0545] {processor.py:840} INFO - DAG(s) 'example_short_circuit_decorator' retrieved from /root/apache_env/lib/python3.10/site-packages/airflow/example_dags/example_short_circuit_decorator.py
[2024-06-18T14:16:06.739+0545] {logging_mixin.py:188} INFO - [2024-06-18T14:16:06.739+0545] {dag.py:3096} INFO - Sync 1 DAGs
[2024-06-18T14:16:06.753+0545] {logging_mixin.py:188} INFO - [2024-06-18T14:16:06.753+0545] {dag.py:3954} INFO - Setting next_dagrun for example_short_circuit_decorator to 2024-06-17 00:00:00+00:00, run_after=2024-06-18 00:00:00+00:00
[2024-06-18T14:16:06.771+0545] {processor.py:183} INFO - Processing /root/apache_env/lib/python3.10/site-packages/airflow/example_dags/example_short_circuit_decorator.py took 0.050 seconds
[2024-06-18T14:17:00.129+0545] {processor.py:161} INFO - Started process (PID=5711) to work on /root/apache_env/lib/python3.10/site-packages/airflow/example_dags/example_short_circuit_decorator.py
[2024-06-18T14:17:00.130+0545] {processor.py:830} INFO - Processing file /root/apache_env/lib/python3.10/site-packages/airflow/example_dags/example_short_circuit_decorator.py for tasks to queue
[2024-06-18T14:17:00.132+0545] {logging_mixin.py:188} INFO - [2024-06-18T14:17:00.131+0545] {dagbag.py:545} INFO - Filling up the DagBag from /root/apache_env/lib/python3.10/site-packages/airflow/example_dags/example_short_circuit_decorator.py
[2024-06-18T14:17:00.139+0545] {processor.py:840} INFO - DAG(s) 'example_short_circuit_decorator' retrieved from /root/apache_env/lib/python3.10/site-packages/airflow/example_dags/example_short_circuit_decorator.py
[2024-06-18T14:17:00.274+0545] {logging_mixin.py:188} INFO - [2024-06-18T14:17:00.274+0545] {dag.py:3096} INFO - Sync 1 DAGs
[2024-06-18T14:17:00.286+0545] {logging_mixin.py:188} INFO - [2024-06-18T14:17:00.286+0545] {dag.py:3954} INFO - Setting next_dagrun for example_short_circuit_decorator to 2024-06-17 00:00:00+00:00, run_after=2024-06-18 00:00:00+00:00
[2024-06-18T14:17:00.303+0545] {processor.py:183} INFO - Processing /root/apache_env/lib/python3.10/site-packages/airflow/example_dags/example_short_circuit_decorator.py took 0.179 seconds
[2024-06-18T14:17:50.439+0545] {processor.py:161} INFO - Started process (PID=5837) to work on /root/apache_env/lib/python3.10/site-packages/airflow/example_dags/example_short_circuit_decorator.py
[2024-06-18T14:17:50.440+0545] {processor.py:830} INFO - Processing file /root/apache_env/lib/python3.10/site-packages/airflow/example_dags/example_short_circuit_decorator.py for tasks to queue
[2024-06-18T14:17:50.442+0545] {logging_mixin.py:188} INFO - [2024-06-18T14:17:50.442+0545] {dagbag.py:545} INFO - Filling up the DagBag from /root/apache_env/lib/python3.10/site-packages/airflow/example_dags/example_short_circuit_decorator.py
[2024-06-18T14:17:50.451+0545] {processor.py:840} INFO - DAG(s) 'example_short_circuit_decorator' retrieved from /root/apache_env/lib/python3.10/site-packages/airflow/example_dags/example_short_circuit_decorator.py
[2024-06-18T14:17:50.465+0545] {logging_mixin.py:188} INFO - [2024-06-18T14:17:50.465+0545] {dag.py:3096} INFO - Sync 1 DAGs
[2024-06-18T14:17:50.552+0545] {logging_mixin.py:188} INFO - [2024-06-18T14:17:50.552+0545] {dag.py:3954} INFO - Setting next_dagrun for example_short_circuit_decorator to 2024-06-17 00:00:00+00:00, run_after=2024-06-18 00:00:00+00:00
[2024-06-18T14:17:50.571+0545] {processor.py:183} INFO - Processing /root/apache_env/lib/python3.10/site-packages/airflow/example_dags/example_short_circuit_decorator.py took 0.136 seconds
[2024-06-18T14:18:39.357+0545] {processor.py:161} INFO - Started process (PID=5920) to work on /root/apache_env/lib/python3.10/site-packages/airflow/example_dags/example_short_circuit_decorator.py
[2024-06-18T14:18:39.358+0545] {processor.py:830} INFO - Processing file /root/apache_env/lib/python3.10/site-packages/airflow/example_dags/example_short_circuit_decorator.py for tasks to queue
[2024-06-18T14:18:39.360+0545] {logging_mixin.py:188} INFO - [2024-06-18T14:18:39.359+0545] {dagbag.py:545} INFO - Filling up the DagBag from /root/apache_env/lib/python3.10/site-packages/airflow/example_dags/example_short_circuit_decorator.py
[2024-06-18T14:18:39.365+0545] {processor.py:840} INFO - DAG(s) 'example_short_circuit_decorator' retrieved from /root/apache_env/lib/python3.10/site-packages/airflow/example_dags/example_short_circuit_decorator.py
[2024-06-18T14:18:39.377+0545] {logging_mixin.py:188} INFO - [2024-06-18T14:18:39.377+0545] {dag.py:3096} INFO - Sync 1 DAGs
[2024-06-18T14:18:39.390+0545] {logging_mixin.py:188} INFO - [2024-06-18T14:18:39.390+0545] {dag.py:3954} INFO - Setting next_dagrun for example_short_circuit_decorator to 2024-06-17 00:00:00+00:00, run_after=2024-06-18 00:00:00+00:00
[2024-06-18T14:18:39.406+0545] {processor.py:183} INFO - Processing /root/apache_env/lib/python3.10/site-packages/airflow/example_dags/example_short_circuit_decorator.py took 0.053 seconds
[2024-06-18T14:22:16.354+0545] {processor.py:161} INFO - Started process (PID=6527) to work on /root/apache_env/lib/python3.10/site-packages/airflow/example_dags/example_short_circuit_decorator.py
[2024-06-18T14:22:16.355+0545] {processor.py:830} INFO - Processing file /root/apache_env/lib/python3.10/site-packages/airflow/example_dags/example_short_circuit_decorator.py for tasks to queue
[2024-06-18T14:22:16.357+0545] {logging_mixin.py:188} INFO - [2024-06-18T14:22:16.356+0545] {dagbag.py:545} INFO - Filling up the DagBag from /root/apache_env/lib/python3.10/site-packages/airflow/example_dags/example_short_circuit_decorator.py
[2024-06-18T14:22:16.368+0545] {processor.py:840} INFO - DAG(s) 'example_short_circuit_decorator' retrieved from /root/apache_env/lib/python3.10/site-packages/airflow/example_dags/example_short_circuit_decorator.py
[2024-06-18T14:22:16.375+0545] {logging_mixin.py:188} INFO - [2024-06-18T14:22:16.374+0545] {dag.py:3096} INFO - Sync 1 DAGs
[2024-06-18T14:22:16.393+0545] {logging_mixin.py:188} INFO - [2024-06-18T14:22:16.393+0545] {dag.py:3954} INFO - Setting next_dagrun for example_short_circuit_decorator to 2024-06-17 00:00:00+00:00, run_after=2024-06-18 00:00:00+00:00
[2024-06-18T14:22:16.413+0545] {processor.py:183} INFO - Processing /root/apache_env/lib/python3.10/site-packages/airflow/example_dags/example_short_circuit_decorator.py took 0.064 seconds
[2024-06-18T14:23:22.632+0545] {processor.py:161} INFO - Started process (PID=6740) to work on /root/apache_env/lib/python3.10/site-packages/airflow/example_dags/example_short_circuit_decorator.py
[2024-06-18T14:23:22.634+0545] {processor.py:830} INFO - Processing file /root/apache_env/lib/python3.10/site-packages/airflow/example_dags/example_short_circuit_decorator.py for tasks to queue
[2024-06-18T14:23:22.635+0545] {logging_mixin.py:188} INFO - [2024-06-18T14:23:22.635+0545] {dagbag.py:545} INFO - Filling up the DagBag from /root/apache_env/lib/python3.10/site-packages/airflow/example_dags/example_short_circuit_decorator.py
[2024-06-18T14:23:22.641+0545] {processor.py:840} INFO - DAG(s) 'example_short_circuit_decorator' retrieved from /root/apache_env/lib/python3.10/site-packages/airflow/example_dags/example_short_circuit_decorator.py
[2024-06-18T14:23:22.759+0545] {logging_mixin.py:188} INFO - [2024-06-18T14:23:22.759+0545] {dag.py:3096} INFO - Sync 1 DAGs
[2024-06-18T14:23:22.769+0545] {logging_mixin.py:188} INFO - [2024-06-18T14:23:22.769+0545] {dag.py:3954} INFO - Setting next_dagrun for example_short_circuit_decorator to 2024-06-17 00:00:00+00:00, run_after=2024-06-18 00:00:00+00:00
[2024-06-18T14:23:22.785+0545] {processor.py:183} INFO - Processing /root/apache_env/lib/python3.10/site-packages/airflow/example_dags/example_short_circuit_decorator.py took 0.157 seconds
[2024-06-18T14:24:15.637+0545] {processor.py:161} INFO - Started process (PID=6872) to work on /root/apache_env/lib/python3.10/site-packages/airflow/example_dags/example_short_circuit_decorator.py
[2024-06-18T14:24:15.639+0545] {processor.py:830} INFO - Processing file /root/apache_env/lib/python3.10/site-packages/airflow/example_dags/example_short_circuit_decorator.py for tasks to queue
[2024-06-18T14:24:15.640+0545] {logging_mixin.py:188} INFO - [2024-06-18T14:24:15.640+0545] {dagbag.py:545} INFO - Filling up the DagBag from /root/apache_env/lib/python3.10/site-packages/airflow/example_dags/example_short_circuit_decorator.py
[2024-06-18T14:24:15.646+0545] {processor.py:840} INFO - DAG(s) 'example_short_circuit_decorator' retrieved from /root/apache_env/lib/python3.10/site-packages/airflow/example_dags/example_short_circuit_decorator.py
[2024-06-18T14:24:15.658+0545] {logging_mixin.py:188} INFO - [2024-06-18T14:24:15.658+0545] {dag.py:3096} INFO - Sync 1 DAGs
[2024-06-18T14:24:15.723+0545] {logging_mixin.py:188} INFO - [2024-06-18T14:24:15.723+0545] {dag.py:3954} INFO - Setting next_dagrun for example_short_circuit_decorator to 2024-06-17 00:00:00+00:00, run_after=2024-06-18 00:00:00+00:00
[2024-06-18T14:24:15.740+0545] {processor.py:183} INFO - Processing /root/apache_env/lib/python3.10/site-packages/airflow/example_dags/example_short_circuit_decorator.py took 0.106 seconds
[2024-06-18T14:25:11.663+0545] {processor.py:161} INFO - Started process (PID=7039) to work on /root/apache_env/lib/python3.10/site-packages/airflow/example_dags/example_short_circuit_decorator.py
[2024-06-18T14:25:11.664+0545] {processor.py:830} INFO - Processing file /root/apache_env/lib/python3.10/site-packages/airflow/example_dags/example_short_circuit_decorator.py for tasks to queue
[2024-06-18T14:25:11.665+0545] {logging_mixin.py:188} INFO - [2024-06-18T14:25:11.665+0545] {dagbag.py:545} INFO - Filling up the DagBag from /root/apache_env/lib/python3.10/site-packages/airflow/example_dags/example_short_circuit_decorator.py
[2024-06-18T14:25:11.672+0545] {processor.py:840} INFO - DAG(s) 'example_short_circuit_decorator' retrieved from /root/apache_env/lib/python3.10/site-packages/airflow/example_dags/example_short_circuit_decorator.py
[2024-06-18T14:25:11.684+0545] {logging_mixin.py:188} INFO - [2024-06-18T14:25:11.683+0545] {dag.py:3096} INFO - Sync 1 DAGs
[2024-06-18T14:25:11.697+0545] {logging_mixin.py:188} INFO - [2024-06-18T14:25:11.697+0545] {dag.py:3954} INFO - Setting next_dagrun for example_short_circuit_decorator to 2024-06-17 00:00:00+00:00, run_after=2024-06-18 00:00:00+00:00
[2024-06-18T14:25:11.714+0545] {processor.py:183} INFO - Processing /root/apache_env/lib/python3.10/site-packages/airflow/example_dags/example_short_circuit_decorator.py took 0.056 seconds
[2024-06-18T14:27:20.084+0545] {processor.py:161} INFO - Started process (PID=7378) to work on /root/apache_env/lib/python3.10/site-packages/airflow/example_dags/example_short_circuit_decorator.py
[2024-06-18T14:27:20.085+0545] {processor.py:830} INFO - Processing file /root/apache_env/lib/python3.10/site-packages/airflow/example_dags/example_short_circuit_decorator.py for tasks to queue
[2024-06-18T14:27:20.086+0545] {logging_mixin.py:188} INFO - [2024-06-18T14:27:20.086+0545] {dagbag.py:545} INFO - Filling up the DagBag from /root/apache_env/lib/python3.10/site-packages/airflow/example_dags/example_short_circuit_decorator.py
[2024-06-18T14:27:20.094+0545] {processor.py:840} INFO - DAG(s) 'example_short_circuit_decorator' retrieved from /root/apache_env/lib/python3.10/site-packages/airflow/example_dags/example_short_circuit_decorator.py
[2024-06-18T14:27:20.100+0545] {logging_mixin.py:188} INFO - [2024-06-18T14:27:20.099+0545] {dag.py:3096} INFO - Sync 1 DAGs
[2024-06-18T14:27:20.115+0545] {logging_mixin.py:188} INFO - [2024-06-18T14:27:20.114+0545] {dag.py:3954} INFO - Setting next_dagrun for example_short_circuit_decorator to 2024-06-17 00:00:00+00:00, run_after=2024-06-18 00:00:00+00:00
[2024-06-18T14:27:20.131+0545] {processor.py:183} INFO - Processing /root/apache_env/lib/python3.10/site-packages/airflow/example_dags/example_short_circuit_decorator.py took 0.051 seconds
[2024-06-18T14:28:14.947+0545] {processor.py:161} INFO - Started process (PID=7528) to work on /root/apache_env/lib/python3.10/site-packages/airflow/example_dags/example_short_circuit_decorator.py
[2024-06-18T14:28:14.948+0545] {processor.py:830} INFO - Processing file /root/apache_env/lib/python3.10/site-packages/airflow/example_dags/example_short_circuit_decorator.py for tasks to queue
[2024-06-18T14:28:14.949+0545] {logging_mixin.py:188} INFO - [2024-06-18T14:28:14.949+0545] {dagbag.py:545} INFO - Filling up the DagBag from /root/apache_env/lib/python3.10/site-packages/airflow/example_dags/example_short_circuit_decorator.py
[2024-06-18T14:28:14.956+0545] {processor.py:840} INFO - DAG(s) 'example_short_circuit_decorator' retrieved from /root/apache_env/lib/python3.10/site-packages/airflow/example_dags/example_short_circuit_decorator.py
[2024-06-18T14:28:15.086+0545] {logging_mixin.py:188} INFO - [2024-06-18T14:28:15.086+0545] {dag.py:3096} INFO - Sync 1 DAGs
[2024-06-18T14:28:15.097+0545] {logging_mixin.py:188} INFO - [2024-06-18T14:28:15.096+0545] {dag.py:3954} INFO - Setting next_dagrun for example_short_circuit_decorator to 2024-06-17 00:00:00+00:00, run_after=2024-06-18 00:00:00+00:00
[2024-06-18T14:28:15.114+0545] {processor.py:183} INFO - Processing /root/apache_env/lib/python3.10/site-packages/airflow/example_dags/example_short_circuit_decorator.py took 0.172 seconds
[2024-06-18T14:29:58.509+0545] {processor.py:161} INFO - Started process (PID=7783) to work on /root/apache_env/lib/python3.10/site-packages/airflow/example_dags/example_short_circuit_decorator.py
[2024-06-18T14:29:58.511+0545] {processor.py:830} INFO - Processing file /root/apache_env/lib/python3.10/site-packages/airflow/example_dags/example_short_circuit_decorator.py for tasks to queue
[2024-06-18T14:29:58.512+0545] {logging_mixin.py:188} INFO - [2024-06-18T14:29:58.512+0545] {dagbag.py:545} INFO - Filling up the DagBag from /root/apache_env/lib/python3.10/site-packages/airflow/example_dags/example_short_circuit_decorator.py
[2024-06-18T14:29:58.521+0545] {processor.py:840} INFO - DAG(s) 'example_short_circuit_decorator' retrieved from /root/apache_env/lib/python3.10/site-packages/airflow/example_dags/example_short_circuit_decorator.py
[2024-06-18T14:29:58.526+0545] {logging_mixin.py:188} INFO - [2024-06-18T14:29:58.526+0545] {dag.py:3096} INFO - Sync 1 DAGs
[2024-06-18T14:29:58.542+0545] {logging_mixin.py:188} INFO - [2024-06-18T14:29:58.542+0545] {dag.py:3954} INFO - Setting next_dagrun for example_short_circuit_decorator to 2024-06-17 00:00:00+00:00, run_after=2024-06-18 00:00:00+00:00
[2024-06-18T14:29:58.559+0545] {processor.py:183} INFO - Processing /root/apache_env/lib/python3.10/site-packages/airflow/example_dags/example_short_circuit_decorator.py took 0.054 seconds
[2024-06-18T14:30:53.012+0545] {processor.py:161} INFO - Started process (PID=7918) to work on /root/apache_env/lib/python3.10/site-packages/airflow/example_dags/example_short_circuit_decorator.py
[2024-06-18T14:30:53.014+0545] {processor.py:830} INFO - Processing file /root/apache_env/lib/python3.10/site-packages/airflow/example_dags/example_short_circuit_decorator.py for tasks to queue
[2024-06-18T14:30:53.015+0545] {logging_mixin.py:188} INFO - [2024-06-18T14:30:53.014+0545] {dagbag.py:545} INFO - Filling up the DagBag from /root/apache_env/lib/python3.10/site-packages/airflow/example_dags/example_short_circuit_decorator.py
[2024-06-18T14:30:53.021+0545] {processor.py:840} INFO - DAG(s) 'example_short_circuit_decorator' retrieved from /root/apache_env/lib/python3.10/site-packages/airflow/example_dags/example_short_circuit_decorator.py
[2024-06-18T14:30:53.136+0545] {logging_mixin.py:188} INFO - [2024-06-18T14:30:53.135+0545] {dag.py:3096} INFO - Sync 1 DAGs
[2024-06-18T14:30:53.145+0545] {logging_mixin.py:188} INFO - [2024-06-18T14:30:53.145+0545] {dag.py:3954} INFO - Setting next_dagrun for example_short_circuit_decorator to 2024-06-17 00:00:00+00:00, run_after=2024-06-18 00:00:00+00:00
[2024-06-18T14:30:53.162+0545] {processor.py:183} INFO - Processing /root/apache_env/lib/python3.10/site-packages/airflow/example_dags/example_short_circuit_decorator.py took 0.153 seconds
[2024-06-18T14:31:43.509+0545] {processor.py:161} INFO - Started process (PID=8043) to work on /root/apache_env/lib/python3.10/site-packages/airflow/example_dags/example_short_circuit_decorator.py
[2024-06-18T14:31:43.510+0545] {processor.py:830} INFO - Processing file /root/apache_env/lib/python3.10/site-packages/airflow/example_dags/example_short_circuit_decorator.py for tasks to queue
[2024-06-18T14:31:43.511+0545] {logging_mixin.py:188} INFO - [2024-06-18T14:31:43.511+0545] {dagbag.py:545} INFO - Filling up the DagBag from /root/apache_env/lib/python3.10/site-packages/airflow/example_dags/example_short_circuit_decorator.py
[2024-06-18T14:31:43.517+0545] {processor.py:840} INFO - DAG(s) 'example_short_circuit_decorator' retrieved from /root/apache_env/lib/python3.10/site-packages/airflow/example_dags/example_short_circuit_decorator.py
[2024-06-18T14:31:43.529+0545] {logging_mixin.py:188} INFO - [2024-06-18T14:31:43.529+0545] {dag.py:3096} INFO - Sync 1 DAGs
[2024-06-18T14:31:43.599+0545] {logging_mixin.py:188} INFO - [2024-06-18T14:31:43.599+0545] {dag.py:3954} INFO - Setting next_dagrun for example_short_circuit_decorator to 2024-06-17 00:00:00+00:00, run_after=2024-06-18 00:00:00+00:00
[2024-06-18T14:31:43.614+0545] {processor.py:183} INFO - Processing /root/apache_env/lib/python3.10/site-packages/airflow/example_dags/example_short_circuit_decorator.py took 0.110 seconds
[2024-06-18T14:32:31.657+0545] {processor.py:161} INFO - Started process (PID=8161) to work on /root/apache_env/lib/python3.10/site-packages/airflow/example_dags/example_short_circuit_decorator.py
[2024-06-18T14:32:31.658+0545] {processor.py:830} INFO - Processing file /root/apache_env/lib/python3.10/site-packages/airflow/example_dags/example_short_circuit_decorator.py for tasks to queue
[2024-06-18T14:32:31.660+0545] {logging_mixin.py:188} INFO - [2024-06-18T14:32:31.659+0545] {dagbag.py:545} INFO - Filling up the DagBag from /root/apache_env/lib/python3.10/site-packages/airflow/example_dags/example_short_circuit_decorator.py
[2024-06-18T14:32:31.668+0545] {processor.py:840} INFO - DAG(s) 'example_short_circuit_decorator' retrieved from /root/apache_env/lib/python3.10/site-packages/airflow/example_dags/example_short_circuit_decorator.py
[2024-06-18T14:32:31.682+0545] {logging_mixin.py:188} INFO - [2024-06-18T14:32:31.682+0545] {dag.py:3096} INFO - Sync 1 DAGs
[2024-06-18T14:32:31.696+0545] {logging_mixin.py:188} INFO - [2024-06-18T14:32:31.696+0545] {dag.py:3954} INFO - Setting next_dagrun for example_short_circuit_decorator to 2024-06-17 00:00:00+00:00, run_after=2024-06-18 00:00:00+00:00
[2024-06-18T14:32:31.715+0545] {processor.py:183} INFO - Processing /root/apache_env/lib/python3.10/site-packages/airflow/example_dags/example_short_circuit_decorator.py took 0.062 seconds
[2024-06-18T14:33:17.792+0545] {processor.py:161} INFO - Started process (PID=8278) to work on /root/apache_env/lib/python3.10/site-packages/airflow/example_dags/example_short_circuit_decorator.py
[2024-06-18T14:33:17.794+0545] {processor.py:830} INFO - Processing file /root/apache_env/lib/python3.10/site-packages/airflow/example_dags/example_short_circuit_decorator.py for tasks to queue
[2024-06-18T14:33:17.795+0545] {logging_mixin.py:188} INFO - [2024-06-18T14:33:17.795+0545] {dagbag.py:545} INFO - Filling up the DagBag from /root/apache_env/lib/python3.10/site-packages/airflow/example_dags/example_short_circuit_decorator.py
[2024-06-18T14:33:17.801+0545] {processor.py:840} INFO - DAG(s) 'example_short_circuit_decorator' retrieved from /root/apache_env/lib/python3.10/site-packages/airflow/example_dags/example_short_circuit_decorator.py
[2024-06-18T14:33:17.813+0545] {logging_mixin.py:188} INFO - [2024-06-18T14:33:17.813+0545] {dag.py:3096} INFO - Sync 1 DAGs
[2024-06-18T14:33:17.826+0545] {logging_mixin.py:188} INFO - [2024-06-18T14:33:17.826+0545] {dag.py:3954} INFO - Setting next_dagrun for example_short_circuit_decorator to 2024-06-17 00:00:00+00:00, run_after=2024-06-18 00:00:00+00:00
[2024-06-18T14:33:17.842+0545] {processor.py:183} INFO - Processing /root/apache_env/lib/python3.10/site-packages/airflow/example_dags/example_short_circuit_decorator.py took 0.054 seconds
[2024-06-18T14:34:02.744+0545] {processor.py:161} INFO - Started process (PID=8393) to work on /root/apache_env/lib/python3.10/site-packages/airflow/example_dags/example_short_circuit_decorator.py
[2024-06-18T14:34:02.745+0545] {processor.py:830} INFO - Processing file /root/apache_env/lib/python3.10/site-packages/airflow/example_dags/example_short_circuit_decorator.py for tasks to queue
[2024-06-18T14:34:02.746+0545] {logging_mixin.py:188} INFO - [2024-06-18T14:34:02.746+0545] {dagbag.py:545} INFO - Filling up the DagBag from /root/apache_env/lib/python3.10/site-packages/airflow/example_dags/example_short_circuit_decorator.py
[2024-06-18T14:34:02.754+0545] {processor.py:840} INFO - DAG(s) 'example_short_circuit_decorator' retrieved from /root/apache_env/lib/python3.10/site-packages/airflow/example_dags/example_short_circuit_decorator.py
[2024-06-18T14:34:02.770+0545] {logging_mixin.py:188} INFO - [2024-06-18T14:34:02.769+0545] {dag.py:3096} INFO - Sync 1 DAGs
[2024-06-18T14:34:02.784+0545] {logging_mixin.py:188} INFO - [2024-06-18T14:34:02.784+0545] {dag.py:3954} INFO - Setting next_dagrun for example_short_circuit_decorator to 2024-06-17 00:00:00+00:00, run_after=2024-06-18 00:00:00+00:00
[2024-06-18T14:34:02.800+0545] {processor.py:183} INFO - Processing /root/apache_env/lib/python3.10/site-packages/airflow/example_dags/example_short_circuit_decorator.py took 0.061 seconds
[2024-06-18T14:34:52.860+0545] {processor.py:161} INFO - Started process (PID=8519) to work on /root/apache_env/lib/python3.10/site-packages/airflow/example_dags/example_short_circuit_decorator.py
[2024-06-18T14:34:52.861+0545] {processor.py:830} INFO - Processing file /root/apache_env/lib/python3.10/site-packages/airflow/example_dags/example_short_circuit_decorator.py for tasks to queue
[2024-06-18T14:34:52.862+0545] {logging_mixin.py:188} INFO - [2024-06-18T14:34:52.862+0545] {dagbag.py:545} INFO - Filling up the DagBag from /root/apache_env/lib/python3.10/site-packages/airflow/example_dags/example_short_circuit_decorator.py
[2024-06-18T14:34:52.868+0545] {processor.py:840} INFO - DAG(s) 'example_short_circuit_decorator' retrieved from /root/apache_env/lib/python3.10/site-packages/airflow/example_dags/example_short_circuit_decorator.py
[2024-06-18T14:34:52.880+0545] {logging_mixin.py:188} INFO - [2024-06-18T14:34:52.880+0545] {dag.py:3096} INFO - Sync 1 DAGs
[2024-06-18T14:34:52.893+0545] {logging_mixin.py:188} INFO - [2024-06-18T14:34:52.892+0545] {dag.py:3954} INFO - Setting next_dagrun for example_short_circuit_decorator to 2024-06-17 00:00:00+00:00, run_after=2024-06-18 00:00:00+00:00
[2024-06-18T14:34:52.909+0545] {processor.py:183} INFO - Processing /root/apache_env/lib/python3.10/site-packages/airflow/example_dags/example_short_circuit_decorator.py took 0.054 seconds
[2024-06-18T14:35:48.275+0545] {processor.py:161} INFO - Started process (PID=8688) to work on /root/apache_env/lib/python3.10/site-packages/airflow/example_dags/example_short_circuit_decorator.py
[2024-06-18T14:35:48.277+0545] {processor.py:830} INFO - Processing file /root/apache_env/lib/python3.10/site-packages/airflow/example_dags/example_short_circuit_decorator.py for tasks to queue
[2024-06-18T14:35:48.278+0545] {logging_mixin.py:188} INFO - [2024-06-18T14:35:48.278+0545] {dagbag.py:545} INFO - Filling up the DagBag from /root/apache_env/lib/python3.10/site-packages/airflow/example_dags/example_short_circuit_decorator.py
[2024-06-18T14:35:48.284+0545] {processor.py:840} INFO - DAG(s) 'example_short_circuit_decorator' retrieved from /root/apache_env/lib/python3.10/site-packages/airflow/example_dags/example_short_circuit_decorator.py
[2024-06-18T14:35:48.297+0545] {logging_mixin.py:188} INFO - [2024-06-18T14:35:48.297+0545] {dag.py:3096} INFO - Sync 1 DAGs
[2024-06-18T14:35:48.311+0545] {logging_mixin.py:188} INFO - [2024-06-18T14:35:48.311+0545] {dag.py:3954} INFO - Setting next_dagrun for example_short_circuit_decorator to 2024-06-17 00:00:00+00:00, run_after=2024-06-18 00:00:00+00:00
[2024-06-18T14:35:48.327+0545] {processor.py:183} INFO - Processing /root/apache_env/lib/python3.10/site-packages/airflow/example_dags/example_short_circuit_decorator.py took 0.056 seconds
[2024-06-18T14:36:32.051+0545] {processor.py:161} INFO - Started process (PID=8797) to work on /root/apache_env/lib/python3.10/site-packages/airflow/example_dags/example_short_circuit_decorator.py
[2024-06-18T14:36:32.052+0545] {processor.py:830} INFO - Processing file /root/apache_env/lib/python3.10/site-packages/airflow/example_dags/example_short_circuit_decorator.py for tasks to queue
[2024-06-18T14:36:32.053+0545] {logging_mixin.py:188} INFO - [2024-06-18T14:36:32.053+0545] {dagbag.py:545} INFO - Filling up the DagBag from /root/apache_env/lib/python3.10/site-packages/airflow/example_dags/example_short_circuit_decorator.py
[2024-06-18T14:36:32.059+0545] {processor.py:840} INFO - DAG(s) 'example_short_circuit_decorator' retrieved from /root/apache_env/lib/python3.10/site-packages/airflow/example_dags/example_short_circuit_decorator.py
[2024-06-18T14:36:32.072+0545] {logging_mixin.py:188} INFO - [2024-06-18T14:36:32.072+0545] {dag.py:3096} INFO - Sync 1 DAGs
[2024-06-18T14:36:32.085+0545] {logging_mixin.py:188} INFO - [2024-06-18T14:36:32.085+0545] {dag.py:3954} INFO - Setting next_dagrun for example_short_circuit_decorator to 2024-06-17 00:00:00+00:00, run_after=2024-06-18 00:00:00+00:00
[2024-06-18T14:36:32.103+0545] {processor.py:183} INFO - Processing /root/apache_env/lib/python3.10/site-packages/airflow/example_dags/example_short_circuit_decorator.py took 0.056 seconds
[2024-06-18T14:37:15.555+0545] {processor.py:161} INFO - Started process (PID=8906) to work on /root/apache_env/lib/python3.10/site-packages/airflow/example_dags/example_short_circuit_decorator.py
[2024-06-18T14:37:15.556+0545] {processor.py:830} INFO - Processing file /root/apache_env/lib/python3.10/site-packages/airflow/example_dags/example_short_circuit_decorator.py for tasks to queue
[2024-06-18T14:37:15.558+0545] {logging_mixin.py:188} INFO - [2024-06-18T14:37:15.558+0545] {dagbag.py:545} INFO - Filling up the DagBag from /root/apache_env/lib/python3.10/site-packages/airflow/example_dags/example_short_circuit_decorator.py
[2024-06-18T14:37:15.565+0545] {processor.py:840} INFO - DAG(s) 'example_short_circuit_decorator' retrieved from /root/apache_env/lib/python3.10/site-packages/airflow/example_dags/example_short_circuit_decorator.py
[2024-06-18T14:37:15.578+0545] {logging_mixin.py:188} INFO - [2024-06-18T14:37:15.578+0545] {dag.py:3096} INFO - Sync 1 DAGs
[2024-06-18T14:37:15.594+0545] {logging_mixin.py:188} INFO - [2024-06-18T14:37:15.594+0545] {dag.py:3954} INFO - Setting next_dagrun for example_short_circuit_decorator to 2024-06-17 00:00:00+00:00, run_after=2024-06-18 00:00:00+00:00
[2024-06-18T14:37:15.611+0545] {processor.py:183} INFO - Processing /root/apache_env/lib/python3.10/site-packages/airflow/example_dags/example_short_circuit_decorator.py took 0.062 seconds
[2024-06-18T14:38:02.142+0545] {processor.py:161} INFO - Started process (PID=9023) to work on /root/apache_env/lib/python3.10/site-packages/airflow/example_dags/example_short_circuit_decorator.py
[2024-06-18T14:38:02.143+0545] {processor.py:830} INFO - Processing file /root/apache_env/lib/python3.10/site-packages/airflow/example_dags/example_short_circuit_decorator.py for tasks to queue
[2024-06-18T14:38:02.144+0545] {logging_mixin.py:188} INFO - [2024-06-18T14:38:02.144+0545] {dagbag.py:545} INFO - Filling up the DagBag from /root/apache_env/lib/python3.10/site-packages/airflow/example_dags/example_short_circuit_decorator.py
[2024-06-18T14:38:02.150+0545] {processor.py:840} INFO - DAG(s) 'example_short_circuit_decorator' retrieved from /root/apache_env/lib/python3.10/site-packages/airflow/example_dags/example_short_circuit_decorator.py
[2024-06-18T14:38:02.162+0545] {logging_mixin.py:188} INFO - [2024-06-18T14:38:02.161+0545] {dag.py:3096} INFO - Sync 1 DAGs
[2024-06-18T14:38:02.174+0545] {logging_mixin.py:188} INFO - [2024-06-18T14:38:02.174+0545] {dag.py:3954} INFO - Setting next_dagrun for example_short_circuit_decorator to 2024-06-17 00:00:00+00:00, run_after=2024-06-18 00:00:00+00:00
[2024-06-18T14:38:02.191+0545] {processor.py:183} INFO - Processing /root/apache_env/lib/python3.10/site-packages/airflow/example_dags/example_short_circuit_decorator.py took 0.053 seconds
[2024-06-18T14:38:47.892+0545] {processor.py:161} INFO - Started process (PID=9136) to work on /root/apache_env/lib/python3.10/site-packages/airflow/example_dags/example_short_circuit_decorator.py
[2024-06-18T14:38:47.893+0545] {processor.py:830} INFO - Processing file /root/apache_env/lib/python3.10/site-packages/airflow/example_dags/example_short_circuit_decorator.py for tasks to queue
[2024-06-18T14:38:47.894+0545] {logging_mixin.py:188} INFO - [2024-06-18T14:38:47.894+0545] {dagbag.py:545} INFO - Filling up the DagBag from /root/apache_env/lib/python3.10/site-packages/airflow/example_dags/example_short_circuit_decorator.py
[2024-06-18T14:38:47.901+0545] {processor.py:840} INFO - DAG(s) 'example_short_circuit_decorator' retrieved from /root/apache_env/lib/python3.10/site-packages/airflow/example_dags/example_short_circuit_decorator.py
[2024-06-18T14:38:47.912+0545] {logging_mixin.py:188} INFO - [2024-06-18T14:38:47.912+0545] {dag.py:3096} INFO - Sync 1 DAGs
[2024-06-18T14:38:47.925+0545] {logging_mixin.py:188} INFO - [2024-06-18T14:38:47.925+0545] {dag.py:3954} INFO - Setting next_dagrun for example_short_circuit_decorator to 2024-06-17 00:00:00+00:00, run_after=2024-06-18 00:00:00+00:00
[2024-06-18T14:38:47.942+0545] {processor.py:183} INFO - Processing /root/apache_env/lib/python3.10/site-packages/airflow/example_dags/example_short_circuit_decorator.py took 0.054 seconds
[2024-06-18T14:39:34.905+0545] {processor.py:161} INFO - Started process (PID=9256) to work on /root/apache_env/lib/python3.10/site-packages/airflow/example_dags/example_short_circuit_decorator.py
[2024-06-18T14:39:34.906+0545] {processor.py:830} INFO - Processing file /root/apache_env/lib/python3.10/site-packages/airflow/example_dags/example_short_circuit_decorator.py for tasks to queue
[2024-06-18T14:39:34.908+0545] {logging_mixin.py:188} INFO - [2024-06-18T14:39:34.908+0545] {dagbag.py:545} INFO - Filling up the DagBag from /root/apache_env/lib/python3.10/site-packages/airflow/example_dags/example_short_circuit_decorator.py
[2024-06-18T14:39:34.914+0545] {processor.py:840} INFO - DAG(s) 'example_short_circuit_decorator' retrieved from /root/apache_env/lib/python3.10/site-packages/airflow/example_dags/example_short_circuit_decorator.py
[2024-06-18T14:39:34.926+0545] {logging_mixin.py:188} INFO - [2024-06-18T14:39:34.925+0545] {dag.py:3096} INFO - Sync 1 DAGs
[2024-06-18T14:39:34.938+0545] {logging_mixin.py:188} INFO - [2024-06-18T14:39:34.938+0545] {dag.py:3954} INFO - Setting next_dagrun for example_short_circuit_decorator to 2024-06-17 00:00:00+00:00, run_after=2024-06-18 00:00:00+00:00
[2024-06-18T14:39:34.956+0545] {processor.py:183} INFO - Processing /root/apache_env/lib/python3.10/site-packages/airflow/example_dags/example_short_circuit_decorator.py took 0.055 seconds
[2024-06-18T14:40:21.436+0545] {processor.py:161} INFO - Started process (PID=9374) to work on /root/apache_env/lib/python3.10/site-packages/airflow/example_dags/example_short_circuit_decorator.py
[2024-06-18T14:40:21.437+0545] {processor.py:830} INFO - Processing file /root/apache_env/lib/python3.10/site-packages/airflow/example_dags/example_short_circuit_decorator.py for tasks to queue
[2024-06-18T14:40:21.438+0545] {logging_mixin.py:188} INFO - [2024-06-18T14:40:21.438+0545] {dagbag.py:545} INFO - Filling up the DagBag from /root/apache_env/lib/python3.10/site-packages/airflow/example_dags/example_short_circuit_decorator.py
[2024-06-18T14:40:21.447+0545] {processor.py:840} INFO - DAG(s) 'example_short_circuit_decorator' retrieved from /root/apache_env/lib/python3.10/site-packages/airflow/example_dags/example_short_circuit_decorator.py
[2024-06-18T14:40:21.465+0545] {logging_mixin.py:188} INFO - [2024-06-18T14:40:21.464+0545] {dag.py:3096} INFO - Sync 1 DAGs
[2024-06-18T14:40:21.484+0545] {logging_mixin.py:188} INFO - [2024-06-18T14:40:21.484+0545] {dag.py:3954} INFO - Setting next_dagrun for example_short_circuit_decorator to 2024-06-17 00:00:00+00:00, run_after=2024-06-18 00:00:00+00:00
[2024-06-18T14:40:21.504+0545] {processor.py:183} INFO - Processing /root/apache_env/lib/python3.10/site-packages/airflow/example_dags/example_short_circuit_decorator.py took 0.074 seconds
[2024-06-18T14:41:07.948+0545] {processor.py:161} INFO - Started process (PID=9492) to work on /root/apache_env/lib/python3.10/site-packages/airflow/example_dags/example_short_circuit_decorator.py
[2024-06-18T14:41:07.949+0545] {processor.py:830} INFO - Processing file /root/apache_env/lib/python3.10/site-packages/airflow/example_dags/example_short_circuit_decorator.py for tasks to queue
[2024-06-18T14:41:07.950+0545] {logging_mixin.py:188} INFO - [2024-06-18T14:41:07.950+0545] {dagbag.py:545} INFO - Filling up the DagBag from /root/apache_env/lib/python3.10/site-packages/airflow/example_dags/example_short_circuit_decorator.py
[2024-06-18T14:41:07.956+0545] {processor.py:840} INFO - DAG(s) 'example_short_circuit_decorator' retrieved from /root/apache_env/lib/python3.10/site-packages/airflow/example_dags/example_short_circuit_decorator.py
[2024-06-18T14:41:07.968+0545] {logging_mixin.py:188} INFO - [2024-06-18T14:41:07.968+0545] {dag.py:3096} INFO - Sync 1 DAGs
[2024-06-18T14:41:07.981+0545] {logging_mixin.py:188} INFO - [2024-06-18T14:41:07.981+0545] {dag.py:3954} INFO - Setting next_dagrun for example_short_circuit_decorator to 2024-06-17 00:00:00+00:00, run_after=2024-06-18 00:00:00+00:00
[2024-06-18T14:41:07.997+0545] {processor.py:183} INFO - Processing /root/apache_env/lib/python3.10/site-packages/airflow/example_dags/example_short_circuit_decorator.py took 0.053 seconds
[2024-06-18T14:41:52.123+0545] {processor.py:161} INFO - Started process (PID=9602) to work on /root/apache_env/lib/python3.10/site-packages/airflow/example_dags/example_short_circuit_decorator.py
[2024-06-18T14:41:52.124+0545] {processor.py:830} INFO - Processing file /root/apache_env/lib/python3.10/site-packages/airflow/example_dags/example_short_circuit_decorator.py for tasks to queue
[2024-06-18T14:41:52.125+0545] {logging_mixin.py:188} INFO - [2024-06-18T14:41:52.125+0545] {dagbag.py:545} INFO - Filling up the DagBag from /root/apache_env/lib/python3.10/site-packages/airflow/example_dags/example_short_circuit_decorator.py
[2024-06-18T14:41:52.132+0545] {processor.py:840} INFO - DAG(s) 'example_short_circuit_decorator' retrieved from /root/apache_env/lib/python3.10/site-packages/airflow/example_dags/example_short_circuit_decorator.py
[2024-06-18T14:41:52.143+0545] {logging_mixin.py:188} INFO - [2024-06-18T14:41:52.143+0545] {dag.py:3096} INFO - Sync 1 DAGs
[2024-06-18T14:41:52.157+0545] {logging_mixin.py:188} INFO - [2024-06-18T14:41:52.156+0545] {dag.py:3954} INFO - Setting next_dagrun for example_short_circuit_decorator to 2024-06-17 00:00:00+00:00, run_after=2024-06-18 00:00:00+00:00
[2024-06-18T14:41:52.174+0545] {processor.py:183} INFO - Processing /root/apache_env/lib/python3.10/site-packages/airflow/example_dags/example_short_circuit_decorator.py took 0.055 seconds
[2024-06-18T14:42:35.494+0545] {processor.py:161} INFO - Started process (PID=9709) to work on /root/apache_env/lib/python3.10/site-packages/airflow/example_dags/example_short_circuit_decorator.py
[2024-06-18T14:42:35.495+0545] {processor.py:830} INFO - Processing file /root/apache_env/lib/python3.10/site-packages/airflow/example_dags/example_short_circuit_decorator.py for tasks to queue
[2024-06-18T14:42:35.496+0545] {logging_mixin.py:188} INFO - [2024-06-18T14:42:35.496+0545] {dagbag.py:545} INFO - Filling up the DagBag from /root/apache_env/lib/python3.10/site-packages/airflow/example_dags/example_short_circuit_decorator.py
[2024-06-18T14:42:35.502+0545] {processor.py:840} INFO - DAG(s) 'example_short_circuit_decorator' retrieved from /root/apache_env/lib/python3.10/site-packages/airflow/example_dags/example_short_circuit_decorator.py
[2024-06-18T14:42:35.513+0545] {logging_mixin.py:188} INFO - [2024-06-18T14:42:35.513+0545] {dag.py:3096} INFO - Sync 1 DAGs
[2024-06-18T14:42:35.526+0545] {logging_mixin.py:188} INFO - [2024-06-18T14:42:35.526+0545] {dag.py:3954} INFO - Setting next_dagrun for example_short_circuit_decorator to 2024-06-17 00:00:00+00:00, run_after=2024-06-18 00:00:00+00:00
[2024-06-18T14:42:35.547+0545] {processor.py:183} INFO - Processing /root/apache_env/lib/python3.10/site-packages/airflow/example_dags/example_short_circuit_decorator.py took 0.057 seconds
[2024-06-18T14:43:18.920+0545] {processor.py:161} INFO - Started process (PID=9821) to work on /root/apache_env/lib/python3.10/site-packages/airflow/example_dags/example_short_circuit_decorator.py
[2024-06-18T14:43:18.922+0545] {processor.py:830} INFO - Processing file /root/apache_env/lib/python3.10/site-packages/airflow/example_dags/example_short_circuit_decorator.py for tasks to queue
[2024-06-18T14:43:18.923+0545] {logging_mixin.py:188} INFO - [2024-06-18T14:43:18.923+0545] {dagbag.py:545} INFO - Filling up the DagBag from /root/apache_env/lib/python3.10/site-packages/airflow/example_dags/example_short_circuit_decorator.py
[2024-06-18T14:43:18.929+0545] {processor.py:840} INFO - DAG(s) 'example_short_circuit_decorator' retrieved from /root/apache_env/lib/python3.10/site-packages/airflow/example_dags/example_short_circuit_decorator.py
[2024-06-18T14:43:18.942+0545] {logging_mixin.py:188} INFO - [2024-06-18T14:43:18.941+0545] {dag.py:3096} INFO - Sync 1 DAGs
[2024-06-18T14:43:18.955+0545] {logging_mixin.py:188} INFO - [2024-06-18T14:43:18.955+0545] {dag.py:3954} INFO - Setting next_dagrun for example_short_circuit_decorator to 2024-06-17 00:00:00+00:00, run_after=2024-06-18 00:00:00+00:00
[2024-06-18T14:43:18.971+0545] {processor.py:183} INFO - Processing /root/apache_env/lib/python3.10/site-packages/airflow/example_dags/example_short_circuit_decorator.py took 0.055 seconds
[2024-06-18T14:44:06.634+0545] {processor.py:161} INFO - Started process (PID=9938) to work on /root/apache_env/lib/python3.10/site-packages/airflow/example_dags/example_short_circuit_decorator.py
[2024-06-18T14:44:06.635+0545] {processor.py:830} INFO - Processing file /root/apache_env/lib/python3.10/site-packages/airflow/example_dags/example_short_circuit_decorator.py for tasks to queue
[2024-06-18T14:44:06.636+0545] {logging_mixin.py:188} INFO - [2024-06-18T14:44:06.636+0545] {dagbag.py:545} INFO - Filling up the DagBag from /root/apache_env/lib/python3.10/site-packages/airflow/example_dags/example_short_circuit_decorator.py
[2024-06-18T14:44:06.642+0545] {processor.py:840} INFO - DAG(s) 'example_short_circuit_decorator' retrieved from /root/apache_env/lib/python3.10/site-packages/airflow/example_dags/example_short_circuit_decorator.py
[2024-06-18T14:44:06.654+0545] {logging_mixin.py:188} INFO - [2024-06-18T14:44:06.654+0545] {dag.py:3096} INFO - Sync 1 DAGs
[2024-06-18T14:44:06.667+0545] {logging_mixin.py:188} INFO - [2024-06-18T14:44:06.667+0545] {dag.py:3954} INFO - Setting next_dagrun for example_short_circuit_decorator to 2024-06-17 00:00:00+00:00, run_after=2024-06-18 00:00:00+00:00
[2024-06-18T14:44:06.683+0545] {processor.py:183} INFO - Processing /root/apache_env/lib/python3.10/site-packages/airflow/example_dags/example_short_circuit_decorator.py took 0.053 seconds
[2024-06-18T14:44:50.080+0545] {processor.py:161} INFO - Started process (PID=10048) to work on /root/apache_env/lib/python3.10/site-packages/airflow/example_dags/example_short_circuit_decorator.py
[2024-06-18T14:44:50.082+0545] {processor.py:830} INFO - Processing file /root/apache_env/lib/python3.10/site-packages/airflow/example_dags/example_short_circuit_decorator.py for tasks to queue
[2024-06-18T14:44:50.083+0545] {logging_mixin.py:188} INFO - [2024-06-18T14:44:50.083+0545] {dagbag.py:545} INFO - Filling up the DagBag from /root/apache_env/lib/python3.10/site-packages/airflow/example_dags/example_short_circuit_decorator.py
[2024-06-18T14:44:50.089+0545] {processor.py:840} INFO - DAG(s) 'example_short_circuit_decorator' retrieved from /root/apache_env/lib/python3.10/site-packages/airflow/example_dags/example_short_circuit_decorator.py
[2024-06-18T14:44:50.101+0545] {logging_mixin.py:188} INFO - [2024-06-18T14:44:50.101+0545] {dag.py:3096} INFO - Sync 1 DAGs
[2024-06-18T14:44:50.114+0545] {logging_mixin.py:188} INFO - [2024-06-18T14:44:50.113+0545] {dag.py:3954} INFO - Setting next_dagrun for example_short_circuit_decorator to 2024-06-17 00:00:00+00:00, run_after=2024-06-18 00:00:00+00:00
[2024-06-18T14:44:50.132+0545] {processor.py:183} INFO - Processing /root/apache_env/lib/python3.10/site-packages/airflow/example_dags/example_short_circuit_decorator.py took 0.056 seconds
[2024-06-18T14:45:47.309+0545] {processor.py:161} INFO - Started process (PID=10218) to work on /root/apache_env/lib/python3.10/site-packages/airflow/example_dags/example_short_circuit_decorator.py
[2024-06-18T14:45:47.311+0545] {processor.py:830} INFO - Processing file /root/apache_env/lib/python3.10/site-packages/airflow/example_dags/example_short_circuit_decorator.py for tasks to queue
[2024-06-18T14:45:47.312+0545] {logging_mixin.py:188} INFO - [2024-06-18T14:45:47.311+0545] {dagbag.py:545} INFO - Filling up the DagBag from /root/apache_env/lib/python3.10/site-packages/airflow/example_dags/example_short_circuit_decorator.py
[2024-06-18T14:45:47.318+0545] {processor.py:840} INFO - DAG(s) 'example_short_circuit_decorator' retrieved from /root/apache_env/lib/python3.10/site-packages/airflow/example_dags/example_short_circuit_decorator.py
[2024-06-18T14:45:47.330+0545] {logging_mixin.py:188} INFO - [2024-06-18T14:45:47.329+0545] {dag.py:3096} INFO - Sync 1 DAGs
[2024-06-18T14:45:47.342+0545] {logging_mixin.py:188} INFO - [2024-06-18T14:45:47.342+0545] {dag.py:3954} INFO - Setting next_dagrun for example_short_circuit_decorator to 2024-06-17 00:00:00+00:00, run_after=2024-06-18 00:00:00+00:00
[2024-06-18T14:45:47.360+0545] {processor.py:183} INFO - Processing /root/apache_env/lib/python3.10/site-packages/airflow/example_dags/example_short_circuit_decorator.py took 0.055 seconds
[2024-06-18T14:46:30.679+0545] {processor.py:161} INFO - Started process (PID=10325) to work on /root/apache_env/lib/python3.10/site-packages/airflow/example_dags/example_short_circuit_decorator.py
[2024-06-18T14:46:30.680+0545] {processor.py:830} INFO - Processing file /root/apache_env/lib/python3.10/site-packages/airflow/example_dags/example_short_circuit_decorator.py for tasks to queue
[2024-06-18T14:46:30.681+0545] {logging_mixin.py:188} INFO - [2024-06-18T14:46:30.681+0545] {dagbag.py:545} INFO - Filling up the DagBag from /root/apache_env/lib/python3.10/site-packages/airflow/example_dags/example_short_circuit_decorator.py
[2024-06-18T14:46:30.687+0545] {processor.py:840} INFO - DAG(s) 'example_short_circuit_decorator' retrieved from /root/apache_env/lib/python3.10/site-packages/airflow/example_dags/example_short_circuit_decorator.py
[2024-06-18T14:46:30.701+0545] {logging_mixin.py:188} INFO - [2024-06-18T14:46:30.700+0545] {dag.py:3096} INFO - Sync 1 DAGs
[2024-06-18T14:46:30.715+0545] {logging_mixin.py:188} INFO - [2024-06-18T14:46:30.715+0545] {dag.py:3954} INFO - Setting next_dagrun for example_short_circuit_decorator to 2024-06-17 00:00:00+00:00, run_after=2024-06-18 00:00:00+00:00
[2024-06-18T14:46:30.732+0545] {processor.py:183} INFO - Processing /root/apache_env/lib/python3.10/site-packages/airflow/example_dags/example_short_circuit_decorator.py took 0.058 seconds
[2024-06-18T14:47:13.990+0545] {processor.py:161} INFO - Started process (PID=10437) to work on /root/apache_env/lib/python3.10/site-packages/airflow/example_dags/example_short_circuit_decorator.py
[2024-06-18T14:47:13.991+0545] {processor.py:830} INFO - Processing file /root/apache_env/lib/python3.10/site-packages/airflow/example_dags/example_short_circuit_decorator.py for tasks to queue
[2024-06-18T14:47:13.992+0545] {logging_mixin.py:188} INFO - [2024-06-18T14:47:13.992+0545] {dagbag.py:545} INFO - Filling up the DagBag from /root/apache_env/lib/python3.10/site-packages/airflow/example_dags/example_short_circuit_decorator.py
[2024-06-18T14:47:13.999+0545] {processor.py:840} INFO - DAG(s) 'example_short_circuit_decorator' retrieved from /root/apache_env/lib/python3.10/site-packages/airflow/example_dags/example_short_circuit_decorator.py
[2024-06-18T14:47:14.011+0545] {logging_mixin.py:188} INFO - [2024-06-18T14:47:14.011+0545] {dag.py:3096} INFO - Sync 1 DAGs
[2024-06-18T14:47:14.025+0545] {logging_mixin.py:188} INFO - [2024-06-18T14:47:14.025+0545] {dag.py:3954} INFO - Setting next_dagrun for example_short_circuit_decorator to 2024-06-17 00:00:00+00:00, run_after=2024-06-18 00:00:00+00:00
[2024-06-18T14:47:14.041+0545] {processor.py:183} INFO - Processing /root/apache_env/lib/python3.10/site-packages/airflow/example_dags/example_short_circuit_decorator.py took 0.056 seconds
[2024-06-18T14:47:57.634+0545] {processor.py:161} INFO - Started process (PID=10548) to work on /root/apache_env/lib/python3.10/site-packages/airflow/example_dags/example_short_circuit_decorator.py
[2024-06-18T14:47:57.635+0545] {processor.py:830} INFO - Processing file /root/apache_env/lib/python3.10/site-packages/airflow/example_dags/example_short_circuit_decorator.py for tasks to queue
[2024-06-18T14:47:57.637+0545] {logging_mixin.py:188} INFO - [2024-06-18T14:47:57.636+0545] {dagbag.py:545} INFO - Filling up the DagBag from /root/apache_env/lib/python3.10/site-packages/airflow/example_dags/example_short_circuit_decorator.py
[2024-06-18T14:47:57.643+0545] {processor.py:840} INFO - DAG(s) 'example_short_circuit_decorator' retrieved from /root/apache_env/lib/python3.10/site-packages/airflow/example_dags/example_short_circuit_decorator.py
[2024-06-18T14:47:57.655+0545] {logging_mixin.py:188} INFO - [2024-06-18T14:47:57.655+0545] {dag.py:3096} INFO - Sync 1 DAGs
[2024-06-18T14:47:57.668+0545] {logging_mixin.py:188} INFO - [2024-06-18T14:47:57.668+0545] {dag.py:3954} INFO - Setting next_dagrun for example_short_circuit_decorator to 2024-06-17 00:00:00+00:00, run_after=2024-06-18 00:00:00+00:00
[2024-06-18T14:47:57.686+0545] {processor.py:183} INFO - Processing /root/apache_env/lib/python3.10/site-packages/airflow/example_dags/example_short_circuit_decorator.py took 0.056 seconds
[2024-06-18T14:48:41.858+0545] {processor.py:161} INFO - Started process (PID=10658) to work on /root/apache_env/lib/python3.10/site-packages/airflow/example_dags/example_short_circuit_decorator.py
[2024-06-18T14:48:41.860+0545] {processor.py:830} INFO - Processing file /root/apache_env/lib/python3.10/site-packages/airflow/example_dags/example_short_circuit_decorator.py for tasks to queue
[2024-06-18T14:48:41.862+0545] {logging_mixin.py:188} INFO - [2024-06-18T14:48:41.861+0545] {dagbag.py:545} INFO - Filling up the DagBag from /root/apache_env/lib/python3.10/site-packages/airflow/example_dags/example_short_circuit_decorator.py
[2024-06-18T14:48:41.868+0545] {processor.py:840} INFO - DAG(s) 'example_short_circuit_decorator' retrieved from /root/apache_env/lib/python3.10/site-packages/airflow/example_dags/example_short_circuit_decorator.py
[2024-06-18T14:48:41.879+0545] {logging_mixin.py:188} INFO - [2024-06-18T14:48:41.879+0545] {dag.py:3096} INFO - Sync 1 DAGs
[2024-06-18T14:48:41.892+0545] {logging_mixin.py:188} INFO - [2024-06-18T14:48:41.892+0545] {dag.py:3954} INFO - Setting next_dagrun for example_short_circuit_decorator to 2024-06-17 00:00:00+00:00, run_after=2024-06-18 00:00:00+00:00
[2024-06-18T14:48:41.909+0545] {processor.py:183} INFO - Processing /root/apache_env/lib/python3.10/site-packages/airflow/example_dags/example_short_circuit_decorator.py took 0.054 seconds
[2024-06-18T14:49:29.515+0545] {processor.py:161} INFO - Started process (PID=10779) to work on /root/apache_env/lib/python3.10/site-packages/airflow/example_dags/example_short_circuit_decorator.py
[2024-06-18T14:49:29.516+0545] {processor.py:830} INFO - Processing file /root/apache_env/lib/python3.10/site-packages/airflow/example_dags/example_short_circuit_decorator.py for tasks to queue
[2024-06-18T14:49:29.518+0545] {logging_mixin.py:188} INFO - [2024-06-18T14:49:29.518+0545] {dagbag.py:545} INFO - Filling up the DagBag from /root/apache_env/lib/python3.10/site-packages/airflow/example_dags/example_short_circuit_decorator.py
[2024-06-18T14:49:29.524+0545] {processor.py:840} INFO - DAG(s) 'example_short_circuit_decorator' retrieved from /root/apache_env/lib/python3.10/site-packages/airflow/example_dags/example_short_circuit_decorator.py
[2024-06-18T14:49:29.537+0545] {logging_mixin.py:188} INFO - [2024-06-18T14:49:29.537+0545] {dag.py:3096} INFO - Sync 1 DAGs
[2024-06-18T14:49:29.551+0545] {logging_mixin.py:188} INFO - [2024-06-18T14:49:29.551+0545] {dag.py:3954} INFO - Setting next_dagrun for example_short_circuit_decorator to 2024-06-17 00:00:00+00:00, run_after=2024-06-18 00:00:00+00:00
[2024-06-18T14:49:29.567+0545] {processor.py:183} INFO - Processing /root/apache_env/lib/python3.10/site-packages/airflow/example_dags/example_short_circuit_decorator.py took 0.056 seconds
[2024-06-18T14:50:12.461+0545] {processor.py:161} INFO - Started process (PID=10887) to work on /root/apache_env/lib/python3.10/site-packages/airflow/example_dags/example_short_circuit_decorator.py
[2024-06-18T14:50:12.463+0545] {processor.py:830} INFO - Processing file /root/apache_env/lib/python3.10/site-packages/airflow/example_dags/example_short_circuit_decorator.py for tasks to queue
[2024-06-18T14:50:12.464+0545] {logging_mixin.py:188} INFO - [2024-06-18T14:50:12.463+0545] {dagbag.py:545} INFO - Filling up the DagBag from /root/apache_env/lib/python3.10/site-packages/airflow/example_dags/example_short_circuit_decorator.py
[2024-06-18T14:50:12.470+0545] {processor.py:840} INFO - DAG(s) 'example_short_circuit_decorator' retrieved from /root/apache_env/lib/python3.10/site-packages/airflow/example_dags/example_short_circuit_decorator.py
[2024-06-18T14:50:12.482+0545] {logging_mixin.py:188} INFO - [2024-06-18T14:50:12.482+0545] {dag.py:3096} INFO - Sync 1 DAGs
[2024-06-18T14:50:12.495+0545] {logging_mixin.py:188} INFO - [2024-06-18T14:50:12.495+0545] {dag.py:3954} INFO - Setting next_dagrun for example_short_circuit_decorator to 2024-06-17 00:00:00+00:00, run_after=2024-06-18 00:00:00+00:00
[2024-06-18T14:50:12.512+0545] {processor.py:183} INFO - Processing /root/apache_env/lib/python3.10/site-packages/airflow/example_dags/example_short_circuit_decorator.py took 0.055 seconds
[2024-06-18T14:50:57.765+0545] {processor.py:161} INFO - Started process (PID=11006) to work on /root/apache_env/lib/python3.10/site-packages/airflow/example_dags/example_short_circuit_decorator.py
[2024-06-18T14:50:57.766+0545] {processor.py:830} INFO - Processing file /root/apache_env/lib/python3.10/site-packages/airflow/example_dags/example_short_circuit_decorator.py for tasks to queue
[2024-06-18T14:50:57.768+0545] {logging_mixin.py:188} INFO - [2024-06-18T14:50:57.767+0545] {dagbag.py:545} INFO - Filling up the DagBag from /root/apache_env/lib/python3.10/site-packages/airflow/example_dags/example_short_circuit_decorator.py
[2024-06-18T14:50:57.775+0545] {processor.py:840} INFO - DAG(s) 'example_short_circuit_decorator' retrieved from /root/apache_env/lib/python3.10/site-packages/airflow/example_dags/example_short_circuit_decorator.py
[2024-06-18T14:50:57.791+0545] {logging_mixin.py:188} INFO - [2024-06-18T14:50:57.791+0545] {dag.py:3096} INFO - Sync 1 DAGs
[2024-06-18T14:50:57.809+0545] {logging_mixin.py:188} INFO - [2024-06-18T14:50:57.809+0545] {dag.py:3954} INFO - Setting next_dagrun for example_short_circuit_decorator to 2024-06-17 00:00:00+00:00, run_after=2024-06-18 00:00:00+00:00
[2024-06-18T14:50:57.827+0545] {processor.py:183} INFO - Processing /root/apache_env/lib/python3.10/site-packages/airflow/example_dags/example_short_circuit_decorator.py took 0.067 seconds
[2024-06-18T14:51:41.144+0545] {processor.py:161} INFO - Started process (PID=11114) to work on /root/apache_env/lib/python3.10/site-packages/airflow/example_dags/example_short_circuit_decorator.py
[2024-06-18T14:51:41.145+0545] {processor.py:830} INFO - Processing file /root/apache_env/lib/python3.10/site-packages/airflow/example_dags/example_short_circuit_decorator.py for tasks to queue
[2024-06-18T14:51:41.147+0545] {logging_mixin.py:188} INFO - [2024-06-18T14:51:41.147+0545] {dagbag.py:545} INFO - Filling up the DagBag from /root/apache_env/lib/python3.10/site-packages/airflow/example_dags/example_short_circuit_decorator.py
[2024-06-18T14:51:41.155+0545] {processor.py:840} INFO - DAG(s) 'example_short_circuit_decorator' retrieved from /root/apache_env/lib/python3.10/site-packages/airflow/example_dags/example_short_circuit_decorator.py
[2024-06-18T14:51:41.171+0545] {logging_mixin.py:188} INFO - [2024-06-18T14:51:41.170+0545] {dag.py:3096} INFO - Sync 1 DAGs
[2024-06-18T14:51:41.189+0545] {logging_mixin.py:188} INFO - [2024-06-18T14:51:41.189+0545] {dag.py:3954} INFO - Setting next_dagrun for example_short_circuit_decorator to 2024-06-17 00:00:00+00:00, run_after=2024-06-18 00:00:00+00:00
[2024-06-18T14:51:41.207+0545] {processor.py:183} INFO - Processing /root/apache_env/lib/python3.10/site-packages/airflow/example_dags/example_short_circuit_decorator.py took 0.069 seconds
[2024-06-18T14:52:25.115+0545] {processor.py:161} INFO - Started process (PID=11224) to work on /root/apache_env/lib/python3.10/site-packages/airflow/example_dags/example_short_circuit_decorator.py
[2024-06-18T14:52:25.116+0545] {processor.py:830} INFO - Processing file /root/apache_env/lib/python3.10/site-packages/airflow/example_dags/example_short_circuit_decorator.py for tasks to queue
[2024-06-18T14:52:25.117+0545] {logging_mixin.py:188} INFO - [2024-06-18T14:52:25.117+0545] {dagbag.py:545} INFO - Filling up the DagBag from /root/apache_env/lib/python3.10/site-packages/airflow/example_dags/example_short_circuit_decorator.py
[2024-06-18T14:52:25.124+0545] {processor.py:840} INFO - DAG(s) 'example_short_circuit_decorator' retrieved from /root/apache_env/lib/python3.10/site-packages/airflow/example_dags/example_short_circuit_decorator.py
[2024-06-18T14:52:25.139+0545] {logging_mixin.py:188} INFO - [2024-06-18T14:52:25.139+0545] {dag.py:3096} INFO - Sync 1 DAGs
[2024-06-18T14:52:25.157+0545] {logging_mixin.py:188} INFO - [2024-06-18T14:52:25.157+0545] {dag.py:3954} INFO - Setting next_dagrun for example_short_circuit_decorator to 2024-06-17 00:00:00+00:00, run_after=2024-06-18 00:00:00+00:00
[2024-06-18T14:52:25.176+0545] {processor.py:183} INFO - Processing /root/apache_env/lib/python3.10/site-packages/airflow/example_dags/example_short_circuit_decorator.py took 0.065 seconds
