[2024-06-18T14:12:20.079+0545] {processor.py:161} INFO - Started process (PID=5020) to work on /root/apache_env/lib/python3.10/site-packages/airflow/example_dags/example_nested_branch_dag.py
[2024-06-18T14:12:20.080+0545] {processor.py:830} INFO - Processing file /root/apache_env/lib/python3.10/site-packages/airflow/example_dags/example_nested_branch_dag.py for tasks to queue
[2024-06-18T14:12:20.081+0545] {logging_mixin.py:188} INFO - [2024-06-18T14:12:20.080+0545] {dagbag.py:545} INFO - Filling up the DagBag from /root/apache_env/lib/python3.10/site-packages/airflow/example_dags/example_nested_branch_dag.py
[2024-06-18T14:12:20.090+0545] {processor.py:840} INFO - DAG(s) 'example_nested_branch_dag' retrieved from /root/apache_env/lib/python3.10/site-packages/airflow/example_dags/example_nested_branch_dag.py
[2024-06-18T14:12:20.166+0545] {logging_mixin.py:188} INFO - [2024-06-18T14:12:20.165+0545] {override.py:1829} INFO - Created Permission View: can delete on DAG:example_nested_branch_dag
[2024-06-18T14:12:20.175+0545] {logging_mixin.py:188} INFO - [2024-06-18T14:12:20.174+0545] {override.py:1829} INFO - Created Permission View: can read on DAG:example_nested_branch_dag
[2024-06-18T14:12:20.183+0545] {logging_mixin.py:188} INFO - [2024-06-18T14:12:20.183+0545] {override.py:1829} INFO - Created Permission View: can edit on DAG:example_nested_branch_dag
[2024-06-18T14:12:20.183+0545] {logging_mixin.py:188} INFO - [2024-06-18T14:12:20.183+0545] {dag.py:3096} INFO - Sync 1 DAGs
[2024-06-18T14:12:20.191+0545] {logging_mixin.py:188} INFO - [2024-06-18T14:12:20.191+0545] {dag.py:3118} INFO - Creating ORM DAG for example_nested_branch_dag
[2024-06-18T14:12:20.198+0545] {logging_mixin.py:188} INFO - [2024-06-18T14:12:20.198+0545] {dag.py:3954} INFO - Setting next_dagrun for example_nested_branch_dag to 2024-06-17 00:00:00+00:00, run_after=2024-06-18 00:00:00+00:00
[2024-06-18T14:12:20.216+0545] {processor.py:183} INFO - Processing /root/apache_env/lib/python3.10/site-packages/airflow/example_dags/example_nested_branch_dag.py took 0.140 seconds
[2024-06-18T14:14:34.944+0545] {processor.py:161} INFO - Started process (PID=5325) to work on /root/apache_env/lib/python3.10/site-packages/airflow/example_dags/example_nested_branch_dag.py
[2024-06-18T14:14:34.945+0545] {processor.py:830} INFO - Processing file /root/apache_env/lib/python3.10/site-packages/airflow/example_dags/example_nested_branch_dag.py for tasks to queue
[2024-06-18T14:14:34.946+0545] {logging_mixin.py:188} INFO - [2024-06-18T14:14:34.946+0545] {dagbag.py:545} INFO - Filling up the DagBag from /root/apache_env/lib/python3.10/site-packages/airflow/example_dags/example_nested_branch_dag.py
[2024-06-18T14:14:34.955+0545] {processor.py:840} INFO - DAG(s) 'example_nested_branch_dag' retrieved from /root/apache_env/lib/python3.10/site-packages/airflow/example_dags/example_nested_branch_dag.py
[2024-06-18T14:14:34.973+0545] {logging_mixin.py:188} INFO - [2024-06-18T14:14:34.973+0545] {dag.py:3096} INFO - Sync 1 DAGs
[2024-06-18T14:14:34.992+0545] {logging_mixin.py:188} INFO - [2024-06-18T14:14:34.991+0545] {dag.py:3954} INFO - Setting next_dagrun for example_nested_branch_dag to 2024-06-17 00:00:00+00:00, run_after=2024-06-18 00:00:00+00:00
[2024-06-18T14:14:35.009+0545] {processor.py:183} INFO - Processing /root/apache_env/lib/python3.10/site-packages/airflow/example_dags/example_nested_branch_dag.py took 0.070 seconds
[2024-06-18T14:15:50.480+0545] {processor.py:161} INFO - Started process (PID=5526) to work on /root/apache_env/lib/python3.10/site-packages/airflow/example_dags/example_nested_branch_dag.py
[2024-06-18T14:15:50.481+0545] {processor.py:830} INFO - Processing file /root/apache_env/lib/python3.10/site-packages/airflow/example_dags/example_nested_branch_dag.py for tasks to queue
[2024-06-18T14:15:50.483+0545] {logging_mixin.py:188} INFO - [2024-06-18T14:15:50.482+0545] {dagbag.py:545} INFO - Filling up the DagBag from /root/apache_env/lib/python3.10/site-packages/airflow/example_dags/example_nested_branch_dag.py
[2024-06-18T14:15:50.494+0545] {processor.py:840} INFO - DAG(s) 'example_nested_branch_dag' retrieved from /root/apache_env/lib/python3.10/site-packages/airflow/example_dags/example_nested_branch_dag.py
[2024-06-18T14:15:50.501+0545] {logging_mixin.py:188} INFO - [2024-06-18T14:15:50.500+0545] {dag.py:3096} INFO - Sync 1 DAGs
[2024-06-18T14:15:50.519+0545] {logging_mixin.py:188} INFO - [2024-06-18T14:15:50.519+0545] {dag.py:3954} INFO - Setting next_dagrun for example_nested_branch_dag to 2024-06-17 00:00:00+00:00, run_after=2024-06-18 00:00:00+00:00
[2024-06-18T14:15:50.538+0545] {processor.py:183} INFO - Processing /root/apache_env/lib/python3.10/site-packages/airflow/example_dags/example_nested_branch_dag.py took 0.064 seconds
[2024-06-18T14:16:49.869+0545] {processor.py:161} INFO - Started process (PID=5687) to work on /root/apache_env/lib/python3.10/site-packages/airflow/example_dags/example_nested_branch_dag.py
[2024-06-18T14:16:49.870+0545] {processor.py:830} INFO - Processing file /root/apache_env/lib/python3.10/site-packages/airflow/example_dags/example_nested_branch_dag.py for tasks to queue
[2024-06-18T14:16:49.872+0545] {logging_mixin.py:188} INFO - [2024-06-18T14:16:49.871+0545] {dagbag.py:545} INFO - Filling up the DagBag from /root/apache_env/lib/python3.10/site-packages/airflow/example_dags/example_nested_branch_dag.py
[2024-06-18T14:16:49.880+0545] {processor.py:840} INFO - DAG(s) 'example_nested_branch_dag' retrieved from /root/apache_env/lib/python3.10/site-packages/airflow/example_dags/example_nested_branch_dag.py
[2024-06-18T14:16:49.997+0545] {logging_mixin.py:188} INFO - [2024-06-18T14:16:49.997+0545] {dag.py:3096} INFO - Sync 1 DAGs
[2024-06-18T14:16:50.009+0545] {logging_mixin.py:188} INFO - [2024-06-18T14:16:50.009+0545] {dag.py:3954} INFO - Setting next_dagrun for example_nested_branch_dag to 2024-06-17 00:00:00+00:00, run_after=2024-06-18 00:00:00+00:00
[2024-06-18T14:16:50.025+0545] {processor.py:183} INFO - Processing /root/apache_env/lib/python3.10/site-packages/airflow/example_dags/example_nested_branch_dag.py took 0.159 seconds
[2024-06-18T14:17:41.841+0545] {processor.py:161} INFO - Started process (PID=5816) to work on /root/apache_env/lib/python3.10/site-packages/airflow/example_dags/example_nested_branch_dag.py
[2024-06-18T14:17:41.843+0545] {processor.py:830} INFO - Processing file /root/apache_env/lib/python3.10/site-packages/airflow/example_dags/example_nested_branch_dag.py for tasks to queue
[2024-06-18T14:17:41.844+0545] {logging_mixin.py:188} INFO - [2024-06-18T14:17:41.844+0545] {dagbag.py:545} INFO - Filling up the DagBag from /root/apache_env/lib/python3.10/site-packages/airflow/example_dags/example_nested_branch_dag.py
[2024-06-18T14:17:41.851+0545] {processor.py:840} INFO - DAG(s) 'example_nested_branch_dag' retrieved from /root/apache_env/lib/python3.10/site-packages/airflow/example_dags/example_nested_branch_dag.py
[2024-06-18T14:17:41.864+0545] {logging_mixin.py:188} INFO - [2024-06-18T14:17:41.863+0545] {dag.py:3096} INFO - Sync 1 DAGs
[2024-06-18T14:17:41.878+0545] {logging_mixin.py:188} INFO - [2024-06-18T14:17:41.878+0545] {dag.py:3954} INFO - Setting next_dagrun for example_nested_branch_dag to 2024-06-17 00:00:00+00:00, run_after=2024-06-18 00:00:00+00:00
[2024-06-18T14:17:41.957+0545] {processor.py:183} INFO - Processing /root/apache_env/lib/python3.10/site-packages/airflow/example_dags/example_nested_branch_dag.py took 0.119 seconds
[2024-06-18T14:18:29.789+0545] {processor.py:161} INFO - Started process (PID=5911) to work on /root/apache_env/lib/python3.10/site-packages/airflow/example_dags/example_nested_branch_dag.py
[2024-06-18T14:18:29.790+0545] {processor.py:830} INFO - Processing file /root/apache_env/lib/python3.10/site-packages/airflow/example_dags/example_nested_branch_dag.py for tasks to queue
[2024-06-18T14:18:29.791+0545] {logging_mixin.py:188} INFO - [2024-06-18T14:18:29.790+0545] {dagbag.py:545} INFO - Filling up the DagBag from /root/apache_env/lib/python3.10/site-packages/airflow/example_dags/example_nested_branch_dag.py
[2024-06-18T14:18:29.798+0545] {processor.py:840} INFO - DAG(s) 'example_nested_branch_dag' retrieved from /root/apache_env/lib/python3.10/site-packages/airflow/example_dags/example_nested_branch_dag.py
[2024-06-18T14:18:29.808+0545] {logging_mixin.py:188} INFO - [2024-06-18T14:18:29.808+0545] {dag.py:3096} INFO - Sync 1 DAGs
[2024-06-18T14:18:29.822+0545] {logging_mixin.py:188} INFO - [2024-06-18T14:18:29.822+0545] {dag.py:3954} INFO - Setting next_dagrun for example_nested_branch_dag to 2024-06-17 00:00:00+00:00, run_after=2024-06-18 00:00:00+00:00
[2024-06-18T14:18:29.839+0545] {processor.py:183} INFO - Processing /root/apache_env/lib/python3.10/site-packages/airflow/example_dags/example_nested_branch_dag.py took 0.054 seconds
[2024-06-18T14:22:07.820+0545] {processor.py:161} INFO - Started process (PID=6501) to work on /root/apache_env/lib/python3.10/site-packages/airflow/example_dags/example_nested_branch_dag.py
[2024-06-18T14:22:07.822+0545] {processor.py:830} INFO - Processing file /root/apache_env/lib/python3.10/site-packages/airflow/example_dags/example_nested_branch_dag.py for tasks to queue
[2024-06-18T14:22:07.823+0545] {logging_mixin.py:188} INFO - [2024-06-18T14:22:07.823+0545] {dagbag.py:545} INFO - Filling up the DagBag from /root/apache_env/lib/python3.10/site-packages/airflow/example_dags/example_nested_branch_dag.py
[2024-06-18T14:22:07.832+0545] {processor.py:840} INFO - DAG(s) 'example_nested_branch_dag' retrieved from /root/apache_env/lib/python3.10/site-packages/airflow/example_dags/example_nested_branch_dag.py
[2024-06-18T14:22:07.837+0545] {logging_mixin.py:188} INFO - [2024-06-18T14:22:07.837+0545] {dag.py:3096} INFO - Sync 1 DAGs
[2024-06-18T14:22:07.854+0545] {logging_mixin.py:188} INFO - [2024-06-18T14:22:07.854+0545] {dag.py:3954} INFO - Setting next_dagrun for example_nested_branch_dag to 2024-06-17 00:00:00+00:00, run_after=2024-06-18 00:00:00+00:00
[2024-06-18T14:22:07.871+0545] {processor.py:183} INFO - Processing /root/apache_env/lib/python3.10/site-packages/airflow/example_dags/example_nested_branch_dag.py took 0.055 seconds
[2024-06-18T14:23:12.377+0545] {processor.py:161} INFO - Started process (PID=6716) to work on /root/apache_env/lib/python3.10/site-packages/airflow/example_dags/example_nested_branch_dag.py
[2024-06-18T14:23:12.378+0545] {processor.py:830} INFO - Processing file /root/apache_env/lib/python3.10/site-packages/airflow/example_dags/example_nested_branch_dag.py for tasks to queue
[2024-06-18T14:23:12.380+0545] {logging_mixin.py:188} INFO - [2024-06-18T14:23:12.380+0545] {dagbag.py:545} INFO - Filling up the DagBag from /root/apache_env/lib/python3.10/site-packages/airflow/example_dags/example_nested_branch_dag.py
[2024-06-18T14:23:12.388+0545] {processor.py:840} INFO - DAG(s) 'example_nested_branch_dag' retrieved from /root/apache_env/lib/python3.10/site-packages/airflow/example_dags/example_nested_branch_dag.py
[2024-06-18T14:23:12.527+0545] {logging_mixin.py:188} INFO - [2024-06-18T14:23:12.527+0545] {dag.py:3096} INFO - Sync 1 DAGs
[2024-06-18T14:23:12.540+0545] {logging_mixin.py:188} INFO - [2024-06-18T14:23:12.540+0545] {dag.py:3954} INFO - Setting next_dagrun for example_nested_branch_dag to 2024-06-17 00:00:00+00:00, run_after=2024-06-18 00:00:00+00:00
[2024-06-18T14:23:12.557+0545] {processor.py:183} INFO - Processing /root/apache_env/lib/python3.10/site-packages/airflow/example_dags/example_nested_branch_dag.py took 0.185 seconds
[2024-06-18T14:24:06.567+0545] {processor.py:161} INFO - Started process (PID=6850) to work on /root/apache_env/lib/python3.10/site-packages/airflow/example_dags/example_nested_branch_dag.py
[2024-06-18T14:24:06.568+0545] {processor.py:830} INFO - Processing file /root/apache_env/lib/python3.10/site-packages/airflow/example_dags/example_nested_branch_dag.py for tasks to queue
[2024-06-18T14:24:06.570+0545] {logging_mixin.py:188} INFO - [2024-06-18T14:24:06.569+0545] {dagbag.py:545} INFO - Filling up the DagBag from /root/apache_env/lib/python3.10/site-packages/airflow/example_dags/example_nested_branch_dag.py
[2024-06-18T14:24:06.577+0545] {processor.py:840} INFO - DAG(s) 'example_nested_branch_dag' retrieved from /root/apache_env/lib/python3.10/site-packages/airflow/example_dags/example_nested_branch_dag.py
[2024-06-18T14:24:06.588+0545] {logging_mixin.py:188} INFO - [2024-06-18T14:24:06.588+0545] {dag.py:3096} INFO - Sync 1 DAGs
[2024-06-18T14:24:06.602+0545] {logging_mixin.py:188} INFO - [2024-06-18T14:24:06.602+0545] {dag.py:3954} INFO - Setting next_dagrun for example_nested_branch_dag to 2024-06-17 00:00:00+00:00, run_after=2024-06-18 00:00:00+00:00
[2024-06-18T14:24:06.677+0545] {processor.py:183} INFO - Processing /root/apache_env/lib/python3.10/site-packages/airflow/example_dags/example_nested_branch_dag.py took 0.114 seconds
[2024-06-18T14:24:56.954+0545] {processor.py:161} INFO - Started process (PID=6973) to work on /root/apache_env/lib/python3.10/site-packages/airflow/example_dags/example_nested_branch_dag.py
[2024-06-18T14:24:56.956+0545] {processor.py:830} INFO - Processing file /root/apache_env/lib/python3.10/site-packages/airflow/example_dags/example_nested_branch_dag.py for tasks to queue
[2024-06-18T14:24:56.957+0545] {logging_mixin.py:188} INFO - [2024-06-18T14:24:56.957+0545] {dagbag.py:545} INFO - Filling up the DagBag from /root/apache_env/lib/python3.10/site-packages/airflow/example_dags/example_nested_branch_dag.py
[2024-06-18T14:24:56.965+0545] {processor.py:840} INFO - DAG(s) 'example_nested_branch_dag' retrieved from /root/apache_env/lib/python3.10/site-packages/airflow/example_dags/example_nested_branch_dag.py
[2024-06-18T14:24:56.978+0545] {logging_mixin.py:188} INFO - [2024-06-18T14:24:56.978+0545] {dag.py:3096} INFO - Sync 1 DAGs
[2024-06-18T14:24:56.994+0545] {logging_mixin.py:188} INFO - [2024-06-18T14:24:56.994+0545] {dag.py:3954} INFO - Setting next_dagrun for example_nested_branch_dag to 2024-06-17 00:00:00+00:00, run_after=2024-06-18 00:00:00+00:00
[2024-06-18T14:24:57.012+0545] {processor.py:183} INFO - Processing /root/apache_env/lib/python3.10/site-packages/airflow/example_dags/example_nested_branch_dag.py took 0.062 seconds
[2024-06-18T14:25:45.084+0545] {processor.py:161} INFO - Started process (PID=7142) to work on /root/apache_env/lib/python3.10/site-packages/airflow/example_dags/example_nested_branch_dag.py
[2024-06-18T14:25:45.086+0545] {processor.py:830} INFO - Processing file /root/apache_env/lib/python3.10/site-packages/airflow/example_dags/example_nested_branch_dag.py for tasks to queue
[2024-06-18T14:25:45.087+0545] {logging_mixin.py:188} INFO - [2024-06-18T14:25:45.086+0545] {dagbag.py:545} INFO - Filling up the DagBag from /root/apache_env/lib/python3.10/site-packages/airflow/example_dags/example_nested_branch_dag.py
[2024-06-18T14:25:45.097+0545] {processor.py:840} INFO - DAG(s) 'example_nested_branch_dag' retrieved from /root/apache_env/lib/python3.10/site-packages/airflow/example_dags/example_nested_branch_dag.py
[2024-06-18T14:25:45.101+0545] {logging_mixin.py:188} INFO - [2024-06-18T14:25:45.101+0545] {dag.py:3096} INFO - Sync 1 DAGs
[2024-06-18T14:25:45.118+0545] {logging_mixin.py:188} INFO - [2024-06-18T14:25:45.117+0545] {dag.py:3954} INFO - Setting next_dagrun for example_nested_branch_dag to 2024-06-17 00:00:00+00:00, run_after=2024-06-18 00:00:00+00:00
[2024-06-18T14:25:45.135+0545] {processor.py:183} INFO - Processing /root/apache_env/lib/python3.10/site-packages/airflow/example_dags/example_nested_branch_dag.py took 0.054 seconds
[2024-06-18T14:27:11.563+0545] {processor.py:161} INFO - Started process (PID=7355) to work on /root/apache_env/lib/python3.10/site-packages/airflow/example_dags/example_nested_branch_dag.py
[2024-06-18T14:27:11.565+0545] {processor.py:830} INFO - Processing file /root/apache_env/lib/python3.10/site-packages/airflow/example_dags/example_nested_branch_dag.py for tasks to queue
[2024-06-18T14:27:11.566+0545] {logging_mixin.py:188} INFO - [2024-06-18T14:27:11.566+0545] {dagbag.py:545} INFO - Filling up the DagBag from /root/apache_env/lib/python3.10/site-packages/airflow/example_dags/example_nested_branch_dag.py
[2024-06-18T14:27:11.577+0545] {processor.py:840} INFO - DAG(s) 'example_nested_branch_dag' retrieved from /root/apache_env/lib/python3.10/site-packages/airflow/example_dags/example_nested_branch_dag.py
[2024-06-18T14:27:11.584+0545] {logging_mixin.py:188} INFO - [2024-06-18T14:27:11.584+0545] {dag.py:3096} INFO - Sync 1 DAGs
[2024-06-18T14:27:11.602+0545] {logging_mixin.py:188} INFO - [2024-06-18T14:27:11.602+0545] {dag.py:3954} INFO - Setting next_dagrun for example_nested_branch_dag to 2024-06-17 00:00:00+00:00, run_after=2024-06-18 00:00:00+00:00
[2024-06-18T14:27:11.621+0545] {processor.py:183} INFO - Processing /root/apache_env/lib/python3.10/site-packages/airflow/example_dags/example_nested_branch_dag.py took 0.063 seconds
[2024-06-18T14:28:05.417+0545] {processor.py:161} INFO - Started process (PID=7504) to work on /root/apache_env/lib/python3.10/site-packages/airflow/example_dags/example_nested_branch_dag.py
[2024-06-18T14:28:05.418+0545] {processor.py:830} INFO - Processing file /root/apache_env/lib/python3.10/site-packages/airflow/example_dags/example_nested_branch_dag.py for tasks to queue
[2024-06-18T14:28:05.419+0545] {logging_mixin.py:188} INFO - [2024-06-18T14:28:05.419+0545] {dagbag.py:545} INFO - Filling up the DagBag from /root/apache_env/lib/python3.10/site-packages/airflow/example_dags/example_nested_branch_dag.py
[2024-06-18T14:28:05.426+0545] {processor.py:840} INFO - DAG(s) 'example_nested_branch_dag' retrieved from /root/apache_env/lib/python3.10/site-packages/airflow/example_dags/example_nested_branch_dag.py
[2024-06-18T14:28:05.553+0545] {logging_mixin.py:188} INFO - [2024-06-18T14:28:05.553+0545] {dag.py:3096} INFO - Sync 1 DAGs
[2024-06-18T14:28:05.563+0545] {logging_mixin.py:188} INFO - [2024-06-18T14:28:05.563+0545] {dag.py:3954} INFO - Setting next_dagrun for example_nested_branch_dag to 2024-06-17 00:00:00+00:00, run_after=2024-06-18 00:00:00+00:00
[2024-06-18T14:28:05.581+0545] {processor.py:183} INFO - Processing /root/apache_env/lib/python3.10/site-packages/airflow/example_dags/example_nested_branch_dag.py took 0.169 seconds
[2024-06-18T14:29:49.646+0545] {processor.py:161} INFO - Started process (PID=7756) to work on /root/apache_env/lib/python3.10/site-packages/airflow/example_dags/example_nested_branch_dag.py
[2024-06-18T14:29:49.647+0545] {processor.py:830} INFO - Processing file /root/apache_env/lib/python3.10/site-packages/airflow/example_dags/example_nested_branch_dag.py for tasks to queue
[2024-06-18T14:29:49.648+0545] {logging_mixin.py:188} INFO - [2024-06-18T14:29:49.648+0545] {dagbag.py:545} INFO - Filling up the DagBag from /root/apache_env/lib/python3.10/site-packages/airflow/example_dags/example_nested_branch_dag.py
[2024-06-18T14:29:49.656+0545] {processor.py:840} INFO - DAG(s) 'example_nested_branch_dag' retrieved from /root/apache_env/lib/python3.10/site-packages/airflow/example_dags/example_nested_branch_dag.py
[2024-06-18T14:29:49.660+0545] {logging_mixin.py:188} INFO - [2024-06-18T14:29:49.660+0545] {dag.py:3096} INFO - Sync 1 DAGs
[2024-06-18T14:29:49.674+0545] {logging_mixin.py:188} INFO - [2024-06-18T14:29:49.674+0545] {dag.py:3954} INFO - Setting next_dagrun for example_nested_branch_dag to 2024-06-17 00:00:00+00:00, run_after=2024-06-18 00:00:00+00:00
[2024-06-18T14:29:49.693+0545] {processor.py:183} INFO - Processing /root/apache_env/lib/python3.10/site-packages/airflow/example_dags/example_nested_branch_dag.py took 0.051 seconds
[2024-06-18T14:30:43.510+0545] {processor.py:161} INFO - Started process (PID=7897) to work on /root/apache_env/lib/python3.10/site-packages/airflow/example_dags/example_nested_branch_dag.py
[2024-06-18T14:30:43.511+0545] {processor.py:830} INFO - Processing file /root/apache_env/lib/python3.10/site-packages/airflow/example_dags/example_nested_branch_dag.py for tasks to queue
[2024-06-18T14:30:43.512+0545] {logging_mixin.py:188} INFO - [2024-06-18T14:30:43.512+0545] {dagbag.py:545} INFO - Filling up the DagBag from /root/apache_env/lib/python3.10/site-packages/airflow/example_dags/example_nested_branch_dag.py
[2024-06-18T14:30:43.520+0545] {processor.py:840} INFO - DAG(s) 'example_nested_branch_dag' retrieved from /root/apache_env/lib/python3.10/site-packages/airflow/example_dags/example_nested_branch_dag.py
[2024-06-18T14:30:43.663+0545] {logging_mixin.py:188} INFO - [2024-06-18T14:30:43.663+0545] {dag.py:3096} INFO - Sync 1 DAGs
[2024-06-18T14:30:43.678+0545] {logging_mixin.py:188} INFO - [2024-06-18T14:30:43.677+0545] {dag.py:3954} INFO - Setting next_dagrun for example_nested_branch_dag to 2024-06-17 00:00:00+00:00, run_after=2024-06-18 00:00:00+00:00
[2024-06-18T14:30:43.696+0545] {processor.py:183} INFO - Processing /root/apache_env/lib/python3.10/site-packages/airflow/example_dags/example_nested_branch_dag.py took 0.191 seconds
[2024-06-18T14:31:34.199+0545] {processor.py:161} INFO - Started process (PID=8019) to work on /root/apache_env/lib/python3.10/site-packages/airflow/example_dags/example_nested_branch_dag.py
[2024-06-18T14:31:34.200+0545] {processor.py:830} INFO - Processing file /root/apache_env/lib/python3.10/site-packages/airflow/example_dags/example_nested_branch_dag.py for tasks to queue
[2024-06-18T14:31:34.202+0545] {logging_mixin.py:188} INFO - [2024-06-18T14:31:34.201+0545] {dagbag.py:545} INFO - Filling up the DagBag from /root/apache_env/lib/python3.10/site-packages/airflow/example_dags/example_nested_branch_dag.py
[2024-06-18T14:31:34.208+0545] {processor.py:840} INFO - DAG(s) 'example_nested_branch_dag' retrieved from /root/apache_env/lib/python3.10/site-packages/airflow/example_dags/example_nested_branch_dag.py
[2024-06-18T14:31:34.219+0545] {logging_mixin.py:188} INFO - [2024-06-18T14:31:34.219+0545] {dag.py:3096} INFO - Sync 1 DAGs
[2024-06-18T14:31:34.232+0545] {logging_mixin.py:188} INFO - [2024-06-18T14:31:34.232+0545] {dag.py:3954} INFO - Setting next_dagrun for example_nested_branch_dag to 2024-06-17 00:00:00+00:00, run_after=2024-06-18 00:00:00+00:00
[2024-06-18T14:31:34.308+0545] {processor.py:183} INFO - Processing /root/apache_env/lib/python3.10/site-packages/airflow/example_dags/example_nested_branch_dag.py took 0.113 seconds
[2024-06-18T14:32:23.580+0545] {processor.py:161} INFO - Started process (PID=8140) to work on /root/apache_env/lib/python3.10/site-packages/airflow/example_dags/example_nested_branch_dag.py
[2024-06-18T14:32:23.582+0545] {processor.py:830} INFO - Processing file /root/apache_env/lib/python3.10/site-packages/airflow/example_dags/example_nested_branch_dag.py for tasks to queue
[2024-06-18T14:32:23.583+0545] {logging_mixin.py:188} INFO - [2024-06-18T14:32:23.582+0545] {dagbag.py:545} INFO - Filling up the DagBag from /root/apache_env/lib/python3.10/site-packages/airflow/example_dags/example_nested_branch_dag.py
[2024-06-18T14:32:23.589+0545] {processor.py:840} INFO - DAG(s) 'example_nested_branch_dag' retrieved from /root/apache_env/lib/python3.10/site-packages/airflow/example_dags/example_nested_branch_dag.py
[2024-06-18T14:32:23.601+0545] {logging_mixin.py:188} INFO - [2024-06-18T14:32:23.601+0545] {dag.py:3096} INFO - Sync 1 DAGs
[2024-06-18T14:32:23.614+0545] {logging_mixin.py:188} INFO - [2024-06-18T14:32:23.614+0545] {dag.py:3954} INFO - Setting next_dagrun for example_nested_branch_dag to 2024-06-17 00:00:00+00:00, run_after=2024-06-18 00:00:00+00:00
[2024-06-18T14:32:23.632+0545] {processor.py:183} INFO - Processing /root/apache_env/lib/python3.10/site-packages/airflow/example_dags/example_nested_branch_dag.py took 0.055 seconds
[2024-06-18T14:33:09.917+0545] {processor.py:161} INFO - Started process (PID=8257) to work on /root/apache_env/lib/python3.10/site-packages/airflow/example_dags/example_nested_branch_dag.py
[2024-06-18T14:33:09.919+0545] {processor.py:830} INFO - Processing file /root/apache_env/lib/python3.10/site-packages/airflow/example_dags/example_nested_branch_dag.py for tasks to queue
[2024-06-18T14:33:09.920+0545] {logging_mixin.py:188} INFO - [2024-06-18T14:33:09.920+0545] {dagbag.py:545} INFO - Filling up the DagBag from /root/apache_env/lib/python3.10/site-packages/airflow/example_dags/example_nested_branch_dag.py
[2024-06-18T14:33:09.927+0545] {processor.py:840} INFO - DAG(s) 'example_nested_branch_dag' retrieved from /root/apache_env/lib/python3.10/site-packages/airflow/example_dags/example_nested_branch_dag.py
[2024-06-18T14:33:09.938+0545] {logging_mixin.py:188} INFO - [2024-06-18T14:33:09.938+0545] {dag.py:3096} INFO - Sync 1 DAGs
[2024-06-18T14:33:09.952+0545] {logging_mixin.py:188} INFO - [2024-06-18T14:33:09.951+0545] {dag.py:3954} INFO - Setting next_dagrun for example_nested_branch_dag to 2024-06-17 00:00:00+00:00, run_after=2024-06-18 00:00:00+00:00
[2024-06-18T14:33:09.969+0545] {processor.py:183} INFO - Processing /root/apache_env/lib/python3.10/site-packages/airflow/example_dags/example_nested_branch_dag.py took 0.056 seconds
[2024-06-18T14:33:54.723+0545] {processor.py:161} INFO - Started process (PID=8372) to work on /root/apache_env/lib/python3.10/site-packages/airflow/example_dags/example_nested_branch_dag.py
[2024-06-18T14:33:54.725+0545] {processor.py:830} INFO - Processing file /root/apache_env/lib/python3.10/site-packages/airflow/example_dags/example_nested_branch_dag.py for tasks to queue
[2024-06-18T14:33:54.726+0545] {logging_mixin.py:188} INFO - [2024-06-18T14:33:54.726+0545] {dagbag.py:545} INFO - Filling up the DagBag from /root/apache_env/lib/python3.10/site-packages/airflow/example_dags/example_nested_branch_dag.py
[2024-06-18T14:33:54.735+0545] {processor.py:840} INFO - DAG(s) 'example_nested_branch_dag' retrieved from /root/apache_env/lib/python3.10/site-packages/airflow/example_dags/example_nested_branch_dag.py
[2024-06-18T14:33:54.747+0545] {logging_mixin.py:188} INFO - [2024-06-18T14:33:54.747+0545] {dag.py:3096} INFO - Sync 1 DAGs
[2024-06-18T14:33:54.761+0545] {logging_mixin.py:188} INFO - [2024-06-18T14:33:54.761+0545] {dag.py:3954} INFO - Setting next_dagrun for example_nested_branch_dag to 2024-06-17 00:00:00+00:00, run_after=2024-06-18 00:00:00+00:00
[2024-06-18T14:33:54.778+0545] {processor.py:183} INFO - Processing /root/apache_env/lib/python3.10/site-packages/airflow/example_dags/example_nested_branch_dag.py took 0.059 seconds
[2024-06-18T14:34:37.451+0545] {processor.py:161} INFO - Started process (PID=8481) to work on /root/apache_env/lib/python3.10/site-packages/airflow/example_dags/example_nested_branch_dag.py
[2024-06-18T14:34:37.452+0545] {processor.py:830} INFO - Processing file /root/apache_env/lib/python3.10/site-packages/airflow/example_dags/example_nested_branch_dag.py for tasks to queue
[2024-06-18T14:34:37.453+0545] {logging_mixin.py:188} INFO - [2024-06-18T14:34:37.453+0545] {dagbag.py:545} INFO - Filling up the DagBag from /root/apache_env/lib/python3.10/site-packages/airflow/example_dags/example_nested_branch_dag.py
[2024-06-18T14:34:37.460+0545] {processor.py:840} INFO - DAG(s) 'example_nested_branch_dag' retrieved from /root/apache_env/lib/python3.10/site-packages/airflow/example_dags/example_nested_branch_dag.py
[2024-06-18T14:34:37.474+0545] {logging_mixin.py:188} INFO - [2024-06-18T14:34:37.474+0545] {dag.py:3096} INFO - Sync 1 DAGs
[2024-06-18T14:34:37.490+0545] {logging_mixin.py:188} INFO - [2024-06-18T14:34:37.489+0545] {dag.py:3954} INFO - Setting next_dagrun for example_nested_branch_dag to 2024-06-17 00:00:00+00:00, run_after=2024-06-18 00:00:00+00:00
[2024-06-18T14:34:37.507+0545] {processor.py:183} INFO - Processing /root/apache_env/lib/python3.10/site-packages/airflow/example_dags/example_nested_branch_dag.py took 0.060 seconds
[2024-06-18T14:35:26.601+0545] {processor.py:161} INFO - Started process (PID=8630) to work on /root/apache_env/lib/python3.10/site-packages/airflow/example_dags/example_nested_branch_dag.py
[2024-06-18T14:35:26.602+0545] {processor.py:830} INFO - Processing file /root/apache_env/lib/python3.10/site-packages/airflow/example_dags/example_nested_branch_dag.py for tasks to queue
[2024-06-18T14:35:26.603+0545] {logging_mixin.py:188} INFO - [2024-06-18T14:35:26.603+0545] {dagbag.py:545} INFO - Filling up the DagBag from /root/apache_env/lib/python3.10/site-packages/airflow/example_dags/example_nested_branch_dag.py
[2024-06-18T14:35:26.610+0545] {processor.py:840} INFO - DAG(s) 'example_nested_branch_dag' retrieved from /root/apache_env/lib/python3.10/site-packages/airflow/example_dags/example_nested_branch_dag.py
[2024-06-18T14:35:26.620+0545] {logging_mixin.py:188} INFO - [2024-06-18T14:35:26.620+0545] {dag.py:3096} INFO - Sync 1 DAGs
[2024-06-18T14:35:26.634+0545] {logging_mixin.py:188} INFO - [2024-06-18T14:35:26.634+0545] {dag.py:3954} INFO - Setting next_dagrun for example_nested_branch_dag to 2024-06-17 00:00:00+00:00, run_after=2024-06-18 00:00:00+00:00
[2024-06-18T14:35:26.650+0545] {processor.py:183} INFO - Processing /root/apache_env/lib/python3.10/site-packages/airflow/example_dags/example_nested_branch_dag.py took 0.054 seconds
[2024-06-18T14:36:13.958+0545] {processor.py:161} INFO - Started process (PID=8752) to work on /root/apache_env/lib/python3.10/site-packages/airflow/example_dags/example_nested_branch_dag.py
[2024-06-18T14:36:13.959+0545] {processor.py:830} INFO - Processing file /root/apache_env/lib/python3.10/site-packages/airflow/example_dags/example_nested_branch_dag.py for tasks to queue
[2024-06-18T14:36:13.960+0545] {logging_mixin.py:188} INFO - [2024-06-18T14:36:13.960+0545] {dagbag.py:545} INFO - Filling up the DagBag from /root/apache_env/lib/python3.10/site-packages/airflow/example_dags/example_nested_branch_dag.py
[2024-06-18T14:36:13.967+0545] {processor.py:840} INFO - DAG(s) 'example_nested_branch_dag' retrieved from /root/apache_env/lib/python3.10/site-packages/airflow/example_dags/example_nested_branch_dag.py
[2024-06-18T14:36:13.978+0545] {logging_mixin.py:188} INFO - [2024-06-18T14:36:13.978+0545] {dag.py:3096} INFO - Sync 1 DAGs
[2024-06-18T14:36:13.992+0545] {logging_mixin.py:188} INFO - [2024-06-18T14:36:13.992+0545] {dag.py:3954} INFO - Setting next_dagrun for example_nested_branch_dag to 2024-06-17 00:00:00+00:00, run_after=2024-06-18 00:00:00+00:00
[2024-06-18T14:36:14.008+0545] {processor.py:183} INFO - Processing /root/apache_env/lib/python3.10/site-packages/airflow/example_dags/example_nested_branch_dag.py took 0.054 seconds
[2024-06-18T14:36:59.017+0545] {processor.py:161} INFO - Started process (PID=8866) to work on /root/apache_env/lib/python3.10/site-packages/airflow/example_dags/example_nested_branch_dag.py
[2024-06-18T14:36:59.019+0545] {processor.py:830} INFO - Processing file /root/apache_env/lib/python3.10/site-packages/airflow/example_dags/example_nested_branch_dag.py for tasks to queue
[2024-06-18T14:36:59.020+0545] {logging_mixin.py:188} INFO - [2024-06-18T14:36:59.020+0545] {dagbag.py:545} INFO - Filling up the DagBag from /root/apache_env/lib/python3.10/site-packages/airflow/example_dags/example_nested_branch_dag.py
[2024-06-18T14:36:59.029+0545] {processor.py:840} INFO - DAG(s) 'example_nested_branch_dag' retrieved from /root/apache_env/lib/python3.10/site-packages/airflow/example_dags/example_nested_branch_dag.py
[2024-06-18T14:36:59.040+0545] {logging_mixin.py:188} INFO - [2024-06-18T14:36:59.039+0545] {dag.py:3096} INFO - Sync 1 DAGs
[2024-06-18T14:36:59.053+0545] {logging_mixin.py:188} INFO - [2024-06-18T14:36:59.053+0545] {dag.py:3954} INFO - Setting next_dagrun for example_nested_branch_dag to 2024-06-17 00:00:00+00:00, run_after=2024-06-18 00:00:00+00:00
[2024-06-18T14:36:59.071+0545] {processor.py:183} INFO - Processing /root/apache_env/lib/python3.10/site-packages/airflow/example_dags/example_nested_branch_dag.py took 0.058 seconds
[2024-06-18T14:37:43.018+0545] {processor.py:161} INFO - Started process (PID=8977) to work on /root/apache_env/lib/python3.10/site-packages/airflow/example_dags/example_nested_branch_dag.py
[2024-06-18T14:37:43.019+0545] {processor.py:830} INFO - Processing file /root/apache_env/lib/python3.10/site-packages/airflow/example_dags/example_nested_branch_dag.py for tasks to queue
[2024-06-18T14:37:43.021+0545] {logging_mixin.py:188} INFO - [2024-06-18T14:37:43.020+0545] {dagbag.py:545} INFO - Filling up the DagBag from /root/apache_env/lib/python3.10/site-packages/airflow/example_dags/example_nested_branch_dag.py
[2024-06-18T14:37:43.029+0545] {processor.py:840} INFO - DAG(s) 'example_nested_branch_dag' retrieved from /root/apache_env/lib/python3.10/site-packages/airflow/example_dags/example_nested_branch_dag.py
[2024-06-18T14:37:43.041+0545] {logging_mixin.py:188} INFO - [2024-06-18T14:37:43.041+0545] {dag.py:3096} INFO - Sync 1 DAGs
[2024-06-18T14:37:43.055+0545] {logging_mixin.py:188} INFO - [2024-06-18T14:37:43.055+0545] {dag.py:3954} INFO - Setting next_dagrun for example_nested_branch_dag to 2024-06-17 00:00:00+00:00, run_after=2024-06-18 00:00:00+00:00
[2024-06-18T14:37:43.072+0545] {processor.py:183} INFO - Processing /root/apache_env/lib/python3.10/site-packages/airflow/example_dags/example_nested_branch_dag.py took 0.060 seconds
[2024-06-18T14:38:29.600+0545] {processor.py:161} INFO - Started process (PID=9091) to work on /root/apache_env/lib/python3.10/site-packages/airflow/example_dags/example_nested_branch_dag.py
[2024-06-18T14:38:29.601+0545] {processor.py:830} INFO - Processing file /root/apache_env/lib/python3.10/site-packages/airflow/example_dags/example_nested_branch_dag.py for tasks to queue
[2024-06-18T14:38:29.602+0545] {logging_mixin.py:188} INFO - [2024-06-18T14:38:29.602+0545] {dagbag.py:545} INFO - Filling up the DagBag from /root/apache_env/lib/python3.10/site-packages/airflow/example_dags/example_nested_branch_dag.py
[2024-06-18T14:38:29.609+0545] {processor.py:840} INFO - DAG(s) 'example_nested_branch_dag' retrieved from /root/apache_env/lib/python3.10/site-packages/airflow/example_dags/example_nested_branch_dag.py
[2024-06-18T14:38:29.619+0545] {logging_mixin.py:188} INFO - [2024-06-18T14:38:29.619+0545] {dag.py:3096} INFO - Sync 1 DAGs
[2024-06-18T14:38:29.633+0545] {logging_mixin.py:188} INFO - [2024-06-18T14:38:29.633+0545] {dag.py:3954} INFO - Setting next_dagrun for example_nested_branch_dag to 2024-06-17 00:00:00+00:00, run_after=2024-06-18 00:00:00+00:00
[2024-06-18T14:38:29.650+0545] {processor.py:183} INFO - Processing /root/apache_env/lib/python3.10/site-packages/airflow/example_dags/example_nested_branch_dag.py took 0.054 seconds
[2024-06-18T14:39:16.383+0545] {processor.py:161} INFO - Started process (PID=9209) to work on /root/apache_env/lib/python3.10/site-packages/airflow/example_dags/example_nested_branch_dag.py
[2024-06-18T14:39:16.384+0545] {processor.py:830} INFO - Processing file /root/apache_env/lib/python3.10/site-packages/airflow/example_dags/example_nested_branch_dag.py for tasks to queue
[2024-06-18T14:39:16.385+0545] {logging_mixin.py:188} INFO - [2024-06-18T14:39:16.385+0545] {dagbag.py:545} INFO - Filling up the DagBag from /root/apache_env/lib/python3.10/site-packages/airflow/example_dags/example_nested_branch_dag.py
[2024-06-18T14:39:16.392+0545] {processor.py:840} INFO - DAG(s) 'example_nested_branch_dag' retrieved from /root/apache_env/lib/python3.10/site-packages/airflow/example_dags/example_nested_branch_dag.py
[2024-06-18T14:39:16.403+0545] {logging_mixin.py:188} INFO - [2024-06-18T14:39:16.403+0545] {dag.py:3096} INFO - Sync 1 DAGs
[2024-06-18T14:39:16.417+0545] {logging_mixin.py:188} INFO - [2024-06-18T14:39:16.416+0545] {dag.py:3954} INFO - Setting next_dagrun for example_nested_branch_dag to 2024-06-17 00:00:00+00:00, run_after=2024-06-18 00:00:00+00:00
[2024-06-18T14:39:16.434+0545] {processor.py:183} INFO - Processing /root/apache_env/lib/python3.10/site-packages/airflow/example_dags/example_nested_branch_dag.py took 0.055 seconds
[2024-06-18T14:40:02.573+0545] {processor.py:161} INFO - Started process (PID=9328) to work on /root/apache_env/lib/python3.10/site-packages/airflow/example_dags/example_nested_branch_dag.py
[2024-06-18T14:40:02.574+0545] {processor.py:830} INFO - Processing file /root/apache_env/lib/python3.10/site-packages/airflow/example_dags/example_nested_branch_dag.py for tasks to queue
[2024-06-18T14:40:02.575+0545] {logging_mixin.py:188} INFO - [2024-06-18T14:40:02.575+0545] {dagbag.py:545} INFO - Filling up the DagBag from /root/apache_env/lib/python3.10/site-packages/airflow/example_dags/example_nested_branch_dag.py
[2024-06-18T14:40:02.583+0545] {processor.py:840} INFO - DAG(s) 'example_nested_branch_dag' retrieved from /root/apache_env/lib/python3.10/site-packages/airflow/example_dags/example_nested_branch_dag.py
[2024-06-18T14:40:02.596+0545] {logging_mixin.py:188} INFO - [2024-06-18T14:40:02.595+0545] {dag.py:3096} INFO - Sync 1 DAGs
[2024-06-18T14:40:02.613+0545] {logging_mixin.py:188} INFO - [2024-06-18T14:40:02.612+0545] {dag.py:3954} INFO - Setting next_dagrun for example_nested_branch_dag to 2024-06-17 00:00:00+00:00, run_after=2024-06-18 00:00:00+00:00
[2024-06-18T14:40:02.630+0545] {processor.py:183} INFO - Processing /root/apache_env/lib/python3.10/site-packages/airflow/example_dags/example_nested_branch_dag.py took 0.062 seconds
[2024-06-18T14:40:50.048+0545] {processor.py:161} INFO - Started process (PID=9446) to work on /root/apache_env/lib/python3.10/site-packages/airflow/example_dags/example_nested_branch_dag.py
[2024-06-18T14:40:50.049+0545] {processor.py:830} INFO - Processing file /root/apache_env/lib/python3.10/site-packages/airflow/example_dags/example_nested_branch_dag.py for tasks to queue
[2024-06-18T14:40:50.050+0545] {logging_mixin.py:188} INFO - [2024-06-18T14:40:50.050+0545] {dagbag.py:545} INFO - Filling up the DagBag from /root/apache_env/lib/python3.10/site-packages/airflow/example_dags/example_nested_branch_dag.py
[2024-06-18T14:40:50.057+0545] {processor.py:840} INFO - DAG(s) 'example_nested_branch_dag' retrieved from /root/apache_env/lib/python3.10/site-packages/airflow/example_dags/example_nested_branch_dag.py
[2024-06-18T14:40:50.067+0545] {logging_mixin.py:188} INFO - [2024-06-18T14:40:50.067+0545] {dag.py:3096} INFO - Sync 1 DAGs
[2024-06-18T14:40:50.081+0545] {logging_mixin.py:188} INFO - [2024-06-18T14:40:50.081+0545] {dag.py:3954} INFO - Setting next_dagrun for example_nested_branch_dag to 2024-06-17 00:00:00+00:00, run_after=2024-06-18 00:00:00+00:00
[2024-06-18T14:40:50.098+0545] {processor.py:183} INFO - Processing /root/apache_env/lib/python3.10/site-packages/airflow/example_dags/example_nested_branch_dag.py took 0.055 seconds
[2024-06-18T14:41:34.720+0545] {processor.py:161} INFO - Started process (PID=9559) to work on /root/apache_env/lib/python3.10/site-packages/airflow/example_dags/example_nested_branch_dag.py
[2024-06-18T14:41:34.721+0545] {processor.py:830} INFO - Processing file /root/apache_env/lib/python3.10/site-packages/airflow/example_dags/example_nested_branch_dag.py for tasks to queue
[2024-06-18T14:41:34.722+0545] {logging_mixin.py:188} INFO - [2024-06-18T14:41:34.722+0545] {dagbag.py:545} INFO - Filling up the DagBag from /root/apache_env/lib/python3.10/site-packages/airflow/example_dags/example_nested_branch_dag.py
[2024-06-18T14:41:34.729+0545] {processor.py:840} INFO - DAG(s) 'example_nested_branch_dag' retrieved from /root/apache_env/lib/python3.10/site-packages/airflow/example_dags/example_nested_branch_dag.py
[2024-06-18T14:41:34.740+0545] {logging_mixin.py:188} INFO - [2024-06-18T14:41:34.740+0545] {dag.py:3096} INFO - Sync 1 DAGs
[2024-06-18T14:41:34.754+0545] {logging_mixin.py:188} INFO - [2024-06-18T14:41:34.754+0545] {dag.py:3954} INFO - Setting next_dagrun for example_nested_branch_dag to 2024-06-17 00:00:00+00:00, run_after=2024-06-18 00:00:00+00:00
[2024-06-18T14:41:34.771+0545] {processor.py:183} INFO - Processing /root/apache_env/lib/python3.10/site-packages/airflow/example_dags/example_nested_branch_dag.py took 0.055 seconds
[2024-06-18T14:42:18.315+0545] {processor.py:161} INFO - Started process (PID=9668) to work on /root/apache_env/lib/python3.10/site-packages/airflow/example_dags/example_nested_branch_dag.py
[2024-06-18T14:42:18.315+0545] {processor.py:830} INFO - Processing file /root/apache_env/lib/python3.10/site-packages/airflow/example_dags/example_nested_branch_dag.py for tasks to queue
[2024-06-18T14:42:18.317+0545] {logging_mixin.py:188} INFO - [2024-06-18T14:42:18.316+0545] {dagbag.py:545} INFO - Filling up the DagBag from /root/apache_env/lib/python3.10/site-packages/airflow/example_dags/example_nested_branch_dag.py
[2024-06-18T14:42:18.323+0545] {processor.py:840} INFO - DAG(s) 'example_nested_branch_dag' retrieved from /root/apache_env/lib/python3.10/site-packages/airflow/example_dags/example_nested_branch_dag.py
[2024-06-18T14:42:18.334+0545] {logging_mixin.py:188} INFO - [2024-06-18T14:42:18.334+0545] {dag.py:3096} INFO - Sync 1 DAGs
[2024-06-18T14:42:18.347+0545] {logging_mixin.py:188} INFO - [2024-06-18T14:42:18.347+0545] {dag.py:3954} INFO - Setting next_dagrun for example_nested_branch_dag to 2024-06-17 00:00:00+00:00, run_after=2024-06-18 00:00:00+00:00
[2024-06-18T14:42:18.364+0545] {processor.py:183} INFO - Processing /root/apache_env/lib/python3.10/site-packages/airflow/example_dags/example_nested_branch_dag.py took 0.053 seconds
[2024-06-18T14:43:01.758+0545] {processor.py:161} INFO - Started process (PID=9777) to work on /root/apache_env/lib/python3.10/site-packages/airflow/example_dags/example_nested_branch_dag.py
[2024-06-18T14:43:01.760+0545] {processor.py:830} INFO - Processing file /root/apache_env/lib/python3.10/site-packages/airflow/example_dags/example_nested_branch_dag.py for tasks to queue
[2024-06-18T14:43:01.761+0545] {logging_mixin.py:188} INFO - [2024-06-18T14:43:01.761+0545] {dagbag.py:545} INFO - Filling up the DagBag from /root/apache_env/lib/python3.10/site-packages/airflow/example_dags/example_nested_branch_dag.py
[2024-06-18T14:43:01.768+0545] {processor.py:840} INFO - DAG(s) 'example_nested_branch_dag' retrieved from /root/apache_env/lib/python3.10/site-packages/airflow/example_dags/example_nested_branch_dag.py
[2024-06-18T14:43:01.779+0545] {logging_mixin.py:188} INFO - [2024-06-18T14:43:01.778+0545] {dag.py:3096} INFO - Sync 1 DAGs
[2024-06-18T14:43:01.792+0545] {logging_mixin.py:188} INFO - [2024-06-18T14:43:01.792+0545] {dag.py:3954} INFO - Setting next_dagrun for example_nested_branch_dag to 2024-06-17 00:00:00+00:00, run_after=2024-06-18 00:00:00+00:00
[2024-06-18T14:43:01.809+0545] {processor.py:183} INFO - Processing /root/apache_env/lib/python3.10/site-packages/airflow/example_dags/example_nested_branch_dag.py took 0.055 seconds
[2024-06-18T14:43:47.508+0545] {processor.py:161} INFO - Started process (PID=9889) to work on /root/apache_env/lib/python3.10/site-packages/airflow/example_dags/example_nested_branch_dag.py
[2024-06-18T14:43:47.509+0545] {processor.py:830} INFO - Processing file /root/apache_env/lib/python3.10/site-packages/airflow/example_dags/example_nested_branch_dag.py for tasks to queue
[2024-06-18T14:43:47.511+0545] {logging_mixin.py:188} INFO - [2024-06-18T14:43:47.510+0545] {dagbag.py:545} INFO - Filling up the DagBag from /root/apache_env/lib/python3.10/site-packages/airflow/example_dags/example_nested_branch_dag.py
[2024-06-18T14:43:47.520+0545] {processor.py:840} INFO - DAG(s) 'example_nested_branch_dag' retrieved from /root/apache_env/lib/python3.10/site-packages/airflow/example_dags/example_nested_branch_dag.py
[2024-06-18T14:43:47.531+0545] {logging_mixin.py:188} INFO - [2024-06-18T14:43:47.531+0545] {dag.py:3096} INFO - Sync 1 DAGs
[2024-06-18T14:43:47.545+0545] {logging_mixin.py:188} INFO - [2024-06-18T14:43:47.545+0545] {dag.py:3954} INFO - Setting next_dagrun for example_nested_branch_dag to 2024-06-17 00:00:00+00:00, run_after=2024-06-18 00:00:00+00:00
[2024-06-18T14:43:47.561+0545] {processor.py:183} INFO - Processing /root/apache_env/lib/python3.10/site-packages/airflow/example_dags/example_nested_branch_dag.py took 0.058 seconds
[2024-06-18T14:44:34.085+0545] {processor.py:161} INFO - Started process (PID=10006) to work on /root/apache_env/lib/python3.10/site-packages/airflow/example_dags/example_nested_branch_dag.py
[2024-06-18T14:44:34.087+0545] {processor.py:830} INFO - Processing file /root/apache_env/lib/python3.10/site-packages/airflow/example_dags/example_nested_branch_dag.py for tasks to queue
[2024-06-18T14:44:34.088+0545] {logging_mixin.py:188} INFO - [2024-06-18T14:44:34.088+0545] {dagbag.py:545} INFO - Filling up the DagBag from /root/apache_env/lib/python3.10/site-packages/airflow/example_dags/example_nested_branch_dag.py
[2024-06-18T14:44:34.095+0545] {processor.py:840} INFO - DAG(s) 'example_nested_branch_dag' retrieved from /root/apache_env/lib/python3.10/site-packages/airflow/example_dags/example_nested_branch_dag.py
[2024-06-18T14:44:34.106+0545] {logging_mixin.py:188} INFO - [2024-06-18T14:44:34.106+0545] {dag.py:3096} INFO - Sync 1 DAGs
[2024-06-18T14:44:34.120+0545] {logging_mixin.py:188} INFO - [2024-06-18T14:44:34.120+0545] {dag.py:3954} INFO - Setting next_dagrun for example_nested_branch_dag to 2024-06-17 00:00:00+00:00, run_after=2024-06-18 00:00:00+00:00
[2024-06-18T14:44:34.138+0545] {processor.py:183} INFO - Processing /root/apache_env/lib/python3.10/site-packages/airflow/example_dags/example_nested_branch_dag.py took 0.056 seconds
[2024-06-18T14:45:23.896+0545] {processor.py:161} INFO - Started process (PID=10158) to work on /root/apache_env/lib/python3.10/site-packages/airflow/example_dags/example_nested_branch_dag.py
[2024-06-18T14:45:23.898+0545] {processor.py:830} INFO - Processing file /root/apache_env/lib/python3.10/site-packages/airflow/example_dags/example_nested_branch_dag.py for tasks to queue
[2024-06-18T14:45:23.899+0545] {logging_mixin.py:188} INFO - [2024-06-18T14:45:23.899+0545] {dagbag.py:545} INFO - Filling up the DagBag from /root/apache_env/lib/python3.10/site-packages/airflow/example_dags/example_nested_branch_dag.py
[2024-06-18T14:45:23.906+0545] {processor.py:840} INFO - DAG(s) 'example_nested_branch_dag' retrieved from /root/apache_env/lib/python3.10/site-packages/airflow/example_dags/example_nested_branch_dag.py
[2024-06-18T14:45:23.917+0545] {logging_mixin.py:188} INFO - [2024-06-18T14:45:23.917+0545] {dag.py:3096} INFO - Sync 1 DAGs
[2024-06-18T14:45:23.930+0545] {logging_mixin.py:188} INFO - [2024-06-18T14:45:23.930+0545] {dag.py:3954} INFO - Setting next_dagrun for example_nested_branch_dag to 2024-06-17 00:00:00+00:00, run_after=2024-06-18 00:00:00+00:00
[2024-06-18T14:45:23.948+0545] {processor.py:183} INFO - Processing /root/apache_env/lib/python3.10/site-packages/airflow/example_dags/example_nested_branch_dag.py took 0.056 seconds
[2024-06-18T14:46:13.000+0545] {processor.py:161} INFO - Started process (PID=10283) to work on /root/apache_env/lib/python3.10/site-packages/airflow/example_dags/example_nested_branch_dag.py
[2024-06-18T14:46:13.000+0545] {processor.py:830} INFO - Processing file /root/apache_env/lib/python3.10/site-packages/airflow/example_dags/example_nested_branch_dag.py for tasks to queue
[2024-06-18T14:46:13.002+0545] {logging_mixin.py:188} INFO - [2024-06-18T14:46:13.001+0545] {dagbag.py:545} INFO - Filling up the DagBag from /root/apache_env/lib/python3.10/site-packages/airflow/example_dags/example_nested_branch_dag.py
[2024-06-18T14:46:13.009+0545] {processor.py:840} INFO - DAG(s) 'example_nested_branch_dag' retrieved from /root/apache_env/lib/python3.10/site-packages/airflow/example_dags/example_nested_branch_dag.py
[2024-06-18T14:46:13.019+0545] {logging_mixin.py:188} INFO - [2024-06-18T14:46:13.019+0545] {dag.py:3096} INFO - Sync 1 DAGs
[2024-06-18T14:46:13.033+0545] {logging_mixin.py:188} INFO - [2024-06-18T14:46:13.033+0545] {dag.py:3954} INFO - Setting next_dagrun for example_nested_branch_dag to 2024-06-17 00:00:00+00:00, run_after=2024-06-18 00:00:00+00:00
[2024-06-18T14:46:13.050+0545] {processor.py:183} INFO - Processing /root/apache_env/lib/python3.10/site-packages/airflow/example_dags/example_nested_branch_dag.py took 0.054 seconds
[2024-06-18T14:46:57.144+0545] {processor.py:161} INFO - Started process (PID=10392) to work on /root/apache_env/lib/python3.10/site-packages/airflow/example_dags/example_nested_branch_dag.py
[2024-06-18T14:46:57.145+0545] {processor.py:830} INFO - Processing file /root/apache_env/lib/python3.10/site-packages/airflow/example_dags/example_nested_branch_dag.py for tasks to queue
[2024-06-18T14:46:57.146+0545] {logging_mixin.py:188} INFO - [2024-06-18T14:46:57.146+0545] {dagbag.py:545} INFO - Filling up the DagBag from /root/apache_env/lib/python3.10/site-packages/airflow/example_dags/example_nested_branch_dag.py
[2024-06-18T14:46:57.154+0545] {processor.py:840} INFO - DAG(s) 'example_nested_branch_dag' retrieved from /root/apache_env/lib/python3.10/site-packages/airflow/example_dags/example_nested_branch_dag.py
[2024-06-18T14:46:57.167+0545] {logging_mixin.py:188} INFO - [2024-06-18T14:46:57.167+0545] {dag.py:3096} INFO - Sync 1 DAGs
[2024-06-18T14:46:57.183+0545] {logging_mixin.py:188} INFO - [2024-06-18T14:46:57.182+0545] {dag.py:3954} INFO - Setting next_dagrun for example_nested_branch_dag to 2024-06-17 00:00:00+00:00, run_after=2024-06-18 00:00:00+00:00
[2024-06-18T14:46:57.200+0545] {processor.py:183} INFO - Processing /root/apache_env/lib/python3.10/site-packages/airflow/example_dags/example_nested_branch_dag.py took 0.061 seconds
[2024-06-18T14:47:40.239+0545] {processor.py:161} INFO - Started process (PID=10503) to work on /root/apache_env/lib/python3.10/site-packages/airflow/example_dags/example_nested_branch_dag.py
[2024-06-18T14:47:40.240+0545] {processor.py:830} INFO - Processing file /root/apache_env/lib/python3.10/site-packages/airflow/example_dags/example_nested_branch_dag.py for tasks to queue
[2024-06-18T14:47:40.241+0545] {logging_mixin.py:188} INFO - [2024-06-18T14:47:40.241+0545] {dagbag.py:545} INFO - Filling up the DagBag from /root/apache_env/lib/python3.10/site-packages/airflow/example_dags/example_nested_branch_dag.py
[2024-06-18T14:47:40.248+0545] {processor.py:840} INFO - DAG(s) 'example_nested_branch_dag' retrieved from /root/apache_env/lib/python3.10/site-packages/airflow/example_dags/example_nested_branch_dag.py
[2024-06-18T14:47:40.258+0545] {logging_mixin.py:188} INFO - [2024-06-18T14:47:40.258+0545] {dag.py:3096} INFO - Sync 1 DAGs
[2024-06-18T14:47:40.271+0545] {logging_mixin.py:188} INFO - [2024-06-18T14:47:40.271+0545] {dag.py:3954} INFO - Setting next_dagrun for example_nested_branch_dag to 2024-06-17 00:00:00+00:00, run_after=2024-06-18 00:00:00+00:00
[2024-06-18T14:47:40.289+0545] {processor.py:183} INFO - Processing /root/apache_env/lib/python3.10/site-packages/airflow/example_dags/example_nested_branch_dag.py took 0.054 seconds
[2024-06-18T14:48:23.776+0545] {processor.py:161} INFO - Started process (PID=10612) to work on /root/apache_env/lib/python3.10/site-packages/airflow/example_dags/example_nested_branch_dag.py
[2024-06-18T14:48:23.777+0545] {processor.py:830} INFO - Processing file /root/apache_env/lib/python3.10/site-packages/airflow/example_dags/example_nested_branch_dag.py for tasks to queue
[2024-06-18T14:48:23.778+0545] {logging_mixin.py:188} INFO - [2024-06-18T14:48:23.778+0545] {dagbag.py:545} INFO - Filling up the DagBag from /root/apache_env/lib/python3.10/site-packages/airflow/example_dags/example_nested_branch_dag.py
[2024-06-18T14:48:23.785+0545] {processor.py:840} INFO - DAG(s) 'example_nested_branch_dag' retrieved from /root/apache_env/lib/python3.10/site-packages/airflow/example_dags/example_nested_branch_dag.py
[2024-06-18T14:48:23.797+0545] {logging_mixin.py:188} INFO - [2024-06-18T14:48:23.797+0545] {dag.py:3096} INFO - Sync 1 DAGs
[2024-06-18T14:48:23.811+0545] {logging_mixin.py:188} INFO - [2024-06-18T14:48:23.811+0545] {dag.py:3954} INFO - Setting next_dagrun for example_nested_branch_dag to 2024-06-17 00:00:00+00:00, run_after=2024-06-18 00:00:00+00:00
[2024-06-18T14:48:23.828+0545] {processor.py:183} INFO - Processing /root/apache_env/lib/python3.10/site-packages/airflow/example_dags/example_nested_branch_dag.py took 0.058 seconds
[2024-06-18T14:49:10.933+0545] {processor.py:161} INFO - Started process (PID=10730) to work on /root/apache_env/lib/python3.10/site-packages/airflow/example_dags/example_nested_branch_dag.py
[2024-06-18T14:49:10.934+0545] {processor.py:830} INFO - Processing file /root/apache_env/lib/python3.10/site-packages/airflow/example_dags/example_nested_branch_dag.py for tasks to queue
[2024-06-18T14:49:10.935+0545] {logging_mixin.py:188} INFO - [2024-06-18T14:49:10.935+0545] {dagbag.py:545} INFO - Filling up the DagBag from /root/apache_env/lib/python3.10/site-packages/airflow/example_dags/example_nested_branch_dag.py
[2024-06-18T14:49:10.942+0545] {processor.py:840} INFO - DAG(s) 'example_nested_branch_dag' retrieved from /root/apache_env/lib/python3.10/site-packages/airflow/example_dags/example_nested_branch_dag.py
[2024-06-18T14:49:10.953+0545] {logging_mixin.py:188} INFO - [2024-06-18T14:49:10.953+0545] {dag.py:3096} INFO - Sync 1 DAGs
[2024-06-18T14:49:10.967+0545] {logging_mixin.py:188} INFO - [2024-06-18T14:49:10.967+0545] {dag.py:3954} INFO - Setting next_dagrun for example_nested_branch_dag to 2024-06-17 00:00:00+00:00, run_after=2024-06-18 00:00:00+00:00
[2024-06-18T14:49:10.984+0545] {processor.py:183} INFO - Processing /root/apache_env/lib/python3.10/site-packages/airflow/example_dags/example_nested_branch_dag.py took 0.056 seconds
[2024-06-18T14:49:57.056+0545] {processor.py:161} INFO - Started process (PID=10850) to work on /root/apache_env/lib/python3.10/site-packages/airflow/example_dags/example_nested_branch_dag.py
[2024-06-18T14:49:57.057+0545] {processor.py:830} INFO - Processing file /root/apache_env/lib/python3.10/site-packages/airflow/example_dags/example_nested_branch_dag.py for tasks to queue
[2024-06-18T14:49:57.058+0545] {logging_mixin.py:188} INFO - [2024-06-18T14:49:57.058+0545] {dagbag.py:545} INFO - Filling up the DagBag from /root/apache_env/lib/python3.10/site-packages/airflow/example_dags/example_nested_branch_dag.py
[2024-06-18T14:49:57.065+0545] {processor.py:840} INFO - DAG(s) 'example_nested_branch_dag' retrieved from /root/apache_env/lib/python3.10/site-packages/airflow/example_dags/example_nested_branch_dag.py
[2024-06-18T14:49:57.078+0545] {logging_mixin.py:188} INFO - [2024-06-18T14:49:57.078+0545] {dag.py:3096} INFO - Sync 1 DAGs
[2024-06-18T14:49:57.094+0545] {logging_mixin.py:188} INFO - [2024-06-18T14:49:57.094+0545] {dag.py:3954} INFO - Setting next_dagrun for example_nested_branch_dag to 2024-06-17 00:00:00+00:00, run_after=2024-06-18 00:00:00+00:00
[2024-06-18T14:49:57.111+0545] {processor.py:183} INFO - Processing /root/apache_env/lib/python3.10/site-packages/airflow/example_dags/example_nested_branch_dag.py took 0.060 seconds
[2024-06-18T14:50:39.835+0545] {processor.py:161} INFO - Started process (PID=10959) to work on /root/apache_env/lib/python3.10/site-packages/airflow/example_dags/example_nested_branch_dag.py
[2024-06-18T14:50:39.836+0545] {processor.py:830} INFO - Processing file /root/apache_env/lib/python3.10/site-packages/airflow/example_dags/example_nested_branch_dag.py for tasks to queue
[2024-06-18T14:50:39.837+0545] {logging_mixin.py:188} INFO - [2024-06-18T14:50:39.837+0545] {dagbag.py:545} INFO - Filling up the DagBag from /root/apache_env/lib/python3.10/site-packages/airflow/example_dags/example_nested_branch_dag.py
[2024-06-18T14:50:39.845+0545] {processor.py:840} INFO - DAG(s) 'example_nested_branch_dag' retrieved from /root/apache_env/lib/python3.10/site-packages/airflow/example_dags/example_nested_branch_dag.py
[2024-06-18T14:50:39.857+0545] {logging_mixin.py:188} INFO - [2024-06-18T14:50:39.857+0545] {dag.py:3096} INFO - Sync 1 DAGs
[2024-06-18T14:50:39.873+0545] {logging_mixin.py:188} INFO - [2024-06-18T14:50:39.873+0545] {dag.py:3954} INFO - Setting next_dagrun for example_nested_branch_dag to 2024-06-17 00:00:00+00:00, run_after=2024-06-18 00:00:00+00:00
[2024-06-18T14:50:39.889+0545] {processor.py:183} INFO - Processing /root/apache_env/lib/python3.10/site-packages/airflow/example_dags/example_nested_branch_dag.py took 0.059 seconds
[2024-06-18T14:51:23.454+0545] {processor.py:161} INFO - Started process (PID=11069) to work on /root/apache_env/lib/python3.10/site-packages/airflow/example_dags/example_nested_branch_dag.py
[2024-06-18T14:51:23.455+0545] {processor.py:830} INFO - Processing file /root/apache_env/lib/python3.10/site-packages/airflow/example_dags/example_nested_branch_dag.py for tasks to queue
[2024-06-18T14:51:23.456+0545] {logging_mixin.py:188} INFO - [2024-06-18T14:51:23.456+0545] {dagbag.py:545} INFO - Filling up the DagBag from /root/apache_env/lib/python3.10/site-packages/airflow/example_dags/example_nested_branch_dag.py
[2024-06-18T14:51:23.465+0545] {processor.py:840} INFO - DAG(s) 'example_nested_branch_dag' retrieved from /root/apache_env/lib/python3.10/site-packages/airflow/example_dags/example_nested_branch_dag.py
[2024-06-18T14:51:23.477+0545] {logging_mixin.py:188} INFO - [2024-06-18T14:51:23.477+0545] {dag.py:3096} INFO - Sync 1 DAGs
[2024-06-18T14:51:23.491+0545] {logging_mixin.py:188} INFO - [2024-06-18T14:51:23.491+0545] {dag.py:3954} INFO - Setting next_dagrun for example_nested_branch_dag to 2024-06-17 00:00:00+00:00, run_after=2024-06-18 00:00:00+00:00
[2024-06-18T14:51:23.510+0545] {processor.py:183} INFO - Processing /root/apache_env/lib/python3.10/site-packages/airflow/example_dags/example_nested_branch_dag.py took 0.060 seconds
[2024-06-18T14:52:06.487+0545] {processor.py:161} INFO - Started process (PID=11178) to work on /root/apache_env/lib/python3.10/site-packages/airflow/example_dags/example_nested_branch_dag.py
[2024-06-18T14:52:06.488+0545] {processor.py:830} INFO - Processing file /root/apache_env/lib/python3.10/site-packages/airflow/example_dags/example_nested_branch_dag.py for tasks to queue
[2024-06-18T14:52:06.490+0545] {logging_mixin.py:188} INFO - [2024-06-18T14:52:06.489+0545] {dagbag.py:545} INFO - Filling up the DagBag from /root/apache_env/lib/python3.10/site-packages/airflow/example_dags/example_nested_branch_dag.py
[2024-06-18T14:52:06.498+0545] {processor.py:840} INFO - DAG(s) 'example_nested_branch_dag' retrieved from /root/apache_env/lib/python3.10/site-packages/airflow/example_dags/example_nested_branch_dag.py
[2024-06-18T14:52:06.513+0545] {logging_mixin.py:188} INFO - [2024-06-18T14:52:06.512+0545] {dag.py:3096} INFO - Sync 1 DAGs
[2024-06-18T14:52:06.532+0545] {logging_mixin.py:188} INFO - [2024-06-18T14:52:06.532+0545] {dag.py:3954} INFO - Setting next_dagrun for example_nested_branch_dag to 2024-06-17 00:00:00+00:00, run_after=2024-06-18 00:00:00+00:00
[2024-06-18T14:52:06.551+0545] {processor.py:183} INFO - Processing /root/apache_env/lib/python3.10/site-packages/airflow/example_dags/example_nested_branch_dag.py took 0.069 seconds
