[2024-06-18T14:13:04.753+0545] {processor.py:161} INFO - Started process (PID=5138) to work on /root/apache_env/lib/python3.10/site-packages/airflow/example_dags/example_time_delta_sensor_async.py
[2024-06-18T14:13:04.753+0545] {processor.py:830} INFO - Processing file /root/apache_env/lib/python3.10/site-packages/airflow/example_dags/example_time_delta_sensor_async.py for tasks to queue
[2024-06-18T14:13:04.755+0545] {logging_mixin.py:188} INFO - [2024-06-18T14:13:04.754+0545] {dagbag.py:545} INFO - Filling up the DagBag from /root/apache_env/lib/python3.10/site-packages/airflow/example_dags/example_time_delta_sensor_async.py
[2024-06-18T14:13:04.758+0545] {processor.py:840} INFO - DAG(s) 'example_time_delta_sensor_async' retrieved from /root/apache_env/lib/python3.10/site-packages/airflow/example_dags/example_time_delta_sensor_async.py
[2024-06-18T14:13:04.830+0545] {logging_mixin.py:188} INFO - [2024-06-18T14:13:04.829+0545] {override.py:1829} INFO - Created Permission View: can delete on DAG:example_time_delta_sensor_async
[2024-06-18T14:13:04.839+0545] {logging_mixin.py:188} INFO - [2024-06-18T14:13:04.839+0545] {override.py:1829} INFO - Created Permission View: can read on DAG:example_time_delta_sensor_async
[2024-06-18T14:13:04.846+0545] {logging_mixin.py:188} INFO - [2024-06-18T14:13:04.845+0545] {override.py:1829} INFO - Created Permission View: can edit on DAG:example_time_delta_sensor_async
[2024-06-18T14:13:04.846+0545] {logging_mixin.py:188} INFO - [2024-06-18T14:13:04.846+0545] {dag.py:3096} INFO - Sync 1 DAGs
[2024-06-18T14:13:04.853+0545] {logging_mixin.py:188} INFO - [2024-06-18T14:13:04.853+0545] {dag.py:3118} INFO - Creating ORM DAG for example_time_delta_sensor_async
[2024-06-18T14:13:04.854+0545] {logging_mixin.py:188} INFO - [2024-06-18T14:13:04.854+0545] {dag.py:3954} INFO - Setting next_dagrun for example_time_delta_sensor_async to None, run_after=None
[2024-06-18T14:13:04.927+0545] {processor.py:183} INFO - Processing /root/apache_env/lib/python3.10/site-packages/airflow/example_dags/example_time_delta_sensor_async.py took 0.178 seconds
[2024-06-18T14:15:12.076+0545] {processor.py:161} INFO - Started process (PID=5427) to work on /root/apache_env/lib/python3.10/site-packages/airflow/example_dags/example_time_delta_sensor_async.py
[2024-06-18T14:15:12.077+0545] {processor.py:830} INFO - Processing file /root/apache_env/lib/python3.10/site-packages/airflow/example_dags/example_time_delta_sensor_async.py for tasks to queue
[2024-06-18T14:15:12.079+0545] {logging_mixin.py:188} INFO - [2024-06-18T14:15:12.078+0545] {dagbag.py:545} INFO - Filling up the DagBag from /root/apache_env/lib/python3.10/site-packages/airflow/example_dags/example_time_delta_sensor_async.py
[2024-06-18T14:15:12.082+0545] {processor.py:840} INFO - DAG(s) 'example_time_delta_sensor_async' retrieved from /root/apache_env/lib/python3.10/site-packages/airflow/example_dags/example_time_delta_sensor_async.py
[2024-06-18T14:15:12.092+0545] {logging_mixin.py:188} INFO - [2024-06-18T14:15:12.092+0545] {dag.py:3096} INFO - Sync 1 DAGs
[2024-06-18T14:15:12.100+0545] {logging_mixin.py:188} INFO - [2024-06-18T14:15:12.100+0545] {dag.py:3954} INFO - Setting next_dagrun for example_time_delta_sensor_async to None, run_after=None
[2024-06-18T14:15:12.116+0545] {processor.py:183} INFO - Processing /root/apache_env/lib/python3.10/site-packages/airflow/example_dags/example_time_delta_sensor_async.py took 0.044 seconds
[2024-06-18T14:16:36.776+0545] {processor.py:161} INFO - Started process (PID=5652) to work on /root/apache_env/lib/python3.10/site-packages/airflow/example_dags/example_time_delta_sensor_async.py
[2024-06-18T14:16:36.777+0545] {processor.py:830} INFO - Processing file /root/apache_env/lib/python3.10/site-packages/airflow/example_dags/example_time_delta_sensor_async.py for tasks to queue
[2024-06-18T14:16:36.780+0545] {logging_mixin.py:188} INFO - [2024-06-18T14:16:36.779+0545] {dagbag.py:545} INFO - Filling up the DagBag from /root/apache_env/lib/python3.10/site-packages/airflow/example_dags/example_time_delta_sensor_async.py
[2024-06-18T14:16:36.783+0545] {processor.py:840} INFO - DAG(s) 'example_time_delta_sensor_async' retrieved from /root/apache_env/lib/python3.10/site-packages/airflow/example_dags/example_time_delta_sensor_async.py
[2024-06-18T14:16:36.844+0545] {logging_mixin.py:188} INFO - [2024-06-18T14:16:36.844+0545] {dag.py:3096} INFO - Sync 1 DAGs
[2024-06-18T14:16:36.852+0545] {logging_mixin.py:188} INFO - [2024-06-18T14:16:36.852+0545] {dag.py:3954} INFO - Setting next_dagrun for example_time_delta_sensor_async to None, run_after=None
[2024-06-18T14:16:36.927+0545] {processor.py:183} INFO - Processing /root/apache_env/lib/python3.10/site-packages/airflow/example_dags/example_time_delta_sensor_async.py took 0.155 seconds
[2024-06-18T14:17:31.611+0545] {processor.py:161} INFO - Started process (PID=5791) to work on /root/apache_env/lib/python3.10/site-packages/airflow/example_dags/example_time_delta_sensor_async.py
[2024-06-18T14:17:31.612+0545] {processor.py:830} INFO - Processing file /root/apache_env/lib/python3.10/site-packages/airflow/example_dags/example_time_delta_sensor_async.py for tasks to queue
[2024-06-18T14:17:31.614+0545] {logging_mixin.py:188} INFO - [2024-06-18T14:17:31.613+0545] {dagbag.py:545} INFO - Filling up the DagBag from /root/apache_env/lib/python3.10/site-packages/airflow/example_dags/example_time_delta_sensor_async.py
[2024-06-18T14:17:31.617+0545] {processor.py:840} INFO - DAG(s) 'example_time_delta_sensor_async' retrieved from /root/apache_env/lib/python3.10/site-packages/airflow/example_dags/example_time_delta_sensor_async.py
[2024-06-18T14:17:31.627+0545] {logging_mixin.py:188} INFO - [2024-06-18T14:17:31.626+0545] {dag.py:3096} INFO - Sync 1 DAGs
[2024-06-18T14:17:31.634+0545] {logging_mixin.py:188} INFO - [2024-06-18T14:17:31.634+0545] {dag.py:3954} INFO - Setting next_dagrun for example_time_delta_sensor_async to None, run_after=None
[2024-06-18T14:17:31.650+0545] {processor.py:183} INFO - Processing /root/apache_env/lib/python3.10/site-packages/airflow/example_dags/example_time_delta_sensor_async.py took 0.043 seconds
[2024-06-18T14:18:44.580+0545] {processor.py:161} INFO - Started process (PID=5925) to work on /root/apache_env/lib/python3.10/site-packages/airflow/example_dags/example_time_delta_sensor_async.py
[2024-06-18T14:18:44.581+0545] {processor.py:830} INFO - Processing file /root/apache_env/lib/python3.10/site-packages/airflow/example_dags/example_time_delta_sensor_async.py for tasks to queue
[2024-06-18T14:18:44.582+0545] {logging_mixin.py:188} INFO - [2024-06-18T14:18:44.582+0545] {dagbag.py:545} INFO - Filling up the DagBag from /root/apache_env/lib/python3.10/site-packages/airflow/example_dags/example_time_delta_sensor_async.py
[2024-06-18T14:18:44.585+0545] {processor.py:840} INFO - DAG(s) 'example_time_delta_sensor_async' retrieved from /root/apache_env/lib/python3.10/site-packages/airflow/example_dags/example_time_delta_sensor_async.py
[2024-06-18T14:18:44.595+0545] {logging_mixin.py:188} INFO - [2024-06-18T14:18:44.595+0545] {dag.py:3096} INFO - Sync 1 DAGs
[2024-06-18T14:18:44.603+0545] {logging_mixin.py:188} INFO - [2024-06-18T14:18:44.603+0545] {dag.py:3954} INFO - Setting next_dagrun for example_time_delta_sensor_async to None, run_after=None
[2024-06-18T14:18:44.621+0545] {processor.py:183} INFO - Processing /root/apache_env/lib/python3.10/site-packages/airflow/example_dags/example_time_delta_sensor_async.py took 0.046 seconds
[2024-06-18T14:22:52.403+0545] {processor.py:161} INFO - Started process (PID=6641) to work on /root/apache_env/lib/python3.10/site-packages/airflow/example_dags/example_time_delta_sensor_async.py
[2024-06-18T14:22:52.405+0545] {processor.py:830} INFO - Processing file /root/apache_env/lib/python3.10/site-packages/airflow/example_dags/example_time_delta_sensor_async.py for tasks to queue
[2024-06-18T14:22:52.407+0545] {logging_mixin.py:188} INFO - [2024-06-18T14:22:52.406+0545] {dagbag.py:545} INFO - Filling up the DagBag from /root/apache_env/lib/python3.10/site-packages/airflow/example_dags/example_time_delta_sensor_async.py
[2024-06-18T14:22:52.409+0545] {processor.py:840} INFO - DAG(s) 'example_time_delta_sensor_async' retrieved from /root/apache_env/lib/python3.10/site-packages/airflow/example_dags/example_time_delta_sensor_async.py
[2024-06-18T14:22:52.465+0545] {logging_mixin.py:188} INFO - [2024-06-18T14:22:52.465+0545] {dag.py:3096} INFO - Sync 1 DAGs
[2024-06-18T14:22:52.471+0545] {logging_mixin.py:188} INFO - [2024-06-18T14:22:52.471+0545] {dag.py:3954} INFO - Setting next_dagrun for example_time_delta_sensor_async to None, run_after=None
[2024-06-18T14:22:52.542+0545] {processor.py:183} INFO - Processing /root/apache_env/lib/python3.10/site-packages/airflow/example_dags/example_time_delta_sensor_async.py took 0.143 seconds
[2024-06-18T14:23:56.301+0545] {processor.py:161} INFO - Started process (PID=6824) to work on /root/apache_env/lib/python3.10/site-packages/airflow/example_dags/example_time_delta_sensor_async.py
[2024-06-18T14:23:56.303+0545] {processor.py:830} INFO - Processing file /root/apache_env/lib/python3.10/site-packages/airflow/example_dags/example_time_delta_sensor_async.py for tasks to queue
[2024-06-18T14:23:56.304+0545] {logging_mixin.py:188} INFO - [2024-06-18T14:23:56.304+0545] {dagbag.py:545} INFO - Filling up the DagBag from /root/apache_env/lib/python3.10/site-packages/airflow/example_dags/example_time_delta_sensor_async.py
[2024-06-18T14:23:56.308+0545] {processor.py:840} INFO - DAG(s) 'example_time_delta_sensor_async' retrieved from /root/apache_env/lib/python3.10/site-packages/airflow/example_dags/example_time_delta_sensor_async.py
[2024-06-18T14:23:56.317+0545] {logging_mixin.py:188} INFO - [2024-06-18T14:23:56.317+0545] {dag.py:3096} INFO - Sync 1 DAGs
[2024-06-18T14:23:56.325+0545] {logging_mixin.py:188} INFO - [2024-06-18T14:23:56.324+0545] {dag.py:3954} INFO - Setting next_dagrun for example_time_delta_sensor_async to None, run_after=None
[2024-06-18T14:23:56.342+0545] {processor.py:183} INFO - Processing /root/apache_env/lib/python3.10/site-packages/airflow/example_dags/example_time_delta_sensor_async.py took 0.044 seconds
[2024-06-18T14:24:49.760+0545] {processor.py:161} INFO - Started process (PID=6958) to work on /root/apache_env/lib/python3.10/site-packages/airflow/example_dags/example_time_delta_sensor_async.py
[2024-06-18T14:24:49.762+0545] {processor.py:830} INFO - Processing file /root/apache_env/lib/python3.10/site-packages/airflow/example_dags/example_time_delta_sensor_async.py for tasks to queue
[2024-06-18T14:24:49.763+0545] {logging_mixin.py:188} INFO - [2024-06-18T14:24:49.763+0545] {dagbag.py:545} INFO - Filling up the DagBag from /root/apache_env/lib/python3.10/site-packages/airflow/example_dags/example_time_delta_sensor_async.py
[2024-06-18T14:24:49.829+0545] {processor.py:840} INFO - DAG(s) 'example_time_delta_sensor_async' retrieved from /root/apache_env/lib/python3.10/site-packages/airflow/example_dags/example_time_delta_sensor_async.py
[2024-06-18T14:24:49.836+0545] {logging_mixin.py:188} INFO - [2024-06-18T14:24:49.835+0545] {dag.py:3096} INFO - Sync 1 DAGs
[2024-06-18T14:24:49.842+0545] {logging_mixin.py:188} INFO - [2024-06-18T14:24:49.842+0545] {dag.py:3954} INFO - Setting next_dagrun for example_time_delta_sensor_async to None, run_after=None
[2024-06-18T14:24:49.858+0545] {processor.py:183} INFO - Processing /root/apache_env/lib/python3.10/site-packages/airflow/example_dags/example_time_delta_sensor_async.py took 0.102 seconds
[2024-06-18T14:27:50.094+0545] {processor.py:161} INFO - Started process (PID=7464) to work on /root/apache_env/lib/python3.10/site-packages/airflow/example_dags/example_time_delta_sensor_async.py
[2024-06-18T14:27:50.095+0545] {processor.py:830} INFO - Processing file /root/apache_env/lib/python3.10/site-packages/airflow/example_dags/example_time_delta_sensor_async.py for tasks to queue
[2024-06-18T14:27:50.097+0545] {logging_mixin.py:188} INFO - [2024-06-18T14:27:50.097+0545] {dagbag.py:545} INFO - Filling up the DagBag from /root/apache_env/lib/python3.10/site-packages/airflow/example_dags/example_time_delta_sensor_async.py
[2024-06-18T14:27:50.101+0545] {processor.py:840} INFO - DAG(s) 'example_time_delta_sensor_async' retrieved from /root/apache_env/lib/python3.10/site-packages/airflow/example_dags/example_time_delta_sensor_async.py
[2024-06-18T14:27:50.166+0545] {logging_mixin.py:188} INFO - [2024-06-18T14:27:50.166+0545] {dag.py:3096} INFO - Sync 1 DAGs
[2024-06-18T14:27:50.173+0545] {logging_mixin.py:188} INFO - [2024-06-18T14:27:50.172+0545] {dag.py:3954} INFO - Setting next_dagrun for example_time_delta_sensor_async to None, run_after=None
[2024-06-18T14:27:50.258+0545] {processor.py:183} INFO - Processing /root/apache_env/lib/python3.10/site-packages/airflow/example_dags/example_time_delta_sensor_async.py took 0.168 seconds
[2024-06-18T14:28:44.730+0545] {processor.py:161} INFO - Started process (PID=7613) to work on /root/apache_env/lib/python3.10/site-packages/airflow/example_dags/example_time_delta_sensor_async.py
[2024-06-18T14:28:44.731+0545] {processor.py:830} INFO - Processing file /root/apache_env/lib/python3.10/site-packages/airflow/example_dags/example_time_delta_sensor_async.py for tasks to queue
[2024-06-18T14:28:44.732+0545] {logging_mixin.py:188} INFO - [2024-06-18T14:28:44.732+0545] {dagbag.py:545} INFO - Filling up the DagBag from /root/apache_env/lib/python3.10/site-packages/airflow/example_dags/example_time_delta_sensor_async.py
[2024-06-18T14:28:44.736+0545] {processor.py:840} INFO - DAG(s) 'example_time_delta_sensor_async' retrieved from /root/apache_env/lib/python3.10/site-packages/airflow/example_dags/example_time_delta_sensor_async.py
[2024-06-18T14:28:44.746+0545] {logging_mixin.py:188} INFO - [2024-06-18T14:28:44.746+0545] {dag.py:3096} INFO - Sync 1 DAGs
[2024-06-18T14:28:44.754+0545] {logging_mixin.py:188} INFO - [2024-06-18T14:28:44.754+0545] {dag.py:3954} INFO - Setting next_dagrun for example_time_delta_sensor_async to None, run_after=None
[2024-06-18T14:28:44.771+0545] {processor.py:183} INFO - Processing /root/apache_env/lib/python3.10/site-packages/airflow/example_dags/example_time_delta_sensor_async.py took 0.044 seconds
[2024-06-18T14:30:28.326+0545] {processor.py:161} INFO - Started process (PID=7858) to work on /root/apache_env/lib/python3.10/site-packages/airflow/example_dags/example_time_delta_sensor_async.py
[2024-06-18T14:30:28.327+0545] {processor.py:830} INFO - Processing file /root/apache_env/lib/python3.10/site-packages/airflow/example_dags/example_time_delta_sensor_async.py for tasks to queue
[2024-06-18T14:30:28.328+0545] {logging_mixin.py:188} INFO - [2024-06-18T14:30:28.328+0545] {dagbag.py:545} INFO - Filling up the DagBag from /root/apache_env/lib/python3.10/site-packages/airflow/example_dags/example_time_delta_sensor_async.py
[2024-06-18T14:30:28.332+0545] {processor.py:840} INFO - DAG(s) 'example_time_delta_sensor_async' retrieved from /root/apache_env/lib/python3.10/site-packages/airflow/example_dags/example_time_delta_sensor_async.py
[2024-06-18T14:30:28.388+0545] {logging_mixin.py:188} INFO - [2024-06-18T14:30:28.388+0545] {dag.py:3096} INFO - Sync 1 DAGs
[2024-06-18T14:30:28.394+0545] {logging_mixin.py:188} INFO - [2024-06-18T14:30:28.394+0545] {dag.py:3954} INFO - Setting next_dagrun for example_time_delta_sensor_async to None, run_after=None
[2024-06-18T14:30:28.471+0545] {processor.py:183} INFO - Processing /root/apache_env/lib/python3.10/site-packages/airflow/example_dags/example_time_delta_sensor_async.py took 0.149 seconds
[2024-06-18T14:31:22.801+0545] {processor.py:161} INFO - Started process (PID=7993) to work on /root/apache_env/lib/python3.10/site-packages/airflow/example_dags/example_time_delta_sensor_async.py
[2024-06-18T14:31:22.801+0545] {processor.py:830} INFO - Processing file /root/apache_env/lib/python3.10/site-packages/airflow/example_dags/example_time_delta_sensor_async.py for tasks to queue
[2024-06-18T14:31:22.803+0545] {logging_mixin.py:188} INFO - [2024-06-18T14:31:22.802+0545] {dagbag.py:545} INFO - Filling up the DagBag from /root/apache_env/lib/python3.10/site-packages/airflow/example_dags/example_time_delta_sensor_async.py
[2024-06-18T14:31:22.806+0545] {processor.py:840} INFO - DAG(s) 'example_time_delta_sensor_async' retrieved from /root/apache_env/lib/python3.10/site-packages/airflow/example_dags/example_time_delta_sensor_async.py
[2024-06-18T14:31:22.815+0545] {logging_mixin.py:188} INFO - [2024-06-18T14:31:22.815+0545] {dag.py:3096} INFO - Sync 1 DAGs
[2024-06-18T14:31:22.823+0545] {logging_mixin.py:188} INFO - [2024-06-18T14:31:22.823+0545] {dag.py:3954} INFO - Setting next_dagrun for example_time_delta_sensor_async to None, run_after=None
[2024-06-18T14:31:22.841+0545] {processor.py:183} INFO - Processing /root/apache_env/lib/python3.10/site-packages/airflow/example_dags/example_time_delta_sensor_async.py took 0.044 seconds
[2024-06-18T14:32:36.149+0545] {processor.py:161} INFO - Started process (PID=8175) to work on /root/apache_env/lib/python3.10/site-packages/airflow/example_dags/example_time_delta_sensor_async.py
[2024-06-18T14:32:36.151+0545] {processor.py:830} INFO - Processing file /root/apache_env/lib/python3.10/site-packages/airflow/example_dags/example_time_delta_sensor_async.py for tasks to queue
[2024-06-18T14:32:36.152+0545] {logging_mixin.py:188} INFO - [2024-06-18T14:32:36.152+0545] {dagbag.py:545} INFO - Filling up the DagBag from /root/apache_env/lib/python3.10/site-packages/airflow/example_dags/example_time_delta_sensor_async.py
[2024-06-18T14:32:36.156+0545] {processor.py:840} INFO - DAG(s) 'example_time_delta_sensor_async' retrieved from /root/apache_env/lib/python3.10/site-packages/airflow/example_dags/example_time_delta_sensor_async.py
[2024-06-18T14:32:36.166+0545] {logging_mixin.py:188} INFO - [2024-06-18T14:32:36.166+0545] {dag.py:3096} INFO - Sync 1 DAGs
[2024-06-18T14:32:36.174+0545] {logging_mixin.py:188} INFO - [2024-06-18T14:32:36.174+0545] {dag.py:3954} INFO - Setting next_dagrun for example_time_delta_sensor_async to None, run_after=None
[2024-06-18T14:32:36.191+0545] {processor.py:183} INFO - Processing /root/apache_env/lib/python3.10/site-packages/airflow/example_dags/example_time_delta_sensor_async.py took 0.047 seconds
[2024-06-18T14:33:43.739+0545] {processor.py:161} INFO - Started process (PID=8344) to work on /root/apache_env/lib/python3.10/site-packages/airflow/example_dags/example_time_delta_sensor_async.py
[2024-06-18T14:33:43.741+0545] {processor.py:830} INFO - Processing file /root/apache_env/lib/python3.10/site-packages/airflow/example_dags/example_time_delta_sensor_async.py for tasks to queue
[2024-06-18T14:33:43.742+0545] {logging_mixin.py:188} INFO - [2024-06-18T14:33:43.742+0545] {dagbag.py:545} INFO - Filling up the DagBag from /root/apache_env/lib/python3.10/site-packages/airflow/example_dags/example_time_delta_sensor_async.py
[2024-06-18T14:33:43.745+0545] {processor.py:840} INFO - DAG(s) 'example_time_delta_sensor_async' retrieved from /root/apache_env/lib/python3.10/site-packages/airflow/example_dags/example_time_delta_sensor_async.py
[2024-06-18T14:33:43.757+0545] {logging_mixin.py:188} INFO - [2024-06-18T14:33:43.757+0545] {dag.py:3096} INFO - Sync 1 DAGs
[2024-06-18T14:33:43.766+0545] {logging_mixin.py:188} INFO - [2024-06-18T14:33:43.766+0545] {dag.py:3954} INFO - Setting next_dagrun for example_time_delta_sensor_async to None, run_after=None
[2024-06-18T14:33:43.785+0545] {processor.py:183} INFO - Processing /root/apache_env/lib/python3.10/site-packages/airflow/example_dags/example_time_delta_sensor_async.py took 0.050 seconds
[2024-06-18T14:34:46.812+0545] {processor.py:161} INFO - Started process (PID=8504) to work on /root/apache_env/lib/python3.10/site-packages/airflow/example_dags/example_time_delta_sensor_async.py
[2024-06-18T14:34:46.813+0545] {processor.py:830} INFO - Processing file /root/apache_env/lib/python3.10/site-packages/airflow/example_dags/example_time_delta_sensor_async.py for tasks to queue
[2024-06-18T14:34:46.814+0545] {logging_mixin.py:188} INFO - [2024-06-18T14:34:46.814+0545] {dagbag.py:545} INFO - Filling up the DagBag from /root/apache_env/lib/python3.10/site-packages/airflow/example_dags/example_time_delta_sensor_async.py
[2024-06-18T14:34:46.818+0545] {processor.py:840} INFO - DAG(s) 'example_time_delta_sensor_async' retrieved from /root/apache_env/lib/python3.10/site-packages/airflow/example_dags/example_time_delta_sensor_async.py
[2024-06-18T14:34:46.827+0545] {logging_mixin.py:188} INFO - [2024-06-18T14:34:46.827+0545] {dag.py:3096} INFO - Sync 1 DAGs
[2024-06-18T14:34:46.835+0545] {logging_mixin.py:188} INFO - [2024-06-18T14:34:46.835+0545] {dag.py:3954} INFO - Setting next_dagrun for example_time_delta_sensor_async to None, run_after=None
[2024-06-18T14:34:46.852+0545] {processor.py:183} INFO - Processing /root/apache_env/lib/python3.10/site-packages/airflow/example_dags/example_time_delta_sensor_async.py took 0.044 seconds
[2024-06-18T14:35:43.867+0545] {processor.py:161} INFO - Started process (PID=8674) to work on /root/apache_env/lib/python3.10/site-packages/airflow/example_dags/example_time_delta_sensor_async.py
[2024-06-18T14:35:43.868+0545] {processor.py:830} INFO - Processing file /root/apache_env/lib/python3.10/site-packages/airflow/example_dags/example_time_delta_sensor_async.py for tasks to queue
[2024-06-18T14:35:43.869+0545] {logging_mixin.py:188} INFO - [2024-06-18T14:35:43.869+0545] {dagbag.py:545} INFO - Filling up the DagBag from /root/apache_env/lib/python3.10/site-packages/airflow/example_dags/example_time_delta_sensor_async.py
[2024-06-18T14:35:43.873+0545] {processor.py:840} INFO - DAG(s) 'example_time_delta_sensor_async' retrieved from /root/apache_env/lib/python3.10/site-packages/airflow/example_dags/example_time_delta_sensor_async.py
[2024-06-18T14:35:43.885+0545] {logging_mixin.py:188} INFO - [2024-06-18T14:35:43.885+0545] {dag.py:3096} INFO - Sync 1 DAGs
[2024-06-18T14:35:43.895+0545] {logging_mixin.py:188} INFO - [2024-06-18T14:35:43.895+0545] {dag.py:3954} INFO - Setting next_dagrun for example_time_delta_sensor_async to None, run_after=None
[2024-06-18T14:35:43.913+0545] {processor.py:183} INFO - Processing /root/apache_env/lib/python3.10/site-packages/airflow/example_dags/example_time_delta_sensor_async.py took 0.050 seconds
[2024-06-18T14:36:49.874+0545] {processor.py:161} INFO - Started process (PID=8844) to work on /root/apache_env/lib/python3.10/site-packages/airflow/example_dags/example_time_delta_sensor_async.py
[2024-06-18T14:36:49.875+0545] {processor.py:830} INFO - Processing file /root/apache_env/lib/python3.10/site-packages/airflow/example_dags/example_time_delta_sensor_async.py for tasks to queue
[2024-06-18T14:36:49.876+0545] {logging_mixin.py:188} INFO - [2024-06-18T14:36:49.876+0545] {dagbag.py:545} INFO - Filling up the DagBag from /root/apache_env/lib/python3.10/site-packages/airflow/example_dags/example_time_delta_sensor_async.py
[2024-06-18T14:36:49.879+0545] {processor.py:840} INFO - DAG(s) 'example_time_delta_sensor_async' retrieved from /root/apache_env/lib/python3.10/site-packages/airflow/example_dags/example_time_delta_sensor_async.py
[2024-06-18T14:36:49.888+0545] {logging_mixin.py:188} INFO - [2024-06-18T14:36:49.888+0545] {dag.py:3096} INFO - Sync 1 DAGs
[2024-06-18T14:36:49.896+0545] {logging_mixin.py:188} INFO - [2024-06-18T14:36:49.896+0545] {dag.py:3954} INFO - Setting next_dagrun for example_time_delta_sensor_async to None, run_after=None
[2024-06-18T14:36:49.913+0545] {processor.py:183} INFO - Processing /root/apache_env/lib/python3.10/site-packages/airflow/example_dags/example_time_delta_sensor_async.py took 0.043 seconds
[2024-06-18T14:37:57.659+0545] {processor.py:161} INFO - Started process (PID=9012) to work on /root/apache_env/lib/python3.10/site-packages/airflow/example_dags/example_time_delta_sensor_async.py
[2024-06-18T14:37:57.661+0545] {processor.py:830} INFO - Processing file /root/apache_env/lib/python3.10/site-packages/airflow/example_dags/example_time_delta_sensor_async.py for tasks to queue
[2024-06-18T14:37:57.662+0545] {logging_mixin.py:188} INFO - [2024-06-18T14:37:57.661+0545] {dagbag.py:545} INFO - Filling up the DagBag from /root/apache_env/lib/python3.10/site-packages/airflow/example_dags/example_time_delta_sensor_async.py
[2024-06-18T14:37:57.665+0545] {processor.py:840} INFO - DAG(s) 'example_time_delta_sensor_async' retrieved from /root/apache_env/lib/python3.10/site-packages/airflow/example_dags/example_time_delta_sensor_async.py
[2024-06-18T14:37:57.675+0545] {logging_mixin.py:188} INFO - [2024-06-18T14:37:57.675+0545] {dag.py:3096} INFO - Sync 1 DAGs
[2024-06-18T14:37:57.683+0545] {logging_mixin.py:188} INFO - [2024-06-18T14:37:57.683+0545] {dag.py:3954} INFO - Setting next_dagrun for example_time_delta_sensor_async to None, run_after=None
[2024-06-18T14:37:57.700+0545] {processor.py:183} INFO - Processing /root/apache_env/lib/python3.10/site-packages/airflow/example_dags/example_time_delta_sensor_async.py took 0.045 seconds
[2024-06-18T14:39:06.136+0545] {processor.py:161} INFO - Started process (PID=9184) to work on /root/apache_env/lib/python3.10/site-packages/airflow/example_dags/example_time_delta_sensor_async.py
[2024-06-18T14:39:06.137+0545] {processor.py:830} INFO - Processing file /root/apache_env/lib/python3.10/site-packages/airflow/example_dags/example_time_delta_sensor_async.py for tasks to queue
[2024-06-18T14:39:06.139+0545] {logging_mixin.py:188} INFO - [2024-06-18T14:39:06.138+0545] {dagbag.py:545} INFO - Filling up the DagBag from /root/apache_env/lib/python3.10/site-packages/airflow/example_dags/example_time_delta_sensor_async.py
[2024-06-18T14:39:06.143+0545] {processor.py:840} INFO - DAG(s) 'example_time_delta_sensor_async' retrieved from /root/apache_env/lib/python3.10/site-packages/airflow/example_dags/example_time_delta_sensor_async.py
[2024-06-18T14:39:06.153+0545] {logging_mixin.py:188} INFO - [2024-06-18T14:39:06.153+0545] {dag.py:3096} INFO - Sync 1 DAGs
[2024-06-18T14:39:06.162+0545] {logging_mixin.py:188} INFO - [2024-06-18T14:39:06.162+0545] {dag.py:3954} INFO - Setting next_dagrun for example_time_delta_sensor_async to None, run_after=None
[2024-06-18T14:39:06.181+0545] {processor.py:183} INFO - Processing /root/apache_env/lib/python3.10/site-packages/airflow/example_dags/example_time_delta_sensor_async.py took 0.049 seconds
[2024-06-18T14:40:15.945+0545] {processor.py:161} INFO - Started process (PID=9360) to work on /root/apache_env/lib/python3.10/site-packages/airflow/example_dags/example_time_delta_sensor_async.py
[2024-06-18T14:40:15.946+0545] {processor.py:830} INFO - Processing file /root/apache_env/lib/python3.10/site-packages/airflow/example_dags/example_time_delta_sensor_async.py for tasks to queue
[2024-06-18T14:40:15.947+0545] {logging_mixin.py:188} INFO - [2024-06-18T14:40:15.947+0545] {dagbag.py:545} INFO - Filling up the DagBag from /root/apache_env/lib/python3.10/site-packages/airflow/example_dags/example_time_delta_sensor_async.py
[2024-06-18T14:40:15.952+0545] {processor.py:840} INFO - DAG(s) 'example_time_delta_sensor_async' retrieved from /root/apache_env/lib/python3.10/site-packages/airflow/example_dags/example_time_delta_sensor_async.py
[2024-06-18T14:40:15.963+0545] {logging_mixin.py:188} INFO - [2024-06-18T14:40:15.962+0545] {dag.py:3096} INFO - Sync 1 DAGs
[2024-06-18T14:40:15.972+0545] {logging_mixin.py:188} INFO - [2024-06-18T14:40:15.972+0545] {dag.py:3954} INFO - Setting next_dagrun for example_time_delta_sensor_async to None, run_after=None
[2024-06-18T14:40:15.989+0545] {processor.py:183} INFO - Processing /root/apache_env/lib/python3.10/site-packages/airflow/example_dags/example_time_delta_sensor_async.py took 0.049 seconds
[2024-06-18T14:41:24.729+0545] {processor.py:161} INFO - Started process (PID=9534) to work on /root/apache_env/lib/python3.10/site-packages/airflow/example_dags/example_time_delta_sensor_async.py
[2024-06-18T14:41:24.730+0545] {processor.py:830} INFO - Processing file /root/apache_env/lib/python3.10/site-packages/airflow/example_dags/example_time_delta_sensor_async.py for tasks to queue
[2024-06-18T14:41:24.731+0545] {logging_mixin.py:188} INFO - [2024-06-18T14:41:24.731+0545] {dagbag.py:545} INFO - Filling up the DagBag from /root/apache_env/lib/python3.10/site-packages/airflow/example_dags/example_time_delta_sensor_async.py
[2024-06-18T14:41:24.734+0545] {processor.py:840} INFO - DAG(s) 'example_time_delta_sensor_async' retrieved from /root/apache_env/lib/python3.10/site-packages/airflow/example_dags/example_time_delta_sensor_async.py
[2024-06-18T14:41:24.744+0545] {logging_mixin.py:188} INFO - [2024-06-18T14:41:24.744+0545] {dag.py:3096} INFO - Sync 1 DAGs
[2024-06-18T14:41:24.752+0545] {logging_mixin.py:188} INFO - [2024-06-18T14:41:24.752+0545] {dag.py:3954} INFO - Setting next_dagrun for example_time_delta_sensor_async to None, run_after=None
[2024-06-18T14:41:24.771+0545] {processor.py:183} INFO - Processing /root/apache_env/lib/python3.10/site-packages/airflow/example_dags/example_time_delta_sensor_async.py took 0.046 seconds
[2024-06-18T14:42:30.841+0545] {processor.py:161} INFO - Started process (PID=9698) to work on /root/apache_env/lib/python3.10/site-packages/airflow/example_dags/example_time_delta_sensor_async.py
[2024-06-18T14:42:30.842+0545] {processor.py:830} INFO - Processing file /root/apache_env/lib/python3.10/site-packages/airflow/example_dags/example_time_delta_sensor_async.py for tasks to queue
[2024-06-18T14:42:30.843+0545] {logging_mixin.py:188} INFO - [2024-06-18T14:42:30.843+0545] {dagbag.py:545} INFO - Filling up the DagBag from /root/apache_env/lib/python3.10/site-packages/airflow/example_dags/example_time_delta_sensor_async.py
[2024-06-18T14:42:30.846+0545] {processor.py:840} INFO - DAG(s) 'example_time_delta_sensor_async' retrieved from /root/apache_env/lib/python3.10/site-packages/airflow/example_dags/example_time_delta_sensor_async.py
[2024-06-18T14:42:30.856+0545] {logging_mixin.py:188} INFO - [2024-06-18T14:42:30.856+0545] {dag.py:3096} INFO - Sync 1 DAGs
[2024-06-18T14:42:30.864+0545] {logging_mixin.py:188} INFO - [2024-06-18T14:42:30.864+0545] {dag.py:3954} INFO - Setting next_dagrun for example_time_delta_sensor_async to None, run_after=None
[2024-06-18T14:42:30.881+0545] {processor.py:183} INFO - Processing /root/apache_env/lib/python3.10/site-packages/airflow/example_dags/example_time_delta_sensor_async.py took 0.044 seconds
[2024-06-18T14:43:37.973+0545] {processor.py:161} INFO - Started process (PID=9867) to work on /root/apache_env/lib/python3.10/site-packages/airflow/example_dags/example_time_delta_sensor_async.py
[2024-06-18T14:43:37.975+0545] {processor.py:830} INFO - Processing file /root/apache_env/lib/python3.10/site-packages/airflow/example_dags/example_time_delta_sensor_async.py for tasks to queue
[2024-06-18T14:43:37.976+0545] {logging_mixin.py:188} INFO - [2024-06-18T14:43:37.975+0545] {dagbag.py:545} INFO - Filling up the DagBag from /root/apache_env/lib/python3.10/site-packages/airflow/example_dags/example_time_delta_sensor_async.py
[2024-06-18T14:43:37.979+0545] {processor.py:840} INFO - DAG(s) 'example_time_delta_sensor_async' retrieved from /root/apache_env/lib/python3.10/site-packages/airflow/example_dags/example_time_delta_sensor_async.py
[2024-06-18T14:43:37.991+0545] {logging_mixin.py:188} INFO - [2024-06-18T14:43:37.991+0545] {dag.py:3096} INFO - Sync 1 DAGs
[2024-06-18T14:43:37.999+0545] {logging_mixin.py:188} INFO - [2024-06-18T14:43:37.999+0545] {dag.py:3954} INFO - Setting next_dagrun for example_time_delta_sensor_async to None, run_after=None
[2024-06-18T14:43:38.017+0545] {processor.py:183} INFO - Processing /root/apache_env/lib/python3.10/site-packages/airflow/example_dags/example_time_delta_sensor_async.py took 0.047 seconds
[2024-06-18T14:44:45.618+0545] {processor.py:161} INFO - Started process (PID=10037) to work on /root/apache_env/lib/python3.10/site-packages/airflow/example_dags/example_time_delta_sensor_async.py
[2024-06-18T14:44:45.619+0545] {processor.py:830} INFO - Processing file /root/apache_env/lib/python3.10/site-packages/airflow/example_dags/example_time_delta_sensor_async.py for tasks to queue
[2024-06-18T14:44:45.621+0545] {logging_mixin.py:188} INFO - [2024-06-18T14:44:45.620+0545] {dagbag.py:545} INFO - Filling up the DagBag from /root/apache_env/lib/python3.10/site-packages/airflow/example_dags/example_time_delta_sensor_async.py
[2024-06-18T14:44:45.624+0545] {processor.py:840} INFO - DAG(s) 'example_time_delta_sensor_async' retrieved from /root/apache_env/lib/python3.10/site-packages/airflow/example_dags/example_time_delta_sensor_async.py
[2024-06-18T14:44:45.633+0545] {logging_mixin.py:188} INFO - [2024-06-18T14:44:45.633+0545] {dag.py:3096} INFO - Sync 1 DAGs
[2024-06-18T14:44:45.641+0545] {logging_mixin.py:188} INFO - [2024-06-18T14:44:45.641+0545] {dag.py:3954} INFO - Setting next_dagrun for example_time_delta_sensor_async to None, run_after=None
[2024-06-18T14:44:45.660+0545] {processor.py:183} INFO - Processing /root/apache_env/lib/python3.10/site-packages/airflow/example_dags/example_time_delta_sensor_async.py took 0.046 seconds
[2024-06-18T14:45:40.429+0545] {processor.py:161} INFO - Started process (PID=10200) to work on /root/apache_env/lib/python3.10/site-packages/airflow/example_dags/example_time_delta_sensor_async.py
[2024-06-18T14:45:40.431+0545] {processor.py:830} INFO - Processing file /root/apache_env/lib/python3.10/site-packages/airflow/example_dags/example_time_delta_sensor_async.py for tasks to queue
[2024-06-18T14:45:40.432+0545] {logging_mixin.py:188} INFO - [2024-06-18T14:45:40.432+0545] {dagbag.py:545} INFO - Filling up the DagBag from /root/apache_env/lib/python3.10/site-packages/airflow/example_dags/example_time_delta_sensor_async.py
[2024-06-18T14:45:40.436+0545] {processor.py:840} INFO - DAG(s) 'example_time_delta_sensor_async' retrieved from /root/apache_env/lib/python3.10/site-packages/airflow/example_dags/example_time_delta_sensor_async.py
[2024-06-18T14:45:40.445+0545] {logging_mixin.py:188} INFO - [2024-06-18T14:45:40.445+0545] {dag.py:3096} INFO - Sync 1 DAGs
[2024-06-18T14:45:40.453+0545] {logging_mixin.py:188} INFO - [2024-06-18T14:45:40.452+0545] {dag.py:3954} INFO - Setting next_dagrun for example_time_delta_sensor_async to None, run_after=None
[2024-06-18T14:45:40.470+0545] {processor.py:183} INFO - Processing /root/apache_env/lib/python3.10/site-packages/airflow/example_dags/example_time_delta_sensor_async.py took 0.045 seconds
[2024-06-18T14:46:43.742+0545] {processor.py:161} INFO - Started process (PID=10360) to work on /root/apache_env/lib/python3.10/site-packages/airflow/example_dags/example_time_delta_sensor_async.py
[2024-06-18T14:46:43.743+0545] {processor.py:830} INFO - Processing file /root/apache_env/lib/python3.10/site-packages/airflow/example_dags/example_time_delta_sensor_async.py for tasks to queue
[2024-06-18T14:46:43.744+0545] {logging_mixin.py:188} INFO - [2024-06-18T14:46:43.744+0545] {dagbag.py:545} INFO - Filling up the DagBag from /root/apache_env/lib/python3.10/site-packages/airflow/example_dags/example_time_delta_sensor_async.py
[2024-06-18T14:46:43.748+0545] {processor.py:840} INFO - DAG(s) 'example_time_delta_sensor_async' retrieved from /root/apache_env/lib/python3.10/site-packages/airflow/example_dags/example_time_delta_sensor_async.py
[2024-06-18T14:46:43.759+0545] {logging_mixin.py:188} INFO - [2024-06-18T14:46:43.759+0545] {dag.py:3096} INFO - Sync 1 DAGs
[2024-06-18T14:46:43.767+0545] {logging_mixin.py:188} INFO - [2024-06-18T14:46:43.767+0545] {dag.py:3954} INFO - Setting next_dagrun for example_time_delta_sensor_async to None, run_after=None
[2024-06-18T14:46:43.784+0545] {processor.py:183} INFO - Processing /root/apache_env/lib/python3.10/site-packages/airflow/example_dags/example_time_delta_sensor_async.py took 0.046 seconds
[2024-06-18T14:47:48.267+0545] {processor.py:161} INFO - Started process (PID=10524) to work on /root/apache_env/lib/python3.10/site-packages/airflow/example_dags/example_time_delta_sensor_async.py
[2024-06-18T14:47:48.269+0545] {processor.py:830} INFO - Processing file /root/apache_env/lib/python3.10/site-packages/airflow/example_dags/example_time_delta_sensor_async.py for tasks to queue
[2024-06-18T14:47:48.271+0545] {logging_mixin.py:188} INFO - [2024-06-18T14:47:48.270+0545] {dagbag.py:545} INFO - Filling up the DagBag from /root/apache_env/lib/python3.10/site-packages/airflow/example_dags/example_time_delta_sensor_async.py
[2024-06-18T14:47:48.274+0545] {processor.py:840} INFO - DAG(s) 'example_time_delta_sensor_async' retrieved from /root/apache_env/lib/python3.10/site-packages/airflow/example_dags/example_time_delta_sensor_async.py
[2024-06-18T14:47:48.284+0545] {logging_mixin.py:188} INFO - [2024-06-18T14:47:48.284+0545] {dag.py:3096} INFO - Sync 1 DAGs
[2024-06-18T14:47:48.292+0545] {logging_mixin.py:188} INFO - [2024-06-18T14:47:48.291+0545] {dag.py:3954} INFO - Setting next_dagrun for example_time_delta_sensor_async to None, run_after=None
[2024-06-18T14:47:48.309+0545] {processor.py:183} INFO - Processing /root/apache_env/lib/python3.10/site-packages/airflow/example_dags/example_time_delta_sensor_async.py took 0.046 seconds
[2024-06-18T14:48:38.985+0545] {processor.py:161} INFO - Started process (PID=10652) to work on /root/apache_env/lib/python3.10/site-packages/airflow/example_dags/example_time_delta_sensor_async.py
[2024-06-18T14:48:38.986+0545] {processor.py:830} INFO - Processing file /root/apache_env/lib/python3.10/site-packages/airflow/example_dags/example_time_delta_sensor_async.py for tasks to queue
[2024-06-18T14:48:38.988+0545] {logging_mixin.py:188} INFO - [2024-06-18T14:48:38.987+0545] {dagbag.py:545} INFO - Filling up the DagBag from /root/apache_env/lib/python3.10/site-packages/airflow/example_dags/example_time_delta_sensor_async.py
[2024-06-18T14:48:38.992+0545] {processor.py:840} INFO - DAG(s) 'example_time_delta_sensor_async' retrieved from /root/apache_env/lib/python3.10/site-packages/airflow/example_dags/example_time_delta_sensor_async.py
[2024-06-18T14:48:39.003+0545] {logging_mixin.py:188} INFO - [2024-06-18T14:48:39.003+0545] {dag.py:3096} INFO - Sync 1 DAGs
[2024-06-18T14:48:39.012+0545] {logging_mixin.py:188} INFO - [2024-06-18T14:48:39.012+0545] {dag.py:3954} INFO - Setting next_dagrun for example_time_delta_sensor_async to None, run_after=None
[2024-06-18T14:48:39.030+0545] {processor.py:183} INFO - Processing /root/apache_env/lib/python3.10/site-packages/airflow/example_dags/example_time_delta_sensor_async.py took 0.049 seconds
[2024-06-18T14:49:46.269+0545] {processor.py:161} INFO - Started process (PID=10825) to work on /root/apache_env/lib/python3.10/site-packages/airflow/example_dags/example_time_delta_sensor_async.py
[2024-06-18T14:49:46.270+0545] {processor.py:830} INFO - Processing file /root/apache_env/lib/python3.10/site-packages/airflow/example_dags/example_time_delta_sensor_async.py for tasks to queue
[2024-06-18T14:49:46.271+0545] {logging_mixin.py:188} INFO - [2024-06-18T14:49:46.271+0545] {dagbag.py:545} INFO - Filling up the DagBag from /root/apache_env/lib/python3.10/site-packages/airflow/example_dags/example_time_delta_sensor_async.py
[2024-06-18T14:49:46.274+0545] {processor.py:840} INFO - DAG(s) 'example_time_delta_sensor_async' retrieved from /root/apache_env/lib/python3.10/site-packages/airflow/example_dags/example_time_delta_sensor_async.py
[2024-06-18T14:49:46.287+0545] {logging_mixin.py:188} INFO - [2024-06-18T14:49:46.286+0545] {dag.py:3096} INFO - Sync 1 DAGs
[2024-06-18T14:49:46.296+0545] {logging_mixin.py:188} INFO - [2024-06-18T14:49:46.296+0545] {dag.py:3954} INFO - Setting next_dagrun for example_time_delta_sensor_async to None, run_after=None
[2024-06-18T14:49:46.319+0545] {processor.py:183} INFO - Processing /root/apache_env/lib/python3.10/site-packages/airflow/example_dags/example_time_delta_sensor_async.py took 0.055 seconds
[2024-06-18T14:50:52.621+0545] {processor.py:161} INFO - Started process (PID=10992) to work on /root/apache_env/lib/python3.10/site-packages/airflow/example_dags/example_time_delta_sensor_async.py
[2024-06-18T14:50:52.622+0545] {processor.py:830} INFO - Processing file /root/apache_env/lib/python3.10/site-packages/airflow/example_dags/example_time_delta_sensor_async.py for tasks to queue
[2024-06-18T14:50:52.623+0545] {logging_mixin.py:188} INFO - [2024-06-18T14:50:52.623+0545] {dagbag.py:545} INFO - Filling up the DagBag from /root/apache_env/lib/python3.10/site-packages/airflow/example_dags/example_time_delta_sensor_async.py
[2024-06-18T14:50:52.627+0545] {processor.py:840} INFO - DAG(s) 'example_time_delta_sensor_async' retrieved from /root/apache_env/lib/python3.10/site-packages/airflow/example_dags/example_time_delta_sensor_async.py
[2024-06-18T14:50:52.638+0545] {logging_mixin.py:188} INFO - [2024-06-18T14:50:52.638+0545] {dag.py:3096} INFO - Sync 1 DAGs
[2024-06-18T14:50:52.647+0545] {logging_mixin.py:188} INFO - [2024-06-18T14:50:52.646+0545] {dag.py:3954} INFO - Setting next_dagrun for example_time_delta_sensor_async to None, run_after=None
[2024-06-18T14:50:52.665+0545] {processor.py:183} INFO - Processing /root/apache_env/lib/python3.10/site-packages/airflow/example_dags/example_time_delta_sensor_async.py took 0.048 seconds
[2024-06-18T14:51:56.354+0545] {processor.py:161} INFO - Started process (PID=11153) to work on /root/apache_env/lib/python3.10/site-packages/airflow/example_dags/example_time_delta_sensor_async.py
[2024-06-18T14:51:56.355+0545] {processor.py:830} INFO - Processing file /root/apache_env/lib/python3.10/site-packages/airflow/example_dags/example_time_delta_sensor_async.py for tasks to queue
[2024-06-18T14:51:56.356+0545] {logging_mixin.py:188} INFO - [2024-06-18T14:51:56.356+0545] {dagbag.py:545} INFO - Filling up the DagBag from /root/apache_env/lib/python3.10/site-packages/airflow/example_dags/example_time_delta_sensor_async.py
[2024-06-18T14:51:56.360+0545] {processor.py:840} INFO - DAG(s) 'example_time_delta_sensor_async' retrieved from /root/apache_env/lib/python3.10/site-packages/airflow/example_dags/example_time_delta_sensor_async.py
[2024-06-18T14:51:56.370+0545] {logging_mixin.py:188} INFO - [2024-06-18T14:51:56.370+0545] {dag.py:3096} INFO - Sync 1 DAGs
[2024-06-18T14:51:56.379+0545] {logging_mixin.py:188} INFO - [2024-06-18T14:51:56.379+0545] {dag.py:3954} INFO - Setting next_dagrun for example_time_delta_sensor_async to None, run_after=None
[2024-06-18T14:51:56.398+0545] {processor.py:183} INFO - Processing /root/apache_env/lib/python3.10/site-packages/airflow/example_dags/example_time_delta_sensor_async.py took 0.049 seconds
