[2024-06-18T14:12:53.318+0545] {processor.py:161} INFO - Started process (PID=5108) to work on /root/apache_env/lib/python3.10/site-packages/airflow/example_dags/example_external_task_marker_dag.py
[2024-06-18T14:12:53.319+0545] {processor.py:830} INFO - Processing file /root/apache_env/lib/python3.10/site-packages/airflow/example_dags/example_external_task_marker_dag.py for tasks to queue
[2024-06-18T14:12:53.320+0545] {logging_mixin.py:188} INFO - [2024-06-18T14:12:53.320+0545] {dagbag.py:545} INFO - Filling up the DagBag from /root/apache_env/lib/python3.10/site-packages/airflow/example_dags/example_external_task_marker_dag.py
[2024-06-18T14:12:53.324+0545] {processor.py:840} INFO - DAG(s) 'example_external_task_marker_child', 'example_external_task_marker_parent' retrieved from /root/apache_env/lib/python3.10/site-packages/airflow/example_dags/example_external_task_marker_dag.py
[2024-06-18T14:12:53.394+0545] {logging_mixin.py:188} INFO - [2024-06-18T14:12:53.393+0545] {override.py:1829} INFO - Created Permission View: can delete on DAG:example_external_task_marker_child
[2024-06-18T14:12:53.404+0545] {logging_mixin.py:188} INFO - [2024-06-18T14:12:53.404+0545] {override.py:1829} INFO - Created Permission View: can read on DAG:example_external_task_marker_child
[2024-06-18T14:12:53.411+0545] {logging_mixin.py:188} INFO - [2024-06-18T14:12:53.411+0545] {override.py:1829} INFO - Created Permission View: can edit on DAG:example_external_task_marker_child
[2024-06-18T14:12:53.427+0545] {logging_mixin.py:188} INFO - [2024-06-18T14:12:53.427+0545] {override.py:1829} INFO - Created Permission View: can delete on DAG:example_external_task_marker_parent
[2024-06-18T14:12:53.434+0545] {logging_mixin.py:188} INFO - [2024-06-18T14:12:53.434+0545] {override.py:1829} INFO - Created Permission View: can read on DAG:example_external_task_marker_parent
[2024-06-18T14:12:53.441+0545] {logging_mixin.py:188} INFO - [2024-06-18T14:12:53.440+0545] {override.py:1829} INFO - Created Permission View: can edit on DAG:example_external_task_marker_parent
[2024-06-18T14:12:53.441+0545] {logging_mixin.py:188} INFO - [2024-06-18T14:12:53.441+0545] {dag.py:3096} INFO - Sync 2 DAGs
[2024-06-18T14:12:53.448+0545] {logging_mixin.py:188} INFO - [2024-06-18T14:12:53.448+0545] {dag.py:3118} INFO - Creating ORM DAG for example_external_task_marker_parent
[2024-06-18T14:12:53.448+0545] {logging_mixin.py:188} INFO - [2024-06-18T14:12:53.448+0545] {dag.py:3118} INFO - Creating ORM DAG for example_external_task_marker_child
[2024-06-18T14:12:53.449+0545] {logging_mixin.py:188} INFO - [2024-06-18T14:12:53.448+0545] {dag.py:3954} INFO - Setting next_dagrun for example_external_task_marker_child to None, run_after=None
[2024-06-18T14:12:53.449+0545] {logging_mixin.py:188} INFO - [2024-06-18T14:12:53.449+0545] {dag.py:3954} INFO - Setting next_dagrun for example_external_task_marker_parent to None, run_after=None
[2024-06-18T14:12:53.524+0545] {processor.py:183} INFO - Processing /root/apache_env/lib/python3.10/site-packages/airflow/example_dags/example_external_task_marker_dag.py took 0.209 seconds
[2024-06-18T14:15:03.027+0545] {processor.py:161} INFO - Started process (PID=5405) to work on /root/apache_env/lib/python3.10/site-packages/airflow/example_dags/example_external_task_marker_dag.py
[2024-06-18T14:15:03.028+0545] {processor.py:830} INFO - Processing file /root/apache_env/lib/python3.10/site-packages/airflow/example_dags/example_external_task_marker_dag.py for tasks to queue
[2024-06-18T14:15:03.029+0545] {logging_mixin.py:188} INFO - [2024-06-18T14:15:03.029+0545] {dagbag.py:545} INFO - Filling up the DagBag from /root/apache_env/lib/python3.10/site-packages/airflow/example_dags/example_external_task_marker_dag.py
[2024-06-18T14:15:03.034+0545] {processor.py:840} INFO - DAG(s) 'example_external_task_marker_child', 'example_external_task_marker_parent' retrieved from /root/apache_env/lib/python3.10/site-packages/airflow/example_dags/example_external_task_marker_dag.py
[2024-06-18T14:15:03.048+0545] {logging_mixin.py:188} INFO - [2024-06-18T14:15:03.048+0545] {dag.py:3096} INFO - Sync 2 DAGs
[2024-06-18T14:15:03.057+0545] {logging_mixin.py:188} INFO - [2024-06-18T14:15:03.057+0545] {dag.py:3954} INFO - Setting next_dagrun for example_external_task_marker_child to None, run_after=None
[2024-06-18T14:15:03.060+0545] {logging_mixin.py:188} INFO - [2024-06-18T14:15:03.060+0545] {dag.py:3954} INFO - Setting next_dagrun for example_external_task_marker_parent to None, run_after=None
[2024-06-18T14:15:03.077+0545] {processor.py:183} INFO - Processing /root/apache_env/lib/python3.10/site-packages/airflow/example_dags/example_external_task_marker_dag.py took 0.054 seconds
[2024-06-18T14:16:26.304+0545] {processor.py:161} INFO - Started process (PID=5627) to work on /root/apache_env/lib/python3.10/site-packages/airflow/example_dags/example_external_task_marker_dag.py
[2024-06-18T14:16:26.306+0545] {processor.py:830} INFO - Processing file /root/apache_env/lib/python3.10/site-packages/airflow/example_dags/example_external_task_marker_dag.py for tasks to queue
[2024-06-18T14:16:26.307+0545] {logging_mixin.py:188} INFO - [2024-06-18T14:16:26.307+0545] {dagbag.py:545} INFO - Filling up the DagBag from /root/apache_env/lib/python3.10/site-packages/airflow/example_dags/example_external_task_marker_dag.py
[2024-06-18T14:16:26.311+0545] {processor.py:840} INFO - DAG(s) 'example_external_task_marker_parent', 'example_external_task_marker_child' retrieved from /root/apache_env/lib/python3.10/site-packages/airflow/example_dags/example_external_task_marker_dag.py
[2024-06-18T14:16:26.372+0545] {logging_mixin.py:188} INFO - [2024-06-18T14:16:26.372+0545] {dag.py:3096} INFO - Sync 2 DAGs
[2024-06-18T14:16:26.378+0545] {logging_mixin.py:188} INFO - [2024-06-18T14:16:26.378+0545] {dag.py:3954} INFO - Setting next_dagrun for example_external_task_marker_child to None, run_after=None
[2024-06-18T14:16:26.380+0545] {logging_mixin.py:188} INFO - [2024-06-18T14:16:26.380+0545] {dag.py:3954} INFO - Setting next_dagrun for example_external_task_marker_parent to None, run_after=None
[2024-06-18T14:16:26.456+0545] {processor.py:183} INFO - Processing /root/apache_env/lib/python3.10/site-packages/airflow/example_dags/example_external_task_marker_dag.py took 0.155 seconds
[2024-06-18T14:17:21.314+0545] {processor.py:161} INFO - Started process (PID=5764) to work on /root/apache_env/lib/python3.10/site-packages/airflow/example_dags/example_external_task_marker_dag.py
[2024-06-18T14:17:21.315+0545] {processor.py:830} INFO - Processing file /root/apache_env/lib/python3.10/site-packages/airflow/example_dags/example_external_task_marker_dag.py for tasks to queue
[2024-06-18T14:17:21.317+0545] {logging_mixin.py:188} INFO - [2024-06-18T14:17:21.316+0545] {dagbag.py:545} INFO - Filling up the DagBag from /root/apache_env/lib/python3.10/site-packages/airflow/example_dags/example_external_task_marker_dag.py
[2024-06-18T14:17:21.322+0545] {processor.py:840} INFO - DAG(s) 'example_external_task_marker_child', 'example_external_task_marker_parent' retrieved from /root/apache_env/lib/python3.10/site-packages/airflow/example_dags/example_external_task_marker_dag.py
[2024-06-18T14:17:21.335+0545] {logging_mixin.py:188} INFO - [2024-06-18T14:17:21.335+0545] {dag.py:3096} INFO - Sync 2 DAGs
[2024-06-18T14:17:21.344+0545] {logging_mixin.py:188} INFO - [2024-06-18T14:17:21.344+0545] {dag.py:3954} INFO - Setting next_dagrun for example_external_task_marker_child to None, run_after=None
[2024-06-18T14:17:21.346+0545] {logging_mixin.py:188} INFO - [2024-06-18T14:17:21.346+0545] {dag.py:3954} INFO - Setting next_dagrun for example_external_task_marker_parent to None, run_after=None
[2024-06-18T14:17:21.361+0545] {processor.py:183} INFO - Processing /root/apache_env/lib/python3.10/site-packages/airflow/example_dags/example_external_task_marker_dag.py took 0.052 seconds
[2024-06-18T14:18:15.318+0545] {processor.py:161} INFO - Started process (PID=5897) to work on /root/apache_env/lib/python3.10/site-packages/airflow/example_dags/example_external_task_marker_dag.py
[2024-06-18T14:18:15.319+0545] {processor.py:830} INFO - Processing file /root/apache_env/lib/python3.10/site-packages/airflow/example_dags/example_external_task_marker_dag.py for tasks to queue
[2024-06-18T14:18:15.320+0545] {logging_mixin.py:188} INFO - [2024-06-18T14:18:15.319+0545] {dagbag.py:545} INFO - Filling up the DagBag from /root/apache_env/lib/python3.10/site-packages/airflow/example_dags/example_external_task_marker_dag.py
[2024-06-18T14:18:15.324+0545] {processor.py:840} INFO - DAG(s) 'example_external_task_marker_child', 'example_external_task_marker_parent' retrieved from /root/apache_env/lib/python3.10/site-packages/airflow/example_dags/example_external_task_marker_dag.py
[2024-06-18T14:18:15.401+0545] {logging_mixin.py:188} INFO - [2024-06-18T14:18:15.401+0545] {dag.py:3096} INFO - Sync 2 DAGs
[2024-06-18T14:18:15.408+0545] {logging_mixin.py:188} INFO - [2024-06-18T14:18:15.408+0545] {dag.py:3954} INFO - Setting next_dagrun for example_external_task_marker_child to None, run_after=None
[2024-06-18T14:18:15.411+0545] {logging_mixin.py:188} INFO - [2024-06-18T14:18:15.410+0545] {dag.py:3954} INFO - Setting next_dagrun for example_external_task_marker_parent to None, run_after=None
[2024-06-18T14:18:15.424+0545] {processor.py:183} INFO - Processing /root/apache_env/lib/python3.10/site-packages/airflow/example_dags/example_external_task_marker_dag.py took 0.111 seconds
[2024-06-18T14:22:41.088+0545] {processor.py:161} INFO - Started process (PID=6613) to work on /root/apache_env/lib/python3.10/site-packages/airflow/example_dags/example_external_task_marker_dag.py
[2024-06-18T14:22:41.089+0545] {processor.py:830} INFO - Processing file /root/apache_env/lib/python3.10/site-packages/airflow/example_dags/example_external_task_marker_dag.py for tasks to queue
[2024-06-18T14:22:41.090+0545] {logging_mixin.py:188} INFO - [2024-06-18T14:22:41.090+0545] {dagbag.py:545} INFO - Filling up the DagBag from /root/apache_env/lib/python3.10/site-packages/airflow/example_dags/example_external_task_marker_dag.py
[2024-06-18T14:22:41.094+0545] {processor.py:840} INFO - DAG(s) 'example_external_task_marker_child', 'example_external_task_marker_parent' retrieved from /root/apache_env/lib/python3.10/site-packages/airflow/example_dags/example_external_task_marker_dag.py
[2024-06-18T14:22:41.169+0545] {logging_mixin.py:188} INFO - [2024-06-18T14:22:41.168+0545] {dag.py:3096} INFO - Sync 2 DAGs
[2024-06-18T14:22:41.176+0545] {logging_mixin.py:188} INFO - [2024-06-18T14:22:41.176+0545] {dag.py:3954} INFO - Setting next_dagrun for example_external_task_marker_child to None, run_after=None
[2024-06-18T14:22:41.179+0545] {logging_mixin.py:188} INFO - [2024-06-18T14:22:41.178+0545] {dag.py:3954} INFO - Setting next_dagrun for example_external_task_marker_parent to None, run_after=None
[2024-06-18T14:22:41.196+0545] {processor.py:183} INFO - Processing /root/apache_env/lib/python3.10/site-packages/airflow/example_dags/example_external_task_marker_dag.py took 0.112 seconds
[2024-06-18T14:23:46.063+0545] {processor.py:161} INFO - Started process (PID=6799) to work on /root/apache_env/lib/python3.10/site-packages/airflow/example_dags/example_external_task_marker_dag.py
[2024-06-18T14:23:46.065+0545] {processor.py:830} INFO - Processing file /root/apache_env/lib/python3.10/site-packages/airflow/example_dags/example_external_task_marker_dag.py for tasks to queue
[2024-06-18T14:23:46.066+0545] {logging_mixin.py:188} INFO - [2024-06-18T14:23:46.066+0545] {dagbag.py:545} INFO - Filling up the DagBag from /root/apache_env/lib/python3.10/site-packages/airflow/example_dags/example_external_task_marker_dag.py
[2024-06-18T14:23:46.070+0545] {processor.py:840} INFO - DAG(s) 'example_external_task_marker_parent', 'example_external_task_marker_child' retrieved from /root/apache_env/lib/python3.10/site-packages/airflow/example_dags/example_external_task_marker_dag.py
[2024-06-18T14:23:46.082+0545] {logging_mixin.py:188} INFO - [2024-06-18T14:23:46.082+0545] {dag.py:3096} INFO - Sync 2 DAGs
[2024-06-18T14:23:46.090+0545] {logging_mixin.py:188} INFO - [2024-06-18T14:23:46.090+0545] {dag.py:3954} INFO - Setting next_dagrun for example_external_task_marker_child to None, run_after=None
[2024-06-18T14:23:46.092+0545] {logging_mixin.py:188} INFO - [2024-06-18T14:23:46.092+0545] {dag.py:3954} INFO - Setting next_dagrun for example_external_task_marker_parent to None, run_after=None
[2024-06-18T14:23:46.107+0545] {processor.py:183} INFO - Processing /root/apache_env/lib/python3.10/site-packages/airflow/example_dags/example_external_task_marker_dag.py took 0.048 seconds
[2024-06-18T14:24:39.527+0545] {processor.py:161} INFO - Started process (PID=6933) to work on /root/apache_env/lib/python3.10/site-packages/airflow/example_dags/example_external_task_marker_dag.py
[2024-06-18T14:24:39.528+0545] {processor.py:830} INFO - Processing file /root/apache_env/lib/python3.10/site-packages/airflow/example_dags/example_external_task_marker_dag.py for tasks to queue
[2024-06-18T14:24:39.529+0545] {logging_mixin.py:188} INFO - [2024-06-18T14:24:39.529+0545] {dagbag.py:545} INFO - Filling up the DagBag from /root/apache_env/lib/python3.10/site-packages/airflow/example_dags/example_external_task_marker_dag.py
[2024-06-18T14:24:39.534+0545] {processor.py:840} INFO - DAG(s) 'example_external_task_marker_parent', 'example_external_task_marker_child' retrieved from /root/apache_env/lib/python3.10/site-packages/airflow/example_dags/example_external_task_marker_dag.py
[2024-06-18T14:24:39.601+0545] {logging_mixin.py:188} INFO - [2024-06-18T14:24:39.600+0545] {dag.py:3096} INFO - Sync 2 DAGs
[2024-06-18T14:24:39.607+0545] {logging_mixin.py:188} INFO - [2024-06-18T14:24:39.607+0545] {dag.py:3954} INFO - Setting next_dagrun for example_external_task_marker_child to None, run_after=None
[2024-06-18T14:24:39.609+0545] {logging_mixin.py:188} INFO - [2024-06-18T14:24:39.609+0545] {dag.py:3954} INFO - Setting next_dagrun for example_external_task_marker_parent to None, run_after=None
[2024-06-18T14:24:39.623+0545] {processor.py:183} INFO - Processing /root/apache_env/lib/python3.10/site-packages/airflow/example_dags/example_external_task_marker_dag.py took 0.101 seconds
[2024-06-18T14:27:38.583+0545] {processor.py:161} INFO - Started process (PID=7428) to work on /root/apache_env/lib/python3.10/site-packages/airflow/example_dags/example_external_task_marker_dag.py
[2024-06-18T14:27:38.584+0545] {processor.py:830} INFO - Processing file /root/apache_env/lib/python3.10/site-packages/airflow/example_dags/example_external_task_marker_dag.py for tasks to queue
[2024-06-18T14:27:38.585+0545] {logging_mixin.py:188} INFO - [2024-06-18T14:27:38.584+0545] {dagbag.py:545} INFO - Filling up the DagBag from /root/apache_env/lib/python3.10/site-packages/airflow/example_dags/example_external_task_marker_dag.py
[2024-06-18T14:27:38.589+0545] {processor.py:840} INFO - DAG(s) 'example_external_task_marker_parent', 'example_external_task_marker_child' retrieved from /root/apache_env/lib/python3.10/site-packages/airflow/example_dags/example_external_task_marker_dag.py
[2024-06-18T14:27:38.668+0545] {logging_mixin.py:188} INFO - [2024-06-18T14:27:38.667+0545] {dag.py:3096} INFO - Sync 2 DAGs
[2024-06-18T14:27:38.675+0545] {logging_mixin.py:188} INFO - [2024-06-18T14:27:38.675+0545] {dag.py:3954} INFO - Setting next_dagrun for example_external_task_marker_child to None, run_after=None
[2024-06-18T14:27:38.677+0545] {logging_mixin.py:188} INFO - [2024-06-18T14:27:38.677+0545] {dag.py:3954} INFO - Setting next_dagrun for example_external_task_marker_parent to None, run_after=None
[2024-06-18T14:27:38.694+0545] {processor.py:183} INFO - Processing /root/apache_env/lib/python3.10/site-packages/airflow/example_dags/example_external_task_marker_dag.py took 0.116 seconds
[2024-06-18T14:28:35.590+0545] {processor.py:161} INFO - Started process (PID=7584) to work on /root/apache_env/lib/python3.10/site-packages/airflow/example_dags/example_external_task_marker_dag.py
[2024-06-18T14:28:35.592+0545] {processor.py:830} INFO - Processing file /root/apache_env/lib/python3.10/site-packages/airflow/example_dags/example_external_task_marker_dag.py for tasks to queue
[2024-06-18T14:28:35.593+0545] {logging_mixin.py:188} INFO - [2024-06-18T14:28:35.592+0545] {dagbag.py:545} INFO - Filling up the DagBag from /root/apache_env/lib/python3.10/site-packages/airflow/example_dags/example_external_task_marker_dag.py
[2024-06-18T14:28:35.597+0545] {processor.py:840} INFO - DAG(s) 'example_external_task_marker_parent', 'example_external_task_marker_child' retrieved from /root/apache_env/lib/python3.10/site-packages/airflow/example_dags/example_external_task_marker_dag.py
[2024-06-18T14:28:35.609+0545] {logging_mixin.py:188} INFO - [2024-06-18T14:28:35.609+0545] {dag.py:3096} INFO - Sync 2 DAGs
[2024-06-18T14:28:35.617+0545] {logging_mixin.py:188} INFO - [2024-06-18T14:28:35.616+0545] {dag.py:3954} INFO - Setting next_dagrun for example_external_task_marker_child to None, run_after=None
[2024-06-18T14:28:35.619+0545] {logging_mixin.py:188} INFO - [2024-06-18T14:28:35.619+0545] {dag.py:3954} INFO - Setting next_dagrun for example_external_task_marker_parent to None, run_after=None
[2024-06-18T14:28:35.634+0545] {processor.py:183} INFO - Processing /root/apache_env/lib/python3.10/site-packages/airflow/example_dags/example_external_task_marker_dag.py took 0.047 seconds
[2024-06-18T14:30:17.759+0545] {processor.py:161} INFO - Started process (PID=7833) to work on /root/apache_env/lib/python3.10/site-packages/airflow/example_dags/example_external_task_marker_dag.py
[2024-06-18T14:30:17.760+0545] {processor.py:830} INFO - Processing file /root/apache_env/lib/python3.10/site-packages/airflow/example_dags/example_external_task_marker_dag.py for tasks to queue
[2024-06-18T14:30:17.761+0545] {logging_mixin.py:188} INFO - [2024-06-18T14:30:17.761+0545] {dagbag.py:545} INFO - Filling up the DagBag from /root/apache_env/lib/python3.10/site-packages/airflow/example_dags/example_external_task_marker_dag.py
[2024-06-18T14:30:17.766+0545] {processor.py:840} INFO - DAG(s) 'example_external_task_marker_parent', 'example_external_task_marker_child' retrieved from /root/apache_env/lib/python3.10/site-packages/airflow/example_dags/example_external_task_marker_dag.py
[2024-06-18T14:30:17.830+0545] {logging_mixin.py:188} INFO - [2024-06-18T14:30:17.830+0545] {dag.py:3096} INFO - Sync 2 DAGs
[2024-06-18T14:30:17.837+0545] {logging_mixin.py:188} INFO - [2024-06-18T14:30:17.837+0545] {dag.py:3954} INFO - Setting next_dagrun for example_external_task_marker_child to None, run_after=None
[2024-06-18T14:30:17.839+0545] {logging_mixin.py:188} INFO - [2024-06-18T14:30:17.839+0545] {dag.py:3954} INFO - Setting next_dagrun for example_external_task_marker_parent to None, run_after=None
[2024-06-18T14:30:17.856+0545] {processor.py:183} INFO - Processing /root/apache_env/lib/python3.10/site-packages/airflow/example_dags/example_external_task_marker_dag.py took 0.102 seconds
[2024-06-18T14:31:13.655+0545] {processor.py:161} INFO - Started process (PID=7968) to work on /root/apache_env/lib/python3.10/site-packages/airflow/example_dags/example_external_task_marker_dag.py
[2024-06-18T14:31:13.656+0545] {processor.py:830} INFO - Processing file /root/apache_env/lib/python3.10/site-packages/airflow/example_dags/example_external_task_marker_dag.py for tasks to queue
[2024-06-18T14:31:13.658+0545] {logging_mixin.py:188} INFO - [2024-06-18T14:31:13.657+0545] {dagbag.py:545} INFO - Filling up the DagBag from /root/apache_env/lib/python3.10/site-packages/airflow/example_dags/example_external_task_marker_dag.py
[2024-06-18T14:31:13.662+0545] {processor.py:840} INFO - DAG(s) 'example_external_task_marker_child', 'example_external_task_marker_parent' retrieved from /root/apache_env/lib/python3.10/site-packages/airflow/example_dags/example_external_task_marker_dag.py
[2024-06-18T14:31:13.673+0545] {logging_mixin.py:188} INFO - [2024-06-18T14:31:13.673+0545] {dag.py:3096} INFO - Sync 2 DAGs
[2024-06-18T14:31:13.681+0545] {logging_mixin.py:188} INFO - [2024-06-18T14:31:13.681+0545] {dag.py:3954} INFO - Setting next_dagrun for example_external_task_marker_child to None, run_after=None
[2024-06-18T14:31:13.683+0545] {logging_mixin.py:188} INFO - [2024-06-18T14:31:13.683+0545] {dag.py:3954} INFO - Setting next_dagrun for example_external_task_marker_parent to None, run_after=None
[2024-06-18T14:31:13.699+0545] {processor.py:183} INFO - Processing /root/apache_env/lib/python3.10/site-packages/airflow/example_dags/example_external_task_marker_dag.py took 0.047 seconds
[2024-06-18T14:32:08.018+0545] {processor.py:161} INFO - Started process (PID=8103) to work on /root/apache_env/lib/python3.10/site-packages/airflow/example_dags/example_external_task_marker_dag.py
[2024-06-18T14:32:08.020+0545] {processor.py:830} INFO - Processing file /root/apache_env/lib/python3.10/site-packages/airflow/example_dags/example_external_task_marker_dag.py for tasks to queue
[2024-06-18T14:32:08.021+0545] {logging_mixin.py:188} INFO - [2024-06-18T14:32:08.021+0545] {dagbag.py:545} INFO - Filling up the DagBag from /root/apache_env/lib/python3.10/site-packages/airflow/example_dags/example_external_task_marker_dag.py
[2024-06-18T14:32:08.026+0545] {processor.py:840} INFO - DAG(s) 'example_external_task_marker_parent', 'example_external_task_marker_child' retrieved from /root/apache_env/lib/python3.10/site-packages/airflow/example_dags/example_external_task_marker_dag.py
[2024-06-18T14:32:08.091+0545] {logging_mixin.py:188} INFO - [2024-06-18T14:32:08.091+0545] {dag.py:3096} INFO - Sync 2 DAGs
[2024-06-18T14:32:08.097+0545] {logging_mixin.py:188} INFO - [2024-06-18T14:32:08.097+0545] {dag.py:3954} INFO - Setting next_dagrun for example_external_task_marker_child to None, run_after=None
[2024-06-18T14:32:08.101+0545] {logging_mixin.py:188} INFO - [2024-06-18T14:32:08.100+0545] {dag.py:3954} INFO - Setting next_dagrun for example_external_task_marker_parent to None, run_after=None
[2024-06-18T14:32:08.117+0545] {processor.py:183} INFO - Processing /root/apache_env/lib/python3.10/site-packages/airflow/example_dags/example_external_task_marker_dag.py took 0.102 seconds
[2024-06-18T14:32:56.405+0545] {processor.py:161} INFO - Started process (PID=8222) to work on /root/apache_env/lib/python3.10/site-packages/airflow/example_dags/example_external_task_marker_dag.py
[2024-06-18T14:32:56.407+0545] {processor.py:830} INFO - Processing file /root/apache_env/lib/python3.10/site-packages/airflow/example_dags/example_external_task_marker_dag.py for tasks to queue
[2024-06-18T14:32:56.408+0545] {logging_mixin.py:188} INFO - [2024-06-18T14:32:56.408+0545] {dagbag.py:545} INFO - Filling up the DagBag from /root/apache_env/lib/python3.10/site-packages/airflow/example_dags/example_external_task_marker_dag.py
[2024-06-18T14:32:56.412+0545] {processor.py:840} INFO - DAG(s) 'example_external_task_marker_parent', 'example_external_task_marker_child' retrieved from /root/apache_env/lib/python3.10/site-packages/airflow/example_dags/example_external_task_marker_dag.py
[2024-06-18T14:32:56.424+0545] {logging_mixin.py:188} INFO - [2024-06-18T14:32:56.424+0545] {dag.py:3096} INFO - Sync 2 DAGs
[2024-06-18T14:32:56.433+0545] {logging_mixin.py:188} INFO - [2024-06-18T14:32:56.432+0545] {dag.py:3954} INFO - Setting next_dagrun for example_external_task_marker_child to None, run_after=None
[2024-06-18T14:32:56.435+0545] {logging_mixin.py:188} INFO - [2024-06-18T14:32:56.435+0545] {dag.py:3954} INFO - Setting next_dagrun for example_external_task_marker_parent to None, run_after=None
[2024-06-18T14:32:56.452+0545] {processor.py:183} INFO - Processing /root/apache_env/lib/python3.10/site-packages/airflow/example_dags/example_external_task_marker_dag.py took 0.050 seconds
[2024-06-18T14:33:43.386+0545] {processor.py:161} INFO - Started process (PID=8340) to work on /root/apache_env/lib/python3.10/site-packages/airflow/example_dags/example_external_task_marker_dag.py
[2024-06-18T14:33:43.387+0545] {processor.py:830} INFO - Processing file /root/apache_env/lib/python3.10/site-packages/airflow/example_dags/example_external_task_marker_dag.py for tasks to queue
[2024-06-18T14:33:43.388+0545] {logging_mixin.py:188} INFO - [2024-06-18T14:33:43.388+0545] {dagbag.py:545} INFO - Filling up the DagBag from /root/apache_env/lib/python3.10/site-packages/airflow/example_dags/example_external_task_marker_dag.py
[2024-06-18T14:33:43.392+0545] {processor.py:840} INFO - DAG(s) 'example_external_task_marker_parent', 'example_external_task_marker_child' retrieved from /root/apache_env/lib/python3.10/site-packages/airflow/example_dags/example_external_task_marker_dag.py
[2024-06-18T14:33:43.404+0545] {logging_mixin.py:188} INFO - [2024-06-18T14:33:43.403+0545] {dag.py:3096} INFO - Sync 2 DAGs
[2024-06-18T14:33:43.412+0545] {logging_mixin.py:188} INFO - [2024-06-18T14:33:43.412+0545] {dag.py:3954} INFO - Setting next_dagrun for example_external_task_marker_child to None, run_after=None
[2024-06-18T14:33:43.414+0545] {logging_mixin.py:188} INFO - [2024-06-18T14:33:43.414+0545] {dag.py:3954} INFO - Setting next_dagrun for example_external_task_marker_parent to None, run_after=None
[2024-06-18T14:33:43.431+0545] {processor.py:183} INFO - Processing /root/apache_env/lib/python3.10/site-packages/airflow/example_dags/example_external_task_marker_dag.py took 0.050 seconds
[2024-06-18T14:34:46.585+0545] {processor.py:161} INFO - Started process (PID=8503) to work on /root/apache_env/lib/python3.10/site-packages/airflow/example_dags/example_external_task_marker_dag.py
[2024-06-18T14:34:46.586+0545] {processor.py:830} INFO - Processing file /root/apache_env/lib/python3.10/site-packages/airflow/example_dags/example_external_task_marker_dag.py for tasks to queue
[2024-06-18T14:34:46.588+0545] {logging_mixin.py:188} INFO - [2024-06-18T14:34:46.587+0545] {dagbag.py:545} INFO - Filling up the DagBag from /root/apache_env/lib/python3.10/site-packages/airflow/example_dags/example_external_task_marker_dag.py
[2024-06-18T14:34:46.592+0545] {processor.py:840} INFO - DAG(s) 'example_external_task_marker_child', 'example_external_task_marker_parent' retrieved from /root/apache_env/lib/python3.10/site-packages/airflow/example_dags/example_external_task_marker_dag.py
[2024-06-18T14:34:46.603+0545] {logging_mixin.py:188} INFO - [2024-06-18T14:34:46.603+0545] {dag.py:3096} INFO - Sync 2 DAGs
[2024-06-18T14:34:46.612+0545] {logging_mixin.py:188} INFO - [2024-06-18T14:34:46.611+0545] {dag.py:3954} INFO - Setting next_dagrun for example_external_task_marker_child to None, run_after=None
[2024-06-18T14:34:46.614+0545] {logging_mixin.py:188} INFO - [2024-06-18T14:34:46.614+0545] {dag.py:3954} INFO - Setting next_dagrun for example_external_task_marker_parent to None, run_after=None
[2024-06-18T14:34:46.630+0545] {processor.py:183} INFO - Processing /root/apache_env/lib/python3.10/site-packages/airflow/example_dags/example_external_task_marker_dag.py took 0.049 seconds
[2024-06-18T14:35:38.001+0545] {processor.py:161} INFO - Started process (PID=8658) to work on /root/apache_env/lib/python3.10/site-packages/airflow/example_dags/example_external_task_marker_dag.py
[2024-06-18T14:35:38.002+0545] {processor.py:830} INFO - Processing file /root/apache_env/lib/python3.10/site-packages/airflow/example_dags/example_external_task_marker_dag.py for tasks to queue
[2024-06-18T14:35:38.004+0545] {logging_mixin.py:188} INFO - [2024-06-18T14:35:38.003+0545] {dagbag.py:545} INFO - Filling up the DagBag from /root/apache_env/lib/python3.10/site-packages/airflow/example_dags/example_external_task_marker_dag.py
[2024-06-18T14:35:38.008+0545] {processor.py:840} INFO - DAG(s) 'example_external_task_marker_parent', 'example_external_task_marker_child' retrieved from /root/apache_env/lib/python3.10/site-packages/airflow/example_dags/example_external_task_marker_dag.py
[2024-06-18T14:35:38.019+0545] {logging_mixin.py:188} INFO - [2024-06-18T14:35:38.019+0545] {dag.py:3096} INFO - Sync 2 DAGs
[2024-06-18T14:35:38.027+0545] {logging_mixin.py:188} INFO - [2024-06-18T14:35:38.027+0545] {dag.py:3954} INFO - Setting next_dagrun for example_external_task_marker_child to None, run_after=None
[2024-06-18T14:35:38.029+0545] {logging_mixin.py:188} INFO - [2024-06-18T14:35:38.029+0545] {dag.py:3954} INFO - Setting next_dagrun for example_external_task_marker_parent to None, run_after=None
[2024-06-18T14:35:38.046+0545] {processor.py:183} INFO - Processing /root/apache_env/lib/python3.10/site-packages/airflow/example_dags/example_external_task_marker_dag.py took 0.049 seconds
[2024-06-18T14:36:42.470+0545] {processor.py:161} INFO - Started process (PID=8825) to work on /root/apache_env/lib/python3.10/site-packages/airflow/example_dags/example_external_task_marker_dag.py
[2024-06-18T14:36:42.471+0545] {processor.py:830} INFO - Processing file /root/apache_env/lib/python3.10/site-packages/airflow/example_dags/example_external_task_marker_dag.py for tasks to queue
[2024-06-18T14:36:42.473+0545] {logging_mixin.py:188} INFO - [2024-06-18T14:36:42.472+0545] {dagbag.py:545} INFO - Filling up the DagBag from /root/apache_env/lib/python3.10/site-packages/airflow/example_dags/example_external_task_marker_dag.py
[2024-06-18T14:36:42.477+0545] {processor.py:840} INFO - DAG(s) 'example_external_task_marker_parent', 'example_external_task_marker_child' retrieved from /root/apache_env/lib/python3.10/site-packages/airflow/example_dags/example_external_task_marker_dag.py
[2024-06-18T14:36:42.488+0545] {logging_mixin.py:188} INFO - [2024-06-18T14:36:42.488+0545] {dag.py:3096} INFO - Sync 2 DAGs
[2024-06-18T14:36:42.496+0545] {logging_mixin.py:188} INFO - [2024-06-18T14:36:42.496+0545] {dag.py:3954} INFO - Setting next_dagrun for example_external_task_marker_child to None, run_after=None
[2024-06-18T14:36:42.498+0545] {logging_mixin.py:188} INFO - [2024-06-18T14:36:42.498+0545] {dag.py:3954} INFO - Setting next_dagrun for example_external_task_marker_parent to None, run_after=None
[2024-06-18T14:36:42.514+0545] {processor.py:183} INFO - Processing /root/apache_env/lib/python3.10/site-packages/airflow/example_dags/example_external_task_marker_dag.py took 0.048 seconds
[2024-06-18T14:37:31.757+0545] {processor.py:161} INFO - Started process (PID=8947) to work on /root/apache_env/lib/python3.10/site-packages/airflow/example_dags/example_external_task_marker_dag.py
[2024-06-18T14:37:31.759+0545] {processor.py:830} INFO - Processing file /root/apache_env/lib/python3.10/site-packages/airflow/example_dags/example_external_task_marker_dag.py for tasks to queue
[2024-06-18T14:37:31.760+0545] {logging_mixin.py:188} INFO - [2024-06-18T14:37:31.760+0545] {dagbag.py:545} INFO - Filling up the DagBag from /root/apache_env/lib/python3.10/site-packages/airflow/example_dags/example_external_task_marker_dag.py
[2024-06-18T14:37:31.764+0545] {processor.py:840} INFO - DAG(s) 'example_external_task_marker_child', 'example_external_task_marker_parent' retrieved from /root/apache_env/lib/python3.10/site-packages/airflow/example_dags/example_external_task_marker_dag.py
[2024-06-18T14:37:31.775+0545] {logging_mixin.py:188} INFO - [2024-06-18T14:37:31.775+0545] {dag.py:3096} INFO - Sync 2 DAGs
[2024-06-18T14:37:31.784+0545] {logging_mixin.py:188} INFO - [2024-06-18T14:37:31.784+0545] {dag.py:3954} INFO - Setting next_dagrun for example_external_task_marker_child to None, run_after=None
[2024-06-18T14:37:31.786+0545] {logging_mixin.py:188} INFO - [2024-06-18T14:37:31.786+0545] {dag.py:3954} INFO - Setting next_dagrun for example_external_task_marker_parent to None, run_after=None
[2024-06-18T14:37:31.802+0545] {processor.py:183} INFO - Processing /root/apache_env/lib/python3.10/site-packages/airflow/example_dags/example_external_task_marker_dag.py took 0.049 seconds
[2024-06-18T14:38:38.746+0545] {processor.py:161} INFO - Started process (PID=9115) to work on /root/apache_env/lib/python3.10/site-packages/airflow/example_dags/example_external_task_marker_dag.py
[2024-06-18T14:38:38.747+0545] {processor.py:830} INFO - Processing file /root/apache_env/lib/python3.10/site-packages/airflow/example_dags/example_external_task_marker_dag.py for tasks to queue
[2024-06-18T14:38:38.748+0545] {logging_mixin.py:188} INFO - [2024-06-18T14:38:38.748+0545] {dagbag.py:545} INFO - Filling up the DagBag from /root/apache_env/lib/python3.10/site-packages/airflow/example_dags/example_external_task_marker_dag.py
[2024-06-18T14:38:38.753+0545] {processor.py:840} INFO - DAG(s) 'example_external_task_marker_parent', 'example_external_task_marker_child' retrieved from /root/apache_env/lib/python3.10/site-packages/airflow/example_dags/example_external_task_marker_dag.py
[2024-06-18T14:38:38.764+0545] {logging_mixin.py:188} INFO - [2024-06-18T14:38:38.764+0545] {dag.py:3096} INFO - Sync 2 DAGs
[2024-06-18T14:38:38.772+0545] {logging_mixin.py:188} INFO - [2024-06-18T14:38:38.772+0545] {dag.py:3954} INFO - Setting next_dagrun for example_external_task_marker_child to None, run_after=None
[2024-06-18T14:38:38.774+0545] {logging_mixin.py:188} INFO - [2024-06-18T14:38:38.774+0545] {dag.py:3954} INFO - Setting next_dagrun for example_external_task_marker_parent to None, run_after=None
[2024-06-18T14:38:38.790+0545] {processor.py:183} INFO - Processing /root/apache_env/lib/python3.10/site-packages/airflow/example_dags/example_external_task_marker_dag.py took 0.049 seconds
[2024-06-18T14:39:27.790+0545] {processor.py:161} INFO - Started process (PID=9239) to work on /root/apache_env/lib/python3.10/site-packages/airflow/example_dags/example_external_task_marker_dag.py
[2024-06-18T14:39:27.792+0545] {processor.py:830} INFO - Processing file /root/apache_env/lib/python3.10/site-packages/airflow/example_dags/example_external_task_marker_dag.py for tasks to queue
[2024-06-18T14:39:27.793+0545] {logging_mixin.py:188} INFO - [2024-06-18T14:39:27.793+0545] {dagbag.py:545} INFO - Filling up the DagBag from /root/apache_env/lib/python3.10/site-packages/airflow/example_dags/example_external_task_marker_dag.py
[2024-06-18T14:39:27.798+0545] {processor.py:840} INFO - DAG(s) 'example_external_task_marker_child', 'example_external_task_marker_parent' retrieved from /root/apache_env/lib/python3.10/site-packages/airflow/example_dags/example_external_task_marker_dag.py
[2024-06-18T14:39:27.815+0545] {logging_mixin.py:188} INFO - [2024-06-18T14:39:27.815+0545] {dag.py:3096} INFO - Sync 2 DAGs
[2024-06-18T14:39:27.824+0545] {logging_mixin.py:188} INFO - [2024-06-18T14:39:27.824+0545] {dag.py:3954} INFO - Setting next_dagrun for example_external_task_marker_child to None, run_after=None
[2024-06-18T14:39:27.826+0545] {logging_mixin.py:188} INFO - [2024-06-18T14:39:27.826+0545] {dag.py:3954} INFO - Setting next_dagrun for example_external_task_marker_parent to None, run_after=None
[2024-06-18T14:39:27.842+0545] {processor.py:183} INFO - Processing /root/apache_env/lib/python3.10/site-packages/airflow/example_dags/example_external_task_marker_dag.py took 0.055 seconds
[2024-06-18T14:40:36.560+0545] {processor.py:161} INFO - Started process (PID=9411) to work on /root/apache_env/lib/python3.10/site-packages/airflow/example_dags/example_external_task_marker_dag.py
[2024-06-18T14:40:36.562+0545] {processor.py:830} INFO - Processing file /root/apache_env/lib/python3.10/site-packages/airflow/example_dags/example_external_task_marker_dag.py for tasks to queue
[2024-06-18T14:40:36.563+0545] {logging_mixin.py:188} INFO - [2024-06-18T14:40:36.563+0545] {dagbag.py:545} INFO - Filling up the DagBag from /root/apache_env/lib/python3.10/site-packages/airflow/example_dags/example_external_task_marker_dag.py
[2024-06-18T14:40:36.567+0545] {processor.py:840} INFO - DAG(s) 'example_external_task_marker_child', 'example_external_task_marker_parent' retrieved from /root/apache_env/lib/python3.10/site-packages/airflow/example_dags/example_external_task_marker_dag.py
[2024-06-18T14:40:36.579+0545] {logging_mixin.py:188} INFO - [2024-06-18T14:40:36.579+0545] {dag.py:3096} INFO - Sync 2 DAGs
[2024-06-18T14:40:36.588+0545] {logging_mixin.py:188} INFO - [2024-06-18T14:40:36.587+0545] {dag.py:3954} INFO - Setting next_dagrun for example_external_task_marker_child to None, run_after=None
[2024-06-18T14:40:36.590+0545] {logging_mixin.py:188} INFO - [2024-06-18T14:40:36.590+0545] {dag.py:3954} INFO - Setting next_dagrun for example_external_task_marker_parent to None, run_after=None
[2024-06-18T14:40:36.606+0545] {processor.py:183} INFO - Processing /root/apache_env/lib/python3.10/site-packages/airflow/example_dags/example_external_task_marker_dag.py took 0.050 seconds
[2024-06-18T14:41:24.117+0545] {processor.py:161} INFO - Started process (PID=9529) to work on /root/apache_env/lib/python3.10/site-packages/airflow/example_dags/example_external_task_marker_dag.py
[2024-06-18T14:41:24.118+0545] {processor.py:830} INFO - Processing file /root/apache_env/lib/python3.10/site-packages/airflow/example_dags/example_external_task_marker_dag.py for tasks to queue
[2024-06-18T14:41:24.119+0545] {logging_mixin.py:188} INFO - [2024-06-18T14:41:24.119+0545] {dagbag.py:545} INFO - Filling up the DagBag from /root/apache_env/lib/python3.10/site-packages/airflow/example_dags/example_external_task_marker_dag.py
[2024-06-18T14:41:24.123+0545] {processor.py:840} INFO - DAG(s) 'example_external_task_marker_child', 'example_external_task_marker_parent' retrieved from /root/apache_env/lib/python3.10/site-packages/airflow/example_dags/example_external_task_marker_dag.py
[2024-06-18T14:41:24.135+0545] {logging_mixin.py:188} INFO - [2024-06-18T14:41:24.135+0545] {dag.py:3096} INFO - Sync 2 DAGs
[2024-06-18T14:41:24.142+0545] {logging_mixin.py:188} INFO - [2024-06-18T14:41:24.142+0545] {dag.py:3954} INFO - Setting next_dagrun for example_external_task_marker_child to None, run_after=None
[2024-06-18T14:41:24.145+0545] {logging_mixin.py:188} INFO - [2024-06-18T14:41:24.145+0545] {dag.py:3954} INFO - Setting next_dagrun for example_external_task_marker_parent to None, run_after=None
[2024-06-18T14:41:24.160+0545] {processor.py:183} INFO - Processing /root/apache_env/lib/python3.10/site-packages/airflow/example_dags/example_external_task_marker_dag.py took 0.047 seconds
[2024-06-18T14:42:28.587+0545] {processor.py:161} INFO - Started process (PID=9693) to work on /root/apache_env/lib/python3.10/site-packages/airflow/example_dags/example_external_task_marker_dag.py
[2024-06-18T14:42:28.589+0545] {processor.py:830} INFO - Processing file /root/apache_env/lib/python3.10/site-packages/airflow/example_dags/example_external_task_marker_dag.py for tasks to queue
[2024-06-18T14:42:28.590+0545] {logging_mixin.py:188} INFO - [2024-06-18T14:42:28.590+0545] {dagbag.py:545} INFO - Filling up the DagBag from /root/apache_env/lib/python3.10/site-packages/airflow/example_dags/example_external_task_marker_dag.py
[2024-06-18T14:42:28.594+0545] {processor.py:840} INFO - DAG(s) 'example_external_task_marker_parent', 'example_external_task_marker_child' retrieved from /root/apache_env/lib/python3.10/site-packages/airflow/example_dags/example_external_task_marker_dag.py
[2024-06-18T14:42:28.605+0545] {logging_mixin.py:188} INFO - [2024-06-18T14:42:28.605+0545] {dag.py:3096} INFO - Sync 2 DAGs
[2024-06-18T14:42:28.613+0545] {logging_mixin.py:188} INFO - [2024-06-18T14:42:28.613+0545] {dag.py:3954} INFO - Setting next_dagrun for example_external_task_marker_child to None, run_after=None
[2024-06-18T14:42:28.616+0545] {logging_mixin.py:188} INFO - [2024-06-18T14:42:28.616+0545] {dag.py:3954} INFO - Setting next_dagrun for example_external_task_marker_parent to None, run_after=None
[2024-06-18T14:42:28.632+0545] {processor.py:183} INFO - Processing /root/apache_env/lib/python3.10/site-packages/airflow/example_dags/example_external_task_marker_dag.py took 0.049 seconds
[2024-06-18T14:43:36.249+0545] {processor.py:161} INFO - Started process (PID=9862) to work on /root/apache_env/lib/python3.10/site-packages/airflow/example_dags/example_external_task_marker_dag.py
[2024-06-18T14:43:36.250+0545] {processor.py:830} INFO - Processing file /root/apache_env/lib/python3.10/site-packages/airflow/example_dags/example_external_task_marker_dag.py for tasks to queue
[2024-06-18T14:43:36.252+0545] {logging_mixin.py:188} INFO - [2024-06-18T14:43:36.251+0545] {dagbag.py:545} INFO - Filling up the DagBag from /root/apache_env/lib/python3.10/site-packages/airflow/example_dags/example_external_task_marker_dag.py
[2024-06-18T14:43:36.256+0545] {processor.py:840} INFO - DAG(s) 'example_external_task_marker_child', 'example_external_task_marker_parent' retrieved from /root/apache_env/lib/python3.10/site-packages/airflow/example_dags/example_external_task_marker_dag.py
[2024-06-18T14:43:36.270+0545] {logging_mixin.py:188} INFO - [2024-06-18T14:43:36.270+0545] {dag.py:3096} INFO - Sync 2 DAGs
[2024-06-18T14:43:36.280+0545] {logging_mixin.py:188} INFO - [2024-06-18T14:43:36.280+0545] {dag.py:3954} INFO - Setting next_dagrun for example_external_task_marker_child to None, run_after=None
[2024-06-18T14:43:36.283+0545] {logging_mixin.py:188} INFO - [2024-06-18T14:43:36.283+0545] {dag.py:3954} INFO - Setting next_dagrun for example_external_task_marker_parent to None, run_after=None
[2024-06-18T14:43:36.299+0545] {processor.py:183} INFO - Processing /root/apache_env/lib/python3.10/site-packages/airflow/example_dags/example_external_task_marker_dag.py took 0.054 seconds
[2024-06-18T14:44:43.814+0545] {processor.py:161} INFO - Started process (PID=10032) to work on /root/apache_env/lib/python3.10/site-packages/airflow/example_dags/example_external_task_marker_dag.py
[2024-06-18T14:44:43.815+0545] {processor.py:830} INFO - Processing file /root/apache_env/lib/python3.10/site-packages/airflow/example_dags/example_external_task_marker_dag.py for tasks to queue
[2024-06-18T14:44:43.817+0545] {logging_mixin.py:188} INFO - [2024-06-18T14:44:43.816+0545] {dagbag.py:545} INFO - Filling up the DagBag from /root/apache_env/lib/python3.10/site-packages/airflow/example_dags/example_external_task_marker_dag.py
[2024-06-18T14:44:43.821+0545] {processor.py:840} INFO - DAG(s) 'example_external_task_marker_parent', 'example_external_task_marker_child' retrieved from /root/apache_env/lib/python3.10/site-packages/airflow/example_dags/example_external_task_marker_dag.py
[2024-06-18T14:44:43.832+0545] {logging_mixin.py:188} INFO - [2024-06-18T14:44:43.832+0545] {dag.py:3096} INFO - Sync 2 DAGs
[2024-06-18T14:44:43.840+0545] {logging_mixin.py:188} INFO - [2024-06-18T14:44:43.840+0545] {dag.py:3954} INFO - Setting next_dagrun for example_external_task_marker_child to None, run_after=None
[2024-06-18T14:44:43.842+0545] {logging_mixin.py:188} INFO - [2024-06-18T14:44:43.842+0545] {dag.py:3954} INFO - Setting next_dagrun for example_external_task_marker_parent to None, run_after=None
[2024-06-18T14:44:43.859+0545] {processor.py:183} INFO - Processing /root/apache_env/lib/python3.10/site-packages/airflow/example_dags/example_external_task_marker_dag.py took 0.049 seconds
[2024-06-18T14:45:36.420+0545] {processor.py:161} INFO - Started process (PID=10190) to work on /root/apache_env/lib/python3.10/site-packages/airflow/example_dags/example_external_task_marker_dag.py
[2024-06-18T14:45:36.421+0545] {processor.py:830} INFO - Processing file /root/apache_env/lib/python3.10/site-packages/airflow/example_dags/example_external_task_marker_dag.py for tasks to queue
[2024-06-18T14:45:36.422+0545] {logging_mixin.py:188} INFO - [2024-06-18T14:45:36.422+0545] {dagbag.py:545} INFO - Filling up the DagBag from /root/apache_env/lib/python3.10/site-packages/airflow/example_dags/example_external_task_marker_dag.py
[2024-06-18T14:45:36.426+0545] {processor.py:840} INFO - DAG(s) 'example_external_task_marker_parent', 'example_external_task_marker_child' retrieved from /root/apache_env/lib/python3.10/site-packages/airflow/example_dags/example_external_task_marker_dag.py
[2024-06-18T14:45:36.438+0545] {logging_mixin.py:188} INFO - [2024-06-18T14:45:36.438+0545] {dag.py:3096} INFO - Sync 2 DAGs
[2024-06-18T14:45:36.445+0545] {logging_mixin.py:188} INFO - [2024-06-18T14:45:36.445+0545] {dag.py:3954} INFO - Setting next_dagrun for example_external_task_marker_child to None, run_after=None
[2024-06-18T14:45:36.448+0545] {logging_mixin.py:188} INFO - [2024-06-18T14:45:36.448+0545] {dag.py:3954} INFO - Setting next_dagrun for example_external_task_marker_parent to None, run_after=None
[2024-06-18T14:45:36.464+0545] {processor.py:183} INFO - Processing /root/apache_env/lib/python3.10/site-packages/airflow/example_dags/example_external_task_marker_dag.py took 0.049 seconds
[2024-06-18T14:46:26.942+0545] {processor.py:161} INFO - Started process (PID=10315) to work on /root/apache_env/lib/python3.10/site-packages/airflow/example_dags/example_external_task_marker_dag.py
[2024-06-18T14:46:26.943+0545] {processor.py:830} INFO - Processing file /root/apache_env/lib/python3.10/site-packages/airflow/example_dags/example_external_task_marker_dag.py for tasks to queue
[2024-06-18T14:46:26.944+0545] {logging_mixin.py:188} INFO - [2024-06-18T14:46:26.944+0545] {dagbag.py:545} INFO - Filling up the DagBag from /root/apache_env/lib/python3.10/site-packages/airflow/example_dags/example_external_task_marker_dag.py
[2024-06-18T14:46:26.949+0545] {processor.py:840} INFO - DAG(s) 'example_external_task_marker_child', 'example_external_task_marker_parent' retrieved from /root/apache_env/lib/python3.10/site-packages/airflow/example_dags/example_external_task_marker_dag.py
[2024-06-18T14:46:26.961+0545] {logging_mixin.py:188} INFO - [2024-06-18T14:46:26.961+0545] {dag.py:3096} INFO - Sync 2 DAGs
[2024-06-18T14:46:26.970+0545] {logging_mixin.py:188} INFO - [2024-06-18T14:46:26.970+0545] {dag.py:3954} INFO - Setting next_dagrun for example_external_task_marker_child to None, run_after=None
[2024-06-18T14:46:26.972+0545] {logging_mixin.py:188} INFO - [2024-06-18T14:46:26.972+0545] {dag.py:3954} INFO - Setting next_dagrun for example_external_task_marker_parent to None, run_after=None
[2024-06-18T14:46:26.988+0545] {processor.py:183} INFO - Processing /root/apache_env/lib/python3.10/site-packages/airflow/example_dags/example_external_task_marker_dag.py took 0.050 seconds
[2024-06-18T14:47:29.967+0545] {processor.py:161} INFO - Started process (PID=10478) to work on /root/apache_env/lib/python3.10/site-packages/airflow/example_dags/example_external_task_marker_dag.py
[2024-06-18T14:47:29.968+0545] {processor.py:830} INFO - Processing file /root/apache_env/lib/python3.10/site-packages/airflow/example_dags/example_external_task_marker_dag.py for tasks to queue
[2024-06-18T14:47:29.970+0545] {logging_mixin.py:188} INFO - [2024-06-18T14:47:29.969+0545] {dagbag.py:545} INFO - Filling up the DagBag from /root/apache_env/lib/python3.10/site-packages/airflow/example_dags/example_external_task_marker_dag.py
[2024-06-18T14:47:29.974+0545] {processor.py:840} INFO - DAG(s) 'example_external_task_marker_parent', 'example_external_task_marker_child' retrieved from /root/apache_env/lib/python3.10/site-packages/airflow/example_dags/example_external_task_marker_dag.py
[2024-06-18T14:47:29.985+0545] {logging_mixin.py:188} INFO - [2024-06-18T14:47:29.985+0545] {dag.py:3096} INFO - Sync 2 DAGs
[2024-06-18T14:47:29.993+0545] {logging_mixin.py:188} INFO - [2024-06-18T14:47:29.993+0545] {dag.py:3954} INFO - Setting next_dagrun for example_external_task_marker_child to None, run_after=None
[2024-06-18T14:47:29.995+0545] {logging_mixin.py:188} INFO - [2024-06-18T14:47:29.995+0545] {dag.py:3954} INFO - Setting next_dagrun for example_external_task_marker_parent to None, run_after=None
[2024-06-18T14:47:30.011+0545] {processor.py:183} INFO - Processing /root/apache_env/lib/python3.10/site-packages/airflow/example_dags/example_external_task_marker_dag.py took 0.048 seconds
[2024-06-18T14:48:34.979+0545] {processor.py:161} INFO - Started process (PID=10642) to work on /root/apache_env/lib/python3.10/site-packages/airflow/example_dags/example_external_task_marker_dag.py
[2024-06-18T14:48:34.981+0545] {processor.py:830} INFO - Processing file /root/apache_env/lib/python3.10/site-packages/airflow/example_dags/example_external_task_marker_dag.py for tasks to queue
[2024-06-18T14:48:34.982+0545] {logging_mixin.py:188} INFO - [2024-06-18T14:48:34.982+0545] {dagbag.py:545} INFO - Filling up the DagBag from /root/apache_env/lib/python3.10/site-packages/airflow/example_dags/example_external_task_marker_dag.py
[2024-06-18T14:48:34.986+0545] {processor.py:840} INFO - DAG(s) 'example_external_task_marker_parent', 'example_external_task_marker_child' retrieved from /root/apache_env/lib/python3.10/site-packages/airflow/example_dags/example_external_task_marker_dag.py
[2024-06-18T14:48:34.998+0545] {logging_mixin.py:188} INFO - [2024-06-18T14:48:34.998+0545] {dag.py:3096} INFO - Sync 2 DAGs
[2024-06-18T14:48:35.006+0545] {logging_mixin.py:188} INFO - [2024-06-18T14:48:35.006+0545] {dag.py:3954} INFO - Setting next_dagrun for example_external_task_marker_child to None, run_after=None
[2024-06-18T14:48:35.008+0545] {logging_mixin.py:188} INFO - [2024-06-18T14:48:35.008+0545] {dag.py:3954} INFO - Setting next_dagrun for example_external_task_marker_parent to None, run_after=None
[2024-06-18T14:48:35.024+0545] {processor.py:183} INFO - Processing /root/apache_env/lib/python3.10/site-packages/airflow/example_dags/example_external_task_marker_dag.py took 0.048 seconds
[2024-06-18T14:49:43.428+0545] {processor.py:161} INFO - Started process (PID=10815) to work on /root/apache_env/lib/python3.10/site-packages/airflow/example_dags/example_external_task_marker_dag.py
[2024-06-18T14:49:43.430+0545] {processor.py:830} INFO - Processing file /root/apache_env/lib/python3.10/site-packages/airflow/example_dags/example_external_task_marker_dag.py for tasks to queue
[2024-06-18T14:49:43.431+0545] {logging_mixin.py:188} INFO - [2024-06-18T14:49:43.431+0545] {dagbag.py:545} INFO - Filling up the DagBag from /root/apache_env/lib/python3.10/site-packages/airflow/example_dags/example_external_task_marker_dag.py
[2024-06-18T14:49:43.435+0545] {processor.py:840} INFO - DAG(s) 'example_external_task_marker_child', 'example_external_task_marker_parent' retrieved from /root/apache_env/lib/python3.10/site-packages/airflow/example_dags/example_external_task_marker_dag.py
[2024-06-18T14:49:43.447+0545] {logging_mixin.py:188} INFO - [2024-06-18T14:49:43.447+0545] {dag.py:3096} INFO - Sync 2 DAGs
[2024-06-18T14:49:43.455+0545] {logging_mixin.py:188} INFO - [2024-06-18T14:49:43.455+0545] {dag.py:3954} INFO - Setting next_dagrun for example_external_task_marker_child to None, run_after=None
[2024-06-18T14:49:43.457+0545] {logging_mixin.py:188} INFO - [2024-06-18T14:49:43.457+0545] {dag.py:3954} INFO - Setting next_dagrun for example_external_task_marker_parent to None, run_after=None
[2024-06-18T14:49:43.473+0545] {processor.py:183} INFO - Processing /root/apache_env/lib/python3.10/site-packages/airflow/example_dags/example_external_task_marker_dag.py took 0.049 seconds
[2024-06-18T14:50:48.653+0545] {processor.py:161} INFO - Started process (PID=10982) to work on /root/apache_env/lib/python3.10/site-packages/airflow/example_dags/example_external_task_marker_dag.py
[2024-06-18T14:50:48.655+0545] {processor.py:830} INFO - Processing file /root/apache_env/lib/python3.10/site-packages/airflow/example_dags/example_external_task_marker_dag.py for tasks to queue
[2024-06-18T14:50:48.656+0545] {logging_mixin.py:188} INFO - [2024-06-18T14:50:48.656+0545] {dagbag.py:545} INFO - Filling up the DagBag from /root/apache_env/lib/python3.10/site-packages/airflow/example_dags/example_external_task_marker_dag.py
[2024-06-18T14:50:48.660+0545] {processor.py:840} INFO - DAG(s) 'example_external_task_marker_child', 'example_external_task_marker_parent' retrieved from /root/apache_env/lib/python3.10/site-packages/airflow/example_dags/example_external_task_marker_dag.py
[2024-06-18T14:50:48.673+0545] {logging_mixin.py:188} INFO - [2024-06-18T14:50:48.673+0545] {dag.py:3096} INFO - Sync 2 DAGs
[2024-06-18T14:50:48.682+0545] {logging_mixin.py:188} INFO - [2024-06-18T14:50:48.682+0545] {dag.py:3954} INFO - Setting next_dagrun for example_external_task_marker_child to None, run_after=None
[2024-06-18T14:50:48.684+0545] {logging_mixin.py:188} INFO - [2024-06-18T14:50:48.684+0545] {dag.py:3954} INFO - Setting next_dagrun for example_external_task_marker_parent to None, run_after=None
[2024-06-18T14:50:48.700+0545] {processor.py:183} INFO - Processing /root/apache_env/lib/python3.10/site-packages/airflow/example_dags/example_external_task_marker_dag.py took 0.051 seconds
[2024-06-18T14:51:52.017+0545] {processor.py:161} INFO - Started process (PID=11143) to work on /root/apache_env/lib/python3.10/site-packages/airflow/example_dags/example_external_task_marker_dag.py
[2024-06-18T14:51:52.018+0545] {processor.py:830} INFO - Processing file /root/apache_env/lib/python3.10/site-packages/airflow/example_dags/example_external_task_marker_dag.py for tasks to queue
[2024-06-18T14:51:52.019+0545] {logging_mixin.py:188} INFO - [2024-06-18T14:51:52.019+0545] {dagbag.py:545} INFO - Filling up the DagBag from /root/apache_env/lib/python3.10/site-packages/airflow/example_dags/example_external_task_marker_dag.py
[2024-06-18T14:51:52.025+0545] {processor.py:840} INFO - DAG(s) 'example_external_task_marker_parent', 'example_external_task_marker_child' retrieved from /root/apache_env/lib/python3.10/site-packages/airflow/example_dags/example_external_task_marker_dag.py
[2024-06-18T14:51:52.038+0545] {logging_mixin.py:188} INFO - [2024-06-18T14:51:52.038+0545] {dag.py:3096} INFO - Sync 2 DAGs
[2024-06-18T14:51:52.047+0545] {logging_mixin.py:188} INFO - [2024-06-18T14:51:52.047+0545] {dag.py:3954} INFO - Setting next_dagrun for example_external_task_marker_child to None, run_after=None
[2024-06-18T14:51:52.049+0545] {logging_mixin.py:188} INFO - [2024-06-18T14:51:52.049+0545] {dag.py:3954} INFO - Setting next_dagrun for example_external_task_marker_parent to None, run_after=None
[2024-06-18T14:51:52.065+0545] {processor.py:183} INFO - Processing /root/apache_env/lib/python3.10/site-packages/airflow/example_dags/example_external_task_marker_dag.py took 0.053 seconds
