[2024-06-18T14:13:03.748+0545] {processor.py:161} INFO - Started process (PID=5134) to work on /root/apache_env/lib/python3.10/site-packages/airflow/example_dags/example_latest_only.py
[2024-06-18T14:13:03.749+0545] {processor.py:830} INFO - Processing file /root/apache_env/lib/python3.10/site-packages/airflow/example_dags/example_latest_only.py for tasks to queue
[2024-06-18T14:13:03.750+0545] {logging_mixin.py:188} INFO - [2024-06-18T14:13:03.750+0545] {dagbag.py:545} INFO - Filling up the DagBag from /root/apache_env/lib/python3.10/site-packages/airflow/example_dags/example_latest_only.py
[2024-06-18T14:13:03.754+0545] {processor.py:840} INFO - DAG(s) 'latest_only' retrieved from /root/apache_env/lib/python3.10/site-packages/airflow/example_dags/example_latest_only.py
[2024-06-18T14:13:03.823+0545] {logging_mixin.py:188} INFO - [2024-06-18T14:13:03.823+0545] {override.py:1829} INFO - Created Permission View: can delete on DAG:latest_only
[2024-06-18T14:13:03.832+0545] {logging_mixin.py:188} INFO - [2024-06-18T14:13:03.831+0545] {override.py:1829} INFO - Created Permission View: can read on DAG:latest_only
[2024-06-18T14:13:03.839+0545] {logging_mixin.py:188} INFO - [2024-06-18T14:13:03.838+0545] {override.py:1829} INFO - Created Permission View: can edit on DAG:latest_only
[2024-06-18T14:13:03.839+0545] {logging_mixin.py:188} INFO - [2024-06-18T14:13:03.839+0545] {dag.py:3096} INFO - Sync 1 DAGs
[2024-06-18T14:13:03.848+0545] {logging_mixin.py:188} INFO - [2024-06-18T14:13:03.847+0545] {dag.py:3118} INFO - Creating ORM DAG for latest_only
[2024-06-18T14:13:03.920+0545] {logging_mixin.py:188} INFO - [2024-06-18T14:13:03.920+0545] {dag.py:3954} INFO - Setting next_dagrun for latest_only to 2024-06-18 04:00:00+00:00, run_after=2024-06-18 08:00:00+00:00
[2024-06-18T14:13:03.937+0545] {processor.py:183} INFO - Processing /root/apache_env/lib/python3.10/site-packages/airflow/example_dags/example_latest_only.py took 0.193 seconds
[2024-06-18T14:15:10.938+0545] {processor.py:161} INFO - Started process (PID=5426) to work on /root/apache_env/lib/python3.10/site-packages/airflow/example_dags/example_latest_only.py
[2024-06-18T14:15:10.941+0545] {processor.py:830} INFO - Processing file /root/apache_env/lib/python3.10/site-packages/airflow/example_dags/example_latest_only.py for tasks to queue
[2024-06-18T14:15:10.943+0545] {logging_mixin.py:188} INFO - [2024-06-18T14:15:10.942+0545] {dagbag.py:545} INFO - Filling up the DagBag from /root/apache_env/lib/python3.10/site-packages/airflow/example_dags/example_latest_only.py
[2024-06-18T14:15:10.947+0545] {processor.py:840} INFO - DAG(s) 'latest_only' retrieved from /root/apache_env/lib/python3.10/site-packages/airflow/example_dags/example_latest_only.py
[2024-06-18T14:15:10.961+0545] {logging_mixin.py:188} INFO - [2024-06-18T14:15:10.961+0545] {dag.py:3096} INFO - Sync 1 DAGs
[2024-06-18T14:15:10.982+0545] {logging_mixin.py:188} INFO - [2024-06-18T14:15:10.981+0545] {dag.py:3954} INFO - Setting next_dagrun for latest_only to 2024-06-18 04:00:00+00:00, run_after=2024-06-18 08:00:00+00:00
[2024-06-18T14:15:10.999+0545] {processor.py:183} INFO - Processing /root/apache_env/lib/python3.10/site-packages/airflow/example_dags/example_latest_only.py took 0.065 seconds
[2024-06-18T14:16:35.539+0545] {processor.py:161} INFO - Started process (PID=5651) to work on /root/apache_env/lib/python3.10/site-packages/airflow/example_dags/example_latest_only.py
[2024-06-18T14:16:35.540+0545] {processor.py:830} INFO - Processing file /root/apache_env/lib/python3.10/site-packages/airflow/example_dags/example_latest_only.py for tasks to queue
[2024-06-18T14:16:35.541+0545] {logging_mixin.py:188} INFO - [2024-06-18T14:16:35.541+0545] {dagbag.py:545} INFO - Filling up the DagBag from /root/apache_env/lib/python3.10/site-packages/airflow/example_dags/example_latest_only.py
[2024-06-18T14:16:35.545+0545] {processor.py:840} INFO - DAG(s) 'latest_only' retrieved from /root/apache_env/lib/python3.10/site-packages/airflow/example_dags/example_latest_only.py
[2024-06-18T14:16:35.602+0545] {logging_mixin.py:188} INFO - [2024-06-18T14:16:35.601+0545] {dag.py:3096} INFO - Sync 1 DAGs
[2024-06-18T14:16:35.668+0545] {logging_mixin.py:188} INFO - [2024-06-18T14:16:35.668+0545] {dag.py:3954} INFO - Setting next_dagrun for latest_only to 2024-06-18 04:00:00+00:00, run_after=2024-06-18 08:00:00+00:00
[2024-06-18T14:16:35.686+0545] {processor.py:183} INFO - Processing /root/apache_env/lib/python3.10/site-packages/airflow/example_dags/example_latest_only.py took 0.151 seconds
[2024-06-18T14:17:30.484+0545] {processor.py:161} INFO - Started process (PID=5790) to work on /root/apache_env/lib/python3.10/site-packages/airflow/example_dags/example_latest_only.py
[2024-06-18T14:17:30.486+0545] {processor.py:830} INFO - Processing file /root/apache_env/lib/python3.10/site-packages/airflow/example_dags/example_latest_only.py for tasks to queue
[2024-06-18T14:17:30.487+0545] {logging_mixin.py:188} INFO - [2024-06-18T14:17:30.487+0545] {dagbag.py:545} INFO - Filling up the DagBag from /root/apache_env/lib/python3.10/site-packages/airflow/example_dags/example_latest_only.py
[2024-06-18T14:17:30.491+0545] {processor.py:840} INFO - DAG(s) 'latest_only' retrieved from /root/apache_env/lib/python3.10/site-packages/airflow/example_dags/example_latest_only.py
[2024-06-18T14:17:30.502+0545] {logging_mixin.py:188} INFO - [2024-06-18T14:17:30.501+0545] {dag.py:3096} INFO - Sync 1 DAGs
[2024-06-18T14:17:30.515+0545] {logging_mixin.py:188} INFO - [2024-06-18T14:17:30.514+0545] {dag.py:3954} INFO - Setting next_dagrun for latest_only to 2024-06-18 04:00:00+00:00, run_after=2024-06-18 08:00:00+00:00
[2024-06-18T14:17:30.532+0545] {processor.py:183} INFO - Processing /root/apache_env/lib/python3.10/site-packages/airflow/example_dags/example_latest_only.py took 0.051 seconds
[2024-06-18T14:18:43.454+0545] {processor.py:161} INFO - Started process (PID=5924) to work on /root/apache_env/lib/python3.10/site-packages/airflow/example_dags/example_latest_only.py
[2024-06-18T14:18:43.455+0545] {processor.py:830} INFO - Processing file /root/apache_env/lib/python3.10/site-packages/airflow/example_dags/example_latest_only.py for tasks to queue
[2024-06-18T14:18:43.456+0545] {logging_mixin.py:188} INFO - [2024-06-18T14:18:43.455+0545] {dagbag.py:545} INFO - Filling up the DagBag from /root/apache_env/lib/python3.10/site-packages/airflow/example_dags/example_latest_only.py
[2024-06-18T14:18:43.460+0545] {processor.py:840} INFO - DAG(s) 'latest_only' retrieved from /root/apache_env/lib/python3.10/site-packages/airflow/example_dags/example_latest_only.py
[2024-06-18T14:18:43.470+0545] {logging_mixin.py:188} INFO - [2024-06-18T14:18:43.470+0545] {dag.py:3096} INFO - Sync 1 DAGs
[2024-06-18T14:18:43.485+0545] {logging_mixin.py:188} INFO - [2024-06-18T14:18:43.484+0545] {dag.py:3954} INFO - Setting next_dagrun for latest_only to 2024-06-18 04:00:00+00:00, run_after=2024-06-18 08:00:00+00:00
[2024-06-18T14:18:43.501+0545] {processor.py:183} INFO - Processing /root/apache_env/lib/python3.10/site-packages/airflow/example_dags/example_latest_only.py took 0.052 seconds
[2024-06-18T14:22:51.175+0545] {processor.py:161} INFO - Started process (PID=6637) to work on /root/apache_env/lib/python3.10/site-packages/airflow/example_dags/example_latest_only.py
[2024-06-18T14:22:51.176+0545] {processor.py:830} INFO - Processing file /root/apache_env/lib/python3.10/site-packages/airflow/example_dags/example_latest_only.py for tasks to queue
[2024-06-18T14:22:51.177+0545] {logging_mixin.py:188} INFO - [2024-06-18T14:22:51.177+0545] {dagbag.py:545} INFO - Filling up the DagBag from /root/apache_env/lib/python3.10/site-packages/airflow/example_dags/example_latest_only.py
[2024-06-18T14:22:51.181+0545] {processor.py:840} INFO - DAG(s) 'latest_only' retrieved from /root/apache_env/lib/python3.10/site-packages/airflow/example_dags/example_latest_only.py
[2024-06-18T14:22:51.242+0545] {logging_mixin.py:188} INFO - [2024-06-18T14:22:51.242+0545] {dag.py:3096} INFO - Sync 1 DAGs
[2024-06-18T14:22:51.310+0545] {logging_mixin.py:188} INFO - [2024-06-18T14:22:51.309+0545] {dag.py:3954} INFO - Setting next_dagrun for latest_only to 2024-06-18 04:00:00+00:00, run_after=2024-06-18 08:00:00+00:00
[2024-06-18T14:22:51.327+0545] {processor.py:183} INFO - Processing /root/apache_env/lib/python3.10/site-packages/airflow/example_dags/example_latest_only.py took 0.157 seconds
[2024-06-18T14:23:55.165+0545] {processor.py:161} INFO - Started process (PID=6820) to work on /root/apache_env/lib/python3.10/site-packages/airflow/example_dags/example_latest_only.py
[2024-06-18T14:23:55.167+0545] {processor.py:830} INFO - Processing file /root/apache_env/lib/python3.10/site-packages/airflow/example_dags/example_latest_only.py for tasks to queue
[2024-06-18T14:23:55.168+0545] {logging_mixin.py:188} INFO - [2024-06-18T14:23:55.168+0545] {dagbag.py:545} INFO - Filling up the DagBag from /root/apache_env/lib/python3.10/site-packages/airflow/example_dags/example_latest_only.py
[2024-06-18T14:23:55.172+0545] {processor.py:840} INFO - DAG(s) 'latest_only' retrieved from /root/apache_env/lib/python3.10/site-packages/airflow/example_dags/example_latest_only.py
[2024-06-18T14:23:55.181+0545] {logging_mixin.py:188} INFO - [2024-06-18T14:23:55.181+0545] {dag.py:3096} INFO - Sync 1 DAGs
[2024-06-18T14:23:55.193+0545] {logging_mixin.py:188} INFO - [2024-06-18T14:23:55.193+0545] {dag.py:3954} INFO - Setting next_dagrun for latest_only to 2024-06-18 04:00:00+00:00, run_after=2024-06-18 08:00:00+00:00
[2024-06-18T14:23:55.212+0545] {processor.py:183} INFO - Processing /root/apache_env/lib/python3.10/site-packages/airflow/example_dags/example_latest_only.py took 0.050 seconds
[2024-06-18T14:24:49.439+0545] {processor.py:161} INFO - Started process (PID=6957) to work on /root/apache_env/lib/python3.10/site-packages/airflow/example_dags/example_latest_only.py
[2024-06-18T14:24:49.440+0545] {processor.py:830} INFO - Processing file /root/apache_env/lib/python3.10/site-packages/airflow/example_dags/example_latest_only.py for tasks to queue
[2024-06-18T14:24:49.442+0545] {logging_mixin.py:188} INFO - [2024-06-18T14:24:49.441+0545] {dagbag.py:545} INFO - Filling up the DagBag from /root/apache_env/lib/python3.10/site-packages/airflow/example_dags/example_latest_only.py
[2024-06-18T14:24:49.508+0545] {processor.py:840} INFO - DAG(s) 'latest_only' retrieved from /root/apache_env/lib/python3.10/site-packages/airflow/example_dags/example_latest_only.py
[2024-06-18T14:24:49.515+0545] {logging_mixin.py:188} INFO - [2024-06-18T14:24:49.515+0545] {dag.py:3096} INFO - Sync 1 DAGs
[2024-06-18T14:24:49.528+0545] {logging_mixin.py:188} INFO - [2024-06-18T14:24:49.528+0545] {dag.py:3954} INFO - Setting next_dagrun for latest_only to 2024-06-18 04:00:00+00:00, run_after=2024-06-18 08:00:00+00:00
[2024-06-18T14:24:49.544+0545] {processor.py:183} INFO - Processing /root/apache_env/lib/python3.10/site-packages/airflow/example_dags/example_latest_only.py took 0.109 seconds
[2024-06-18T14:27:48.861+0545] {processor.py:161} INFO - Started process (PID=7460) to work on /root/apache_env/lib/python3.10/site-packages/airflow/example_dags/example_latest_only.py
[2024-06-18T14:27:48.863+0545] {processor.py:830} INFO - Processing file /root/apache_env/lib/python3.10/site-packages/airflow/example_dags/example_latest_only.py for tasks to queue
[2024-06-18T14:27:48.866+0545] {logging_mixin.py:188} INFO - [2024-06-18T14:27:48.866+0545] {dagbag.py:545} INFO - Filling up the DagBag from /root/apache_env/lib/python3.10/site-packages/airflow/example_dags/example_latest_only.py
[2024-06-18T14:27:48.870+0545] {processor.py:840} INFO - DAG(s) 'latest_only' retrieved from /root/apache_env/lib/python3.10/site-packages/airflow/example_dags/example_latest_only.py
[2024-06-18T14:27:48.942+0545] {logging_mixin.py:188} INFO - [2024-06-18T14:27:48.942+0545] {dag.py:3096} INFO - Sync 1 DAGs
[2024-06-18T14:27:49.033+0545] {logging_mixin.py:188} INFO - [2024-06-18T14:27:49.033+0545] {dag.py:3954} INFO - Setting next_dagrun for latest_only to 2024-06-18 04:00:00+00:00, run_after=2024-06-18 08:00:00+00:00
[2024-06-18T14:27:49.054+0545] {processor.py:183} INFO - Processing /root/apache_env/lib/python3.10/site-packages/airflow/example_dags/example_latest_only.py took 0.197 seconds
[2024-06-18T14:28:43.594+0545] {processor.py:161} INFO - Started process (PID=7609) to work on /root/apache_env/lib/python3.10/site-packages/airflow/example_dags/example_latest_only.py
[2024-06-18T14:28:43.595+0545] {processor.py:830} INFO - Processing file /root/apache_env/lib/python3.10/site-packages/airflow/example_dags/example_latest_only.py for tasks to queue
[2024-06-18T14:28:43.597+0545] {logging_mixin.py:188} INFO - [2024-06-18T14:28:43.596+0545] {dagbag.py:545} INFO - Filling up the DagBag from /root/apache_env/lib/python3.10/site-packages/airflow/example_dags/example_latest_only.py
[2024-06-18T14:28:43.601+0545] {processor.py:840} INFO - DAG(s) 'latest_only' retrieved from /root/apache_env/lib/python3.10/site-packages/airflow/example_dags/example_latest_only.py
[2024-06-18T14:28:43.612+0545] {logging_mixin.py:188} INFO - [2024-06-18T14:28:43.612+0545] {dag.py:3096} INFO - Sync 1 DAGs
[2024-06-18T14:28:43.628+0545] {logging_mixin.py:188} INFO - [2024-06-18T14:28:43.628+0545] {dag.py:3954} INFO - Setting next_dagrun for latest_only to 2024-06-18 04:00:00+00:00, run_after=2024-06-18 08:00:00+00:00
[2024-06-18T14:28:43.645+0545] {processor.py:183} INFO - Processing /root/apache_env/lib/python3.10/site-packages/airflow/example_dags/example_latest_only.py took 0.055 seconds
[2024-06-18T14:30:27.099+0545] {processor.py:161} INFO - Started process (PID=7857) to work on /root/apache_env/lib/python3.10/site-packages/airflow/example_dags/example_latest_only.py
[2024-06-18T14:30:27.100+0545] {processor.py:830} INFO - Processing file /root/apache_env/lib/python3.10/site-packages/airflow/example_dags/example_latest_only.py for tasks to queue
[2024-06-18T14:30:27.101+0545] {logging_mixin.py:188} INFO - [2024-06-18T14:30:27.101+0545] {dagbag.py:545} INFO - Filling up the DagBag from /root/apache_env/lib/python3.10/site-packages/airflow/example_dags/example_latest_only.py
[2024-06-18T14:30:27.104+0545] {processor.py:840} INFO - DAG(s) 'latest_only' retrieved from /root/apache_env/lib/python3.10/site-packages/airflow/example_dags/example_latest_only.py
[2024-06-18T14:30:27.164+0545] {logging_mixin.py:188} INFO - [2024-06-18T14:30:27.164+0545] {dag.py:3096} INFO - Sync 1 DAGs
[2024-06-18T14:30:27.230+0545] {logging_mixin.py:188} INFO - [2024-06-18T14:30:27.230+0545] {dag.py:3954} INFO - Setting next_dagrun for latest_only to 2024-06-18 04:00:00+00:00, run_after=2024-06-18 08:00:00+00:00
[2024-06-18T14:30:27.245+0545] {processor.py:183} INFO - Processing /root/apache_env/lib/python3.10/site-packages/airflow/example_dags/example_latest_only.py took 0.150 seconds
[2024-06-18T14:31:21.663+0545] {processor.py:161} INFO - Started process (PID=7989) to work on /root/apache_env/lib/python3.10/site-packages/airflow/example_dags/example_latest_only.py
[2024-06-18T14:31:21.664+0545] {processor.py:830} INFO - Processing file /root/apache_env/lib/python3.10/site-packages/airflow/example_dags/example_latest_only.py for tasks to queue
[2024-06-18T14:31:21.665+0545] {logging_mixin.py:188} INFO - [2024-06-18T14:31:21.665+0545] {dagbag.py:545} INFO - Filling up the DagBag from /root/apache_env/lib/python3.10/site-packages/airflow/example_dags/example_latest_only.py
[2024-06-18T14:31:21.669+0545] {processor.py:840} INFO - DAG(s) 'latest_only' retrieved from /root/apache_env/lib/python3.10/site-packages/airflow/example_dags/example_latest_only.py
[2024-06-18T14:31:21.678+0545] {logging_mixin.py:188} INFO - [2024-06-18T14:31:21.678+0545] {dag.py:3096} INFO - Sync 1 DAGs
[2024-06-18T14:31:21.691+0545] {logging_mixin.py:188} INFO - [2024-06-18T14:31:21.690+0545] {dag.py:3954} INFO - Setting next_dagrun for latest_only to 2024-06-18 04:00:00+00:00, run_after=2024-06-18 08:00:00+00:00
[2024-06-18T14:31:21.709+0545] {processor.py:183} INFO - Processing /root/apache_env/lib/python3.10/site-packages/airflow/example_dags/example_latest_only.py took 0.049 seconds
[2024-06-18T14:32:15.791+0545] {processor.py:161} INFO - Started process (PID=8124) to work on /root/apache_env/lib/python3.10/site-packages/airflow/example_dags/example_latest_only.py
[2024-06-18T14:32:15.792+0545] {processor.py:830} INFO - Processing file /root/apache_env/lib/python3.10/site-packages/airflow/example_dags/example_latest_only.py for tasks to queue
[2024-06-18T14:32:15.793+0545] {logging_mixin.py:188} INFO - [2024-06-18T14:32:15.792+0545] {dagbag.py:545} INFO - Filling up the DagBag from /root/apache_env/lib/python3.10/site-packages/airflow/example_dags/example_latest_only.py
[2024-06-18T14:32:15.851+0545] {processor.py:840} INFO - DAG(s) 'latest_only' retrieved from /root/apache_env/lib/python3.10/site-packages/airflow/example_dags/example_latest_only.py
[2024-06-18T14:32:15.858+0545] {logging_mixin.py:188} INFO - [2024-06-18T14:32:15.858+0545] {dag.py:3096} INFO - Sync 1 DAGs
[2024-06-18T14:32:15.869+0545] {logging_mixin.py:188} INFO - [2024-06-18T14:32:15.869+0545] {dag.py:3954} INFO - Setting next_dagrun for latest_only to 2024-06-18 04:00:00+00:00, run_after=2024-06-18 08:00:00+00:00
[2024-06-18T14:32:15.887+0545] {processor.py:183} INFO - Processing /root/apache_env/lib/python3.10/site-packages/airflow/example_dags/example_latest_only.py took 0.100 seconds
[2024-06-18T14:33:25.612+0545] {processor.py:161} INFO - Started process (PID=8298) to work on /root/apache_env/lib/python3.10/site-packages/airflow/example_dags/example_latest_only.py
[2024-06-18T14:33:25.613+0545] {processor.py:830} INFO - Processing file /root/apache_env/lib/python3.10/site-packages/airflow/example_dags/example_latest_only.py for tasks to queue
[2024-06-18T14:33:25.614+0545] {logging_mixin.py:188} INFO - [2024-06-18T14:33:25.614+0545] {dagbag.py:545} INFO - Filling up the DagBag from /root/apache_env/lib/python3.10/site-packages/airflow/example_dags/example_latest_only.py
[2024-06-18T14:33:25.617+0545] {processor.py:840} INFO - DAG(s) 'latest_only' retrieved from /root/apache_env/lib/python3.10/site-packages/airflow/example_dags/example_latest_only.py
[2024-06-18T14:33:25.627+0545] {logging_mixin.py:188} INFO - [2024-06-18T14:33:25.627+0545] {dag.py:3096} INFO - Sync 1 DAGs
[2024-06-18T14:33:25.640+0545] {logging_mixin.py:188} INFO - [2024-06-18T14:33:25.640+0545] {dag.py:3954} INFO - Setting next_dagrun for latest_only to 2024-06-18 04:00:00+00:00, run_after=2024-06-18 08:00:00+00:00
[2024-06-18T14:33:25.656+0545] {processor.py:183} INFO - Processing /root/apache_env/lib/python3.10/site-packages/airflow/example_dags/example_latest_only.py took 0.048 seconds
[2024-06-18T14:34:30.901+0545] {processor.py:161} INFO - Started process (PID=8465) to work on /root/apache_env/lib/python3.10/site-packages/airflow/example_dags/example_latest_only.py
[2024-06-18T14:34:30.902+0545] {processor.py:830} INFO - Processing file /root/apache_env/lib/python3.10/site-packages/airflow/example_dags/example_latest_only.py for tasks to queue
[2024-06-18T14:34:30.904+0545] {logging_mixin.py:188} INFO - [2024-06-18T14:34:30.903+0545] {dagbag.py:545} INFO - Filling up the DagBag from /root/apache_env/lib/python3.10/site-packages/airflow/example_dags/example_latest_only.py
[2024-06-18T14:34:30.907+0545] {processor.py:840} INFO - DAG(s) 'latest_only' retrieved from /root/apache_env/lib/python3.10/site-packages/airflow/example_dags/example_latest_only.py
[2024-06-18T14:34:30.919+0545] {logging_mixin.py:188} INFO - [2024-06-18T14:34:30.919+0545] {dag.py:3096} INFO - Sync 1 DAGs
[2024-06-18T14:34:30.933+0545] {logging_mixin.py:188} INFO - [2024-06-18T14:34:30.933+0545] {dag.py:3954} INFO - Setting next_dagrun for latest_only to 2024-06-18 04:00:00+00:00, run_after=2024-06-18 08:00:00+00:00
[2024-06-18T14:34:30.951+0545] {processor.py:183} INFO - Processing /root/apache_env/lib/python3.10/site-packages/airflow/example_dags/example_latest_only.py took 0.054 seconds
[2024-06-18T14:35:43.137+0545] {processor.py:161} INFO - Started process (PID=8673) to work on /root/apache_env/lib/python3.10/site-packages/airflow/example_dags/example_latest_only.py
[2024-06-18T14:35:43.138+0545] {processor.py:830} INFO - Processing file /root/apache_env/lib/python3.10/site-packages/airflow/example_dags/example_latest_only.py for tasks to queue
[2024-06-18T14:35:43.140+0545] {logging_mixin.py:188} INFO - [2024-06-18T14:35:43.139+0545] {dagbag.py:545} INFO - Filling up the DagBag from /root/apache_env/lib/python3.10/site-packages/airflow/example_dags/example_latest_only.py
[2024-06-18T14:35:43.144+0545] {processor.py:840} INFO - DAG(s) 'latest_only' retrieved from /root/apache_env/lib/python3.10/site-packages/airflow/example_dags/example_latest_only.py
[2024-06-18T14:35:43.155+0545] {logging_mixin.py:188} INFO - [2024-06-18T14:35:43.154+0545] {dag.py:3096} INFO - Sync 1 DAGs
[2024-06-18T14:35:43.173+0545] {logging_mixin.py:188} INFO - [2024-06-18T14:35:43.173+0545] {dag.py:3954} INFO - Setting next_dagrun for latest_only to 2024-06-18 04:00:00+00:00, run_after=2024-06-18 08:00:00+00:00
[2024-06-18T14:35:43.191+0545] {processor.py:183} INFO - Processing /root/apache_env/lib/python3.10/site-packages/airflow/example_dags/example_latest_only.py took 0.058 seconds
[2024-06-18T14:36:48.743+0545] {processor.py:161} INFO - Started process (PID=8840) to work on /root/apache_env/lib/python3.10/site-packages/airflow/example_dags/example_latest_only.py
[2024-06-18T14:36:48.744+0545] {processor.py:830} INFO - Processing file /root/apache_env/lib/python3.10/site-packages/airflow/example_dags/example_latest_only.py for tasks to queue
[2024-06-18T14:36:48.746+0545] {logging_mixin.py:188} INFO - [2024-06-18T14:36:48.745+0545] {dagbag.py:545} INFO - Filling up the DagBag from /root/apache_env/lib/python3.10/site-packages/airflow/example_dags/example_latest_only.py
[2024-06-18T14:36:48.749+0545] {processor.py:840} INFO - DAG(s) 'latest_only' retrieved from /root/apache_env/lib/python3.10/site-packages/airflow/example_dags/example_latest_only.py
[2024-06-18T14:36:48.758+0545] {logging_mixin.py:188} INFO - [2024-06-18T14:36:48.758+0545] {dag.py:3096} INFO - Sync 1 DAGs
[2024-06-18T14:36:48.771+0545] {logging_mixin.py:188} INFO - [2024-06-18T14:36:48.771+0545] {dag.py:3954} INFO - Setting next_dagrun for latest_only to 2024-06-18 04:00:00+00:00, run_after=2024-06-18 08:00:00+00:00
[2024-06-18T14:36:48.789+0545] {processor.py:183} INFO - Processing /root/apache_env/lib/python3.10/site-packages/airflow/example_dags/example_latest_only.py took 0.050 seconds
[2024-06-18T14:37:56.533+0545] {processor.py:161} INFO - Started process (PID=9008) to work on /root/apache_env/lib/python3.10/site-packages/airflow/example_dags/example_latest_only.py
[2024-06-18T14:37:56.534+0545] {processor.py:830} INFO - Processing file /root/apache_env/lib/python3.10/site-packages/airflow/example_dags/example_latest_only.py for tasks to queue
[2024-06-18T14:37:56.535+0545] {logging_mixin.py:188} INFO - [2024-06-18T14:37:56.535+0545] {dagbag.py:545} INFO - Filling up the DagBag from /root/apache_env/lib/python3.10/site-packages/airflow/example_dags/example_latest_only.py
[2024-06-18T14:37:56.539+0545] {processor.py:840} INFO - DAG(s) 'latest_only' retrieved from /root/apache_env/lib/python3.10/site-packages/airflow/example_dags/example_latest_only.py
[2024-06-18T14:37:56.548+0545] {logging_mixin.py:188} INFO - [2024-06-18T14:37:56.548+0545] {dag.py:3096} INFO - Sync 1 DAGs
[2024-06-18T14:37:56.561+0545] {logging_mixin.py:188} INFO - [2024-06-18T14:37:56.561+0545] {dag.py:3954} INFO - Setting next_dagrun for latest_only to 2024-06-18 04:00:00+00:00, run_after=2024-06-18 08:00:00+00:00
[2024-06-18T14:37:56.578+0545] {processor.py:183} INFO - Processing /root/apache_env/lib/python3.10/site-packages/airflow/example_dags/example_latest_only.py took 0.049 seconds
[2024-06-18T14:39:05.853+0545] {processor.py:161} INFO - Started process (PID=9183) to work on /root/apache_env/lib/python3.10/site-packages/airflow/example_dags/example_latest_only.py
[2024-06-18T14:39:05.854+0545] {processor.py:830} INFO - Processing file /root/apache_env/lib/python3.10/site-packages/airflow/example_dags/example_latest_only.py for tasks to queue
[2024-06-18T14:39:05.855+0545] {logging_mixin.py:188} INFO - [2024-06-18T14:39:05.855+0545] {dagbag.py:545} INFO - Filling up the DagBag from /root/apache_env/lib/python3.10/site-packages/airflow/example_dags/example_latest_only.py
[2024-06-18T14:39:05.858+0545] {processor.py:840} INFO - DAG(s) 'latest_only' retrieved from /root/apache_env/lib/python3.10/site-packages/airflow/example_dags/example_latest_only.py
[2024-06-18T14:39:05.868+0545] {logging_mixin.py:188} INFO - [2024-06-18T14:39:05.868+0545] {dag.py:3096} INFO - Sync 1 DAGs
[2024-06-18T14:39:05.881+0545] {logging_mixin.py:188} INFO - [2024-06-18T14:39:05.881+0545] {dag.py:3954} INFO - Setting next_dagrun for latest_only to 2024-06-18 04:00:00+00:00, run_after=2024-06-18 08:00:00+00:00
[2024-06-18T14:39:05.900+0545] {processor.py:183} INFO - Processing /root/apache_env/lib/python3.10/site-packages/airflow/example_dags/example_latest_only.py took 0.051 seconds
[2024-06-18T14:40:14.817+0545] {processor.py:161} INFO - Started process (PID=9359) to work on /root/apache_env/lib/python3.10/site-packages/airflow/example_dags/example_latest_only.py
[2024-06-18T14:40:14.819+0545] {processor.py:830} INFO - Processing file /root/apache_env/lib/python3.10/site-packages/airflow/example_dags/example_latest_only.py for tasks to queue
[2024-06-18T14:40:14.820+0545] {logging_mixin.py:188} INFO - [2024-06-18T14:40:14.819+0545] {dagbag.py:545} INFO - Filling up the DagBag from /root/apache_env/lib/python3.10/site-packages/airflow/example_dags/example_latest_only.py
[2024-06-18T14:40:14.823+0545] {processor.py:840} INFO - DAG(s) 'latest_only' retrieved from /root/apache_env/lib/python3.10/site-packages/airflow/example_dags/example_latest_only.py
[2024-06-18T14:40:14.833+0545] {logging_mixin.py:188} INFO - [2024-06-18T14:40:14.833+0545] {dag.py:3096} INFO - Sync 1 DAGs
[2024-06-18T14:40:14.846+0545] {logging_mixin.py:188} INFO - [2024-06-18T14:40:14.846+0545] {dag.py:3954} INFO - Setting next_dagrun for latest_only to 2024-06-18 04:00:00+00:00, run_after=2024-06-18 08:00:00+00:00
[2024-06-18T14:40:14.863+0545] {processor.py:183} INFO - Processing /root/apache_env/lib/python3.10/site-packages/airflow/example_dags/example_latest_only.py took 0.050 seconds
[2024-06-18T14:41:24.592+0545] {processor.py:161} INFO - Started process (PID=9533) to work on /root/apache_env/lib/python3.10/site-packages/airflow/example_dags/example_latest_only.py
[2024-06-18T14:41:24.594+0545] {processor.py:830} INFO - Processing file /root/apache_env/lib/python3.10/site-packages/airflow/example_dags/example_latest_only.py for tasks to queue
[2024-06-18T14:41:24.595+0545] {logging_mixin.py:188} INFO - [2024-06-18T14:41:24.595+0545] {dagbag.py:545} INFO - Filling up the DagBag from /root/apache_env/lib/python3.10/site-packages/airflow/example_dags/example_latest_only.py
[2024-06-18T14:41:24.598+0545] {processor.py:840} INFO - DAG(s) 'latest_only' retrieved from /root/apache_env/lib/python3.10/site-packages/airflow/example_dags/example_latest_only.py
[2024-06-18T14:41:24.608+0545] {logging_mixin.py:188} INFO - [2024-06-18T14:41:24.608+0545] {dag.py:3096} INFO - Sync 1 DAGs
[2024-06-18T14:41:24.621+0545] {logging_mixin.py:188} INFO - [2024-06-18T14:41:24.620+0545] {dag.py:3954} INFO - Setting next_dagrun for latest_only to 2024-06-18 04:00:00+00:00, run_after=2024-06-18 08:00:00+00:00
[2024-06-18T14:41:24.638+0545] {processor.py:183} INFO - Processing /root/apache_env/lib/python3.10/site-packages/airflow/example_dags/example_latest_only.py took 0.049 seconds
[2024-06-18T14:42:29.714+0545] {processor.py:161} INFO - Started process (PID=9697) to work on /root/apache_env/lib/python3.10/site-packages/airflow/example_dags/example_latest_only.py
[2024-06-18T14:42:29.715+0545] {processor.py:830} INFO - Processing file /root/apache_env/lib/python3.10/site-packages/airflow/example_dags/example_latest_only.py for tasks to queue
[2024-06-18T14:42:29.717+0545] {logging_mixin.py:188} INFO - [2024-06-18T14:42:29.716+0545] {dagbag.py:545} INFO - Filling up the DagBag from /root/apache_env/lib/python3.10/site-packages/airflow/example_dags/example_latest_only.py
[2024-06-18T14:42:29.721+0545] {processor.py:840} INFO - DAG(s) 'latest_only' retrieved from /root/apache_env/lib/python3.10/site-packages/airflow/example_dags/example_latest_only.py
[2024-06-18T14:42:29.731+0545] {logging_mixin.py:188} INFO - [2024-06-18T14:42:29.731+0545] {dag.py:3096} INFO - Sync 1 DAGs
[2024-06-18T14:42:29.745+0545] {logging_mixin.py:188} INFO - [2024-06-18T14:42:29.745+0545] {dag.py:3954} INFO - Setting next_dagrun for latest_only to 2024-06-18 04:00:00+00:00, run_after=2024-06-18 08:00:00+00:00
[2024-06-18T14:42:29.761+0545] {processor.py:183} INFO - Processing /root/apache_env/lib/python3.10/site-packages/airflow/example_dags/example_latest_only.py took 0.051 seconds
[2024-06-18T14:43:36.845+0545] {processor.py:161} INFO - Started process (PID=9863) to work on /root/apache_env/lib/python3.10/site-packages/airflow/example_dags/example_latest_only.py
[2024-06-18T14:43:36.846+0545] {processor.py:830} INFO - Processing file /root/apache_env/lib/python3.10/site-packages/airflow/example_dags/example_latest_only.py for tasks to queue
[2024-06-18T14:43:36.848+0545] {logging_mixin.py:188} INFO - [2024-06-18T14:43:36.847+0545] {dagbag.py:545} INFO - Filling up the DagBag from /root/apache_env/lib/python3.10/site-packages/airflow/example_dags/example_latest_only.py
[2024-06-18T14:43:36.851+0545] {processor.py:840} INFO - DAG(s) 'latest_only' retrieved from /root/apache_env/lib/python3.10/site-packages/airflow/example_dags/example_latest_only.py
[2024-06-18T14:43:36.861+0545] {logging_mixin.py:188} INFO - [2024-06-18T14:43:36.861+0545] {dag.py:3096} INFO - Sync 1 DAGs
[2024-06-18T14:43:36.874+0545] {logging_mixin.py:188} INFO - [2024-06-18T14:43:36.874+0545] {dag.py:3954} INFO - Setting next_dagrun for latest_only to 2024-06-18 04:00:00+00:00, run_after=2024-06-18 08:00:00+00:00
[2024-06-18T14:43:36.892+0545] {processor.py:183} INFO - Processing /root/apache_env/lib/python3.10/site-packages/airflow/example_dags/example_latest_only.py took 0.051 seconds
[2024-06-18T14:44:44.944+0545] {processor.py:161} INFO - Started process (PID=10036) to work on /root/apache_env/lib/python3.10/site-packages/airflow/example_dags/example_latest_only.py
[2024-06-18T14:44:44.945+0545] {processor.py:830} INFO - Processing file /root/apache_env/lib/python3.10/site-packages/airflow/example_dags/example_latest_only.py for tasks to queue
[2024-06-18T14:44:44.946+0545] {logging_mixin.py:188} INFO - [2024-06-18T14:44:44.946+0545] {dagbag.py:545} INFO - Filling up the DagBag from /root/apache_env/lib/python3.10/site-packages/airflow/example_dags/example_latest_only.py
[2024-06-18T14:44:44.949+0545] {processor.py:840} INFO - DAG(s) 'latest_only' retrieved from /root/apache_env/lib/python3.10/site-packages/airflow/example_dags/example_latest_only.py
[2024-06-18T14:44:44.959+0545] {logging_mixin.py:188} INFO - [2024-06-18T14:44:44.959+0545] {dag.py:3096} INFO - Sync 1 DAGs
[2024-06-18T14:44:44.972+0545] {logging_mixin.py:188} INFO - [2024-06-18T14:44:44.972+0545] {dag.py:3954} INFO - Setting next_dagrun for latest_only to 2024-06-18 04:00:00+00:00, run_after=2024-06-18 08:00:00+00:00
[2024-06-18T14:44:44.989+0545] {processor.py:183} INFO - Processing /root/apache_env/lib/python3.10/site-packages/airflow/example_dags/example_latest_only.py took 0.049 seconds
[2024-06-18T14:45:39.303+0545] {processor.py:161} INFO - Started process (PID=10196) to work on /root/apache_env/lib/python3.10/site-packages/airflow/example_dags/example_latest_only.py
[2024-06-18T14:45:39.304+0545] {processor.py:830} INFO - Processing file /root/apache_env/lib/python3.10/site-packages/airflow/example_dags/example_latest_only.py for tasks to queue
[2024-06-18T14:45:39.305+0545] {logging_mixin.py:188} INFO - [2024-06-18T14:45:39.305+0545] {dagbag.py:545} INFO - Filling up the DagBag from /root/apache_env/lib/python3.10/site-packages/airflow/example_dags/example_latest_only.py
[2024-06-18T14:45:39.309+0545] {processor.py:840} INFO - DAG(s) 'latest_only' retrieved from /root/apache_env/lib/python3.10/site-packages/airflow/example_dags/example_latest_only.py
[2024-06-18T14:45:39.318+0545] {logging_mixin.py:188} INFO - [2024-06-18T14:45:39.318+0545] {dag.py:3096} INFO - Sync 1 DAGs
[2024-06-18T14:45:39.331+0545] {logging_mixin.py:188} INFO - [2024-06-18T14:45:39.331+0545] {dag.py:3954} INFO - Setting next_dagrun for latest_only to 2024-06-18 04:00:00+00:00, run_after=2024-06-18 08:00:00+00:00
[2024-06-18T14:45:39.349+0545] {processor.py:183} INFO - Processing /root/apache_env/lib/python3.10/site-packages/airflow/example_dags/example_latest_only.py took 0.049 seconds
[2024-06-18T14:46:43.601+0545] {processor.py:161} INFO - Started process (PID=10356) to work on /root/apache_env/lib/python3.10/site-packages/airflow/example_dags/example_latest_only.py
[2024-06-18T14:46:43.602+0545] {processor.py:830} INFO - Processing file /root/apache_env/lib/python3.10/site-packages/airflow/example_dags/example_latest_only.py for tasks to queue
[2024-06-18T14:46:43.603+0545] {logging_mixin.py:188} INFO - [2024-06-18T14:46:43.603+0545] {dagbag.py:545} INFO - Filling up the DagBag from /root/apache_env/lib/python3.10/site-packages/airflow/example_dags/example_latest_only.py
[2024-06-18T14:46:43.606+0545] {processor.py:840} INFO - DAG(s) 'latest_only' retrieved from /root/apache_env/lib/python3.10/site-packages/airflow/example_dags/example_latest_only.py
[2024-06-18T14:46:43.617+0545] {logging_mixin.py:188} INFO - [2024-06-18T14:46:43.617+0545] {dag.py:3096} INFO - Sync 1 DAGs
[2024-06-18T14:46:43.631+0545] {logging_mixin.py:188} INFO - [2024-06-18T14:46:43.631+0545] {dag.py:3954} INFO - Setting next_dagrun for latest_only to 2024-06-18 04:00:00+00:00, run_after=2024-06-18 08:00:00+00:00
[2024-06-18T14:46:43.647+0545] {processor.py:183} INFO - Processing /root/apache_env/lib/python3.10/site-packages/airflow/example_dags/example_latest_only.py took 0.050 seconds
[2024-06-18T14:47:47.142+0545] {processor.py:161} INFO - Started process (PID=10520) to work on /root/apache_env/lib/python3.10/site-packages/airflow/example_dags/example_latest_only.py
[2024-06-18T14:47:47.144+0545] {processor.py:830} INFO - Processing file /root/apache_env/lib/python3.10/site-packages/airflow/example_dags/example_latest_only.py for tasks to queue
[2024-06-18T14:47:47.145+0545] {logging_mixin.py:188} INFO - [2024-06-18T14:47:47.145+0545] {dagbag.py:545} INFO - Filling up the DagBag from /root/apache_env/lib/python3.10/site-packages/airflow/example_dags/example_latest_only.py
[2024-06-18T14:47:47.148+0545] {processor.py:840} INFO - DAG(s) 'latest_only' retrieved from /root/apache_env/lib/python3.10/site-packages/airflow/example_dags/example_latest_only.py
[2024-06-18T14:47:47.159+0545] {logging_mixin.py:188} INFO - [2024-06-18T14:47:47.159+0545] {dag.py:3096} INFO - Sync 1 DAGs
[2024-06-18T14:47:47.174+0545] {logging_mixin.py:188} INFO - [2024-06-18T14:47:47.174+0545] {dag.py:3954} INFO - Setting next_dagrun for latest_only to 2024-06-18 04:00:00+00:00, run_after=2024-06-18 08:00:00+00:00
[2024-06-18T14:47:47.190+0545] {processor.py:183} INFO - Processing /root/apache_env/lib/python3.10/site-packages/airflow/example_dags/example_latest_only.py took 0.053 seconds
[2024-06-18T14:48:37.859+0545] {processor.py:161} INFO - Started process (PID=10648) to work on /root/apache_env/lib/python3.10/site-packages/airflow/example_dags/example_latest_only.py
[2024-06-18T14:48:37.860+0545] {processor.py:830} INFO - Processing file /root/apache_env/lib/python3.10/site-packages/airflow/example_dags/example_latest_only.py for tasks to queue
[2024-06-18T14:48:37.861+0545] {logging_mixin.py:188} INFO - [2024-06-18T14:48:37.861+0545] {dagbag.py:545} INFO - Filling up the DagBag from /root/apache_env/lib/python3.10/site-packages/airflow/example_dags/example_latest_only.py
[2024-06-18T14:48:37.865+0545] {processor.py:840} INFO - DAG(s) 'latest_only' retrieved from /root/apache_env/lib/python3.10/site-packages/airflow/example_dags/example_latest_only.py
[2024-06-18T14:48:37.874+0545] {logging_mixin.py:188} INFO - [2024-06-18T14:48:37.874+0545] {dag.py:3096} INFO - Sync 1 DAGs
[2024-06-18T14:48:37.887+0545] {logging_mixin.py:188} INFO - [2024-06-18T14:48:37.887+0545] {dag.py:3954} INFO - Setting next_dagrun for latest_only to 2024-06-18 04:00:00+00:00, run_after=2024-06-18 08:00:00+00:00
[2024-06-18T14:48:37.906+0545] {processor.py:183} INFO - Processing /root/apache_env/lib/python3.10/site-packages/airflow/example_dags/example_latest_only.py took 0.051 seconds
[2024-06-18T14:49:45.831+0545] {processor.py:161} INFO - Started process (PID=10821) to work on /root/apache_env/lib/python3.10/site-packages/airflow/example_dags/example_latest_only.py
[2024-06-18T14:49:45.832+0545] {processor.py:830} INFO - Processing file /root/apache_env/lib/python3.10/site-packages/airflow/example_dags/example_latest_only.py for tasks to queue
[2024-06-18T14:49:45.833+0545] {logging_mixin.py:188} INFO - [2024-06-18T14:49:45.833+0545] {dagbag.py:545} INFO - Filling up the DagBag from /root/apache_env/lib/python3.10/site-packages/airflow/example_dags/example_latest_only.py
[2024-06-18T14:49:45.836+0545] {processor.py:840} INFO - DAG(s) 'latest_only' retrieved from /root/apache_env/lib/python3.10/site-packages/airflow/example_dags/example_latest_only.py
[2024-06-18T14:49:45.847+0545] {logging_mixin.py:188} INFO - [2024-06-18T14:49:45.846+0545] {dag.py:3096} INFO - Sync 1 DAGs
[2024-06-18T14:49:45.860+0545] {logging_mixin.py:188} INFO - [2024-06-18T14:49:45.859+0545] {dag.py:3954} INFO - Setting next_dagrun for latest_only to 2024-06-18 04:00:00+00:00, run_after=2024-06-18 08:00:00+00:00
[2024-06-18T14:49:45.878+0545] {processor.py:183} INFO - Processing /root/apache_env/lib/python3.10/site-packages/airflow/example_dags/example_latest_only.py took 0.051 seconds
[2024-06-18T14:50:51.494+0545] {processor.py:161} INFO - Started process (PID=10991) to work on /root/apache_env/lib/python3.10/site-packages/airflow/example_dags/example_latest_only.py
[2024-06-18T14:50:51.495+0545] {processor.py:830} INFO - Processing file /root/apache_env/lib/python3.10/site-packages/airflow/example_dags/example_latest_only.py for tasks to queue
[2024-06-18T14:50:51.497+0545] {logging_mixin.py:188} INFO - [2024-06-18T14:50:51.496+0545] {dagbag.py:545} INFO - Filling up the DagBag from /root/apache_env/lib/python3.10/site-packages/airflow/example_dags/example_latest_only.py
[2024-06-18T14:50:51.501+0545] {processor.py:840} INFO - DAG(s) 'latest_only' retrieved from /root/apache_env/lib/python3.10/site-packages/airflow/example_dags/example_latest_only.py
[2024-06-18T14:50:51.512+0545] {logging_mixin.py:188} INFO - [2024-06-18T14:50:51.512+0545] {dag.py:3096} INFO - Sync 1 DAGs
[2024-06-18T14:50:51.529+0545] {logging_mixin.py:188} INFO - [2024-06-18T14:50:51.528+0545] {dag.py:3954} INFO - Setting next_dagrun for latest_only to 2024-06-18 04:00:00+00:00, run_after=2024-06-18 08:00:00+00:00
[2024-06-18T14:50:51.546+0545] {processor.py:183} INFO - Processing /root/apache_env/lib/python3.10/site-packages/airflow/example_dags/example_latest_only.py took 0.056 seconds
[2024-06-18T14:51:55.415+0545] {processor.py:161} INFO - Started process (PID=11152) to work on /root/apache_env/lib/python3.10/site-packages/airflow/example_dags/example_latest_only.py
[2024-06-18T14:51:55.416+0545] {processor.py:830} INFO - Processing file /root/apache_env/lib/python3.10/site-packages/airflow/example_dags/example_latest_only.py for tasks to queue
[2024-06-18T14:51:55.417+0545] {logging_mixin.py:188} INFO - [2024-06-18T14:51:55.417+0545] {dagbag.py:545} INFO - Filling up the DagBag from /root/apache_env/lib/python3.10/site-packages/airflow/example_dags/example_latest_only.py
[2024-06-18T14:51:55.422+0545] {processor.py:840} INFO - DAG(s) 'latest_only' retrieved from /root/apache_env/lib/python3.10/site-packages/airflow/example_dags/example_latest_only.py
[2024-06-18T14:51:55.433+0545] {logging_mixin.py:188} INFO - [2024-06-18T14:51:55.433+0545] {dag.py:3096} INFO - Sync 1 DAGs
[2024-06-18T14:51:55.448+0545] {logging_mixin.py:188} INFO - [2024-06-18T14:51:55.448+0545] {dag.py:3954} INFO - Setting next_dagrun for latest_only to 2024-06-18 04:00:00+00:00, run_after=2024-06-18 08:00:00+00:00
[2024-06-18T14:51:55.465+0545] {processor.py:183} INFO - Processing /root/apache_env/lib/python3.10/site-packages/airflow/example_dags/example_latest_only.py took 0.055 seconds
