[2024-06-18T14:13:05.998+0545] {processor.py:161} INFO - Started process (PID=5142) to work on /root/apache_env/lib/python3.10/site-packages/airflow/example_dags/example_kubernetes_executor.py
[2024-06-18T14:13:05.999+0545] {processor.py:830} INFO - Processing file /root/apache_env/lib/python3.10/site-packages/airflow/example_dags/example_kubernetes_executor.py for tasks to queue
[2024-06-18T14:13:06.000+0545] {logging_mixin.py:188} INFO - [2024-06-18T14:13:06.000+0545] {dagbag.py:545} INFO - Filling up the DagBag from /root/apache_env/lib/python3.10/site-packages/airflow/example_dags/example_kubernetes_executor.py
[2024-06-18T14:13:06.002+0545] {logging_mixin.py:188} INFO - [2024-06-18T14:13:06.002+0545] {example_kubernetes_executor.py:39} WARNING - The example_kubernetes_executor example DAG requires the kubernetes provider. Please install it with: pip install apache-airflow[cncf.kubernetes]
[2024-06-18T14:13:06.002+0545] {processor.py:842} WARNING - No viable dags retrieved from /root/apache_env/lib/python3.10/site-packages/airflow/example_dags/example_kubernetes_executor.py
[2024-06-18T14:13:06.011+0545] {processor.py:183} INFO - Processing /root/apache_env/lib/python3.10/site-packages/airflow/example_dags/example_kubernetes_executor.py took 0.017 seconds
[2024-06-18T14:15:13.204+0545] {processor.py:161} INFO - Started process (PID=5431) to work on /root/apache_env/lib/python3.10/site-packages/airflow/example_dags/example_kubernetes_executor.py
[2024-06-18T14:15:13.205+0545] {processor.py:830} INFO - Processing file /root/apache_env/lib/python3.10/site-packages/airflow/example_dags/example_kubernetes_executor.py for tasks to queue
[2024-06-18T14:15:13.207+0545] {logging_mixin.py:188} INFO - [2024-06-18T14:15:13.206+0545] {dagbag.py:545} INFO - Filling up the DagBag from /root/apache_env/lib/python3.10/site-packages/airflow/example_dags/example_kubernetes_executor.py
[2024-06-18T14:15:13.209+0545] {logging_mixin.py:188} INFO - [2024-06-18T14:15:13.209+0545] {example_kubernetes_executor.py:39} WARNING - The example_kubernetes_executor example DAG requires the kubernetes provider. Please install it with: pip install apache-airflow[cncf.kubernetes]
[2024-06-18T14:15:13.209+0545] {processor.py:842} WARNING - No viable dags retrieved from /root/apache_env/lib/python3.10/site-packages/airflow/example_dags/example_kubernetes_executor.py
[2024-06-18T14:15:13.216+0545] {processor.py:183} INFO - Processing /root/apache_env/lib/python3.10/site-packages/airflow/example_dags/example_kubernetes_executor.py took 0.016 seconds
[2024-06-18T14:16:37.515+0545] {processor.py:161} INFO - Started process (PID=5656) to work on /root/apache_env/lib/python3.10/site-packages/airflow/example_dags/example_kubernetes_executor.py
[2024-06-18T14:16:37.517+0545] {processor.py:830} INFO - Processing file /root/apache_env/lib/python3.10/site-packages/airflow/example_dags/example_kubernetes_executor.py for tasks to queue
[2024-06-18T14:16:37.518+0545] {logging_mixin.py:188} INFO - [2024-06-18T14:16:37.518+0545] {dagbag.py:545} INFO - Filling up the DagBag from /root/apache_env/lib/python3.10/site-packages/airflow/example_dags/example_kubernetes_executor.py
[2024-06-18T14:16:37.520+0545] {logging_mixin.py:188} INFO - [2024-06-18T14:16:37.520+0545] {example_kubernetes_executor.py:39} WARNING - The example_kubernetes_executor example DAG requires the kubernetes provider. Please install it with: pip install apache-airflow[cncf.kubernetes]
[2024-06-18T14:16:37.520+0545] {processor.py:842} WARNING - No viable dags retrieved from /root/apache_env/lib/python3.10/site-packages/airflow/example_dags/example_kubernetes_executor.py
[2024-06-18T14:16:37.526+0545] {processor.py:183} INFO - Processing /root/apache_env/lib/python3.10/site-packages/airflow/example_dags/example_kubernetes_executor.py took 0.014 seconds
[2024-06-18T14:17:32.479+0545] {processor.py:161} INFO - Started process (PID=5795) to work on /root/apache_env/lib/python3.10/site-packages/airflow/example_dags/example_kubernetes_executor.py
[2024-06-18T14:17:32.480+0545] {processor.py:830} INFO - Processing file /root/apache_env/lib/python3.10/site-packages/airflow/example_dags/example_kubernetes_executor.py for tasks to queue
[2024-06-18T14:17:32.482+0545] {logging_mixin.py:188} INFO - [2024-06-18T14:17:32.481+0545] {dagbag.py:545} INFO - Filling up the DagBag from /root/apache_env/lib/python3.10/site-packages/airflow/example_dags/example_kubernetes_executor.py
[2024-06-18T14:17:32.484+0545] {logging_mixin.py:188} INFO - [2024-06-18T14:17:32.483+0545] {example_kubernetes_executor.py:39} WARNING - The example_kubernetes_executor example DAG requires the kubernetes provider. Please install it with: pip install apache-airflow[cncf.kubernetes]
[2024-06-18T14:17:32.484+0545] {processor.py:842} WARNING - No viable dags retrieved from /root/apache_env/lib/python3.10/site-packages/airflow/example_dags/example_kubernetes_executor.py
[2024-06-18T14:17:32.492+0545] {processor.py:183} INFO - Processing /root/apache_env/lib/python3.10/site-packages/airflow/example_dags/example_kubernetes_executor.py took 0.017 seconds
[2024-06-18T14:18:45.200+0545] {processor.py:161} INFO - Started process (PID=5926) to work on /root/apache_env/lib/python3.10/site-packages/airflow/example_dags/example_kubernetes_executor.py
[2024-06-18T14:18:45.202+0545] {processor.py:830} INFO - Processing file /root/apache_env/lib/python3.10/site-packages/airflow/example_dags/example_kubernetes_executor.py for tasks to queue
[2024-06-18T14:18:45.203+0545] {logging_mixin.py:188} INFO - [2024-06-18T14:18:45.203+0545] {dagbag.py:545} INFO - Filling up the DagBag from /root/apache_env/lib/python3.10/site-packages/airflow/example_dags/example_kubernetes_executor.py
[2024-06-18T14:18:45.205+0545] {logging_mixin.py:188} INFO - [2024-06-18T14:18:45.205+0545] {example_kubernetes_executor.py:39} WARNING - The example_kubernetes_executor example DAG requires the kubernetes provider. Please install it with: pip install apache-airflow[cncf.kubernetes]
[2024-06-18T14:18:45.205+0545] {processor.py:842} WARNING - No viable dags retrieved from /root/apache_env/lib/python3.10/site-packages/airflow/example_dags/example_kubernetes_executor.py
[2024-06-18T14:18:45.212+0545] {processor.py:183} INFO - Processing /root/apache_env/lib/python3.10/site-packages/airflow/example_dags/example_kubernetes_executor.py took 0.016 seconds
[2024-06-18T14:22:52.719+0545] {processor.py:161} INFO - Started process (PID=6642) to work on /root/apache_env/lib/python3.10/site-packages/airflow/example_dags/example_kubernetes_executor.py
[2024-06-18T14:22:52.720+0545] {processor.py:830} INFO - Processing file /root/apache_env/lib/python3.10/site-packages/airflow/example_dags/example_kubernetes_executor.py for tasks to queue
[2024-06-18T14:22:52.722+0545] {logging_mixin.py:188} INFO - [2024-06-18T14:22:52.721+0545] {dagbag.py:545} INFO - Filling up the DagBag from /root/apache_env/lib/python3.10/site-packages/airflow/example_dags/example_kubernetes_executor.py
[2024-06-18T14:22:52.723+0545] {logging_mixin.py:188} INFO - [2024-06-18T14:22:52.723+0545] {example_kubernetes_executor.py:39} WARNING - The example_kubernetes_executor example DAG requires the kubernetes provider. Please install it with: pip install apache-airflow[cncf.kubernetes]
[2024-06-18T14:22:52.724+0545] {processor.py:842} WARNING - No viable dags retrieved from /root/apache_env/lib/python3.10/site-packages/airflow/example_dags/example_kubernetes_executor.py
[2024-06-18T14:22:52.730+0545] {processor.py:183} INFO - Processing /root/apache_env/lib/python3.10/site-packages/airflow/example_dags/example_kubernetes_executor.py took 0.015 seconds
[2024-06-18T14:23:57.432+0545] {processor.py:161} INFO - Started process (PID=6825) to work on /root/apache_env/lib/python3.10/site-packages/airflow/example_dags/example_kubernetes_executor.py
[2024-06-18T14:23:57.434+0545] {processor.py:830} INFO - Processing file /root/apache_env/lib/python3.10/site-packages/airflow/example_dags/example_kubernetes_executor.py for tasks to queue
[2024-06-18T14:23:57.435+0545] {logging_mixin.py:188} INFO - [2024-06-18T14:23:57.435+0545] {dagbag.py:545} INFO - Filling up the DagBag from /root/apache_env/lib/python3.10/site-packages/airflow/example_dags/example_kubernetes_executor.py
[2024-06-18T14:23:57.438+0545] {logging_mixin.py:188} INFO - [2024-06-18T14:23:57.437+0545] {example_kubernetes_executor.py:39} WARNING - The example_kubernetes_executor example DAG requires the kubernetes provider. Please install it with: pip install apache-airflow[cncf.kubernetes]
[2024-06-18T14:23:57.438+0545] {processor.py:842} WARNING - No viable dags retrieved from /root/apache_env/lib/python3.10/site-packages/airflow/example_dags/example_kubernetes_executor.py
[2024-06-18T14:23:57.445+0545] {processor.py:183} INFO - Processing /root/apache_env/lib/python3.10/site-packages/airflow/example_dags/example_kubernetes_executor.py took 0.017 seconds
[2024-06-18T14:24:51.051+0545] {processor.py:161} INFO - Started process (PID=6962) to work on /root/apache_env/lib/python3.10/site-packages/airflow/example_dags/example_kubernetes_executor.py
[2024-06-18T14:24:51.053+0545] {processor.py:830} INFO - Processing file /root/apache_env/lib/python3.10/site-packages/airflow/example_dags/example_kubernetes_executor.py for tasks to queue
[2024-06-18T14:24:51.054+0545] {logging_mixin.py:188} INFO - [2024-06-18T14:24:51.054+0545] {dagbag.py:545} INFO - Filling up the DagBag from /root/apache_env/lib/python3.10/site-packages/airflow/example_dags/example_kubernetes_executor.py
[2024-06-18T14:24:51.056+0545] {logging_mixin.py:188} INFO - [2024-06-18T14:24:51.056+0545] {example_kubernetes_executor.py:39} WARNING - The example_kubernetes_executor example DAG requires the kubernetes provider. Please install it with: pip install apache-airflow[cncf.kubernetes]
[2024-06-18T14:24:51.056+0545] {processor.py:842} WARNING - No viable dags retrieved from /root/apache_env/lib/python3.10/site-packages/airflow/example_dags/example_kubernetes_executor.py
[2024-06-18T14:24:51.062+0545] {processor.py:183} INFO - Processing /root/apache_env/lib/python3.10/site-packages/airflow/example_dags/example_kubernetes_executor.py took 0.015 seconds
[2024-06-18T14:27:50.780+0545] {processor.py:161} INFO - Started process (PID=7465) to work on /root/apache_env/lib/python3.10/site-packages/airflow/example_dags/example_kubernetes_executor.py
[2024-06-18T14:27:50.781+0545] {processor.py:830} INFO - Processing file /root/apache_env/lib/python3.10/site-packages/airflow/example_dags/example_kubernetes_executor.py for tasks to queue
[2024-06-18T14:27:50.783+0545] {logging_mixin.py:188} INFO - [2024-06-18T14:27:50.782+0545] {dagbag.py:545} INFO - Filling up the DagBag from /root/apache_env/lib/python3.10/site-packages/airflow/example_dags/example_kubernetes_executor.py
[2024-06-18T14:27:50.785+0545] {logging_mixin.py:188} INFO - [2024-06-18T14:27:50.785+0545] {example_kubernetes_executor.py:39} WARNING - The example_kubernetes_executor example DAG requires the kubernetes provider. Please install it with: pip install apache-airflow[cncf.kubernetes]
[2024-06-18T14:27:50.786+0545] {processor.py:842} WARNING - No viable dags retrieved from /root/apache_env/lib/python3.10/site-packages/airflow/example_dags/example_kubernetes_executor.py
[2024-06-18T14:27:50.792+0545] {processor.py:183} INFO - Processing /root/apache_env/lib/python3.10/site-packages/airflow/example_dags/example_kubernetes_executor.py took 0.018 seconds
[2024-06-18T14:28:45.863+0545] {processor.py:161} INFO - Started process (PID=7614) to work on /root/apache_env/lib/python3.10/site-packages/airflow/example_dags/example_kubernetes_executor.py
[2024-06-18T14:28:45.865+0545] {processor.py:830} INFO - Processing file /root/apache_env/lib/python3.10/site-packages/airflow/example_dags/example_kubernetes_executor.py for tasks to queue
[2024-06-18T14:28:45.867+0545] {logging_mixin.py:188} INFO - [2024-06-18T14:28:45.867+0545] {dagbag.py:545} INFO - Filling up the DagBag from /root/apache_env/lib/python3.10/site-packages/airflow/example_dags/example_kubernetes_executor.py
[2024-06-18T14:28:45.872+0545] {logging_mixin.py:188} INFO - [2024-06-18T14:28:45.872+0545] {example_kubernetes_executor.py:39} WARNING - The example_kubernetes_executor example DAG requires the kubernetes provider. Please install it with: pip install apache-airflow[cncf.kubernetes]
[2024-06-18T14:28:45.873+0545] {processor.py:842} WARNING - No viable dags retrieved from /root/apache_env/lib/python3.10/site-packages/airflow/example_dags/example_kubernetes_executor.py
[2024-06-18T14:28:45.885+0545] {processor.py:183} INFO - Processing /root/apache_env/lib/python3.10/site-packages/airflow/example_dags/example_kubernetes_executor.py took 0.029 seconds
[2024-06-18T14:30:28.879+0545] {processor.py:161} INFO - Started process (PID=7859) to work on /root/apache_env/lib/python3.10/site-packages/airflow/example_dags/example_kubernetes_executor.py
[2024-06-18T14:30:28.880+0545] {processor.py:830} INFO - Processing file /root/apache_env/lib/python3.10/site-packages/airflow/example_dags/example_kubernetes_executor.py for tasks to queue
[2024-06-18T14:30:28.881+0545] {logging_mixin.py:188} INFO - [2024-06-18T14:30:28.881+0545] {dagbag.py:545} INFO - Filling up the DagBag from /root/apache_env/lib/python3.10/site-packages/airflow/example_dags/example_kubernetes_executor.py
[2024-06-18T14:30:28.883+0545] {logging_mixin.py:188} INFO - [2024-06-18T14:30:28.883+0545] {example_kubernetes_executor.py:39} WARNING - The example_kubernetes_executor example DAG requires the kubernetes provider. Please install it with: pip install apache-airflow[cncf.kubernetes]
[2024-06-18T14:30:28.883+0545] {processor.py:842} WARNING - No viable dags retrieved from /root/apache_env/lib/python3.10/site-packages/airflow/example_dags/example_kubernetes_executor.py
[2024-06-18T14:30:28.889+0545] {processor.py:183} INFO - Processing /root/apache_env/lib/python3.10/site-packages/airflow/example_dags/example_kubernetes_executor.py took 0.016 seconds
[2024-06-18T14:31:23.928+0545] {processor.py:161} INFO - Started process (PID=7994) to work on /root/apache_env/lib/python3.10/site-packages/airflow/example_dags/example_kubernetes_executor.py
[2024-06-18T14:31:23.929+0545] {processor.py:830} INFO - Processing file /root/apache_env/lib/python3.10/site-packages/airflow/example_dags/example_kubernetes_executor.py for tasks to queue
[2024-06-18T14:31:23.930+0545] {logging_mixin.py:188} INFO - [2024-06-18T14:31:23.930+0545] {dagbag.py:545} INFO - Filling up the DagBag from /root/apache_env/lib/python3.10/site-packages/airflow/example_dags/example_kubernetes_executor.py
[2024-06-18T14:31:23.932+0545] {logging_mixin.py:188} INFO - [2024-06-18T14:31:23.932+0545] {example_kubernetes_executor.py:39} WARNING - The example_kubernetes_executor example DAG requires the kubernetes provider. Please install it with: pip install apache-airflow[cncf.kubernetes]
[2024-06-18T14:31:23.933+0545] {processor.py:842} WARNING - No viable dags retrieved from /root/apache_env/lib/python3.10/site-packages/airflow/example_dags/example_kubernetes_executor.py
[2024-06-18T14:31:23.939+0545] {processor.py:183} INFO - Processing /root/apache_env/lib/python3.10/site-packages/airflow/example_dags/example_kubernetes_executor.py took 0.015 seconds
[2024-06-18T14:32:37.279+0545] {processor.py:161} INFO - Started process (PID=8176) to work on /root/apache_env/lib/python3.10/site-packages/airflow/example_dags/example_kubernetes_executor.py
[2024-06-18T14:32:37.280+0545] {processor.py:830} INFO - Processing file /root/apache_env/lib/python3.10/site-packages/airflow/example_dags/example_kubernetes_executor.py for tasks to queue
[2024-06-18T14:32:37.281+0545] {logging_mixin.py:188} INFO - [2024-06-18T14:32:37.281+0545] {dagbag.py:545} INFO - Filling up the DagBag from /root/apache_env/lib/python3.10/site-packages/airflow/example_dags/example_kubernetes_executor.py
[2024-06-18T14:32:37.283+0545] {logging_mixin.py:188} INFO - [2024-06-18T14:32:37.283+0545] {example_kubernetes_executor.py:39} WARNING - The example_kubernetes_executor example DAG requires the kubernetes provider. Please install it with: pip install apache-airflow[cncf.kubernetes]
[2024-06-18T14:32:37.283+0545] {processor.py:842} WARNING - No viable dags retrieved from /root/apache_env/lib/python3.10/site-packages/airflow/example_dags/example_kubernetes_executor.py
[2024-06-18T14:32:37.292+0545] {processor.py:183} INFO - Processing /root/apache_env/lib/python3.10/site-packages/airflow/example_dags/example_kubernetes_executor.py took 0.017 seconds
[2024-06-18T14:33:44.198+0545] {processor.py:161} INFO - Started process (PID=8345) to work on /root/apache_env/lib/python3.10/site-packages/airflow/example_dags/example_kubernetes_executor.py
[2024-06-18T14:33:44.199+0545] {processor.py:830} INFO - Processing file /root/apache_env/lib/python3.10/site-packages/airflow/example_dags/example_kubernetes_executor.py for tasks to queue
[2024-06-18T14:33:44.200+0545] {logging_mixin.py:188} INFO - [2024-06-18T14:33:44.200+0545] {dagbag.py:545} INFO - Filling up the DagBag from /root/apache_env/lib/python3.10/site-packages/airflow/example_dags/example_kubernetes_executor.py
[2024-06-18T14:33:44.202+0545] {logging_mixin.py:188} INFO - [2024-06-18T14:33:44.202+0545] {example_kubernetes_executor.py:39} WARNING - The example_kubernetes_executor example DAG requires the kubernetes provider. Please install it with: pip install apache-airflow[cncf.kubernetes]
[2024-06-18T14:33:44.202+0545] {processor.py:842} WARNING - No viable dags retrieved from /root/apache_env/lib/python3.10/site-packages/airflow/example_dags/example_kubernetes_executor.py
[2024-06-18T14:33:44.209+0545] {processor.py:183} INFO - Processing /root/apache_env/lib/python3.10/site-packages/airflow/example_dags/example_kubernetes_executor.py took 0.015 seconds
[2024-06-18T14:34:47.724+0545] {processor.py:161} INFO - Started process (PID=8508) to work on /root/apache_env/lib/python3.10/site-packages/airflow/example_dags/example_kubernetes_executor.py
[2024-06-18T14:34:47.725+0545] {processor.py:830} INFO - Processing file /root/apache_env/lib/python3.10/site-packages/airflow/example_dags/example_kubernetes_executor.py for tasks to queue
[2024-06-18T14:34:47.726+0545] {logging_mixin.py:188} INFO - [2024-06-18T14:34:47.726+0545] {dagbag.py:545} INFO - Filling up the DagBag from /root/apache_env/lib/python3.10/site-packages/airflow/example_dags/example_kubernetes_executor.py
[2024-06-18T14:34:47.728+0545] {logging_mixin.py:188} INFO - [2024-06-18T14:34:47.728+0545] {example_kubernetes_executor.py:39} WARNING - The example_kubernetes_executor example DAG requires the kubernetes provider. Please install it with: pip install apache-airflow[cncf.kubernetes]
[2024-06-18T14:34:47.728+0545] {processor.py:842} WARNING - No viable dags retrieved from /root/apache_env/lib/python3.10/site-packages/airflow/example_dags/example_kubernetes_executor.py
[2024-06-18T14:34:47.734+0545] {processor.py:183} INFO - Processing /root/apache_env/lib/python3.10/site-packages/airflow/example_dags/example_kubernetes_executor.py took 0.015 seconds
[2024-06-18T14:35:44.455+0545] {processor.py:161} INFO - Started process (PID=8678) to work on /root/apache_env/lib/python3.10/site-packages/airflow/example_dags/example_kubernetes_executor.py
[2024-06-18T14:35:44.456+0545] {processor.py:830} INFO - Processing file /root/apache_env/lib/python3.10/site-packages/airflow/example_dags/example_kubernetes_executor.py for tasks to queue
[2024-06-18T14:35:44.457+0545] {logging_mixin.py:188} INFO - [2024-06-18T14:35:44.457+0545] {dagbag.py:545} INFO - Filling up the DagBag from /root/apache_env/lib/python3.10/site-packages/airflow/example_dags/example_kubernetes_executor.py
[2024-06-18T14:35:44.459+0545] {logging_mixin.py:188} INFO - [2024-06-18T14:35:44.459+0545] {example_kubernetes_executor.py:39} WARNING - The example_kubernetes_executor example DAG requires the kubernetes provider. Please install it with: pip install apache-airflow[cncf.kubernetes]
[2024-06-18T14:35:44.459+0545] {processor.py:842} WARNING - No viable dags retrieved from /root/apache_env/lib/python3.10/site-packages/airflow/example_dags/example_kubernetes_executor.py
[2024-06-18T14:35:44.466+0545] {processor.py:183} INFO - Processing /root/apache_env/lib/python3.10/site-packages/airflow/example_dags/example_kubernetes_executor.py took 0.015 seconds
[2024-06-18T14:36:51.002+0545] {processor.py:161} INFO - Started process (PID=8845) to work on /root/apache_env/lib/python3.10/site-packages/airflow/example_dags/example_kubernetes_executor.py
[2024-06-18T14:36:51.002+0545] {processor.py:830} INFO - Processing file /root/apache_env/lib/python3.10/site-packages/airflow/example_dags/example_kubernetes_executor.py for tasks to queue
[2024-06-18T14:36:51.003+0545] {logging_mixin.py:188} INFO - [2024-06-18T14:36:51.003+0545] {dagbag.py:545} INFO - Filling up the DagBag from /root/apache_env/lib/python3.10/site-packages/airflow/example_dags/example_kubernetes_executor.py
[2024-06-18T14:36:51.005+0545] {logging_mixin.py:188} INFO - [2024-06-18T14:36:51.005+0545] {example_kubernetes_executor.py:39} WARNING - The example_kubernetes_executor example DAG requires the kubernetes provider. Please install it with: pip install apache-airflow[cncf.kubernetes]
[2024-06-18T14:36:51.006+0545] {processor.py:842} WARNING - No viable dags retrieved from /root/apache_env/lib/python3.10/site-packages/airflow/example_dags/example_kubernetes_executor.py
[2024-06-18T14:36:51.012+0545] {processor.py:183} INFO - Processing /root/apache_env/lib/python3.10/site-packages/airflow/example_dags/example_kubernetes_executor.py took 0.015 seconds
[2024-06-18T14:37:58.786+0545] {processor.py:161} INFO - Started process (PID=9013) to work on /root/apache_env/lib/python3.10/site-packages/airflow/example_dags/example_kubernetes_executor.py
[2024-06-18T14:37:58.787+0545] {processor.py:830} INFO - Processing file /root/apache_env/lib/python3.10/site-packages/airflow/example_dags/example_kubernetes_executor.py for tasks to queue
[2024-06-18T14:37:58.788+0545] {logging_mixin.py:188} INFO - [2024-06-18T14:37:58.788+0545] {dagbag.py:545} INFO - Filling up the DagBag from /root/apache_env/lib/python3.10/site-packages/airflow/example_dags/example_kubernetes_executor.py
[2024-06-18T14:37:58.791+0545] {logging_mixin.py:188} INFO - [2024-06-18T14:37:58.791+0545] {example_kubernetes_executor.py:39} WARNING - The example_kubernetes_executor example DAG requires the kubernetes provider. Please install it with: pip install apache-airflow[cncf.kubernetes]
[2024-06-18T14:37:58.791+0545] {processor.py:842} WARNING - No viable dags retrieved from /root/apache_env/lib/python3.10/site-packages/airflow/example_dags/example_kubernetes_executor.py
[2024-06-18T14:37:58.797+0545] {processor.py:183} INFO - Processing /root/apache_env/lib/python3.10/site-packages/airflow/example_dags/example_kubernetes_executor.py took 0.015 seconds
[2024-06-18T14:39:07.272+0545] {processor.py:161} INFO - Started process (PID=9188) to work on /root/apache_env/lib/python3.10/site-packages/airflow/example_dags/example_kubernetes_executor.py
[2024-06-18T14:39:07.273+0545] {processor.py:830} INFO - Processing file /root/apache_env/lib/python3.10/site-packages/airflow/example_dags/example_kubernetes_executor.py for tasks to queue
[2024-06-18T14:39:07.274+0545] {logging_mixin.py:188} INFO - [2024-06-18T14:39:07.274+0545] {dagbag.py:545} INFO - Filling up the DagBag from /root/apache_env/lib/python3.10/site-packages/airflow/example_dags/example_kubernetes_executor.py
[2024-06-18T14:39:07.277+0545] {logging_mixin.py:188} INFO - [2024-06-18T14:39:07.277+0545] {example_kubernetes_executor.py:39} WARNING - The example_kubernetes_executor example DAG requires the kubernetes provider. Please install it with: pip install apache-airflow[cncf.kubernetes]
[2024-06-18T14:39:07.277+0545] {processor.py:842} WARNING - No viable dags retrieved from /root/apache_env/lib/python3.10/site-packages/airflow/example_dags/example_kubernetes_executor.py
[2024-06-18T14:39:07.283+0545] {processor.py:183} INFO - Processing /root/apache_env/lib/python3.10/site-packages/airflow/example_dags/example_kubernetes_executor.py took 0.015 seconds
[2024-06-18T14:40:17.074+0545] {processor.py:161} INFO - Started process (PID=9364) to work on /root/apache_env/lib/python3.10/site-packages/airflow/example_dags/example_kubernetes_executor.py
[2024-06-18T14:40:17.075+0545] {processor.py:830} INFO - Processing file /root/apache_env/lib/python3.10/site-packages/airflow/example_dags/example_kubernetes_executor.py for tasks to queue
[2024-06-18T14:40:17.077+0545] {logging_mixin.py:188} INFO - [2024-06-18T14:40:17.076+0545] {dagbag.py:545} INFO - Filling up the DagBag from /root/apache_env/lib/python3.10/site-packages/airflow/example_dags/example_kubernetes_executor.py
[2024-06-18T14:40:17.079+0545] {logging_mixin.py:188} INFO - [2024-06-18T14:40:17.079+0545] {example_kubernetes_executor.py:39} WARNING - The example_kubernetes_executor example DAG requires the kubernetes provider. Please install it with: pip install apache-airflow[cncf.kubernetes]
[2024-06-18T14:40:17.079+0545] {processor.py:842} WARNING - No viable dags retrieved from /root/apache_env/lib/python3.10/site-packages/airflow/example_dags/example_kubernetes_executor.py
[2024-06-18T14:40:17.087+0545] {processor.py:183} INFO - Processing /root/apache_env/lib/python3.10/site-packages/airflow/example_dags/example_kubernetes_executor.py took 0.018 seconds
[2024-06-18T14:41:25.866+0545] {processor.py:161} INFO - Started process (PID=9535) to work on /root/apache_env/lib/python3.10/site-packages/airflow/example_dags/example_kubernetes_executor.py
[2024-06-18T14:41:25.868+0545] {processor.py:830} INFO - Processing file /root/apache_env/lib/python3.10/site-packages/airflow/example_dags/example_kubernetes_executor.py for tasks to queue
[2024-06-18T14:41:25.869+0545] {logging_mixin.py:188} INFO - [2024-06-18T14:41:25.869+0545] {dagbag.py:545} INFO - Filling up the DagBag from /root/apache_env/lib/python3.10/site-packages/airflow/example_dags/example_kubernetes_executor.py
[2024-06-18T14:41:25.871+0545] {logging_mixin.py:188} INFO - [2024-06-18T14:41:25.871+0545] {example_kubernetes_executor.py:39} WARNING - The example_kubernetes_executor example DAG requires the kubernetes provider. Please install it with: pip install apache-airflow[cncf.kubernetes]
[2024-06-18T14:41:25.871+0545] {processor.py:842} WARNING - No viable dags retrieved from /root/apache_env/lib/python3.10/site-packages/airflow/example_dags/example_kubernetes_executor.py
[2024-06-18T14:41:25.877+0545] {processor.py:183} INFO - Processing /root/apache_env/lib/python3.10/site-packages/airflow/example_dags/example_kubernetes_executor.py took 0.014 seconds
[2024-06-18T14:42:31.461+0545] {processor.py:161} INFO - Started process (PID=9699) to work on /root/apache_env/lib/python3.10/site-packages/airflow/example_dags/example_kubernetes_executor.py
[2024-06-18T14:42:31.462+0545] {processor.py:830} INFO - Processing file /root/apache_env/lib/python3.10/site-packages/airflow/example_dags/example_kubernetes_executor.py for tasks to queue
[2024-06-18T14:42:31.463+0545] {logging_mixin.py:188} INFO - [2024-06-18T14:42:31.463+0545] {dagbag.py:545} INFO - Filling up the DagBag from /root/apache_env/lib/python3.10/site-packages/airflow/example_dags/example_kubernetes_executor.py
[2024-06-18T14:42:31.465+0545] {logging_mixin.py:188} INFO - [2024-06-18T14:42:31.465+0545] {example_kubernetes_executor.py:39} WARNING - The example_kubernetes_executor example DAG requires the kubernetes provider. Please install it with: pip install apache-airflow[cncf.kubernetes]
[2024-06-18T14:42:31.465+0545] {processor.py:842} WARNING - No viable dags retrieved from /root/apache_env/lib/python3.10/site-packages/airflow/example_dags/example_kubernetes_executor.py
[2024-06-18T14:42:31.472+0545] {processor.py:183} INFO - Processing /root/apache_env/lib/python3.10/site-packages/airflow/example_dags/example_kubernetes_executor.py took 0.015 seconds
[2024-06-18T14:43:38.253+0545] {processor.py:161} INFO - Started process (PID=9868) to work on /root/apache_env/lib/python3.10/site-packages/airflow/example_dags/example_kubernetes_executor.py
[2024-06-18T14:43:38.254+0545] {processor.py:830} INFO - Processing file /root/apache_env/lib/python3.10/site-packages/airflow/example_dags/example_kubernetes_executor.py for tasks to queue
[2024-06-18T14:43:38.255+0545] {logging_mixin.py:188} INFO - [2024-06-18T14:43:38.255+0545] {dagbag.py:545} INFO - Filling up the DagBag from /root/apache_env/lib/python3.10/site-packages/airflow/example_dags/example_kubernetes_executor.py
[2024-06-18T14:43:38.257+0545] {logging_mixin.py:188} INFO - [2024-06-18T14:43:38.257+0545] {example_kubernetes_executor.py:39} WARNING - The example_kubernetes_executor example DAG requires the kubernetes provider. Please install it with: pip install apache-airflow[cncf.kubernetes]
[2024-06-18T14:43:38.257+0545] {processor.py:842} WARNING - No viable dags retrieved from /root/apache_env/lib/python3.10/site-packages/airflow/example_dags/example_kubernetes_executor.py
[2024-06-18T14:43:38.264+0545] {processor.py:183} INFO - Processing /root/apache_env/lib/python3.10/site-packages/airflow/example_dags/example_kubernetes_executor.py took 0.015 seconds
[2024-06-18T14:44:46.748+0545] {processor.py:161} INFO - Started process (PID=10038) to work on /root/apache_env/lib/python3.10/site-packages/airflow/example_dags/example_kubernetes_executor.py
[2024-06-18T14:44:46.750+0545] {processor.py:830} INFO - Processing file /root/apache_env/lib/python3.10/site-packages/airflow/example_dags/example_kubernetes_executor.py for tasks to queue
[2024-06-18T14:44:46.751+0545] {logging_mixin.py:188} INFO - [2024-06-18T14:44:46.751+0545] {dagbag.py:545} INFO - Filling up the DagBag from /root/apache_env/lib/python3.10/site-packages/airflow/example_dags/example_kubernetes_executor.py
[2024-06-18T14:44:46.753+0545] {logging_mixin.py:188} INFO - [2024-06-18T14:44:46.753+0545] {example_kubernetes_executor.py:39} WARNING - The example_kubernetes_executor example DAG requires the kubernetes provider. Please install it with: pip install apache-airflow[cncf.kubernetes]
[2024-06-18T14:44:46.753+0545] {processor.py:842} WARNING - No viable dags retrieved from /root/apache_env/lib/python3.10/site-packages/airflow/example_dags/example_kubernetes_executor.py
[2024-06-18T14:44:46.760+0545] {processor.py:183} INFO - Processing /root/apache_env/lib/python3.10/site-packages/airflow/example_dags/example_kubernetes_executor.py took 0.015 seconds
[2024-06-18T14:45:41.557+0545] {processor.py:161} INFO - Started process (PID=10201) to work on /root/apache_env/lib/python3.10/site-packages/airflow/example_dags/example_kubernetes_executor.py
[2024-06-18T14:45:41.558+0545] {processor.py:830} INFO - Processing file /root/apache_env/lib/python3.10/site-packages/airflow/example_dags/example_kubernetes_executor.py for tasks to queue
[2024-06-18T14:45:41.560+0545] {logging_mixin.py:188} INFO - [2024-06-18T14:45:41.559+0545] {dagbag.py:545} INFO - Filling up the DagBag from /root/apache_env/lib/python3.10/site-packages/airflow/example_dags/example_kubernetes_executor.py
[2024-06-18T14:45:41.561+0545] {logging_mixin.py:188} INFO - [2024-06-18T14:45:41.561+0545] {example_kubernetes_executor.py:39} WARNING - The example_kubernetes_executor example DAG requires the kubernetes provider. Please install it with: pip install apache-airflow[cncf.kubernetes]
[2024-06-18T14:45:41.562+0545] {processor.py:842} WARNING - No viable dags retrieved from /root/apache_env/lib/python3.10/site-packages/airflow/example_dags/example_kubernetes_executor.py
[2024-06-18T14:45:41.568+0545] {processor.py:183} INFO - Processing /root/apache_env/lib/python3.10/site-packages/airflow/example_dags/example_kubernetes_executor.py took 0.016 seconds
[2024-06-18T14:46:44.877+0545] {processor.py:161} INFO - Started process (PID=10361) to work on /root/apache_env/lib/python3.10/site-packages/airflow/example_dags/example_kubernetes_executor.py
[2024-06-18T14:46:44.877+0545] {processor.py:830} INFO - Processing file /root/apache_env/lib/python3.10/site-packages/airflow/example_dags/example_kubernetes_executor.py for tasks to queue
[2024-06-18T14:46:44.879+0545] {logging_mixin.py:188} INFO - [2024-06-18T14:46:44.878+0545] {dagbag.py:545} INFO - Filling up the DagBag from /root/apache_env/lib/python3.10/site-packages/airflow/example_dags/example_kubernetes_executor.py
[2024-06-18T14:46:44.881+0545] {logging_mixin.py:188} INFO - [2024-06-18T14:46:44.881+0545] {example_kubernetes_executor.py:39} WARNING - The example_kubernetes_executor example DAG requires the kubernetes provider. Please install it with: pip install apache-airflow[cncf.kubernetes]
[2024-06-18T14:46:44.881+0545] {processor.py:842} WARNING - No viable dags retrieved from /root/apache_env/lib/python3.10/site-packages/airflow/example_dags/example_kubernetes_executor.py
[2024-06-18T14:46:44.888+0545] {processor.py:183} INFO - Processing /root/apache_env/lib/python3.10/site-packages/airflow/example_dags/example_kubernetes_executor.py took 0.016 seconds
[2024-06-18T14:47:49.396+0545] {processor.py:161} INFO - Started process (PID=10528) to work on /root/apache_env/lib/python3.10/site-packages/airflow/example_dags/example_kubernetes_executor.py
[2024-06-18T14:47:49.397+0545] {processor.py:830} INFO - Processing file /root/apache_env/lib/python3.10/site-packages/airflow/example_dags/example_kubernetes_executor.py for tasks to queue
[2024-06-18T14:47:49.398+0545] {logging_mixin.py:188} INFO - [2024-06-18T14:47:49.398+0545] {dagbag.py:545} INFO - Filling up the DagBag from /root/apache_env/lib/python3.10/site-packages/airflow/example_dags/example_kubernetes_executor.py
[2024-06-18T14:47:49.400+0545] {logging_mixin.py:188} INFO - [2024-06-18T14:47:49.400+0545] {example_kubernetes_executor.py:39} WARNING - The example_kubernetes_executor example DAG requires the kubernetes provider. Please install it with: pip install apache-airflow[cncf.kubernetes]
[2024-06-18T14:47:49.400+0545] {processor.py:842} WARNING - No viable dags retrieved from /root/apache_env/lib/python3.10/site-packages/airflow/example_dags/example_kubernetes_executor.py
[2024-06-18T14:47:49.407+0545] {processor.py:183} INFO - Processing /root/apache_env/lib/python3.10/site-packages/airflow/example_dags/example_kubernetes_executor.py took 0.016 seconds
[2024-06-18T14:48:57.269+0545] {processor.py:161} INFO - Started process (PID=10697) to work on /root/apache_env/lib/python3.10/site-packages/airflow/example_dags/example_kubernetes_executor.py
[2024-06-18T14:48:57.270+0545] {processor.py:830} INFO - Processing file /root/apache_env/lib/python3.10/site-packages/airflow/example_dags/example_kubernetes_executor.py for tasks to queue
[2024-06-18T14:48:57.271+0545] {logging_mixin.py:188} INFO - [2024-06-18T14:48:57.271+0545] {dagbag.py:545} INFO - Filling up the DagBag from /root/apache_env/lib/python3.10/site-packages/airflow/example_dags/example_kubernetes_executor.py
[2024-06-18T14:48:57.273+0545] {logging_mixin.py:188} INFO - [2024-06-18T14:48:57.273+0545] {example_kubernetes_executor.py:39} WARNING - The example_kubernetes_executor example DAG requires the kubernetes provider. Please install it with: pip install apache-airflow[cncf.kubernetes]
[2024-06-18T14:48:57.273+0545] {processor.py:842} WARNING - No viable dags retrieved from /root/apache_env/lib/python3.10/site-packages/airflow/example_dags/example_kubernetes_executor.py
[2024-06-18T14:48:57.280+0545] {processor.py:183} INFO - Processing /root/apache_env/lib/python3.10/site-packages/airflow/example_dags/example_kubernetes_executor.py took 0.015 seconds
[2024-06-18T14:49:47.398+0545] {processor.py:161} INFO - Started process (PID=10826) to work on /root/apache_env/lib/python3.10/site-packages/airflow/example_dags/example_kubernetes_executor.py
[2024-06-18T14:49:47.399+0545] {processor.py:830} INFO - Processing file /root/apache_env/lib/python3.10/site-packages/airflow/example_dags/example_kubernetes_executor.py for tasks to queue
[2024-06-18T14:49:47.400+0545] {logging_mixin.py:188} INFO - [2024-06-18T14:49:47.400+0545] {dagbag.py:545} INFO - Filling up the DagBag from /root/apache_env/lib/python3.10/site-packages/airflow/example_dags/example_kubernetes_executor.py
[2024-06-18T14:49:47.402+0545] {logging_mixin.py:188} INFO - [2024-06-18T14:49:47.402+0545] {example_kubernetes_executor.py:39} WARNING - The example_kubernetes_executor example DAG requires the kubernetes provider. Please install it with: pip install apache-airflow[cncf.kubernetes]
[2024-06-18T14:49:47.403+0545] {processor.py:842} WARNING - No viable dags retrieved from /root/apache_env/lib/python3.10/site-packages/airflow/example_dags/example_kubernetes_executor.py
[2024-06-18T14:49:47.409+0545] {processor.py:183} INFO - Processing /root/apache_env/lib/python3.10/site-packages/airflow/example_dags/example_kubernetes_executor.py took 0.015 seconds
[2024-06-18T14:50:53.757+0545] {processor.py:161} INFO - Started process (PID=10996) to work on /root/apache_env/lib/python3.10/site-packages/airflow/example_dags/example_kubernetes_executor.py
[2024-06-18T14:50:53.758+0545] {processor.py:830} INFO - Processing file /root/apache_env/lib/python3.10/site-packages/airflow/example_dags/example_kubernetes_executor.py for tasks to queue
[2024-06-18T14:50:53.760+0545] {logging_mixin.py:188} INFO - [2024-06-18T14:50:53.759+0545] {dagbag.py:545} INFO - Filling up the DagBag from /root/apache_env/lib/python3.10/site-packages/airflow/example_dags/example_kubernetes_executor.py
[2024-06-18T14:50:53.762+0545] {logging_mixin.py:188} INFO - [2024-06-18T14:50:53.762+0545] {example_kubernetes_executor.py:39} WARNING - The example_kubernetes_executor example DAG requires the kubernetes provider. Please install it with: pip install apache-airflow[cncf.kubernetes]
[2024-06-18T14:50:53.763+0545] {processor.py:842} WARNING - No viable dags retrieved from /root/apache_env/lib/python3.10/site-packages/airflow/example_dags/example_kubernetes_executor.py
[2024-06-18T14:50:53.772+0545] {processor.py:183} INFO - Processing /root/apache_env/lib/python3.10/site-packages/airflow/example_dags/example_kubernetes_executor.py took 0.020 seconds
[2024-06-18T14:51:57.154+0545] {processor.py:161} INFO - Started process (PID=11154) to work on /root/apache_env/lib/python3.10/site-packages/airflow/example_dags/example_kubernetes_executor.py
[2024-06-18T14:51:57.156+0545] {processor.py:830} INFO - Processing file /root/apache_env/lib/python3.10/site-packages/airflow/example_dags/example_kubernetes_executor.py for tasks to queue
[2024-06-18T14:51:57.157+0545] {logging_mixin.py:188} INFO - [2024-06-18T14:51:57.157+0545] {dagbag.py:545} INFO - Filling up the DagBag from /root/apache_env/lib/python3.10/site-packages/airflow/example_dags/example_kubernetes_executor.py
[2024-06-18T14:51:57.159+0545] {logging_mixin.py:188} INFO - [2024-06-18T14:51:57.159+0545] {example_kubernetes_executor.py:39} WARNING - The example_kubernetes_executor example DAG requires the kubernetes provider. Please install it with: pip install apache-airflow[cncf.kubernetes]
[2024-06-18T14:51:57.160+0545] {processor.py:842} WARNING - No viable dags retrieved from /root/apache_env/lib/python3.10/site-packages/airflow/example_dags/example_kubernetes_executor.py
[2024-06-18T14:51:57.167+0545] {processor.py:183} INFO - Processing /root/apache_env/lib/python3.10/site-packages/airflow/example_dags/example_kubernetes_executor.py took 0.017 seconds
