[2024-06-18T14:12:41.017+0545] {processor.py:161} INFO - Started process (PID=5075) to work on /root/apache_env/lib/python3.10/site-packages/airflow/example_dags/example_sensor_decorator.py
[2024-06-18T14:12:41.018+0545] {processor.py:830} INFO - Processing file /root/apache_env/lib/python3.10/site-packages/airflow/example_dags/example_sensor_decorator.py for tasks to queue
[2024-06-18T14:12:41.019+0545] {logging_mixin.py:188} INFO - [2024-06-18T14:12:41.018+0545] {dagbag.py:545} INFO - Filling up the DagBag from /root/apache_env/lib/python3.10/site-packages/airflow/example_dags/example_sensor_decorator.py
[2024-06-18T14:12:41.024+0545] {processor.py:840} INFO - DAG(s) 'example_sensor_decorator' retrieved from /root/apache_env/lib/python3.10/site-packages/airflow/example_dags/example_sensor_decorator.py
[2024-06-18T14:12:41.113+0545] {logging_mixin.py:188} INFO - [2024-06-18T14:12:41.113+0545] {override.py:1829} INFO - Created Permission View: can delete on DAG:example_sensor_decorator
[2024-06-18T14:12:41.123+0545] {logging_mixin.py:188} INFO - [2024-06-18T14:12:41.123+0545] {override.py:1829} INFO - Created Permission View: can read on DAG:example_sensor_decorator
[2024-06-18T14:12:41.131+0545] {logging_mixin.py:188} INFO - [2024-06-18T14:12:41.131+0545] {override.py:1829} INFO - Created Permission View: can edit on DAG:example_sensor_decorator
[2024-06-18T14:12:41.131+0545] {logging_mixin.py:188} INFO - [2024-06-18T14:12:41.131+0545] {dag.py:3096} INFO - Sync 1 DAGs
[2024-06-18T14:12:41.140+0545] {logging_mixin.py:188} INFO - [2024-06-18T14:12:41.140+0545] {dag.py:3118} INFO - Creating ORM DAG for example_sensor_decorator
[2024-06-18T14:12:41.141+0545] {logging_mixin.py:188} INFO - [2024-06-18T14:12:41.141+0545] {dag.py:3954} INFO - Setting next_dagrun for example_sensor_decorator to None, run_after=None
[2024-06-18T14:12:41.158+0545] {processor.py:183} INFO - Processing /root/apache_env/lib/python3.10/site-packages/airflow/example_dags/example_sensor_decorator.py took 0.144 seconds
[2024-06-18T14:14:53.779+0545] {processor.py:161} INFO - Started process (PID=5377) to work on /root/apache_env/lib/python3.10/site-packages/airflow/example_dags/example_sensor_decorator.py
[2024-06-18T14:14:53.780+0545] {processor.py:830} INFO - Processing file /root/apache_env/lib/python3.10/site-packages/airflow/example_dags/example_sensor_decorator.py for tasks to queue
[2024-06-18T14:14:53.782+0545] {logging_mixin.py:188} INFO - [2024-06-18T14:14:53.781+0545] {dagbag.py:545} INFO - Filling up the DagBag from /root/apache_env/lib/python3.10/site-packages/airflow/example_dags/example_sensor_decorator.py
[2024-06-18T14:14:53.786+0545] {processor.py:840} INFO - DAG(s) 'example_sensor_decorator' retrieved from /root/apache_env/lib/python3.10/site-packages/airflow/example_dags/example_sensor_decorator.py
[2024-06-18T14:14:53.801+0545] {logging_mixin.py:188} INFO - [2024-06-18T14:14:53.801+0545] {dag.py:3096} INFO - Sync 1 DAGs
[2024-06-18T14:14:53.811+0545] {logging_mixin.py:188} INFO - [2024-06-18T14:14:53.810+0545] {dag.py:3954} INFO - Setting next_dagrun for example_sensor_decorator to None, run_after=None
[2024-06-18T14:14:53.827+0545] {processor.py:183} INFO - Processing /root/apache_env/lib/python3.10/site-packages/airflow/example_dags/example_sensor_decorator.py took 0.052 seconds
[2024-06-18T14:16:15.826+0545] {processor.py:161} INFO - Started process (PID=5602) to work on /root/apache_env/lib/python3.10/site-packages/airflow/example_dags/example_sensor_decorator.py
[2024-06-18T14:16:15.828+0545] {processor.py:830} INFO - Processing file /root/apache_env/lib/python3.10/site-packages/airflow/example_dags/example_sensor_decorator.py for tasks to queue
[2024-06-18T14:16:15.829+0545] {logging_mixin.py:188} INFO - [2024-06-18T14:16:15.828+0545] {dagbag.py:545} INFO - Filling up the DagBag from /root/apache_env/lib/python3.10/site-packages/airflow/example_dags/example_sensor_decorator.py
[2024-06-18T14:16:15.833+0545] {processor.py:840} INFO - DAG(s) 'example_sensor_decorator' retrieved from /root/apache_env/lib/python3.10/site-packages/airflow/example_dags/example_sensor_decorator.py
[2024-06-18T14:16:15.893+0545] {logging_mixin.py:188} INFO - [2024-06-18T14:16:15.893+0545] {dag.py:3096} INFO - Sync 1 DAGs
[2024-06-18T14:16:15.900+0545] {logging_mixin.py:188} INFO - [2024-06-18T14:16:15.900+0545] {dag.py:3954} INFO - Setting next_dagrun for example_sensor_decorator to None, run_after=None
[2024-06-18T14:16:15.917+0545] {processor.py:183} INFO - Processing /root/apache_env/lib/python3.10/site-packages/airflow/example_dags/example_sensor_decorator.py took 0.095 seconds
[2024-06-18T14:17:11.416+0545] {processor.py:161} INFO - Started process (PID=5739) to work on /root/apache_env/lib/python3.10/site-packages/airflow/example_dags/example_sensor_decorator.py
[2024-06-18T14:17:11.418+0545] {processor.py:830} INFO - Processing file /root/apache_env/lib/python3.10/site-packages/airflow/example_dags/example_sensor_decorator.py for tasks to queue
[2024-06-18T14:17:11.419+0545] {logging_mixin.py:188} INFO - [2024-06-18T14:17:11.419+0545] {dagbag.py:545} INFO - Filling up the DagBag from /root/apache_env/lib/python3.10/site-packages/airflow/example_dags/example_sensor_decorator.py
[2024-06-18T14:17:11.424+0545] {processor.py:840} INFO - DAG(s) 'example_sensor_decorator' retrieved from /root/apache_env/lib/python3.10/site-packages/airflow/example_dags/example_sensor_decorator.py
[2024-06-18T14:17:11.435+0545] {logging_mixin.py:188} INFO - [2024-06-18T14:17:11.434+0545] {dag.py:3096} INFO - Sync 1 DAGs
[2024-06-18T14:17:11.443+0545] {logging_mixin.py:188} INFO - [2024-06-18T14:17:11.443+0545] {dag.py:3954} INFO - Setting next_dagrun for example_sensor_decorator to None, run_after=None
[2024-06-18T14:17:11.460+0545] {processor.py:183} INFO - Processing /root/apache_env/lib/python3.10/site-packages/airflow/example_dags/example_sensor_decorator.py took 0.048 seconds
[2024-06-18T14:18:04.836+0545] {processor.py:161} INFO - Started process (PID=5882) to work on /root/apache_env/lib/python3.10/site-packages/airflow/example_dags/example_sensor_decorator.py
[2024-06-18T14:18:04.837+0545] {processor.py:830} INFO - Processing file /root/apache_env/lib/python3.10/site-packages/airflow/example_dags/example_sensor_decorator.py for tasks to queue
[2024-06-18T14:18:04.838+0545] {logging_mixin.py:188} INFO - [2024-06-18T14:18:04.838+0545] {dagbag.py:545} INFO - Filling up the DagBag from /root/apache_env/lib/python3.10/site-packages/airflow/example_dags/example_sensor_decorator.py
[2024-06-18T14:18:04.842+0545] {processor.py:840} INFO - DAG(s) 'example_sensor_decorator' retrieved from /root/apache_env/lib/python3.10/site-packages/airflow/example_dags/example_sensor_decorator.py
[2024-06-18T14:18:04.906+0545] {logging_mixin.py:188} INFO - [2024-06-18T14:18:04.906+0545] {dag.py:3096} INFO - Sync 1 DAGs
[2024-06-18T14:18:04.912+0545] {logging_mixin.py:188} INFO - [2024-06-18T14:18:04.912+0545] {dag.py:3954} INFO - Setting next_dagrun for example_sensor_decorator to None, run_after=None
[2024-06-18T14:18:04.929+0545] {processor.py:183} INFO - Processing /root/apache_env/lib/python3.10/site-packages/airflow/example_dags/example_sensor_decorator.py took 0.097 seconds
[2024-06-18T14:22:24.369+0545] {processor.py:161} INFO - Started process (PID=6549) to work on /root/apache_env/lib/python3.10/site-packages/airflow/example_dags/example_sensor_decorator.py
[2024-06-18T14:22:24.370+0545] {processor.py:830} INFO - Processing file /root/apache_env/lib/python3.10/site-packages/airflow/example_dags/example_sensor_decorator.py for tasks to queue
[2024-06-18T14:22:24.371+0545] {logging_mixin.py:188} INFO - [2024-06-18T14:22:24.371+0545] {dagbag.py:545} INFO - Filling up the DagBag from /root/apache_env/lib/python3.10/site-packages/airflow/example_dags/example_sensor_decorator.py
[2024-06-18T14:22:24.377+0545] {processor.py:840} INFO - DAG(s) 'example_sensor_decorator' retrieved from /root/apache_env/lib/python3.10/site-packages/airflow/example_dags/example_sensor_decorator.py
[2024-06-18T14:22:24.383+0545] {logging_mixin.py:188} INFO - [2024-06-18T14:22:24.383+0545] {dag.py:3096} INFO - Sync 1 DAGs
[2024-06-18T14:22:24.392+0545] {logging_mixin.py:188} INFO - [2024-06-18T14:22:24.392+0545] {dag.py:3954} INFO - Setting next_dagrun for example_sensor_decorator to None, run_after=None
[2024-06-18T14:22:24.408+0545] {processor.py:183} INFO - Processing /root/apache_env/lib/python3.10/site-packages/airflow/example_dags/example_sensor_decorator.py took 0.043 seconds
[2024-06-18T14:23:33.003+0545] {processor.py:161} INFO - Started process (PID=6768) to work on /root/apache_env/lib/python3.10/site-packages/airflow/example_dags/example_sensor_decorator.py
[2024-06-18T14:23:33.004+0545] {processor.py:830} INFO - Processing file /root/apache_env/lib/python3.10/site-packages/airflow/example_dags/example_sensor_decorator.py for tasks to queue
[2024-06-18T14:23:33.006+0545] {logging_mixin.py:188} INFO - [2024-06-18T14:23:33.005+0545] {dagbag.py:545} INFO - Filling up the DagBag from /root/apache_env/lib/python3.10/site-packages/airflow/example_dags/example_sensor_decorator.py
[2024-06-18T14:23:33.011+0545] {processor.py:840} INFO - DAG(s) 'example_sensor_decorator' retrieved from /root/apache_env/lib/python3.10/site-packages/airflow/example_dags/example_sensor_decorator.py
[2024-06-18T14:23:33.124+0545] {logging_mixin.py:188} INFO - [2024-06-18T14:23:33.124+0545] {dag.py:3096} INFO - Sync 1 DAGs
[2024-06-18T14:23:33.130+0545] {logging_mixin.py:188} INFO - [2024-06-18T14:23:33.129+0545] {dag.py:3954} INFO - Setting next_dagrun for example_sensor_decorator to None, run_after=None
[2024-06-18T14:23:33.146+0545] {processor.py:183} INFO - Processing /root/apache_env/lib/python3.10/site-packages/airflow/example_dags/example_sensor_decorator.py took 0.148 seconds
[2024-06-18T14:24:26.110+0545] {processor.py:161} INFO - Started process (PID=6899) to work on /root/apache_env/lib/python3.10/site-packages/airflow/example_dags/example_sensor_decorator.py
[2024-06-18T14:24:26.111+0545] {processor.py:830} INFO - Processing file /root/apache_env/lib/python3.10/site-packages/airflow/example_dags/example_sensor_decorator.py for tasks to queue
[2024-06-18T14:24:26.113+0545] {logging_mixin.py:188} INFO - [2024-06-18T14:24:26.112+0545] {dagbag.py:545} INFO - Filling up the DagBag from /root/apache_env/lib/python3.10/site-packages/airflow/example_dags/example_sensor_decorator.py
[2024-06-18T14:24:26.117+0545] {processor.py:840} INFO - DAG(s) 'example_sensor_decorator' retrieved from /root/apache_env/lib/python3.10/site-packages/airflow/example_dags/example_sensor_decorator.py
[2024-06-18T14:24:26.180+0545] {logging_mixin.py:188} INFO - [2024-06-18T14:24:26.179+0545] {dag.py:3096} INFO - Sync 1 DAGs
[2024-06-18T14:24:26.186+0545] {logging_mixin.py:188} INFO - [2024-06-18T14:24:26.186+0545] {dag.py:3954} INFO - Setting next_dagrun for example_sensor_decorator to None, run_after=None
[2024-06-18T14:24:26.201+0545] {processor.py:183} INFO - Processing /root/apache_env/lib/python3.10/site-packages/airflow/example_dags/example_sensor_decorator.py took 0.095 seconds
[2024-06-18T14:25:29.310+0545] {processor.py:161} INFO - Started process (PID=7082) to work on /root/apache_env/lib/python3.10/site-packages/airflow/example_dags/example_sensor_decorator.py
[2024-06-18T14:25:29.311+0545] {processor.py:830} INFO - Processing file /root/apache_env/lib/python3.10/site-packages/airflow/example_dags/example_sensor_decorator.py for tasks to queue
[2024-06-18T14:25:29.313+0545] {logging_mixin.py:188} INFO - [2024-06-18T14:25:29.312+0545] {dagbag.py:545} INFO - Filling up the DagBag from /root/apache_env/lib/python3.10/site-packages/airflow/example_dags/example_sensor_decorator.py
[2024-06-18T14:25:29.317+0545] {processor.py:840} INFO - DAG(s) 'example_sensor_decorator' retrieved from /root/apache_env/lib/python3.10/site-packages/airflow/example_dags/example_sensor_decorator.py
[2024-06-18T14:25:29.329+0545] {logging_mixin.py:188} INFO - [2024-06-18T14:25:29.328+0545] {dag.py:3096} INFO - Sync 1 DAGs
[2024-06-18T14:25:29.338+0545] {logging_mixin.py:188} INFO - [2024-06-18T14:25:29.337+0545] {dag.py:3954} INFO - Setting next_dagrun for example_sensor_decorator to None, run_after=None
[2024-06-18T14:25:29.354+0545] {processor.py:183} INFO - Processing /root/apache_env/lib/python3.10/site-packages/airflow/example_dags/example_sensor_decorator.py took 0.048 seconds
[2024-06-18T14:27:28.101+0545] {processor.py:161} INFO - Started process (PID=7401) to work on /root/apache_env/lib/python3.10/site-packages/airflow/example_dags/example_sensor_decorator.py
[2024-06-18T14:27:28.102+0545] {processor.py:830} INFO - Processing file /root/apache_env/lib/python3.10/site-packages/airflow/example_dags/example_sensor_decorator.py for tasks to queue
[2024-06-18T14:27:28.103+0545] {logging_mixin.py:188} INFO - [2024-06-18T14:27:28.103+0545] {dagbag.py:545} INFO - Filling up the DagBag from /root/apache_env/lib/python3.10/site-packages/airflow/example_dags/example_sensor_decorator.py
[2024-06-18T14:27:28.108+0545] {processor.py:840} INFO - DAG(s) 'example_sensor_decorator' retrieved from /root/apache_env/lib/python3.10/site-packages/airflow/example_dags/example_sensor_decorator.py
[2024-06-18T14:27:28.113+0545] {logging_mixin.py:188} INFO - [2024-06-18T14:27:28.113+0545] {dag.py:3096} INFO - Sync 1 DAGs
[2024-06-18T14:27:28.122+0545] {logging_mixin.py:188} INFO - [2024-06-18T14:27:28.121+0545] {dag.py:3954} INFO - Setting next_dagrun for example_sensor_decorator to None, run_after=None
[2024-06-18T14:27:28.137+0545] {processor.py:183} INFO - Processing /root/apache_env/lib/python3.10/site-packages/airflow/example_dags/example_sensor_decorator.py took 0.039 seconds
[2024-06-18T14:28:25.317+0545] {processor.py:161} INFO - Started process (PID=7556) to work on /root/apache_env/lib/python3.10/site-packages/airflow/example_dags/example_sensor_decorator.py
[2024-06-18T14:28:25.319+0545] {processor.py:830} INFO - Processing file /root/apache_env/lib/python3.10/site-packages/airflow/example_dags/example_sensor_decorator.py for tasks to queue
[2024-06-18T14:28:25.320+0545] {logging_mixin.py:188} INFO - [2024-06-18T14:28:25.320+0545] {dagbag.py:545} INFO - Filling up the DagBag from /root/apache_env/lib/python3.10/site-packages/airflow/example_dags/example_sensor_decorator.py
[2024-06-18T14:28:25.324+0545] {processor.py:840} INFO - DAG(s) 'example_sensor_decorator' retrieved from /root/apache_env/lib/python3.10/site-packages/airflow/example_dags/example_sensor_decorator.py
[2024-06-18T14:28:25.446+0545] {logging_mixin.py:188} INFO - [2024-06-18T14:28:25.446+0545] {dag.py:3096} INFO - Sync 1 DAGs
[2024-06-18T14:28:25.454+0545] {logging_mixin.py:188} INFO - [2024-06-18T14:28:25.453+0545] {dag.py:3954} INFO - Setting next_dagrun for example_sensor_decorator to None, run_after=None
[2024-06-18T14:28:25.471+0545] {processor.py:183} INFO - Processing /root/apache_env/lib/python3.10/site-packages/airflow/example_dags/example_sensor_decorator.py took 0.157 seconds
[2024-06-18T14:30:07.285+0545] {processor.py:161} INFO - Started process (PID=7808) to work on /root/apache_env/lib/python3.10/site-packages/airflow/example_dags/example_sensor_decorator.py
[2024-06-18T14:30:07.286+0545] {processor.py:830} INFO - Processing file /root/apache_env/lib/python3.10/site-packages/airflow/example_dags/example_sensor_decorator.py for tasks to queue
[2024-06-18T14:30:07.288+0545] {logging_mixin.py:188} INFO - [2024-06-18T14:30:07.287+0545] {dagbag.py:545} INFO - Filling up the DagBag from /root/apache_env/lib/python3.10/site-packages/airflow/example_dags/example_sensor_decorator.py
[2024-06-18T14:30:07.295+0545] {processor.py:840} INFO - DAG(s) 'example_sensor_decorator' retrieved from /root/apache_env/lib/python3.10/site-packages/airflow/example_dags/example_sensor_decorator.py
[2024-06-18T14:30:07.299+0545] {logging_mixin.py:188} INFO - [2024-06-18T14:30:07.299+0545] {dag.py:3096} INFO - Sync 1 DAGs
[2024-06-18T14:30:07.308+0545] {logging_mixin.py:188} INFO - [2024-06-18T14:30:07.307+0545] {dag.py:3954} INFO - Setting next_dagrun for example_sensor_decorator to None, run_after=None
[2024-06-18T14:30:07.323+0545] {processor.py:183} INFO - Processing /root/apache_env/lib/python3.10/site-packages/airflow/example_dags/example_sensor_decorator.py took 0.042 seconds
[2024-06-18T14:31:03.384+0545] {processor.py:161} INFO - Started process (PID=7943) to work on /root/apache_env/lib/python3.10/site-packages/airflow/example_dags/example_sensor_decorator.py
[2024-06-18T14:31:03.385+0545] {processor.py:830} INFO - Processing file /root/apache_env/lib/python3.10/site-packages/airflow/example_dags/example_sensor_decorator.py for tasks to queue
[2024-06-18T14:31:03.387+0545] {logging_mixin.py:188} INFO - [2024-06-18T14:31:03.386+0545] {dagbag.py:545} INFO - Filling up the DagBag from /root/apache_env/lib/python3.10/site-packages/airflow/example_dags/example_sensor_decorator.py
[2024-06-18T14:31:03.391+0545] {processor.py:840} INFO - DAG(s) 'example_sensor_decorator' retrieved from /root/apache_env/lib/python3.10/site-packages/airflow/example_dags/example_sensor_decorator.py
[2024-06-18T14:31:03.503+0545] {logging_mixin.py:188} INFO - [2024-06-18T14:31:03.503+0545] {dag.py:3096} INFO - Sync 1 DAGs
[2024-06-18T14:31:03.508+0545] {logging_mixin.py:188} INFO - [2024-06-18T14:31:03.508+0545] {dag.py:3954} INFO - Setting next_dagrun for example_sensor_decorator to None, run_after=None
[2024-06-18T14:31:03.524+0545] {processor.py:183} INFO - Processing /root/apache_env/lib/python3.10/site-packages/airflow/example_dags/example_sensor_decorator.py took 0.144 seconds
[2024-06-18T14:31:56.739+0545] {processor.py:161} INFO - Started process (PID=8075) to work on /root/apache_env/lib/python3.10/site-packages/airflow/example_dags/example_sensor_decorator.py
[2024-06-18T14:31:56.741+0545] {processor.py:830} INFO - Processing file /root/apache_env/lib/python3.10/site-packages/airflow/example_dags/example_sensor_decorator.py for tasks to queue
[2024-06-18T14:31:56.742+0545] {logging_mixin.py:188} INFO - [2024-06-18T14:31:56.741+0545] {dagbag.py:545} INFO - Filling up the DagBag from /root/apache_env/lib/python3.10/site-packages/airflow/example_dags/example_sensor_decorator.py
[2024-06-18T14:31:56.746+0545] {processor.py:840} INFO - DAG(s) 'example_sensor_decorator' retrieved from /root/apache_env/lib/python3.10/site-packages/airflow/example_dags/example_sensor_decorator.py
[2024-06-18T14:31:56.808+0545] {logging_mixin.py:188} INFO - [2024-06-18T14:31:56.807+0545] {dag.py:3096} INFO - Sync 1 DAGs
[2024-06-18T14:31:56.814+0545] {logging_mixin.py:188} INFO - [2024-06-18T14:31:56.814+0545] {dag.py:3954} INFO - Setting next_dagrun for example_sensor_decorator to None, run_after=None
[2024-06-18T14:31:56.830+0545] {processor.py:183} INFO - Processing /root/apache_env/lib/python3.10/site-packages/airflow/example_dags/example_sensor_decorator.py took 0.094 seconds
[2024-06-18T14:32:46.279+0545] {processor.py:161} INFO - Started process (PID=8199) to work on /root/apache_env/lib/python3.10/site-packages/airflow/example_dags/example_sensor_decorator.py
[2024-06-18T14:32:46.280+0545] {processor.py:830} INFO - Processing file /root/apache_env/lib/python3.10/site-packages/airflow/example_dags/example_sensor_decorator.py for tasks to queue
[2024-06-18T14:32:46.281+0545] {logging_mixin.py:188} INFO - [2024-06-18T14:32:46.281+0545] {dagbag.py:545} INFO - Filling up the DagBag from /root/apache_env/lib/python3.10/site-packages/airflow/example_dags/example_sensor_decorator.py
[2024-06-18T14:32:46.285+0545] {processor.py:840} INFO - DAG(s) 'example_sensor_decorator' retrieved from /root/apache_env/lib/python3.10/site-packages/airflow/example_dags/example_sensor_decorator.py
[2024-06-18T14:32:46.298+0545] {logging_mixin.py:188} INFO - [2024-06-18T14:32:46.298+0545] {dag.py:3096} INFO - Sync 1 DAGs
[2024-06-18T14:32:46.307+0545] {logging_mixin.py:188} INFO - [2024-06-18T14:32:46.307+0545] {dag.py:3954} INFO - Setting next_dagrun for example_sensor_decorator to None, run_after=None
[2024-06-18T14:32:46.324+0545] {processor.py:183} INFO - Processing /root/apache_env/lib/python3.10/site-packages/airflow/example_dags/example_sensor_decorator.py took 0.051 seconds
[2024-06-18T14:33:33.309+0545] {processor.py:161} INFO - Started process (PID=8315) to work on /root/apache_env/lib/python3.10/site-packages/airflow/example_dags/example_sensor_decorator.py
[2024-06-18T14:33:33.310+0545] {processor.py:830} INFO - Processing file /root/apache_env/lib/python3.10/site-packages/airflow/example_dags/example_sensor_decorator.py for tasks to queue
[2024-06-18T14:33:33.311+0545] {logging_mixin.py:188} INFO - [2024-06-18T14:33:33.311+0545] {dagbag.py:545} INFO - Filling up the DagBag from /root/apache_env/lib/python3.10/site-packages/airflow/example_dags/example_sensor_decorator.py
[2024-06-18T14:33:33.316+0545] {processor.py:840} INFO - DAG(s) 'example_sensor_decorator' retrieved from /root/apache_env/lib/python3.10/site-packages/airflow/example_dags/example_sensor_decorator.py
[2024-06-18T14:33:33.325+0545] {logging_mixin.py:188} INFO - [2024-06-18T14:33:33.325+0545] {dag.py:3096} INFO - Sync 1 DAGs
[2024-06-18T14:33:33.334+0545] {logging_mixin.py:188} INFO - [2024-06-18T14:33:33.334+0545] {dag.py:3954} INFO - Setting next_dagrun for example_sensor_decorator to None, run_after=None
[2024-06-18T14:33:33.354+0545] {processor.py:183} INFO - Processing /root/apache_env/lib/python3.10/site-packages/airflow/example_dags/example_sensor_decorator.py took 0.049 seconds
[2024-06-18T14:34:18.518+0545] {processor.py:161} INFO - Started process (PID=8434) to work on /root/apache_env/lib/python3.10/site-packages/airflow/example_dags/example_sensor_decorator.py
[2024-06-18T14:34:18.519+0545] {processor.py:830} INFO - Processing file /root/apache_env/lib/python3.10/site-packages/airflow/example_dags/example_sensor_decorator.py for tasks to queue
[2024-06-18T14:34:18.523+0545] {logging_mixin.py:188} INFO - [2024-06-18T14:34:18.523+0545] {dagbag.py:545} INFO - Filling up the DagBag from /root/apache_env/lib/python3.10/site-packages/airflow/example_dags/example_sensor_decorator.py
[2024-06-18T14:34:18.528+0545] {processor.py:840} INFO - DAG(s) 'example_sensor_decorator' retrieved from /root/apache_env/lib/python3.10/site-packages/airflow/example_dags/example_sensor_decorator.py
[2024-06-18T14:34:18.537+0545] {logging_mixin.py:188} INFO - [2024-06-18T14:34:18.537+0545] {dag.py:3096} INFO - Sync 1 DAGs
[2024-06-18T14:34:18.545+0545] {logging_mixin.py:188} INFO - [2024-06-18T14:34:18.545+0545] {dag.py:3954} INFO - Setting next_dagrun for example_sensor_decorator to None, run_after=None
[2024-06-18T14:34:18.563+0545] {processor.py:183} INFO - Processing /root/apache_env/lib/python3.10/site-packages/airflow/example_dags/example_sensor_decorator.py took 0.049 seconds
[2024-06-18T14:35:04.633+0545] {processor.py:161} INFO - Started process (PID=8577) to work on /root/apache_env/lib/python3.10/site-packages/airflow/example_dags/example_sensor_decorator.py
[2024-06-18T14:35:04.634+0545] {processor.py:830} INFO - Processing file /root/apache_env/lib/python3.10/site-packages/airflow/example_dags/example_sensor_decorator.py for tasks to queue
[2024-06-18T14:35:04.636+0545] {logging_mixin.py:188} INFO - [2024-06-18T14:35:04.635+0545] {dagbag.py:545} INFO - Filling up the DagBag from /root/apache_env/lib/python3.10/site-packages/airflow/example_dags/example_sensor_decorator.py
[2024-06-18T14:35:04.640+0545] {processor.py:840} INFO - DAG(s) 'example_sensor_decorator' retrieved from /root/apache_env/lib/python3.10/site-packages/airflow/example_dags/example_sensor_decorator.py
[2024-06-18T14:35:04.650+0545] {logging_mixin.py:188} INFO - [2024-06-18T14:35:04.650+0545] {dag.py:3096} INFO - Sync 1 DAGs
[2024-06-18T14:35:04.659+0545] {logging_mixin.py:188} INFO - [2024-06-18T14:35:04.658+0545] {dag.py:3954} INFO - Setting next_dagrun for example_sensor_decorator to None, run_after=None
[2024-06-18T14:35:04.675+0545] {processor.py:183} INFO - Processing /root/apache_env/lib/python3.10/site-packages/airflow/example_dags/example_sensor_decorator.py took 0.046 seconds
[2024-06-18T14:35:58.547+0545] {processor.py:161} INFO - Started process (PID=8713) to work on /root/apache_env/lib/python3.10/site-packages/airflow/example_dags/example_sensor_decorator.py
[2024-06-18T14:35:58.549+0545] {processor.py:830} INFO - Processing file /root/apache_env/lib/python3.10/site-packages/airflow/example_dags/example_sensor_decorator.py for tasks to queue
[2024-06-18T14:35:58.550+0545] {logging_mixin.py:188} INFO - [2024-06-18T14:35:58.550+0545] {dagbag.py:545} INFO - Filling up the DagBag from /root/apache_env/lib/python3.10/site-packages/airflow/example_dags/example_sensor_decorator.py
[2024-06-18T14:35:58.554+0545] {processor.py:840} INFO - DAG(s) 'example_sensor_decorator' retrieved from /root/apache_env/lib/python3.10/site-packages/airflow/example_dags/example_sensor_decorator.py
[2024-06-18T14:35:58.564+0545] {logging_mixin.py:188} INFO - [2024-06-18T14:35:58.564+0545] {dag.py:3096} INFO - Sync 1 DAGs
[2024-06-18T14:35:58.571+0545] {logging_mixin.py:188} INFO - [2024-06-18T14:35:58.571+0545] {dag.py:3954} INFO - Setting next_dagrun for example_sensor_decorator to None, run_after=None
[2024-06-18T14:35:58.589+0545] {processor.py:183} INFO - Processing /root/apache_env/lib/python3.10/site-packages/airflow/example_dags/example_sensor_decorator.py took 0.045 seconds
[2024-06-18T14:36:40.725+0545] {processor.py:161} INFO - Started process (PID=8819) to work on /root/apache_env/lib/python3.10/site-packages/airflow/example_dags/example_sensor_decorator.py
[2024-06-18T14:36:40.726+0545] {processor.py:830} INFO - Processing file /root/apache_env/lib/python3.10/site-packages/airflow/example_dags/example_sensor_decorator.py for tasks to queue
[2024-06-18T14:36:40.727+0545] {logging_mixin.py:188} INFO - [2024-06-18T14:36:40.727+0545] {dagbag.py:545} INFO - Filling up the DagBag from /root/apache_env/lib/python3.10/site-packages/airflow/example_dags/example_sensor_decorator.py
[2024-06-18T14:36:40.731+0545] {processor.py:840} INFO - DAG(s) 'example_sensor_decorator' retrieved from /root/apache_env/lib/python3.10/site-packages/airflow/example_dags/example_sensor_decorator.py
[2024-06-18T14:36:40.741+0545] {logging_mixin.py:188} INFO - [2024-06-18T14:36:40.741+0545] {dag.py:3096} INFO - Sync 1 DAGs
[2024-06-18T14:36:40.748+0545] {logging_mixin.py:188} INFO - [2024-06-18T14:36:40.748+0545] {dag.py:3954} INFO - Setting next_dagrun for example_sensor_decorator to None, run_after=None
[2024-06-18T14:36:40.765+0545] {processor.py:183} INFO - Processing /root/apache_env/lib/python3.10/site-packages/airflow/example_dags/example_sensor_decorator.py took 0.045 seconds
[2024-06-18T14:37:24.695+0545] {processor.py:161} INFO - Started process (PID=8931) to work on /root/apache_env/lib/python3.10/site-packages/airflow/example_dags/example_sensor_decorator.py
[2024-06-18T14:37:24.697+0545] {processor.py:830} INFO - Processing file /root/apache_env/lib/python3.10/site-packages/airflow/example_dags/example_sensor_decorator.py for tasks to queue
[2024-06-18T14:37:24.698+0545] {logging_mixin.py:188} INFO - [2024-06-18T14:37:24.697+0545] {dagbag.py:545} INFO - Filling up the DagBag from /root/apache_env/lib/python3.10/site-packages/airflow/example_dags/example_sensor_decorator.py
[2024-06-18T14:37:24.702+0545] {processor.py:840} INFO - DAG(s) 'example_sensor_decorator' retrieved from /root/apache_env/lib/python3.10/site-packages/airflow/example_dags/example_sensor_decorator.py
[2024-06-18T14:37:24.712+0545] {logging_mixin.py:188} INFO - [2024-06-18T14:37:24.711+0545] {dag.py:3096} INFO - Sync 1 DAGs
[2024-06-18T14:37:24.720+0545] {logging_mixin.py:188} INFO - [2024-06-18T14:37:24.719+0545] {dag.py:3954} INFO - Setting next_dagrun for example_sensor_decorator to None, run_after=None
[2024-06-18T14:37:24.736+0545] {processor.py:183} INFO - Processing /root/apache_env/lib/python3.10/site-packages/airflow/example_dags/example_sensor_decorator.py took 0.044 seconds
[2024-06-18T14:38:11.938+0545] {processor.py:161} INFO - Started process (PID=9048) to work on /root/apache_env/lib/python3.10/site-packages/airflow/example_dags/example_sensor_decorator.py
[2024-06-18T14:38:11.940+0545] {processor.py:830} INFO - Processing file /root/apache_env/lib/python3.10/site-packages/airflow/example_dags/example_sensor_decorator.py for tasks to queue
[2024-06-18T14:38:11.941+0545] {logging_mixin.py:188} INFO - [2024-06-18T14:38:11.941+0545] {dagbag.py:545} INFO - Filling up the DagBag from /root/apache_env/lib/python3.10/site-packages/airflow/example_dags/example_sensor_decorator.py
[2024-06-18T14:38:11.945+0545] {processor.py:840} INFO - DAG(s) 'example_sensor_decorator' retrieved from /root/apache_env/lib/python3.10/site-packages/airflow/example_dags/example_sensor_decorator.py
[2024-06-18T14:38:11.954+0545] {logging_mixin.py:188} INFO - [2024-06-18T14:38:11.954+0545] {dag.py:3096} INFO - Sync 1 DAGs
[2024-06-18T14:38:11.964+0545] {logging_mixin.py:188} INFO - [2024-06-18T14:38:11.964+0545] {dag.py:3954} INFO - Setting next_dagrun for example_sensor_decorator to None, run_after=None
[2024-06-18T14:38:11.980+0545] {processor.py:183} INFO - Processing /root/apache_env/lib/python3.10/site-packages/airflow/example_dags/example_sensor_decorator.py took 0.046 seconds
[2024-06-18T14:38:58.127+0545] {processor.py:161} INFO - Started process (PID=9163) to work on /root/apache_env/lib/python3.10/site-packages/airflow/example_dags/example_sensor_decorator.py
[2024-06-18T14:38:58.129+0545] {processor.py:830} INFO - Processing file /root/apache_env/lib/python3.10/site-packages/airflow/example_dags/example_sensor_decorator.py for tasks to queue
[2024-06-18T14:38:58.130+0545] {logging_mixin.py:188} INFO - [2024-06-18T14:38:58.130+0545] {dagbag.py:545} INFO - Filling up the DagBag from /root/apache_env/lib/python3.10/site-packages/airflow/example_dags/example_sensor_decorator.py
[2024-06-18T14:38:58.134+0545] {processor.py:840} INFO - DAG(s) 'example_sensor_decorator' retrieved from /root/apache_env/lib/python3.10/site-packages/airflow/example_dags/example_sensor_decorator.py
[2024-06-18T14:38:58.145+0545] {logging_mixin.py:188} INFO - [2024-06-18T14:38:58.145+0545] {dag.py:3096} INFO - Sync 1 DAGs
[2024-06-18T14:38:58.154+0545] {logging_mixin.py:188} INFO - [2024-06-18T14:38:58.154+0545] {dag.py:3954} INFO - Setting next_dagrun for example_sensor_decorator to None, run_after=None
[2024-06-18T14:38:58.172+0545] {processor.py:183} INFO - Processing /root/apache_env/lib/python3.10/site-packages/airflow/example_dags/example_sensor_decorator.py took 0.049 seconds
[2024-06-18T14:39:44.134+0545] {processor.py:161} INFO - Started process (PID=9281) to work on /root/apache_env/lib/python3.10/site-packages/airflow/example_dags/example_sensor_decorator.py
[2024-06-18T14:39:44.135+0545] {processor.py:830} INFO - Processing file /root/apache_env/lib/python3.10/site-packages/airflow/example_dags/example_sensor_decorator.py for tasks to queue
[2024-06-18T14:39:44.137+0545] {logging_mixin.py:188} INFO - [2024-06-18T14:39:44.136+0545] {dagbag.py:545} INFO - Filling up the DagBag from /root/apache_env/lib/python3.10/site-packages/airflow/example_dags/example_sensor_decorator.py
[2024-06-18T14:39:44.141+0545] {processor.py:840} INFO - DAG(s) 'example_sensor_decorator' retrieved from /root/apache_env/lib/python3.10/site-packages/airflow/example_dags/example_sensor_decorator.py
[2024-06-18T14:39:44.152+0545] {logging_mixin.py:188} INFO - [2024-06-18T14:39:44.152+0545] {dag.py:3096} INFO - Sync 1 DAGs
[2024-06-18T14:39:44.160+0545] {logging_mixin.py:188} INFO - [2024-06-18T14:39:44.159+0545] {dag.py:3954} INFO - Setting next_dagrun for example_sensor_decorator to None, run_after=None
[2024-06-18T14:39:44.178+0545] {processor.py:183} INFO - Processing /root/apache_env/lib/python3.10/site-packages/airflow/example_dags/example_sensor_decorator.py took 0.048 seconds
[2024-06-18T14:40:31.759+0545] {processor.py:161} INFO - Started process (PID=9399) to work on /root/apache_env/lib/python3.10/site-packages/airflow/example_dags/example_sensor_decorator.py
[2024-06-18T14:40:31.761+0545] {processor.py:830} INFO - Processing file /root/apache_env/lib/python3.10/site-packages/airflow/example_dags/example_sensor_decorator.py for tasks to queue
[2024-06-18T14:40:31.762+0545] {logging_mixin.py:188} INFO - [2024-06-18T14:40:31.762+0545] {dagbag.py:545} INFO - Filling up the DagBag from /root/apache_env/lib/python3.10/site-packages/airflow/example_dags/example_sensor_decorator.py
[2024-06-18T14:40:31.767+0545] {processor.py:840} INFO - DAG(s) 'example_sensor_decorator' retrieved from /root/apache_env/lib/python3.10/site-packages/airflow/example_dags/example_sensor_decorator.py
[2024-06-18T14:40:31.776+0545] {logging_mixin.py:188} INFO - [2024-06-18T14:40:31.776+0545] {dag.py:3096} INFO - Sync 1 DAGs
[2024-06-18T14:40:31.785+0545] {logging_mixin.py:188} INFO - [2024-06-18T14:40:31.784+0545] {dag.py:3954} INFO - Setting next_dagrun for example_sensor_decorator to None, run_after=None
[2024-06-18T14:40:31.803+0545] {processor.py:183} INFO - Processing /root/apache_env/lib/python3.10/site-packages/airflow/example_dags/example_sensor_decorator.py took 0.047 seconds
[2024-06-18T14:41:17.847+0545] {processor.py:161} INFO - Started process (PID=9514) to work on /root/apache_env/lib/python3.10/site-packages/airflow/example_dags/example_sensor_decorator.py
[2024-06-18T14:41:17.848+0545] {processor.py:830} INFO - Processing file /root/apache_env/lib/python3.10/site-packages/airflow/example_dags/example_sensor_decorator.py for tasks to queue
[2024-06-18T14:41:17.849+0545] {logging_mixin.py:188} INFO - [2024-06-18T14:41:17.849+0545] {dagbag.py:545} INFO - Filling up the DagBag from /root/apache_env/lib/python3.10/site-packages/airflow/example_dags/example_sensor_decorator.py
[2024-06-18T14:41:17.853+0545] {processor.py:840} INFO - DAG(s) 'example_sensor_decorator' retrieved from /root/apache_env/lib/python3.10/site-packages/airflow/example_dags/example_sensor_decorator.py
[2024-06-18T14:41:17.863+0545] {logging_mixin.py:188} INFO - [2024-06-18T14:41:17.863+0545] {dag.py:3096} INFO - Sync 1 DAGs
[2024-06-18T14:41:17.870+0545] {logging_mixin.py:188} INFO - [2024-06-18T14:41:17.870+0545] {dag.py:3954} INFO - Setting next_dagrun for example_sensor_decorator to None, run_after=None
[2024-06-18T14:41:17.888+0545] {processor.py:183} INFO - Processing /root/apache_env/lib/python3.10/site-packages/airflow/example_dags/example_sensor_decorator.py took 0.044 seconds
[2024-06-18T14:42:01.776+0545] {processor.py:161} INFO - Started process (PID=9627) to work on /root/apache_env/lib/python3.10/site-packages/airflow/example_dags/example_sensor_decorator.py
[2024-06-18T14:42:01.778+0545] {processor.py:830} INFO - Processing file /root/apache_env/lib/python3.10/site-packages/airflow/example_dags/example_sensor_decorator.py for tasks to queue
[2024-06-18T14:42:01.779+0545] {logging_mixin.py:188} INFO - [2024-06-18T14:42:01.779+0545] {dagbag.py:545} INFO - Filling up the DagBag from /root/apache_env/lib/python3.10/site-packages/airflow/example_dags/example_sensor_decorator.py
[2024-06-18T14:42:01.783+0545] {processor.py:840} INFO - DAG(s) 'example_sensor_decorator' retrieved from /root/apache_env/lib/python3.10/site-packages/airflow/example_dags/example_sensor_decorator.py
[2024-06-18T14:42:01.793+0545] {logging_mixin.py:188} INFO - [2024-06-18T14:42:01.793+0545] {dag.py:3096} INFO - Sync 1 DAGs
[2024-06-18T14:42:01.801+0545] {logging_mixin.py:188} INFO - [2024-06-18T14:42:01.800+0545] {dag.py:3954} INFO - Setting next_dagrun for example_sensor_decorator to None, run_after=None
[2024-06-18T14:42:01.819+0545] {processor.py:183} INFO - Processing /root/apache_env/lib/python3.10/site-packages/airflow/example_dags/example_sensor_decorator.py took 0.046 seconds
[2024-06-18T14:42:45.221+0545] {processor.py:161} INFO - Started process (PID=9734) to work on /root/apache_env/lib/python3.10/site-packages/airflow/example_dags/example_sensor_decorator.py
[2024-06-18T14:42:45.222+0545] {processor.py:830} INFO - Processing file /root/apache_env/lib/python3.10/site-packages/airflow/example_dags/example_sensor_decorator.py for tasks to queue
[2024-06-18T14:42:45.223+0545] {logging_mixin.py:188} INFO - [2024-06-18T14:42:45.223+0545] {dagbag.py:545} INFO - Filling up the DagBag from /root/apache_env/lib/python3.10/site-packages/airflow/example_dags/example_sensor_decorator.py
[2024-06-18T14:42:45.228+0545] {processor.py:840} INFO - DAG(s) 'example_sensor_decorator' retrieved from /root/apache_env/lib/python3.10/site-packages/airflow/example_dags/example_sensor_decorator.py
[2024-06-18T14:42:45.239+0545] {logging_mixin.py:188} INFO - [2024-06-18T14:42:45.238+0545] {dag.py:3096} INFO - Sync 1 DAGs
[2024-06-18T14:42:45.246+0545] {logging_mixin.py:188} INFO - [2024-06-18T14:42:45.246+0545] {dag.py:3954} INFO - Setting next_dagrun for example_sensor_decorator to None, run_after=None
[2024-06-18T14:42:45.262+0545] {processor.py:183} INFO - Processing /root/apache_env/lib/python3.10/site-packages/airflow/example_dags/example_sensor_decorator.py took 0.045 seconds
[2024-06-18T14:43:29.118+0545] {processor.py:161} INFO - Started process (PID=9846) to work on /root/apache_env/lib/python3.10/site-packages/airflow/example_dags/example_sensor_decorator.py
[2024-06-18T14:43:29.119+0545] {processor.py:830} INFO - Processing file /root/apache_env/lib/python3.10/site-packages/airflow/example_dags/example_sensor_decorator.py for tasks to queue
[2024-06-18T14:43:29.120+0545] {logging_mixin.py:188} INFO - [2024-06-18T14:43:29.120+0545] {dagbag.py:545} INFO - Filling up the DagBag from /root/apache_env/lib/python3.10/site-packages/airflow/example_dags/example_sensor_decorator.py
[2024-06-18T14:43:29.124+0545] {processor.py:840} INFO - DAG(s) 'example_sensor_decorator' retrieved from /root/apache_env/lib/python3.10/site-packages/airflow/example_dags/example_sensor_decorator.py
[2024-06-18T14:43:29.134+0545] {logging_mixin.py:188} INFO - [2024-06-18T14:43:29.133+0545] {dag.py:3096} INFO - Sync 1 DAGs
[2024-06-18T14:43:29.141+0545] {logging_mixin.py:188} INFO - [2024-06-18T14:43:29.141+0545] {dag.py:3954} INFO - Setting next_dagrun for example_sensor_decorator to None, run_after=None
[2024-06-18T14:43:29.158+0545] {processor.py:183} INFO - Processing /root/apache_env/lib/python3.10/site-packages/airflow/example_dags/example_sensor_decorator.py took 0.045 seconds
[2024-06-18T14:44:16.434+0545] {processor.py:161} INFO - Started process (PID=9963) to work on /root/apache_env/lib/python3.10/site-packages/airflow/example_dags/example_sensor_decorator.py
[2024-06-18T14:44:16.435+0545] {processor.py:830} INFO - Processing file /root/apache_env/lib/python3.10/site-packages/airflow/example_dags/example_sensor_decorator.py for tasks to queue
[2024-06-18T14:44:16.436+0545] {logging_mixin.py:188} INFO - [2024-06-18T14:44:16.436+0545] {dagbag.py:545} INFO - Filling up the DagBag from /root/apache_env/lib/python3.10/site-packages/airflow/example_dags/example_sensor_decorator.py
[2024-06-18T14:44:16.441+0545] {processor.py:840} INFO - DAG(s) 'example_sensor_decorator' retrieved from /root/apache_env/lib/python3.10/site-packages/airflow/example_dags/example_sensor_decorator.py
[2024-06-18T14:44:16.452+0545] {logging_mixin.py:188} INFO - [2024-06-18T14:44:16.452+0545] {dag.py:3096} INFO - Sync 1 DAGs
[2024-06-18T14:44:16.461+0545] {logging_mixin.py:188} INFO - [2024-06-18T14:44:16.461+0545] {dag.py:3954} INFO - Setting next_dagrun for example_sensor_decorator to None, run_after=None
[2024-06-18T14:44:16.479+0545] {processor.py:183} INFO - Processing /root/apache_env/lib/python3.10/site-packages/airflow/example_dags/example_sensor_decorator.py took 0.050 seconds
[2024-06-18T14:45:00.356+0545] {processor.py:161} INFO - Started process (PID=10073) to work on /root/apache_env/lib/python3.10/site-packages/airflow/example_dags/example_sensor_decorator.py
[2024-06-18T14:45:00.357+0545] {processor.py:830} INFO - Processing file /root/apache_env/lib/python3.10/site-packages/airflow/example_dags/example_sensor_decorator.py for tasks to queue
[2024-06-18T14:45:00.358+0545] {logging_mixin.py:188} INFO - [2024-06-18T14:45:00.358+0545] {dagbag.py:545} INFO - Filling up the DagBag from /root/apache_env/lib/python3.10/site-packages/airflow/example_dags/example_sensor_decorator.py
[2024-06-18T14:45:00.362+0545] {processor.py:840} INFO - DAG(s) 'example_sensor_decorator' retrieved from /root/apache_env/lib/python3.10/site-packages/airflow/example_dags/example_sensor_decorator.py
[2024-06-18T14:45:00.372+0545] {logging_mixin.py:188} INFO - [2024-06-18T14:45:00.372+0545] {dag.py:3096} INFO - Sync 1 DAGs
[2024-06-18T14:45:00.380+0545] {logging_mixin.py:188} INFO - [2024-06-18T14:45:00.380+0545] {dag.py:3954} INFO - Setting next_dagrun for example_sensor_decorator to None, run_after=None
[2024-06-18T14:45:00.397+0545] {processor.py:183} INFO - Processing /root/apache_env/lib/python3.10/site-packages/airflow/example_dags/example_sensor_decorator.py took 0.045 seconds
[2024-06-18T14:45:57.586+0545] {processor.py:161} INFO - Started process (PID=10243) to work on /root/apache_env/lib/python3.10/site-packages/airflow/example_dags/example_sensor_decorator.py
[2024-06-18T14:45:57.587+0545] {processor.py:830} INFO - Processing file /root/apache_env/lib/python3.10/site-packages/airflow/example_dags/example_sensor_decorator.py for tasks to queue
[2024-06-18T14:45:57.589+0545] {logging_mixin.py:188} INFO - [2024-06-18T14:45:57.589+0545] {dagbag.py:545} INFO - Filling up the DagBag from /root/apache_env/lib/python3.10/site-packages/airflow/example_dags/example_sensor_decorator.py
[2024-06-18T14:45:57.594+0545] {processor.py:840} INFO - DAG(s) 'example_sensor_decorator' retrieved from /root/apache_env/lib/python3.10/site-packages/airflow/example_dags/example_sensor_decorator.py
[2024-06-18T14:45:57.606+0545] {logging_mixin.py:188} INFO - [2024-06-18T14:45:57.606+0545] {dag.py:3096} INFO - Sync 1 DAGs
[2024-06-18T14:45:57.615+0545] {logging_mixin.py:188} INFO - [2024-06-18T14:45:57.614+0545] {dag.py:3954} INFO - Setting next_dagrun for example_sensor_decorator to None, run_after=None
[2024-06-18T14:45:57.631+0545] {processor.py:183} INFO - Processing /root/apache_env/lib/python3.10/site-packages/airflow/example_dags/example_sensor_decorator.py took 0.051 seconds
[2024-06-18T14:46:40.877+0545] {processor.py:161} INFO - Started process (PID=10350) to work on /root/apache_env/lib/python3.10/site-packages/airflow/example_dags/example_sensor_decorator.py
[2024-06-18T14:46:40.878+0545] {processor.py:830} INFO - Processing file /root/apache_env/lib/python3.10/site-packages/airflow/example_dags/example_sensor_decorator.py for tasks to queue
[2024-06-18T14:46:40.879+0545] {logging_mixin.py:188} INFO - [2024-06-18T14:46:40.879+0545] {dagbag.py:545} INFO - Filling up the DagBag from /root/apache_env/lib/python3.10/site-packages/airflow/example_dags/example_sensor_decorator.py
[2024-06-18T14:46:40.883+0545] {processor.py:840} INFO - DAG(s) 'example_sensor_decorator' retrieved from /root/apache_env/lib/python3.10/site-packages/airflow/example_dags/example_sensor_decorator.py
[2024-06-18T14:46:40.894+0545] {logging_mixin.py:188} INFO - [2024-06-18T14:46:40.893+0545] {dag.py:3096} INFO - Sync 1 DAGs
[2024-06-18T14:46:40.905+0545] {logging_mixin.py:188} INFO - [2024-06-18T14:46:40.905+0545] {dag.py:3954} INFO - Setting next_dagrun for example_sensor_decorator to None, run_after=None
[2024-06-18T14:46:40.923+0545] {processor.py:183} INFO - Processing /root/apache_env/lib/python3.10/site-packages/airflow/example_dags/example_sensor_decorator.py took 0.050 seconds
[2024-06-18T14:47:24.120+0545] {processor.py:161} INFO - Started process (PID=10462) to work on /root/apache_env/lib/python3.10/site-packages/airflow/example_dags/example_sensor_decorator.py
[2024-06-18T14:47:24.122+0545] {processor.py:830} INFO - Processing file /root/apache_env/lib/python3.10/site-packages/airflow/example_dags/example_sensor_decorator.py for tasks to queue
[2024-06-18T14:47:24.123+0545] {logging_mixin.py:188} INFO - [2024-06-18T14:47:24.122+0545] {dagbag.py:545} INFO - Filling up the DagBag from /root/apache_env/lib/python3.10/site-packages/airflow/example_dags/example_sensor_decorator.py
[2024-06-18T14:47:24.127+0545] {processor.py:840} INFO - DAG(s) 'example_sensor_decorator' retrieved from /root/apache_env/lib/python3.10/site-packages/airflow/example_dags/example_sensor_decorator.py
[2024-06-18T14:47:24.136+0545] {logging_mixin.py:188} INFO - [2024-06-18T14:47:24.136+0545] {dag.py:3096} INFO - Sync 1 DAGs
[2024-06-18T14:47:24.144+0545] {logging_mixin.py:188} INFO - [2024-06-18T14:47:24.144+0545] {dag.py:3954} INFO - Setting next_dagrun for example_sensor_decorator to None, run_after=None
[2024-06-18T14:47:24.162+0545] {processor.py:183} INFO - Processing /root/apache_env/lib/python3.10/site-packages/airflow/example_dags/example_sensor_decorator.py took 0.046 seconds
[2024-06-18T14:48:07.045+0545] {processor.py:161} INFO - Started process (PID=10570) to work on /root/apache_env/lib/python3.10/site-packages/airflow/example_dags/example_sensor_decorator.py
[2024-06-18T14:48:07.046+0545] {processor.py:830} INFO - Processing file /root/apache_env/lib/python3.10/site-packages/airflow/example_dags/example_sensor_decorator.py for tasks to queue
[2024-06-18T14:48:07.047+0545] {logging_mixin.py:188} INFO - [2024-06-18T14:48:07.047+0545] {dagbag.py:545} INFO - Filling up the DagBag from /root/apache_env/lib/python3.10/site-packages/airflow/example_dags/example_sensor_decorator.py
[2024-06-18T14:48:07.051+0545] {processor.py:840} INFO - DAG(s) 'example_sensor_decorator' retrieved from /root/apache_env/lib/python3.10/site-packages/airflow/example_dags/example_sensor_decorator.py
[2024-06-18T14:48:07.061+0545] {logging_mixin.py:188} INFO - [2024-06-18T14:48:07.061+0545] {dag.py:3096} INFO - Sync 1 DAGs
[2024-06-18T14:48:07.069+0545] {logging_mixin.py:188} INFO - [2024-06-18T14:48:07.068+0545] {dag.py:3954} INFO - Setting next_dagrun for example_sensor_decorator to None, run_after=None
[2024-06-18T14:48:07.086+0545] {processor.py:183} INFO - Processing /root/apache_env/lib/python3.10/site-packages/airflow/example_dags/example_sensor_decorator.py took 0.045 seconds
[2024-06-18T14:48:52.132+0545] {processor.py:161} INFO - Started process (PID=10683) to work on /root/apache_env/lib/python3.10/site-packages/airflow/example_dags/example_sensor_decorator.py
[2024-06-18T14:48:52.133+0545] {processor.py:830} INFO - Processing file /root/apache_env/lib/python3.10/site-packages/airflow/example_dags/example_sensor_decorator.py for tasks to queue
[2024-06-18T14:48:52.134+0545] {logging_mixin.py:188} INFO - [2024-06-18T14:48:52.134+0545] {dagbag.py:545} INFO - Filling up the DagBag from /root/apache_env/lib/python3.10/site-packages/airflow/example_dags/example_sensor_decorator.py
[2024-06-18T14:48:52.140+0545] {processor.py:840} INFO - DAG(s) 'example_sensor_decorator' retrieved from /root/apache_env/lib/python3.10/site-packages/airflow/example_dags/example_sensor_decorator.py
[2024-06-18T14:48:52.150+0545] {logging_mixin.py:188} INFO - [2024-06-18T14:48:52.149+0545] {dag.py:3096} INFO - Sync 1 DAGs
[2024-06-18T14:48:52.158+0545] {logging_mixin.py:188} INFO - [2024-06-18T14:48:52.158+0545] {dag.py:3954} INFO - Setting next_dagrun for example_sensor_decorator to None, run_after=None
[2024-06-18T14:48:52.176+0545] {processor.py:183} INFO - Processing /root/apache_env/lib/python3.10/site-packages/airflow/example_dags/example_sensor_decorator.py took 0.048 seconds
[2024-06-18T14:49:38.293+0545] {processor.py:161} INFO - Started process (PID=10804) to work on /root/apache_env/lib/python3.10/site-packages/airflow/example_dags/example_sensor_decorator.py
[2024-06-18T14:49:38.294+0545] {processor.py:830} INFO - Processing file /root/apache_env/lib/python3.10/site-packages/airflow/example_dags/example_sensor_decorator.py for tasks to queue
[2024-06-18T14:49:38.295+0545] {logging_mixin.py:188} INFO - [2024-06-18T14:49:38.295+0545] {dagbag.py:545} INFO - Filling up the DagBag from /root/apache_env/lib/python3.10/site-packages/airflow/example_dags/example_sensor_decorator.py
[2024-06-18T14:49:38.299+0545] {processor.py:840} INFO - DAG(s) 'example_sensor_decorator' retrieved from /root/apache_env/lib/python3.10/site-packages/airflow/example_dags/example_sensor_decorator.py
[2024-06-18T14:49:38.309+0545] {logging_mixin.py:188} INFO - [2024-06-18T14:49:38.309+0545] {dag.py:3096} INFO - Sync 1 DAGs
[2024-06-18T14:49:38.316+0545] {logging_mixin.py:188} INFO - [2024-06-18T14:49:38.316+0545] {dag.py:3954} INFO - Setting next_dagrun for example_sensor_decorator to None, run_after=None
[2024-06-18T14:49:38.333+0545] {processor.py:183} INFO - Processing /root/apache_env/lib/python3.10/site-packages/airflow/example_dags/example_sensor_decorator.py took 0.044 seconds
[2024-06-18T14:50:22.832+0545] {processor.py:161} INFO - Started process (PID=10917) to work on /root/apache_env/lib/python3.10/site-packages/airflow/example_dags/example_sensor_decorator.py
[2024-06-18T14:50:22.833+0545] {processor.py:830} INFO - Processing file /root/apache_env/lib/python3.10/site-packages/airflow/example_dags/example_sensor_decorator.py for tasks to queue
[2024-06-18T14:50:22.834+0545] {logging_mixin.py:188} INFO - [2024-06-18T14:50:22.834+0545] {dagbag.py:545} INFO - Filling up the DagBag from /root/apache_env/lib/python3.10/site-packages/airflow/example_dags/example_sensor_decorator.py
[2024-06-18T14:50:22.839+0545] {processor.py:840} INFO - DAG(s) 'example_sensor_decorator' retrieved from /root/apache_env/lib/python3.10/site-packages/airflow/example_dags/example_sensor_decorator.py
[2024-06-18T14:50:22.850+0545] {logging_mixin.py:188} INFO - [2024-06-18T14:50:22.850+0545] {dag.py:3096} INFO - Sync 1 DAGs
[2024-06-18T14:50:22.858+0545] {logging_mixin.py:188} INFO - [2024-06-18T14:50:22.858+0545] {dag.py:3954} INFO - Setting next_dagrun for example_sensor_decorator to None, run_after=None
[2024-06-18T14:50:22.876+0545] {processor.py:183} INFO - Processing /root/apache_env/lib/python3.10/site-packages/airflow/example_dags/example_sensor_decorator.py took 0.048 seconds
[2024-06-18T14:51:06.905+0545] {processor.py:161} INFO - Started process (PID=11028) to work on /root/apache_env/lib/python3.10/site-packages/airflow/example_dags/example_sensor_decorator.py
[2024-06-18T14:51:06.907+0545] {processor.py:830} INFO - Processing file /root/apache_env/lib/python3.10/site-packages/airflow/example_dags/example_sensor_decorator.py for tasks to queue
[2024-06-18T14:51:06.908+0545] {logging_mixin.py:188} INFO - [2024-06-18T14:51:06.907+0545] {dagbag.py:545} INFO - Filling up the DagBag from /root/apache_env/lib/python3.10/site-packages/airflow/example_dags/example_sensor_decorator.py
[2024-06-18T14:51:06.912+0545] {processor.py:840} INFO - DAG(s) 'example_sensor_decorator' retrieved from /root/apache_env/lib/python3.10/site-packages/airflow/example_dags/example_sensor_decorator.py
[2024-06-18T14:51:06.922+0545] {logging_mixin.py:188} INFO - [2024-06-18T14:51:06.922+0545] {dag.py:3096} INFO - Sync 1 DAGs
[2024-06-18T14:51:06.931+0545] {logging_mixin.py:188} INFO - [2024-06-18T14:51:06.931+0545] {dag.py:3954} INFO - Setting next_dagrun for example_sensor_decorator to None, run_after=None
[2024-06-18T14:51:06.949+0545] {processor.py:183} INFO - Processing /root/apache_env/lib/python3.10/site-packages/airflow/example_dags/example_sensor_decorator.py took 0.048 seconds
[2024-06-18T14:51:48.025+0545] {processor.py:161} INFO - Started process (PID=11133) to work on /root/apache_env/lib/python3.10/site-packages/airflow/example_dags/example_sensor_decorator.py
[2024-06-18T14:51:48.026+0545] {processor.py:830} INFO - Processing file /root/apache_env/lib/python3.10/site-packages/airflow/example_dags/example_sensor_decorator.py for tasks to queue
[2024-06-18T14:51:48.028+0545] {logging_mixin.py:188} INFO - [2024-06-18T14:51:48.028+0545] {dagbag.py:545} INFO - Filling up the DagBag from /root/apache_env/lib/python3.10/site-packages/airflow/example_dags/example_sensor_decorator.py
[2024-06-18T14:51:48.036+0545] {processor.py:840} INFO - DAG(s) 'example_sensor_decorator' retrieved from /root/apache_env/lib/python3.10/site-packages/airflow/example_dags/example_sensor_decorator.py
[2024-06-18T14:51:48.052+0545] {logging_mixin.py:188} INFO - [2024-06-18T14:51:48.052+0545] {dag.py:3096} INFO - Sync 1 DAGs
[2024-06-18T14:51:48.064+0545] {logging_mixin.py:188} INFO - [2024-06-18T14:51:48.063+0545] {dag.py:3954} INFO - Setting next_dagrun for example_sensor_decorator to None, run_after=None
[2024-06-18T14:51:48.087+0545] {processor.py:183} INFO - Processing /root/apache_env/lib/python3.10/site-packages/airflow/example_dags/example_sensor_decorator.py took 0.069 seconds
