[2024-06-18T14:12:34.553+0545] {processor.py:161} INFO - Started process (PID=5061) to work on /root/apache_env/lib/python3.10/site-packages/airflow/example_dags/example_python_operator.py
[2024-06-18T14:12:34.554+0545] {processor.py:830} INFO - Processing file /root/apache_env/lib/python3.10/site-packages/airflow/example_dags/example_python_operator.py for tasks to queue
[2024-06-18T14:12:34.555+0545] {logging_mixin.py:188} INFO - [2024-06-18T14:12:34.555+0545] {dagbag.py:545} INFO - Filling up the DagBag from /root/apache_env/lib/python3.10/site-packages/airflow/example_dags/example_python_operator.py
[2024-06-18T14:12:34.564+0545] {processor.py:840} INFO - DAG(s) 'example_python_operator' retrieved from /root/apache_env/lib/python3.10/site-packages/airflow/example_dags/example_python_operator.py
[2024-06-18T14:12:34.692+0545] {logging_mixin.py:188} INFO - [2024-06-18T14:12:34.690+0545] {override.py:1829} INFO - Created Permission View: can delete on DAG:example_python_operator
[2024-06-18T14:12:34.709+0545] {logging_mixin.py:188} INFO - [2024-06-18T14:12:34.708+0545] {override.py:1829} INFO - Created Permission View: can read on DAG:example_python_operator
[2024-06-18T14:12:34.719+0545] {logging_mixin.py:188} INFO - [2024-06-18T14:12:34.719+0545] {override.py:1829} INFO - Created Permission View: can edit on DAG:example_python_operator
[2024-06-18T14:12:34.719+0545] {logging_mixin.py:188} INFO - [2024-06-18T14:12:34.719+0545] {dag.py:3096} INFO - Sync 1 DAGs
[2024-06-18T14:12:34.731+0545] {logging_mixin.py:188} INFO - [2024-06-18T14:12:34.731+0545] {dag.py:3118} INFO - Creating ORM DAG for example_python_operator
[2024-06-18T14:12:34.731+0545] {logging_mixin.py:188} INFO - [2024-06-18T14:12:34.731+0545] {dag.py:3954} INFO - Setting next_dagrun for example_python_operator to None, run_after=None
[2024-06-18T14:12:34.755+0545] {processor.py:183} INFO - Processing /root/apache_env/lib/python3.10/site-packages/airflow/example_dags/example_python_operator.py took 0.206 seconds
[2024-06-18T14:14:48.684+0545] {processor.py:161} INFO - Started process (PID=5366) to work on /root/apache_env/lib/python3.10/site-packages/airflow/example_dags/example_python_operator.py
[2024-06-18T14:14:48.686+0545] {processor.py:830} INFO - Processing file /root/apache_env/lib/python3.10/site-packages/airflow/example_dags/example_python_operator.py for tasks to queue
[2024-06-18T14:14:48.687+0545] {logging_mixin.py:188} INFO - [2024-06-18T14:14:48.687+0545] {dagbag.py:545} INFO - Filling up the DagBag from /root/apache_env/lib/python3.10/site-packages/airflow/example_dags/example_python_operator.py
[2024-06-18T14:14:48.695+0545] {processor.py:840} INFO - DAG(s) 'example_python_operator' retrieved from /root/apache_env/lib/python3.10/site-packages/airflow/example_dags/example_python_operator.py
[2024-06-18T14:14:48.767+0545] {logging_mixin.py:188} INFO - [2024-06-18T14:14:48.767+0545] {dag.py:3096} INFO - Sync 1 DAGs
[2024-06-18T14:14:48.775+0545] {logging_mixin.py:188} INFO - [2024-06-18T14:14:48.775+0545] {dag.py:3954} INFO - Setting next_dagrun for example_python_operator to None, run_after=None
[2024-06-18T14:14:48.795+0545] {processor.py:183} INFO - Processing /root/apache_env/lib/python3.10/site-packages/airflow/example_dags/example_python_operator.py took 0.115 seconds
[2024-06-18T14:16:10.591+0545] {processor.py:161} INFO - Started process (PID=5591) to work on /root/apache_env/lib/python3.10/site-packages/airflow/example_dags/example_python_operator.py
[2024-06-18T14:16:10.592+0545] {processor.py:830} INFO - Processing file /root/apache_env/lib/python3.10/site-packages/airflow/example_dags/example_python_operator.py for tasks to queue
[2024-06-18T14:16:10.593+0545] {logging_mixin.py:188} INFO - [2024-06-18T14:16:10.593+0545] {dagbag.py:545} INFO - Filling up the DagBag from /root/apache_env/lib/python3.10/site-packages/airflow/example_dags/example_python_operator.py
[2024-06-18T14:16:10.601+0545] {processor.py:840} INFO - DAG(s) 'example_python_operator' retrieved from /root/apache_env/lib/python3.10/site-packages/airflow/example_dags/example_python_operator.py
[2024-06-18T14:16:10.605+0545] {logging_mixin.py:188} INFO - [2024-06-18T14:16:10.605+0545] {dag.py:3096} INFO - Sync 1 DAGs
[2024-06-18T14:16:10.613+0545] {logging_mixin.py:188} INFO - [2024-06-18T14:16:10.613+0545] {dag.py:3954} INFO - Setting next_dagrun for example_python_operator to None, run_after=None
[2024-06-18T14:16:10.631+0545] {processor.py:183} INFO - Processing /root/apache_env/lib/python3.10/site-packages/airflow/example_dags/example_python_operator.py took 0.044 seconds
[2024-06-18T14:17:06.178+0545] {processor.py:161} INFO - Started process (PID=5728) to work on /root/apache_env/lib/python3.10/site-packages/airflow/example_dags/example_python_operator.py
[2024-06-18T14:17:06.179+0545] {processor.py:830} INFO - Processing file /root/apache_env/lib/python3.10/site-packages/airflow/example_dags/example_python_operator.py for tasks to queue
[2024-06-18T14:17:06.180+0545] {logging_mixin.py:188} INFO - [2024-06-18T14:17:06.180+0545] {dagbag.py:545} INFO - Filling up the DagBag from /root/apache_env/lib/python3.10/site-packages/airflow/example_dags/example_python_operator.py
[2024-06-18T14:17:06.187+0545] {processor.py:840} INFO - DAG(s) 'example_python_operator' retrieved from /root/apache_env/lib/python3.10/site-packages/airflow/example_dags/example_python_operator.py
[2024-06-18T14:17:06.303+0545] {logging_mixin.py:188} INFO - [2024-06-18T14:17:06.303+0545] {dag.py:3096} INFO - Sync 1 DAGs
[2024-06-18T14:17:06.309+0545] {logging_mixin.py:188} INFO - [2024-06-18T14:17:06.309+0545] {dag.py:3954} INFO - Setting next_dagrun for example_python_operator to None, run_after=None
[2024-06-18T14:17:06.326+0545] {processor.py:183} INFO - Processing /root/apache_env/lib/python3.10/site-packages/airflow/example_dags/example_python_operator.py took 0.151 seconds
[2024-06-18T14:17:55.690+0545] {processor.py:161} INFO - Started process (PID=5863) to work on /root/apache_env/lib/python3.10/site-packages/airflow/example_dags/example_python_operator.py
[2024-06-18T14:17:55.691+0545] {processor.py:830} INFO - Processing file /root/apache_env/lib/python3.10/site-packages/airflow/example_dags/example_python_operator.py for tasks to queue
[2024-06-18T14:17:55.692+0545] {logging_mixin.py:188} INFO - [2024-06-18T14:17:55.692+0545] {dagbag.py:545} INFO - Filling up the DagBag from /root/apache_env/lib/python3.10/site-packages/airflow/example_dags/example_python_operator.py
[2024-06-18T14:17:55.699+0545] {processor.py:840} INFO - DAG(s) 'example_python_operator' retrieved from /root/apache_env/lib/python3.10/site-packages/airflow/example_dags/example_python_operator.py
[2024-06-18T14:17:55.767+0545] {logging_mixin.py:188} INFO - [2024-06-18T14:17:55.767+0545] {dag.py:3096} INFO - Sync 1 DAGs
[2024-06-18T14:17:55.774+0545] {logging_mixin.py:188} INFO - [2024-06-18T14:17:55.773+0545] {dag.py:3954} INFO - Setting next_dagrun for example_python_operator to None, run_after=None
[2024-06-18T14:17:55.789+0545] {processor.py:183} INFO - Processing /root/apache_env/lib/python3.10/site-packages/airflow/example_dags/example_python_operator.py took 0.103 seconds
[2024-06-18T14:18:49.485+0545] {processor.py:161} INFO - Started process (PID=5931) to work on /root/apache_env/lib/python3.10/site-packages/airflow/example_dags/example_python_operator.py
[2024-06-18T14:18:49.486+0545] {processor.py:830} INFO - Processing file /root/apache_env/lib/python3.10/site-packages/airflow/example_dags/example_python_operator.py for tasks to queue
[2024-06-18T14:18:49.487+0545] {logging_mixin.py:188} INFO - [2024-06-18T14:18:49.487+0545] {dagbag.py:545} INFO - Filling up the DagBag from /root/apache_env/lib/python3.10/site-packages/airflow/example_dags/example_python_operator.py
[2024-06-18T14:18:49.496+0545] {processor.py:840} INFO - DAG(s) 'example_python_operator' retrieved from /root/apache_env/lib/python3.10/site-packages/airflow/example_dags/example_python_operator.py
[2024-06-18T14:18:49.509+0545] {logging_mixin.py:188} INFO - [2024-06-18T14:18:49.509+0545] {dag.py:3096} INFO - Sync 1 DAGs
[2024-06-18T14:18:49.520+0545] {logging_mixin.py:188} INFO - [2024-06-18T14:18:49.520+0545] {dag.py:3954} INFO - Setting next_dagrun for example_python_operator to None, run_after=None
[2024-06-18T14:18:49.538+0545] {processor.py:183} INFO - Processing /root/apache_env/lib/python3.10/site-packages/airflow/example_dags/example_python_operator.py took 0.057 seconds
[2024-06-18T14:22:20.359+0545] {processor.py:161} INFO - Started process (PID=6538) to work on /root/apache_env/lib/python3.10/site-packages/airflow/example_dags/example_python_operator.py
[2024-06-18T14:22:20.361+0545] {processor.py:830} INFO - Processing file /root/apache_env/lib/python3.10/site-packages/airflow/example_dags/example_python_operator.py for tasks to queue
[2024-06-18T14:22:20.362+0545] {logging_mixin.py:188} INFO - [2024-06-18T14:22:20.361+0545] {dagbag.py:545} INFO - Filling up the DagBag from /root/apache_env/lib/python3.10/site-packages/airflow/example_dags/example_python_operator.py
[2024-06-18T14:22:20.370+0545] {processor.py:840} INFO - DAG(s) 'example_python_operator' retrieved from /root/apache_env/lib/python3.10/site-packages/airflow/example_dags/example_python_operator.py
[2024-06-18T14:22:20.375+0545] {logging_mixin.py:188} INFO - [2024-06-18T14:22:20.375+0545] {dag.py:3096} INFO - Sync 1 DAGs
[2024-06-18T14:22:20.383+0545] {logging_mixin.py:188} INFO - [2024-06-18T14:22:20.383+0545] {dag.py:3954} INFO - Setting next_dagrun for example_python_operator to None, run_after=None
[2024-06-18T14:22:20.399+0545] {processor.py:183} INFO - Processing /root/apache_env/lib/python3.10/site-packages/airflow/example_dags/example_python_operator.py took 0.044 seconds
[2024-06-18T14:23:27.666+0545] {processor.py:161} INFO - Started process (PID=6754) to work on /root/apache_env/lib/python3.10/site-packages/airflow/example_dags/example_python_operator.py
[2024-06-18T14:23:27.668+0545] {processor.py:830} INFO - Processing file /root/apache_env/lib/python3.10/site-packages/airflow/example_dags/example_python_operator.py for tasks to queue
[2024-06-18T14:23:27.669+0545] {logging_mixin.py:188} INFO - [2024-06-18T14:23:27.669+0545] {dagbag.py:545} INFO - Filling up the DagBag from /root/apache_env/lib/python3.10/site-packages/airflow/example_dags/example_python_operator.py
[2024-06-18T14:23:27.675+0545] {processor.py:840} INFO - DAG(s) 'example_python_operator' retrieved from /root/apache_env/lib/python3.10/site-packages/airflow/example_dags/example_python_operator.py
[2024-06-18T14:23:27.791+0545] {logging_mixin.py:188} INFO - [2024-06-18T14:23:27.791+0545] {dag.py:3096} INFO - Sync 1 DAGs
[2024-06-18T14:23:27.797+0545] {logging_mixin.py:188} INFO - [2024-06-18T14:23:27.796+0545] {dag.py:3954} INFO - Setting next_dagrun for example_python_operator to None, run_after=None
[2024-06-18T14:23:27.815+0545] {processor.py:183} INFO - Processing /root/apache_env/lib/python3.10/site-packages/airflow/example_dags/example_python_operator.py took 0.152 seconds
[2024-06-18T14:24:20.873+0545] {processor.py:161} INFO - Started process (PID=6886) to work on /root/apache_env/lib/python3.10/site-packages/airflow/example_dags/example_python_operator.py
[2024-06-18T14:24:20.874+0545] {processor.py:830} INFO - Processing file /root/apache_env/lib/python3.10/site-packages/airflow/example_dags/example_python_operator.py for tasks to queue
[2024-06-18T14:24:20.875+0545] {logging_mixin.py:188} INFO - [2024-06-18T14:24:20.875+0545] {dagbag.py:545} INFO - Filling up the DagBag from /root/apache_env/lib/python3.10/site-packages/airflow/example_dags/example_python_operator.py
[2024-06-18T14:24:20.882+0545] {processor.py:840} INFO - DAG(s) 'example_python_operator' retrieved from /root/apache_env/lib/python3.10/site-packages/airflow/example_dags/example_python_operator.py
[2024-06-18T14:24:20.946+0545] {logging_mixin.py:188} INFO - [2024-06-18T14:24:20.946+0545] {dag.py:3096} INFO - Sync 1 DAGs
[2024-06-18T14:24:20.953+0545] {logging_mixin.py:188} INFO - [2024-06-18T14:24:20.952+0545] {dag.py:3954} INFO - Setting next_dagrun for example_python_operator to None, run_after=None
[2024-06-18T14:24:20.969+0545] {processor.py:183} INFO - Processing /root/apache_env/lib/python3.10/site-packages/airflow/example_dags/example_python_operator.py took 0.099 seconds
[2024-06-18T14:25:16.785+0545] {processor.py:161} INFO - Started process (PID=7050) to work on /root/apache_env/lib/python3.10/site-packages/airflow/example_dags/example_python_operator.py
[2024-06-18T14:25:16.786+0545] {processor.py:830} INFO - Processing file /root/apache_env/lib/python3.10/site-packages/airflow/example_dags/example_python_operator.py for tasks to queue
[2024-06-18T14:25:16.790+0545] {logging_mixin.py:188} INFO - [2024-06-18T14:25:16.789+0545] {dagbag.py:545} INFO - Filling up the DagBag from /root/apache_env/lib/python3.10/site-packages/airflow/example_dags/example_python_operator.py
[2024-06-18T14:25:16.804+0545] {processor.py:840} INFO - DAG(s) 'example_python_operator' retrieved from /root/apache_env/lib/python3.10/site-packages/airflow/example_dags/example_python_operator.py
[2024-06-18T14:25:16.829+0545] {logging_mixin.py:188} INFO - [2024-06-18T14:25:16.828+0545] {dag.py:3096} INFO - Sync 1 DAGs
[2024-06-18T14:25:16.847+0545] {logging_mixin.py:188} INFO - [2024-06-18T14:25:16.847+0545] {dag.py:3954} INFO - Setting next_dagrun for example_python_operator to None, run_after=None
[2024-06-18T14:25:16.876+0545] {processor.py:183} INFO - Processing /root/apache_env/lib/python3.10/site-packages/airflow/example_dags/example_python_operator.py took 0.099 seconds
[2024-06-18T14:27:24.090+0545] {processor.py:161} INFO - Started process (PID=7389) to work on /root/apache_env/lib/python3.10/site-packages/airflow/example_dags/example_python_operator.py
[2024-06-18T14:27:24.091+0545] {processor.py:830} INFO - Processing file /root/apache_env/lib/python3.10/site-packages/airflow/example_dags/example_python_operator.py for tasks to queue
[2024-06-18T14:27:24.093+0545] {logging_mixin.py:188} INFO - [2024-06-18T14:27:24.092+0545] {dagbag.py:545} INFO - Filling up the DagBag from /root/apache_env/lib/python3.10/site-packages/airflow/example_dags/example_python_operator.py
[2024-06-18T14:27:24.100+0545] {processor.py:840} INFO - DAG(s) 'example_python_operator' retrieved from /root/apache_env/lib/python3.10/site-packages/airflow/example_dags/example_python_operator.py
[2024-06-18T14:27:24.105+0545] {logging_mixin.py:188} INFO - [2024-06-18T14:27:24.105+0545] {dag.py:3096} INFO - Sync 1 DAGs
[2024-06-18T14:27:24.113+0545] {logging_mixin.py:188} INFO - [2024-06-18T14:27:24.113+0545] {dag.py:3954} INFO - Setting next_dagrun for example_python_operator to None, run_after=None
[2024-06-18T14:27:24.130+0545] {processor.py:183} INFO - Processing /root/apache_env/lib/python3.10/site-packages/airflow/example_dags/example_python_operator.py took 0.043 seconds
[2024-06-18T14:28:20.085+0545] {processor.py:161} INFO - Started process (PID=7544) to work on /root/apache_env/lib/python3.10/site-packages/airflow/example_dags/example_python_operator.py
[2024-06-18T14:28:20.086+0545] {processor.py:830} INFO - Processing file /root/apache_env/lib/python3.10/site-packages/airflow/example_dags/example_python_operator.py for tasks to queue
[2024-06-18T14:28:20.088+0545] {logging_mixin.py:188} INFO - [2024-06-18T14:28:20.087+0545] {dagbag.py:545} INFO - Filling up the DagBag from /root/apache_env/lib/python3.10/site-packages/airflow/example_dags/example_python_operator.py
[2024-06-18T14:28:20.095+0545] {processor.py:840} INFO - DAG(s) 'example_python_operator' retrieved from /root/apache_env/lib/python3.10/site-packages/airflow/example_dags/example_python_operator.py
[2024-06-18T14:28:20.222+0545] {logging_mixin.py:188} INFO - [2024-06-18T14:28:20.222+0545] {dag.py:3096} INFO - Sync 1 DAGs
[2024-06-18T14:28:20.229+0545] {logging_mixin.py:188} INFO - [2024-06-18T14:28:20.229+0545] {dag.py:3954} INFO - Setting next_dagrun for example_python_operator to None, run_after=None
[2024-06-18T14:28:20.245+0545] {processor.py:183} INFO - Processing /root/apache_env/lib/python3.10/site-packages/airflow/example_dags/example_python_operator.py took 0.164 seconds
[2024-06-18T14:30:03.182+0545] {processor.py:161} INFO - Started process (PID=7794) to work on /root/apache_env/lib/python3.10/site-packages/airflow/example_dags/example_python_operator.py
[2024-06-18T14:30:03.183+0545] {processor.py:830} INFO - Processing file /root/apache_env/lib/python3.10/site-packages/airflow/example_dags/example_python_operator.py for tasks to queue
[2024-06-18T14:30:03.185+0545] {logging_mixin.py:188} INFO - [2024-06-18T14:30:03.184+0545] {dagbag.py:545} INFO - Filling up the DagBag from /root/apache_env/lib/python3.10/site-packages/airflow/example_dags/example_python_operator.py
[2024-06-18T14:30:03.193+0545] {processor.py:840} INFO - DAG(s) 'example_python_operator' retrieved from /root/apache_env/lib/python3.10/site-packages/airflow/example_dags/example_python_operator.py
[2024-06-18T14:30:03.198+0545] {logging_mixin.py:188} INFO - [2024-06-18T14:30:03.198+0545] {dag.py:3096} INFO - Sync 1 DAGs
[2024-06-18T14:30:03.208+0545] {logging_mixin.py:188} INFO - [2024-06-18T14:30:03.208+0545] {dag.py:3954} INFO - Setting next_dagrun for example_python_operator to None, run_after=None
[2024-06-18T14:30:03.227+0545] {processor.py:183} INFO - Processing /root/apache_env/lib/python3.10/site-packages/airflow/example_dags/example_python_operator.py took 0.049 seconds
[2024-06-18T14:30:58.150+0545] {processor.py:161} INFO - Started process (PID=7932) to work on /root/apache_env/lib/python3.10/site-packages/airflow/example_dags/example_python_operator.py
[2024-06-18T14:30:58.151+0545] {processor.py:830} INFO - Processing file /root/apache_env/lib/python3.10/site-packages/airflow/example_dags/example_python_operator.py for tasks to queue
[2024-06-18T14:30:58.152+0545] {logging_mixin.py:188} INFO - [2024-06-18T14:30:58.152+0545] {dagbag.py:545} INFO - Filling up the DagBag from /root/apache_env/lib/python3.10/site-packages/airflow/example_dags/example_python_operator.py
[2024-06-18T14:30:58.160+0545] {processor.py:840} INFO - DAG(s) 'example_python_operator' retrieved from /root/apache_env/lib/python3.10/site-packages/airflow/example_dags/example_python_operator.py
[2024-06-18T14:30:58.270+0545] {logging_mixin.py:188} INFO - [2024-06-18T14:30:58.270+0545] {dag.py:3096} INFO - Sync 1 DAGs
[2024-06-18T14:30:58.276+0545] {logging_mixin.py:188} INFO - [2024-06-18T14:30:58.275+0545] {dag.py:3954} INFO - Setting next_dagrun for example_python_operator to None, run_after=None
[2024-06-18T14:30:58.296+0545] {processor.py:183} INFO - Processing /root/apache_env/lib/python3.10/site-packages/airflow/example_dags/example_python_operator.py took 0.150 seconds
[2024-06-18T14:31:52.065+0545] {processor.py:161} INFO - Started process (PID=8064) to work on /root/apache_env/lib/python3.10/site-packages/airflow/example_dags/example_python_operator.py
[2024-06-18T14:31:52.066+0545] {processor.py:830} INFO - Processing file /root/apache_env/lib/python3.10/site-packages/airflow/example_dags/example_python_operator.py for tasks to queue
[2024-06-18T14:31:52.067+0545] {logging_mixin.py:188} INFO - [2024-06-18T14:31:52.067+0545] {dagbag.py:545} INFO - Filling up the DagBag from /root/apache_env/lib/python3.10/site-packages/airflow/example_dags/example_python_operator.py
[2024-06-18T14:31:52.074+0545] {processor.py:840} INFO - DAG(s) 'example_python_operator' retrieved from /root/apache_env/lib/python3.10/site-packages/airflow/example_dags/example_python_operator.py
[2024-06-18T14:31:52.142+0545] {logging_mixin.py:188} INFO - [2024-06-18T14:31:52.141+0545] {dag.py:3096} INFO - Sync 1 DAGs
[2024-06-18T14:31:52.149+0545] {logging_mixin.py:188} INFO - [2024-06-18T14:31:52.149+0545] {dag.py:3954} INFO - Setting next_dagrun for example_python_operator to None, run_after=None
[2024-06-18T14:31:52.164+0545] {processor.py:183} INFO - Processing /root/apache_env/lib/python3.10/site-packages/airflow/example_dags/example_python_operator.py took 0.103 seconds
[2024-06-18T14:32:41.718+0545] {processor.py:161} INFO - Started process (PID=8186) to work on /root/apache_env/lib/python3.10/site-packages/airflow/example_dags/example_python_operator.py
[2024-06-18T14:32:41.719+0545] {processor.py:830} INFO - Processing file /root/apache_env/lib/python3.10/site-packages/airflow/example_dags/example_python_operator.py for tasks to queue
[2024-06-18T14:32:41.720+0545] {logging_mixin.py:188} INFO - [2024-06-18T14:32:41.720+0545] {dagbag.py:545} INFO - Filling up the DagBag from /root/apache_env/lib/python3.10/site-packages/airflow/example_dags/example_python_operator.py
[2024-06-18T14:32:41.727+0545] {processor.py:840} INFO - DAG(s) 'example_python_operator' retrieved from /root/apache_env/lib/python3.10/site-packages/airflow/example_dags/example_python_operator.py
[2024-06-18T14:32:41.739+0545] {logging_mixin.py:188} INFO - [2024-06-18T14:32:41.739+0545] {dag.py:3096} INFO - Sync 1 DAGs
[2024-06-18T14:32:41.748+0545] {logging_mixin.py:188} INFO - [2024-06-18T14:32:41.748+0545] {dag.py:3954} INFO - Setting next_dagrun for example_python_operator to None, run_after=None
[2024-06-18T14:32:41.768+0545] {processor.py:183} INFO - Processing /root/apache_env/lib/python3.10/site-packages/airflow/example_dags/example_python_operator.py took 0.054 seconds
[2024-06-18T14:33:29.003+0545] {processor.py:161} INFO - Started process (PID=8304) to work on /root/apache_env/lib/python3.10/site-packages/airflow/example_dags/example_python_operator.py
[2024-06-18T14:33:29.005+0545] {processor.py:830} INFO - Processing file /root/apache_env/lib/python3.10/site-packages/airflow/example_dags/example_python_operator.py for tasks to queue
[2024-06-18T14:33:29.006+0545] {logging_mixin.py:188} INFO - [2024-06-18T14:33:29.006+0545] {dagbag.py:545} INFO - Filling up the DagBag from /root/apache_env/lib/python3.10/site-packages/airflow/example_dags/example_python_operator.py
[2024-06-18T14:33:29.013+0545] {processor.py:840} INFO - DAG(s) 'example_python_operator' retrieved from /root/apache_env/lib/python3.10/site-packages/airflow/example_dags/example_python_operator.py
[2024-06-18T14:33:29.025+0545] {logging_mixin.py:188} INFO - [2024-06-18T14:33:29.025+0545] {dag.py:3096} INFO - Sync 1 DAGs
[2024-06-18T14:33:29.033+0545] {logging_mixin.py:188} INFO - [2024-06-18T14:33:29.033+0545] {dag.py:3954} INFO - Setting next_dagrun for example_python_operator to None, run_after=None
[2024-06-18T14:33:29.050+0545] {processor.py:183} INFO - Processing /root/apache_env/lib/python3.10/site-packages/airflow/example_dags/example_python_operator.py took 0.051 seconds
[2024-06-18T14:34:15.160+0545] {processor.py:161} INFO - Started process (PID=8423) to work on /root/apache_env/lib/python3.10/site-packages/airflow/example_dags/example_python_operator.py
[2024-06-18T14:34:15.161+0545] {processor.py:830} INFO - Processing file /root/apache_env/lib/python3.10/site-packages/airflow/example_dags/example_python_operator.py for tasks to queue
[2024-06-18T14:34:15.162+0545] {logging_mixin.py:188} INFO - [2024-06-18T14:34:15.162+0545] {dagbag.py:545} INFO - Filling up the DagBag from /root/apache_env/lib/python3.10/site-packages/airflow/example_dags/example_python_operator.py
[2024-06-18T14:34:15.169+0545] {processor.py:840} INFO - DAG(s) 'example_python_operator' retrieved from /root/apache_env/lib/python3.10/site-packages/airflow/example_dags/example_python_operator.py
[2024-06-18T14:34:15.181+0545] {logging_mixin.py:188} INFO - [2024-06-18T14:34:15.181+0545] {dag.py:3096} INFO - Sync 1 DAGs
[2024-06-18T14:34:15.188+0545] {logging_mixin.py:188} INFO - [2024-06-18T14:34:15.188+0545] {dag.py:3954} INFO - Setting next_dagrun for example_python_operator to None, run_after=None
[2024-06-18T14:34:15.206+0545] {processor.py:183} INFO - Processing /root/apache_env/lib/python3.10/site-packages/airflow/example_dags/example_python_operator.py took 0.050 seconds
[2024-06-18T14:34:57.861+0545] {processor.py:161} INFO - Started process (PID=8533) to work on /root/apache_env/lib/python3.10/site-packages/airflow/example_dags/example_python_operator.py
[2024-06-18T14:34:57.863+0545] {processor.py:830} INFO - Processing file /root/apache_env/lib/python3.10/site-packages/airflow/example_dags/example_python_operator.py for tasks to queue
[2024-06-18T14:34:57.864+0545] {logging_mixin.py:188} INFO - [2024-06-18T14:34:57.864+0545] {dagbag.py:545} INFO - Filling up the DagBag from /root/apache_env/lib/python3.10/site-packages/airflow/example_dags/example_python_operator.py
[2024-06-18T14:34:57.871+0545] {processor.py:840} INFO - DAG(s) 'example_python_operator' retrieved from /root/apache_env/lib/python3.10/site-packages/airflow/example_dags/example_python_operator.py
[2024-06-18T14:34:57.883+0545] {logging_mixin.py:188} INFO - [2024-06-18T14:34:57.883+0545] {dag.py:3096} INFO - Sync 1 DAGs
[2024-06-18T14:34:57.891+0545] {logging_mixin.py:188} INFO - [2024-06-18T14:34:57.890+0545] {dag.py:3954} INFO - Setting next_dagrun for example_python_operator to None, run_after=None
[2024-06-18T14:34:57.907+0545] {processor.py:183} INFO - Processing /root/apache_env/lib/python3.10/site-packages/airflow/example_dags/example_python_operator.py took 0.049 seconds
[2024-06-18T14:35:53.409+0545] {processor.py:161} INFO - Started process (PID=8702) to work on /root/apache_env/lib/python3.10/site-packages/airflow/example_dags/example_python_operator.py
[2024-06-18T14:35:53.410+0545] {processor.py:830} INFO - Processing file /root/apache_env/lib/python3.10/site-packages/airflow/example_dags/example_python_operator.py for tasks to queue
[2024-06-18T14:35:53.411+0545] {logging_mixin.py:188} INFO - [2024-06-18T14:35:53.411+0545] {dagbag.py:545} INFO - Filling up the DagBag from /root/apache_env/lib/python3.10/site-packages/airflow/example_dags/example_python_operator.py
[2024-06-18T14:35:53.419+0545] {processor.py:840} INFO - DAG(s) 'example_python_operator' retrieved from /root/apache_env/lib/python3.10/site-packages/airflow/example_dags/example_python_operator.py
[2024-06-18T14:35:53.431+0545] {logging_mixin.py:188} INFO - [2024-06-18T14:35:53.431+0545] {dag.py:3096} INFO - Sync 1 DAGs
[2024-06-18T14:35:53.439+0545] {logging_mixin.py:188} INFO - [2024-06-18T14:35:53.439+0545] {dag.py:3954} INFO - Setting next_dagrun for example_python_operator to None, run_after=None
[2024-06-18T14:35:53.455+0545] {processor.py:183} INFO - Processing /root/apache_env/lib/python3.10/site-packages/airflow/example_dags/example_python_operator.py took 0.050 seconds
[2024-06-18T14:36:35.919+0545] {processor.py:161} INFO - Started process (PID=8808) to work on /root/apache_env/lib/python3.10/site-packages/airflow/example_dags/example_python_operator.py
[2024-06-18T14:36:35.920+0545] {processor.py:830} INFO - Processing file /root/apache_env/lib/python3.10/site-packages/airflow/example_dags/example_python_operator.py for tasks to queue
[2024-06-18T14:36:35.921+0545] {logging_mixin.py:188} INFO - [2024-06-18T14:36:35.921+0545] {dagbag.py:545} INFO - Filling up the DagBag from /root/apache_env/lib/python3.10/site-packages/airflow/example_dags/example_python_operator.py
[2024-06-18T14:36:35.929+0545] {processor.py:840} INFO - DAG(s) 'example_python_operator' retrieved from /root/apache_env/lib/python3.10/site-packages/airflow/example_dags/example_python_operator.py
[2024-06-18T14:36:35.940+0545] {logging_mixin.py:188} INFO - [2024-06-18T14:36:35.940+0545] {dag.py:3096} INFO - Sync 1 DAGs
[2024-06-18T14:36:35.947+0545] {logging_mixin.py:188} INFO - [2024-06-18T14:36:35.947+0545] {dag.py:3954} INFO - Setting next_dagrun for example_python_operator to None, run_after=None
[2024-06-18T14:36:35.965+0545] {processor.py:183} INFO - Processing /root/apache_env/lib/python3.10/site-packages/airflow/example_dags/example_python_operator.py took 0.049 seconds
[2024-06-18T14:37:20.134+0545] {processor.py:161} INFO - Started process (PID=8917) to work on /root/apache_env/lib/python3.10/site-packages/airflow/example_dags/example_python_operator.py
[2024-06-18T14:37:20.135+0545] {processor.py:830} INFO - Processing file /root/apache_env/lib/python3.10/site-packages/airflow/example_dags/example_python_operator.py for tasks to queue
[2024-06-18T14:37:20.136+0545] {logging_mixin.py:188} INFO - [2024-06-18T14:37:20.136+0545] {dagbag.py:545} INFO - Filling up the DagBag from /root/apache_env/lib/python3.10/site-packages/airflow/example_dags/example_python_operator.py
[2024-06-18T14:37:20.143+0545] {processor.py:840} INFO - DAG(s) 'example_python_operator' retrieved from /root/apache_env/lib/python3.10/site-packages/airflow/example_dags/example_python_operator.py
[2024-06-18T14:37:20.155+0545] {logging_mixin.py:188} INFO - [2024-06-18T14:37:20.155+0545] {dag.py:3096} INFO - Sync 1 DAGs
[2024-06-18T14:37:20.163+0545] {logging_mixin.py:188} INFO - [2024-06-18T14:37:20.163+0545] {dag.py:3954} INFO - Setting next_dagrun for example_python_operator to None, run_after=None
[2024-06-18T14:37:20.179+0545] {processor.py:183} INFO - Processing /root/apache_env/lib/python3.10/site-packages/airflow/example_dags/example_python_operator.py took 0.049 seconds
[2024-06-18T14:38:06.806+0545] {processor.py:161} INFO - Started process (PID=9034) to work on /root/apache_env/lib/python3.10/site-packages/airflow/example_dags/example_python_operator.py
[2024-06-18T14:38:06.807+0545] {processor.py:830} INFO - Processing file /root/apache_env/lib/python3.10/site-packages/airflow/example_dags/example_python_operator.py for tasks to queue
[2024-06-18T14:38:06.808+0545] {logging_mixin.py:188} INFO - [2024-06-18T14:38:06.808+0545] {dagbag.py:545} INFO - Filling up the DagBag from /root/apache_env/lib/python3.10/site-packages/airflow/example_dags/example_python_operator.py
[2024-06-18T14:38:06.815+0545] {processor.py:840} INFO - DAG(s) 'example_python_operator' retrieved from /root/apache_env/lib/python3.10/site-packages/airflow/example_dags/example_python_operator.py
[2024-06-18T14:38:06.826+0545] {logging_mixin.py:188} INFO - [2024-06-18T14:38:06.826+0545] {dag.py:3096} INFO - Sync 1 DAGs
[2024-06-18T14:38:06.834+0545] {logging_mixin.py:188} INFO - [2024-06-18T14:38:06.834+0545] {dag.py:3954} INFO - Setting next_dagrun for example_python_operator to None, run_after=None
[2024-06-18T14:38:06.852+0545] {processor.py:183} INFO - Processing /root/apache_env/lib/python3.10/site-packages/airflow/example_dags/example_python_operator.py took 0.050 seconds
[2024-06-18T14:38:52.738+0545] {processor.py:161} INFO - Started process (PID=9150) to work on /root/apache_env/lib/python3.10/site-packages/airflow/example_dags/example_python_operator.py
[2024-06-18T14:38:52.739+0545] {processor.py:830} INFO - Processing file /root/apache_env/lib/python3.10/site-packages/airflow/example_dags/example_python_operator.py for tasks to queue
[2024-06-18T14:38:52.740+0545] {logging_mixin.py:188} INFO - [2024-06-18T14:38:52.740+0545] {dagbag.py:545} INFO - Filling up the DagBag from /root/apache_env/lib/python3.10/site-packages/airflow/example_dags/example_python_operator.py
[2024-06-18T14:38:52.748+0545] {processor.py:840} INFO - DAG(s) 'example_python_operator' retrieved from /root/apache_env/lib/python3.10/site-packages/airflow/example_dags/example_python_operator.py
[2024-06-18T14:38:52.759+0545] {logging_mixin.py:188} INFO - [2024-06-18T14:38:52.759+0545] {dag.py:3096} INFO - Sync 1 DAGs
[2024-06-18T14:38:52.768+0545] {logging_mixin.py:188} INFO - [2024-06-18T14:38:52.768+0545] {dag.py:3954} INFO - Setting next_dagrun for example_python_operator to None, run_after=None
[2024-06-18T14:38:52.785+0545] {processor.py:183} INFO - Processing /root/apache_env/lib/python3.10/site-packages/airflow/example_dags/example_python_operator.py took 0.051 seconds
[2024-06-18T14:39:40.318+0545] {processor.py:161} INFO - Started process (PID=9270) to work on /root/apache_env/lib/python3.10/site-packages/airflow/example_dags/example_python_operator.py
[2024-06-18T14:39:40.319+0545] {processor.py:830} INFO - Processing file /root/apache_env/lib/python3.10/site-packages/airflow/example_dags/example_python_operator.py for tasks to queue
[2024-06-18T14:39:40.320+0545] {logging_mixin.py:188} INFO - [2024-06-18T14:39:40.319+0545] {dagbag.py:545} INFO - Filling up the DagBag from /root/apache_env/lib/python3.10/site-packages/airflow/example_dags/example_python_operator.py
[2024-06-18T14:39:40.327+0545] {processor.py:840} INFO - DAG(s) 'example_python_operator' retrieved from /root/apache_env/lib/python3.10/site-packages/airflow/example_dags/example_python_operator.py
[2024-06-18T14:39:40.338+0545] {logging_mixin.py:188} INFO - [2024-06-18T14:39:40.338+0545] {dag.py:3096} INFO - Sync 1 DAGs
[2024-06-18T14:39:40.346+0545] {logging_mixin.py:188} INFO - [2024-06-18T14:39:40.346+0545] {dag.py:3954} INFO - Setting next_dagrun for example_python_operator to None, run_after=None
[2024-06-18T14:39:40.364+0545] {processor.py:183} INFO - Processing /root/apache_env/lib/python3.10/site-packages/airflow/example_dags/example_python_operator.py took 0.051 seconds
[2024-06-18T14:40:26.074+0545] {processor.py:161} INFO - Started process (PID=9385) to work on /root/apache_env/lib/python3.10/site-packages/airflow/example_dags/example_python_operator.py
[2024-06-18T14:40:26.076+0545] {processor.py:830} INFO - Processing file /root/apache_env/lib/python3.10/site-packages/airflow/example_dags/example_python_operator.py for tasks to queue
[2024-06-18T14:40:26.077+0545] {logging_mixin.py:188} INFO - [2024-06-18T14:40:26.077+0545] {dagbag.py:545} INFO - Filling up the DagBag from /root/apache_env/lib/python3.10/site-packages/airflow/example_dags/example_python_operator.py
[2024-06-18T14:40:26.085+0545] {processor.py:840} INFO - DAG(s) 'example_python_operator' retrieved from /root/apache_env/lib/python3.10/site-packages/airflow/example_dags/example_python_operator.py
[2024-06-18T14:40:26.097+0545] {logging_mixin.py:188} INFO - [2024-06-18T14:40:26.097+0545] {dag.py:3096} INFO - Sync 1 DAGs
[2024-06-18T14:40:26.105+0545] {logging_mixin.py:188} INFO - [2024-06-18T14:40:26.105+0545] {dag.py:3954} INFO - Setting next_dagrun for example_python_operator to None, run_after=None
[2024-06-18T14:40:26.122+0545] {processor.py:183} INFO - Processing /root/apache_env/lib/python3.10/site-packages/airflow/example_dags/example_python_operator.py took 0.052 seconds
[2024-06-18T14:41:12.743+0545] {processor.py:161} INFO - Started process (PID=9503) to work on /root/apache_env/lib/python3.10/site-packages/airflow/example_dags/example_python_operator.py
[2024-06-18T14:41:12.744+0545] {processor.py:830} INFO - Processing file /root/apache_env/lib/python3.10/site-packages/airflow/example_dags/example_python_operator.py for tasks to queue
[2024-06-18T14:41:12.746+0545] {logging_mixin.py:188} INFO - [2024-06-18T14:41:12.746+0545] {dagbag.py:545} INFO - Filling up the DagBag from /root/apache_env/lib/python3.10/site-packages/airflow/example_dags/example_python_operator.py
[2024-06-18T14:41:12.754+0545] {processor.py:840} INFO - DAG(s) 'example_python_operator' retrieved from /root/apache_env/lib/python3.10/site-packages/airflow/example_dags/example_python_operator.py
[2024-06-18T14:41:12.768+0545] {logging_mixin.py:188} INFO - [2024-06-18T14:41:12.768+0545] {dag.py:3096} INFO - Sync 1 DAGs
[2024-06-18T14:41:12.776+0545] {logging_mixin.py:188} INFO - [2024-06-18T14:41:12.776+0545] {dag.py:3954} INFO - Setting next_dagrun for example_python_operator to None, run_after=None
[2024-06-18T14:41:12.795+0545] {processor.py:183} INFO - Processing /root/apache_env/lib/python3.10/site-packages/airflow/example_dags/example_python_operator.py took 0.055 seconds
[2024-06-18T14:41:56.640+0545] {processor.py:161} INFO - Started process (PID=9613) to work on /root/apache_env/lib/python3.10/site-packages/airflow/example_dags/example_python_operator.py
[2024-06-18T14:41:56.642+0545] {processor.py:830} INFO - Processing file /root/apache_env/lib/python3.10/site-packages/airflow/example_dags/example_python_operator.py for tasks to queue
[2024-06-18T14:41:56.643+0545] {logging_mixin.py:188} INFO - [2024-06-18T14:41:56.643+0545] {dagbag.py:545} INFO - Filling up the DagBag from /root/apache_env/lib/python3.10/site-packages/airflow/example_dags/example_python_operator.py
[2024-06-18T14:41:56.650+0545] {processor.py:840} INFO - DAG(s) 'example_python_operator' retrieved from /root/apache_env/lib/python3.10/site-packages/airflow/example_dags/example_python_operator.py
[2024-06-18T14:41:56.662+0545] {logging_mixin.py:188} INFO - [2024-06-18T14:41:56.661+0545] {dag.py:3096} INFO - Sync 1 DAGs
[2024-06-18T14:41:56.669+0545] {logging_mixin.py:188} INFO - [2024-06-18T14:41:56.669+0545] {dag.py:3954} INFO - Setting next_dagrun for example_python_operator to None, run_after=None
[2024-06-18T14:41:56.687+0545] {processor.py:183} INFO - Processing /root/apache_env/lib/python3.10/site-packages/airflow/example_dags/example_python_operator.py took 0.051 seconds
[2024-06-18T14:42:39.987+0545] {processor.py:161} INFO - Started process (PID=9723) to work on /root/apache_env/lib/python3.10/site-packages/airflow/example_dags/example_python_operator.py
[2024-06-18T14:42:39.988+0545] {processor.py:830} INFO - Processing file /root/apache_env/lib/python3.10/site-packages/airflow/example_dags/example_python_operator.py for tasks to queue
[2024-06-18T14:42:39.989+0545] {logging_mixin.py:188} INFO - [2024-06-18T14:42:39.989+0545] {dagbag.py:545} INFO - Filling up the DagBag from /root/apache_env/lib/python3.10/site-packages/airflow/example_dags/example_python_operator.py
[2024-06-18T14:42:39.996+0545] {processor.py:840} INFO - DAG(s) 'example_python_operator' retrieved from /root/apache_env/lib/python3.10/site-packages/airflow/example_dags/example_python_operator.py
[2024-06-18T14:42:40.008+0545] {logging_mixin.py:188} INFO - [2024-06-18T14:42:40.007+0545] {dag.py:3096} INFO - Sync 1 DAGs
[2024-06-18T14:42:40.015+0545] {logging_mixin.py:188} INFO - [2024-06-18T14:42:40.015+0545] {dag.py:3954} INFO - Setting next_dagrun for example_python_operator to None, run_after=None
[2024-06-18T14:42:40.033+0545] {processor.py:183} INFO - Processing /root/apache_env/lib/python3.10/site-packages/airflow/example_dags/example_python_operator.py took 0.050 seconds
[2024-06-18T14:43:23.982+0545] {processor.py:161} INFO - Started process (PID=9832) to work on /root/apache_env/lib/python3.10/site-packages/airflow/example_dags/example_python_operator.py
[2024-06-18T14:43:23.983+0545] {processor.py:830} INFO - Processing file /root/apache_env/lib/python3.10/site-packages/airflow/example_dags/example_python_operator.py for tasks to queue
[2024-06-18T14:43:23.985+0545] {logging_mixin.py:188} INFO - [2024-06-18T14:43:23.984+0545] {dagbag.py:545} INFO - Filling up the DagBag from /root/apache_env/lib/python3.10/site-packages/airflow/example_dags/example_python_operator.py
[2024-06-18T14:43:23.991+0545] {processor.py:840} INFO - DAG(s) 'example_python_operator' retrieved from /root/apache_env/lib/python3.10/site-packages/airflow/example_dags/example_python_operator.py
[2024-06-18T14:43:24.003+0545] {logging_mixin.py:188} INFO - [2024-06-18T14:43:24.003+0545] {dag.py:3096} INFO - Sync 1 DAGs
[2024-06-18T14:43:24.011+0545] {logging_mixin.py:188} INFO - [2024-06-18T14:43:24.011+0545] {dag.py:3954} INFO - Setting next_dagrun for example_python_operator to None, run_after=None
[2024-06-18T14:43:24.027+0545] {processor.py:183} INFO - Processing /root/apache_env/lib/python3.10/site-packages/airflow/example_dags/example_python_operator.py took 0.049 seconds
[2024-06-18T14:44:11.300+0545] {processor.py:161} INFO - Started process (PID=9949) to work on /root/apache_env/lib/python3.10/site-packages/airflow/example_dags/example_python_operator.py
[2024-06-18T14:44:11.302+0545] {processor.py:830} INFO - Processing file /root/apache_env/lib/python3.10/site-packages/airflow/example_dags/example_python_operator.py for tasks to queue
[2024-06-18T14:44:11.303+0545] {logging_mixin.py:188} INFO - [2024-06-18T14:44:11.303+0545] {dagbag.py:545} INFO - Filling up the DagBag from /root/apache_env/lib/python3.10/site-packages/airflow/example_dags/example_python_operator.py
[2024-06-18T14:44:11.310+0545] {processor.py:840} INFO - DAG(s) 'example_python_operator' retrieved from /root/apache_env/lib/python3.10/site-packages/airflow/example_dags/example_python_operator.py
[2024-06-18T14:44:11.322+0545] {logging_mixin.py:188} INFO - [2024-06-18T14:44:11.322+0545] {dag.py:3096} INFO - Sync 1 DAGs
[2024-06-18T14:44:11.330+0545] {logging_mixin.py:188} INFO - [2024-06-18T14:44:11.330+0545] {dag.py:3954} INFO - Setting next_dagrun for example_python_operator to None, run_after=None
[2024-06-18T14:44:11.347+0545] {processor.py:183} INFO - Processing /root/apache_env/lib/python3.10/site-packages/airflow/example_dags/example_python_operator.py took 0.053 seconds
[2024-06-18T14:44:55.218+0545] {processor.py:161} INFO - Started process (PID=10062) to work on /root/apache_env/lib/python3.10/site-packages/airflow/example_dags/example_python_operator.py
[2024-06-18T14:44:55.219+0545] {processor.py:830} INFO - Processing file /root/apache_env/lib/python3.10/site-packages/airflow/example_dags/example_python_operator.py for tasks to queue
[2024-06-18T14:44:55.220+0545] {logging_mixin.py:188} INFO - [2024-06-18T14:44:55.220+0545] {dagbag.py:545} INFO - Filling up the DagBag from /root/apache_env/lib/python3.10/site-packages/airflow/example_dags/example_python_operator.py
[2024-06-18T14:44:55.227+0545] {processor.py:840} INFO - DAG(s) 'example_python_operator' retrieved from /root/apache_env/lib/python3.10/site-packages/airflow/example_dags/example_python_operator.py
[2024-06-18T14:44:55.240+0545] {logging_mixin.py:188} INFO - [2024-06-18T14:44:55.240+0545] {dag.py:3096} INFO - Sync 1 DAGs
[2024-06-18T14:44:55.248+0545] {logging_mixin.py:188} INFO - [2024-06-18T14:44:55.248+0545] {dag.py:3954} INFO - Setting next_dagrun for example_python_operator to None, run_after=None
[2024-06-18T14:44:55.267+0545] {processor.py:183} INFO - Processing /root/apache_env/lib/python3.10/site-packages/airflow/example_dags/example_python_operator.py took 0.053 seconds
[2024-06-18T14:45:52.450+0545] {processor.py:161} INFO - Started process (PID=10232) to work on /root/apache_env/lib/python3.10/site-packages/airflow/example_dags/example_python_operator.py
[2024-06-18T14:45:52.451+0545] {processor.py:830} INFO - Processing file /root/apache_env/lib/python3.10/site-packages/airflow/example_dags/example_python_operator.py for tasks to queue
[2024-06-18T14:45:52.453+0545] {logging_mixin.py:188} INFO - [2024-06-18T14:45:52.452+0545] {dagbag.py:545} INFO - Filling up the DagBag from /root/apache_env/lib/python3.10/site-packages/airflow/example_dags/example_python_operator.py
[2024-06-18T14:45:52.460+0545] {processor.py:840} INFO - DAG(s) 'example_python_operator' retrieved from /root/apache_env/lib/python3.10/site-packages/airflow/example_dags/example_python_operator.py
[2024-06-18T14:45:52.472+0545] {logging_mixin.py:188} INFO - [2024-06-18T14:45:52.472+0545] {dag.py:3096} INFO - Sync 1 DAGs
[2024-06-18T14:45:52.480+0545] {logging_mixin.py:188} INFO - [2024-06-18T14:45:52.479+0545] {dag.py:3954} INFO - Setting next_dagrun for example_python_operator to None, run_after=None
[2024-06-18T14:45:52.498+0545] {processor.py:183} INFO - Processing /root/apache_env/lib/python3.10/site-packages/airflow/example_dags/example_python_operator.py took 0.054 seconds
[2024-06-18T14:46:35.740+0545] {processor.py:161} INFO - Started process (PID=10339) to work on /root/apache_env/lib/python3.10/site-packages/airflow/example_dags/example_python_operator.py
[2024-06-18T14:46:35.741+0545] {processor.py:830} INFO - Processing file /root/apache_env/lib/python3.10/site-packages/airflow/example_dags/example_python_operator.py for tasks to queue
[2024-06-18T14:46:35.743+0545] {logging_mixin.py:188} INFO - [2024-06-18T14:46:35.742+0545] {dagbag.py:545} INFO - Filling up the DagBag from /root/apache_env/lib/python3.10/site-packages/airflow/example_dags/example_python_operator.py
[2024-06-18T14:46:35.750+0545] {processor.py:840} INFO - DAG(s) 'example_python_operator' retrieved from /root/apache_env/lib/python3.10/site-packages/airflow/example_dags/example_python_operator.py
[2024-06-18T14:46:35.763+0545] {logging_mixin.py:188} INFO - [2024-06-18T14:46:35.763+0545] {dag.py:3096} INFO - Sync 1 DAGs
[2024-06-18T14:46:35.772+0545] {logging_mixin.py:188} INFO - [2024-06-18T14:46:35.771+0545] {dag.py:3954} INFO - Setting next_dagrun for example_python_operator to None, run_after=None
[2024-06-18T14:46:35.788+0545] {processor.py:183} INFO - Processing /root/apache_env/lib/python3.10/site-packages/airflow/example_dags/example_python_operator.py took 0.053 seconds
[2024-06-18T14:47:19.074+0545] {processor.py:161} INFO - Started process (PID=10451) to work on /root/apache_env/lib/python3.10/site-packages/airflow/example_dags/example_python_operator.py
[2024-06-18T14:47:19.081+0545] {processor.py:830} INFO - Processing file /root/apache_env/lib/python3.10/site-packages/airflow/example_dags/example_python_operator.py for tasks to queue
[2024-06-18T14:47:19.082+0545] {logging_mixin.py:188} INFO - [2024-06-18T14:47:19.081+0545] {dagbag.py:545} INFO - Filling up the DagBag from /root/apache_env/lib/python3.10/site-packages/airflow/example_dags/example_python_operator.py
[2024-06-18T14:47:19.089+0545] {processor.py:840} INFO - DAG(s) 'example_python_operator' retrieved from /root/apache_env/lib/python3.10/site-packages/airflow/example_dags/example_python_operator.py
[2024-06-18T14:47:19.101+0545] {logging_mixin.py:188} INFO - [2024-06-18T14:47:19.101+0545] {dag.py:3096} INFO - Sync 1 DAGs
[2024-06-18T14:47:19.110+0545] {logging_mixin.py:188} INFO - [2024-06-18T14:47:19.110+0545] {dag.py:3954} INFO - Setting next_dagrun for example_python_operator to None, run_after=None
[2024-06-18T14:47:19.127+0545] {processor.py:183} INFO - Processing /root/apache_env/lib/python3.10/site-packages/airflow/example_dags/example_python_operator.py took 0.058 seconds
[2024-06-18T14:48:03.039+0545] {processor.py:161} INFO - Started process (PID=10559) to work on /root/apache_env/lib/python3.10/site-packages/airflow/example_dags/example_python_operator.py
[2024-06-18T14:48:03.040+0545] {processor.py:830} INFO - Processing file /root/apache_env/lib/python3.10/site-packages/airflow/example_dags/example_python_operator.py for tasks to queue
[2024-06-18T14:48:03.041+0545] {logging_mixin.py:188} INFO - [2024-06-18T14:48:03.041+0545] {dagbag.py:545} INFO - Filling up the DagBag from /root/apache_env/lib/python3.10/site-packages/airflow/example_dags/example_python_operator.py
[2024-06-18T14:48:03.048+0545] {processor.py:840} INFO - DAG(s) 'example_python_operator' retrieved from /root/apache_env/lib/python3.10/site-packages/airflow/example_dags/example_python_operator.py
[2024-06-18T14:48:03.060+0545] {logging_mixin.py:188} INFO - [2024-06-18T14:48:03.059+0545] {dag.py:3096} INFO - Sync 1 DAGs
[2024-06-18T14:48:03.067+0545] {logging_mixin.py:188} INFO - [2024-06-18T14:48:03.067+0545] {dag.py:3954} INFO - Setting next_dagrun for example_python_operator to None, run_after=None
[2024-06-18T14:48:03.085+0545] {processor.py:183} INFO - Processing /root/apache_env/lib/python3.10/site-packages/airflow/example_dags/example_python_operator.py took 0.051 seconds
[2024-06-18T14:48:46.995+0545] {processor.py:161} INFO - Started process (PID=10672) to work on /root/apache_env/lib/python3.10/site-packages/airflow/example_dags/example_python_operator.py
[2024-06-18T14:48:46.997+0545] {processor.py:830} INFO - Processing file /root/apache_env/lib/python3.10/site-packages/airflow/example_dags/example_python_operator.py for tasks to queue
[2024-06-18T14:48:46.998+0545] {logging_mixin.py:188} INFO - [2024-06-18T14:48:46.998+0545] {dagbag.py:545} INFO - Filling up the DagBag from /root/apache_env/lib/python3.10/site-packages/airflow/example_dags/example_python_operator.py
[2024-06-18T14:48:47.005+0545] {processor.py:840} INFO - DAG(s) 'example_python_operator' retrieved from /root/apache_env/lib/python3.10/site-packages/airflow/example_dags/example_python_operator.py
[2024-06-18T14:48:47.016+0545] {logging_mixin.py:188} INFO - [2024-06-18T14:48:47.016+0545] {dag.py:3096} INFO - Sync 1 DAGs
[2024-06-18T14:48:47.024+0545] {logging_mixin.py:188} INFO - [2024-06-18T14:48:47.024+0545] {dag.py:3954} INFO - Setting next_dagrun for example_python_operator to None, run_after=None
[2024-06-18T14:48:47.042+0545] {processor.py:183} INFO - Processing /root/apache_env/lib/python3.10/site-packages/airflow/example_dags/example_python_operator.py took 0.050 seconds
[2024-06-18T14:49:34.294+0545] {processor.py:161} INFO - Started process (PID=10793) to work on /root/apache_env/lib/python3.10/site-packages/airflow/example_dags/example_python_operator.py
[2024-06-18T14:49:34.295+0545] {processor.py:830} INFO - Processing file /root/apache_env/lib/python3.10/site-packages/airflow/example_dags/example_python_operator.py for tasks to queue
[2024-06-18T14:49:34.297+0545] {logging_mixin.py:188} INFO - [2024-06-18T14:49:34.297+0545] {dagbag.py:545} INFO - Filling up the DagBag from /root/apache_env/lib/python3.10/site-packages/airflow/example_dags/example_python_operator.py
[2024-06-18T14:49:34.304+0545] {processor.py:840} INFO - DAG(s) 'example_python_operator' retrieved from /root/apache_env/lib/python3.10/site-packages/airflow/example_dags/example_python_operator.py
[2024-06-18T14:49:34.315+0545] {logging_mixin.py:188} INFO - [2024-06-18T14:49:34.315+0545] {dag.py:3096} INFO - Sync 1 DAGs
[2024-06-18T14:49:34.322+0545] {logging_mixin.py:188} INFO - [2024-06-18T14:49:34.322+0545] {dag.py:3954} INFO - Setting next_dagrun for example_python_operator to None, run_after=None
[2024-06-18T14:49:34.341+0545] {processor.py:183} INFO - Processing /root/apache_env/lib/python3.10/site-packages/airflow/example_dags/example_python_operator.py took 0.051 seconds
[2024-06-18T14:50:17.315+0545] {processor.py:161} INFO - Started process (PID=10903) to work on /root/apache_env/lib/python3.10/site-packages/airflow/example_dags/example_python_operator.py
[2024-06-18T14:50:17.317+0545] {processor.py:830} INFO - Processing file /root/apache_env/lib/python3.10/site-packages/airflow/example_dags/example_python_operator.py for tasks to queue
[2024-06-18T14:50:17.318+0545] {logging_mixin.py:188} INFO - [2024-06-18T14:50:17.318+0545] {dagbag.py:545} INFO - Filling up the DagBag from /root/apache_env/lib/python3.10/site-packages/airflow/example_dags/example_python_operator.py
[2024-06-18T14:50:17.326+0545] {processor.py:840} INFO - DAG(s) 'example_python_operator' retrieved from /root/apache_env/lib/python3.10/site-packages/airflow/example_dags/example_python_operator.py
[2024-06-18T14:50:17.338+0545] {logging_mixin.py:188} INFO - [2024-06-18T14:50:17.338+0545] {dag.py:3096} INFO - Sync 1 DAGs
[2024-06-18T14:50:17.347+0545] {logging_mixin.py:188} INFO - [2024-06-18T14:50:17.346+0545] {dag.py:3954} INFO - Setting next_dagrun for example_python_operator to None, run_after=None
[2024-06-18T14:50:17.364+0545] {processor.py:183} INFO - Processing /root/apache_env/lib/python3.10/site-packages/airflow/example_dags/example_python_operator.py took 0.053 seconds
[2024-06-18T14:51:02.904+0545] {processor.py:161} INFO - Started process (PID=11017) to work on /root/apache_env/lib/python3.10/site-packages/airflow/example_dags/example_python_operator.py
[2024-06-18T14:51:02.906+0545] {processor.py:830} INFO - Processing file /root/apache_env/lib/python3.10/site-packages/airflow/example_dags/example_python_operator.py for tasks to queue
[2024-06-18T14:51:02.908+0545] {logging_mixin.py:188} INFO - [2024-06-18T14:51:02.908+0545] {dagbag.py:545} INFO - Filling up the DagBag from /root/apache_env/lib/python3.10/site-packages/airflow/example_dags/example_python_operator.py
[2024-06-18T14:51:02.915+0545] {processor.py:840} INFO - DAG(s) 'example_python_operator' retrieved from /root/apache_env/lib/python3.10/site-packages/airflow/example_dags/example_python_operator.py
[2024-06-18T14:51:02.928+0545] {logging_mixin.py:188} INFO - [2024-06-18T14:51:02.928+0545] {dag.py:3096} INFO - Sync 1 DAGs
[2024-06-18T14:51:02.936+0545] {logging_mixin.py:188} INFO - [2024-06-18T14:51:02.935+0545] {dag.py:3954} INFO - Setting next_dagrun for example_python_operator to None, run_after=None
[2024-06-18T14:51:02.954+0545] {processor.py:183} INFO - Processing /root/apache_env/lib/python3.10/site-packages/airflow/example_dags/example_python_operator.py took 0.055 seconds
[2024-06-18T14:51:44.831+0545] {processor.py:161} INFO - Started process (PID=11122) to work on /root/apache_env/lib/python3.10/site-packages/airflow/example_dags/example_python_operator.py
[2024-06-18T14:51:44.832+0545] {processor.py:830} INFO - Processing file /root/apache_env/lib/python3.10/site-packages/airflow/example_dags/example_python_operator.py for tasks to queue
[2024-06-18T14:51:44.833+0545] {logging_mixin.py:188} INFO - [2024-06-18T14:51:44.833+0545] {dagbag.py:545} INFO - Filling up the DagBag from /root/apache_env/lib/python3.10/site-packages/airflow/example_dags/example_python_operator.py
[2024-06-18T14:51:44.841+0545] {processor.py:840} INFO - DAG(s) 'example_python_operator' retrieved from /root/apache_env/lib/python3.10/site-packages/airflow/example_dags/example_python_operator.py
[2024-06-18T14:51:44.859+0545] {logging_mixin.py:188} INFO - [2024-06-18T14:51:44.859+0545] {dag.py:3096} INFO - Sync 1 DAGs
[2024-06-18T14:51:44.869+0545] {logging_mixin.py:188} INFO - [2024-06-18T14:51:44.869+0545] {dag.py:3954} INFO - Setting next_dagrun for example_python_operator to None, run_after=None
[2024-06-18T14:51:44.885+0545] {processor.py:183} INFO - Processing /root/apache_env/lib/python3.10/site-packages/airflow/example_dags/example_python_operator.py took 0.060 seconds
