[2024-06-18T14:12:42.251+0545] {processor.py:161} INFO - Started process (PID=5081) to work on /root/apache_env/lib/python3.10/site-packages/airflow/example_dags/example_dynamic_task_mapping_with_no_taskflow_operators.py
[2024-06-18T14:12:42.252+0545] {processor.py:830} INFO - Processing file /root/apache_env/lib/python3.10/site-packages/airflow/example_dags/example_dynamic_task_mapping_with_no_taskflow_operators.py for tasks to queue
[2024-06-18T14:12:42.254+0545] {logging_mixin.py:188} INFO - [2024-06-18T14:12:42.254+0545] {dagbag.py:545} INFO - Filling up the DagBag from /root/apache_env/lib/python3.10/site-packages/airflow/example_dags/example_dynamic_task_mapping_with_no_taskflow_operators.py
[2024-06-18T14:12:42.264+0545] {processor.py:840} INFO - DAG(s) 'example_dynamic_task_mapping_with_no_taskflow_operators' retrieved from /root/apache_env/lib/python3.10/site-packages/airflow/example_dags/example_dynamic_task_mapping_with_no_taskflow_operators.py
[2024-06-18T14:12:42.358+0545] {logging_mixin.py:188} INFO - [2024-06-18T14:12:42.357+0545] {override.py:1829} INFO - Created Permission View: can delete on DAG:example_dynamic_task_mapping_with_no_taskflow_operators
[2024-06-18T14:12:42.367+0545] {logging_mixin.py:188} INFO - [2024-06-18T14:12:42.367+0545] {override.py:1829} INFO - Created Permission View: can read on DAG:example_dynamic_task_mapping_with_no_taskflow_operators
[2024-06-18T14:12:42.374+0545] {logging_mixin.py:188} INFO - [2024-06-18T14:12:42.374+0545] {override.py:1829} INFO - Created Permission View: can edit on DAG:example_dynamic_task_mapping_with_no_taskflow_operators
[2024-06-18T14:12:42.375+0545] {logging_mixin.py:188} INFO - [2024-06-18T14:12:42.374+0545] {dag.py:3096} INFO - Sync 1 DAGs
[2024-06-18T14:12:42.382+0545] {logging_mixin.py:188} INFO - [2024-06-18T14:12:42.382+0545] {dag.py:3118} INFO - Creating ORM DAG for example_dynamic_task_mapping_with_no_taskflow_operators
[2024-06-18T14:12:42.389+0545] {logging_mixin.py:188} INFO - [2024-06-18T14:12:42.389+0545] {dag.py:3954} INFO - Setting next_dagrun for example_dynamic_task_mapping_with_no_taskflow_operators to 2024-06-17 00:00:00+00:00, run_after=2024-06-18 00:00:00+00:00
[2024-06-18T14:12:42.405+0545] {processor.py:183} INFO - Processing /root/apache_env/lib/python3.10/site-packages/airflow/example_dags/example_dynamic_task_mapping_with_no_taskflow_operators.py took 0.160 seconds
[2024-06-18T14:14:54.907+0545] {processor.py:161} INFO - Started process (PID=5381) to work on /root/apache_env/lib/python3.10/site-packages/airflow/example_dags/example_dynamic_task_mapping_with_no_taskflow_operators.py
[2024-06-18T14:14:54.909+0545] {processor.py:830} INFO - Processing file /root/apache_env/lib/python3.10/site-packages/airflow/example_dags/example_dynamic_task_mapping_with_no_taskflow_operators.py for tasks to queue
[2024-06-18T14:14:54.910+0545] {logging_mixin.py:188} INFO - [2024-06-18T14:14:54.910+0545] {dagbag.py:545} INFO - Filling up the DagBag from /root/apache_env/lib/python3.10/site-packages/airflow/example_dags/example_dynamic_task_mapping_with_no_taskflow_operators.py
[2024-06-18T14:14:54.915+0545] {processor.py:840} INFO - DAG(s) 'example_dynamic_task_mapping_with_no_taskflow_operators' retrieved from /root/apache_env/lib/python3.10/site-packages/airflow/example_dags/example_dynamic_task_mapping_with_no_taskflow_operators.py
[2024-06-18T14:14:54.930+0545] {logging_mixin.py:188} INFO - [2024-06-18T14:14:54.930+0545] {dag.py:3096} INFO - Sync 1 DAGs
[2024-06-18T14:14:54.943+0545] {logging_mixin.py:188} INFO - [2024-06-18T14:14:54.943+0545] {dag.py:3954} INFO - Setting next_dagrun for example_dynamic_task_mapping_with_no_taskflow_operators to 2024-06-17 00:00:00+00:00, run_after=2024-06-18 00:00:00+00:00
[2024-06-18T14:14:54.960+0545] {processor.py:183} INFO - Processing /root/apache_env/lib/python3.10/site-packages/airflow/example_dags/example_dynamic_task_mapping_with_no_taskflow_operators.py took 0.057 seconds
[2024-06-18T14:16:16.955+0545] {processor.py:161} INFO - Started process (PID=5606) to work on /root/apache_env/lib/python3.10/site-packages/airflow/example_dags/example_dynamic_task_mapping_with_no_taskflow_operators.py
[2024-06-18T14:16:16.956+0545] {processor.py:830} INFO - Processing file /root/apache_env/lib/python3.10/site-packages/airflow/example_dags/example_dynamic_task_mapping_with_no_taskflow_operators.py for tasks to queue
[2024-06-18T14:16:16.958+0545] {logging_mixin.py:188} INFO - [2024-06-18T14:16:16.958+0545] {dagbag.py:545} INFO - Filling up the DagBag from /root/apache_env/lib/python3.10/site-packages/airflow/example_dags/example_dynamic_task_mapping_with_no_taskflow_operators.py
[2024-06-18T14:16:16.962+0545] {processor.py:840} INFO - DAG(s) 'example_dynamic_task_mapping_with_no_taskflow_operators' retrieved from /root/apache_env/lib/python3.10/site-packages/airflow/example_dags/example_dynamic_task_mapping_with_no_taskflow_operators.py
[2024-06-18T14:16:17.023+0545] {logging_mixin.py:188} INFO - [2024-06-18T14:16:17.022+0545] {dag.py:3096} INFO - Sync 1 DAGs
[2024-06-18T14:16:17.033+0545] {logging_mixin.py:188} INFO - [2024-06-18T14:16:17.033+0545] {dag.py:3954} INFO - Setting next_dagrun for example_dynamic_task_mapping_with_no_taskflow_operators to 2024-06-17 00:00:00+00:00, run_after=2024-06-18 00:00:00+00:00
[2024-06-18T14:16:17.052+0545] {processor.py:183} INFO - Processing /root/apache_env/lib/python3.10/site-packages/airflow/example_dags/example_dynamic_task_mapping_with_no_taskflow_operators.py took 0.100 seconds
[2024-06-18T14:17:11.828+0545] {processor.py:161} INFO - Started process (PID=5743) to work on /root/apache_env/lib/python3.10/site-packages/airflow/example_dags/example_dynamic_task_mapping_with_no_taskflow_operators.py
[2024-06-18T14:17:11.829+0545] {processor.py:830} INFO - Processing file /root/apache_env/lib/python3.10/site-packages/airflow/example_dags/example_dynamic_task_mapping_with_no_taskflow_operators.py for tasks to queue
[2024-06-18T14:17:11.831+0545] {logging_mixin.py:188} INFO - [2024-06-18T14:17:11.830+0545] {dagbag.py:545} INFO - Filling up the DagBag from /root/apache_env/lib/python3.10/site-packages/airflow/example_dags/example_dynamic_task_mapping_with_no_taskflow_operators.py
[2024-06-18T14:17:11.835+0545] {processor.py:840} INFO - DAG(s) 'example_dynamic_task_mapping_with_no_taskflow_operators' retrieved from /root/apache_env/lib/python3.10/site-packages/airflow/example_dags/example_dynamic_task_mapping_with_no_taskflow_operators.py
[2024-06-18T14:17:11.844+0545] {logging_mixin.py:188} INFO - [2024-06-18T14:17:11.844+0545] {dag.py:3096} INFO - Sync 1 DAGs
[2024-06-18T14:17:11.857+0545] {logging_mixin.py:188} INFO - [2024-06-18T14:17:11.857+0545] {dag.py:3954} INFO - Setting next_dagrun for example_dynamic_task_mapping_with_no_taskflow_operators to 2024-06-17 00:00:00+00:00, run_after=2024-06-18 00:00:00+00:00
[2024-06-18T14:17:11.872+0545] {processor.py:183} INFO - Processing /root/apache_env/lib/python3.10/site-packages/airflow/example_dags/example_dynamic_task_mapping_with_no_taskflow_operators.py took 0.048 seconds
[2024-06-18T14:18:05.670+0545] {processor.py:161} INFO - Started process (PID=5883) to work on /root/apache_env/lib/python3.10/site-packages/airflow/example_dags/example_dynamic_task_mapping_with_no_taskflow_operators.py
[2024-06-18T14:18:05.671+0545] {processor.py:830} INFO - Processing file /root/apache_env/lib/python3.10/site-packages/airflow/example_dags/example_dynamic_task_mapping_with_no_taskflow_operators.py for tasks to queue
[2024-06-18T14:18:05.672+0545] {logging_mixin.py:188} INFO - [2024-06-18T14:18:05.672+0545] {dagbag.py:545} INFO - Filling up the DagBag from /root/apache_env/lib/python3.10/site-packages/airflow/example_dags/example_dynamic_task_mapping_with_no_taskflow_operators.py
[2024-06-18T14:18:05.677+0545] {processor.py:840} INFO - DAG(s) 'example_dynamic_task_mapping_with_no_taskflow_operators' retrieved from /root/apache_env/lib/python3.10/site-packages/airflow/example_dags/example_dynamic_task_mapping_with_no_taskflow_operators.py
[2024-06-18T14:18:05.740+0545] {logging_mixin.py:188} INFO - [2024-06-18T14:18:05.740+0545] {dag.py:3096} INFO - Sync 1 DAGs
[2024-06-18T14:18:05.750+0545] {logging_mixin.py:188} INFO - [2024-06-18T14:18:05.750+0545] {dag.py:3954} INFO - Setting next_dagrun for example_dynamic_task_mapping_with_no_taskflow_operators to 2024-06-17 00:00:00+00:00, run_after=2024-06-18 00:00:00+00:00
[2024-06-18T14:18:05.766+0545] {processor.py:183} INFO - Processing /root/apache_env/lib/python3.10/site-packages/airflow/example_dags/example_dynamic_task_mapping_with_no_taskflow_operators.py took 0.100 seconds
[2024-06-18T14:22:25.497+0545] {processor.py:161} INFO - Started process (PID=6553) to work on /root/apache_env/lib/python3.10/site-packages/airflow/example_dags/example_dynamic_task_mapping_with_no_taskflow_operators.py
[2024-06-18T14:22:25.498+0545] {processor.py:830} INFO - Processing file /root/apache_env/lib/python3.10/site-packages/airflow/example_dags/example_dynamic_task_mapping_with_no_taskflow_operators.py for tasks to queue
[2024-06-18T14:22:25.499+0545] {logging_mixin.py:188} INFO - [2024-06-18T14:22:25.499+0545] {dagbag.py:545} INFO - Filling up the DagBag from /root/apache_env/lib/python3.10/site-packages/airflow/example_dags/example_dynamic_task_mapping_with_no_taskflow_operators.py
[2024-06-18T14:22:25.506+0545] {processor.py:840} INFO - DAG(s) 'example_dynamic_task_mapping_with_no_taskflow_operators' retrieved from /root/apache_env/lib/python3.10/site-packages/airflow/example_dags/example_dynamic_task_mapping_with_no_taskflow_operators.py
[2024-06-18T14:22:25.512+0545] {logging_mixin.py:188} INFO - [2024-06-18T14:22:25.511+0545] {dag.py:3096} INFO - Sync 1 DAGs
[2024-06-18T14:22:25.526+0545] {logging_mixin.py:188} INFO - [2024-06-18T14:22:25.526+0545] {dag.py:3954} INFO - Setting next_dagrun for example_dynamic_task_mapping_with_no_taskflow_operators to 2024-06-17 00:00:00+00:00, run_after=2024-06-18 00:00:00+00:00
[2024-06-18T14:22:25.543+0545] {processor.py:183} INFO - Processing /root/apache_env/lib/python3.10/site-packages/airflow/example_dags/example_dynamic_task_mapping_with_no_taskflow_operators.py took 0.051 seconds
[2024-06-18T14:23:34.227+0545] {processor.py:161} INFO - Started process (PID=6769) to work on /root/apache_env/lib/python3.10/site-packages/airflow/example_dags/example_dynamic_task_mapping_with_no_taskflow_operators.py
[2024-06-18T14:23:34.229+0545] {processor.py:830} INFO - Processing file /root/apache_env/lib/python3.10/site-packages/airflow/example_dags/example_dynamic_task_mapping_with_no_taskflow_operators.py for tasks to queue
[2024-06-18T14:23:34.230+0545] {logging_mixin.py:188} INFO - [2024-06-18T14:23:34.230+0545] {dagbag.py:545} INFO - Filling up the DagBag from /root/apache_env/lib/python3.10/site-packages/airflow/example_dags/example_dynamic_task_mapping_with_no_taskflow_operators.py
[2024-06-18T14:23:34.234+0545] {processor.py:840} INFO - DAG(s) 'example_dynamic_task_mapping_with_no_taskflow_operators' retrieved from /root/apache_env/lib/python3.10/site-packages/airflow/example_dags/example_dynamic_task_mapping_with_no_taskflow_operators.py
[2024-06-18T14:23:34.344+0545] {logging_mixin.py:188} INFO - [2024-06-18T14:23:34.344+0545] {dag.py:3096} INFO - Sync 1 DAGs
[2024-06-18T14:23:34.354+0545] {logging_mixin.py:188} INFO - [2024-06-18T14:23:34.354+0545] {dag.py:3954} INFO - Setting next_dagrun for example_dynamic_task_mapping_with_no_taskflow_operators to 2024-06-17 00:00:00+00:00, run_after=2024-06-18 00:00:00+00:00
[2024-06-18T14:23:34.370+0545] {processor.py:183} INFO - Processing /root/apache_env/lib/python3.10/site-packages/airflow/example_dags/example_dynamic_task_mapping_with_no_taskflow_operators.py took 0.147 seconds
[2024-06-18T14:24:27.247+0545] {processor.py:161} INFO - Started process (PID=6903) to work on /root/apache_env/lib/python3.10/site-packages/airflow/example_dags/example_dynamic_task_mapping_with_no_taskflow_operators.py
[2024-06-18T14:24:27.248+0545] {processor.py:830} INFO - Processing file /root/apache_env/lib/python3.10/site-packages/airflow/example_dags/example_dynamic_task_mapping_with_no_taskflow_operators.py for tasks to queue
[2024-06-18T14:24:27.249+0545] {logging_mixin.py:188} INFO - [2024-06-18T14:24:27.249+0545] {dagbag.py:545} INFO - Filling up the DagBag from /root/apache_env/lib/python3.10/site-packages/airflow/example_dags/example_dynamic_task_mapping_with_no_taskflow_operators.py
[2024-06-18T14:24:27.253+0545] {processor.py:840} INFO - DAG(s) 'example_dynamic_task_mapping_with_no_taskflow_operators' retrieved from /root/apache_env/lib/python3.10/site-packages/airflow/example_dags/example_dynamic_task_mapping_with_no_taskflow_operators.py
[2024-06-18T14:24:27.316+0545] {logging_mixin.py:188} INFO - [2024-06-18T14:24:27.316+0545] {dag.py:3096} INFO - Sync 1 DAGs
[2024-06-18T14:24:27.328+0545] {logging_mixin.py:188} INFO - [2024-06-18T14:24:27.328+0545] {dag.py:3954} INFO - Setting next_dagrun for example_dynamic_task_mapping_with_no_taskflow_operators to 2024-06-17 00:00:00+00:00, run_after=2024-06-18 00:00:00+00:00
[2024-06-18T14:24:27.345+0545] {processor.py:183} INFO - Processing /root/apache_env/lib/python3.10/site-packages/airflow/example_dags/example_dynamic_task_mapping_with_no_taskflow_operators.py took 0.102 seconds
[2024-06-18T14:25:30.439+0545] {processor.py:161} INFO - Started process (PID=7086) to work on /root/apache_env/lib/python3.10/site-packages/airflow/example_dags/example_dynamic_task_mapping_with_no_taskflow_operators.py
[2024-06-18T14:25:30.440+0545] {processor.py:830} INFO - Processing file /root/apache_env/lib/python3.10/site-packages/airflow/example_dags/example_dynamic_task_mapping_with_no_taskflow_operators.py for tasks to queue
[2024-06-18T14:25:30.442+0545] {logging_mixin.py:188} INFO - [2024-06-18T14:25:30.442+0545] {dagbag.py:545} INFO - Filling up the DagBag from /root/apache_env/lib/python3.10/site-packages/airflow/example_dags/example_dynamic_task_mapping_with_no_taskflow_operators.py
[2024-06-18T14:25:30.448+0545] {processor.py:840} INFO - DAG(s) 'example_dynamic_task_mapping_with_no_taskflow_operators' retrieved from /root/apache_env/lib/python3.10/site-packages/airflow/example_dags/example_dynamic_task_mapping_with_no_taskflow_operators.py
[2024-06-18T14:25:30.460+0545] {logging_mixin.py:188} INFO - [2024-06-18T14:25:30.460+0545] {dag.py:3096} INFO - Sync 1 DAGs
[2024-06-18T14:25:30.477+0545] {logging_mixin.py:188} INFO - [2024-06-18T14:25:30.477+0545] {dag.py:3954} INFO - Setting next_dagrun for example_dynamic_task_mapping_with_no_taskflow_operators to 2024-06-17 00:00:00+00:00, run_after=2024-06-18 00:00:00+00:00
[2024-06-18T14:25:30.496+0545] {processor.py:183} INFO - Processing /root/apache_env/lib/python3.10/site-packages/airflow/example_dags/example_dynamic_task_mapping_with_no_taskflow_operators.py took 0.061 seconds
[2024-06-18T14:27:29.228+0545] {processor.py:161} INFO - Started process (PID=7405) to work on /root/apache_env/lib/python3.10/site-packages/airflow/example_dags/example_dynamic_task_mapping_with_no_taskflow_operators.py
[2024-06-18T14:27:29.229+0545] {processor.py:830} INFO - Processing file /root/apache_env/lib/python3.10/site-packages/airflow/example_dags/example_dynamic_task_mapping_with_no_taskflow_operators.py for tasks to queue
[2024-06-18T14:27:29.230+0545] {logging_mixin.py:188} INFO - [2024-06-18T14:27:29.230+0545] {dagbag.py:545} INFO - Filling up the DagBag from /root/apache_env/lib/python3.10/site-packages/airflow/example_dags/example_dynamic_task_mapping_with_no_taskflow_operators.py
[2024-06-18T14:27:29.235+0545] {processor.py:840} INFO - DAG(s) 'example_dynamic_task_mapping_with_no_taskflow_operators' retrieved from /root/apache_env/lib/python3.10/site-packages/airflow/example_dags/example_dynamic_task_mapping_with_no_taskflow_operators.py
[2024-06-18T14:27:29.239+0545] {logging_mixin.py:188} INFO - [2024-06-18T14:27:29.239+0545] {dag.py:3096} INFO - Sync 1 DAGs
[2024-06-18T14:27:29.252+0545] {logging_mixin.py:188} INFO - [2024-06-18T14:27:29.251+0545] {dag.py:3954} INFO - Setting next_dagrun for example_dynamic_task_mapping_with_no_taskflow_operators to 2024-06-17 00:00:00+00:00, run_after=2024-06-18 00:00:00+00:00
[2024-06-18T14:27:29.268+0545] {processor.py:183} INFO - Processing /root/apache_env/lib/python3.10/site-packages/airflow/example_dags/example_dynamic_task_mapping_with_no_taskflow_operators.py took 0.044 seconds
[2024-06-18T14:28:26.379+0545] {processor.py:161} INFO - Started process (PID=7560) to work on /root/apache_env/lib/python3.10/site-packages/airflow/example_dags/example_dynamic_task_mapping_with_no_taskflow_operators.py
[2024-06-18T14:28:26.380+0545] {processor.py:830} INFO - Processing file /root/apache_env/lib/python3.10/site-packages/airflow/example_dags/example_dynamic_task_mapping_with_no_taskflow_operators.py for tasks to queue
[2024-06-18T14:28:26.381+0545] {logging_mixin.py:188} INFO - [2024-06-18T14:28:26.381+0545] {dagbag.py:545} INFO - Filling up the DagBag from /root/apache_env/lib/python3.10/site-packages/airflow/example_dags/example_dynamic_task_mapping_with_no_taskflow_operators.py
[2024-06-18T14:28:26.386+0545] {processor.py:840} INFO - DAG(s) 'example_dynamic_task_mapping_with_no_taskflow_operators' retrieved from /root/apache_env/lib/python3.10/site-packages/airflow/example_dags/example_dynamic_task_mapping_with_no_taskflow_operators.py
[2024-06-18T14:28:26.509+0545] {logging_mixin.py:188} INFO - [2024-06-18T14:28:26.509+0545] {dag.py:3096} INFO - Sync 1 DAGs
[2024-06-18T14:28:26.521+0545] {logging_mixin.py:188} INFO - [2024-06-18T14:28:26.521+0545] {dag.py:3954} INFO - Setting next_dagrun for example_dynamic_task_mapping_with_no_taskflow_operators to 2024-06-17 00:00:00+00:00, run_after=2024-06-18 00:00:00+00:00
[2024-06-18T14:28:26.538+0545] {processor.py:183} INFO - Processing /root/apache_env/lib/python3.10/site-packages/airflow/example_dags/example_dynamic_task_mapping_with_no_taskflow_operators.py took 0.164 seconds
[2024-06-18T14:30:08.412+0545] {processor.py:161} INFO - Started process (PID=7809) to work on /root/apache_env/lib/python3.10/site-packages/airflow/example_dags/example_dynamic_task_mapping_with_no_taskflow_operators.py
[2024-06-18T14:30:08.414+0545] {processor.py:830} INFO - Processing file /root/apache_env/lib/python3.10/site-packages/airflow/example_dags/example_dynamic_task_mapping_with_no_taskflow_operators.py for tasks to queue
[2024-06-18T14:30:08.415+0545] {logging_mixin.py:188} INFO - [2024-06-18T14:30:08.415+0545] {dagbag.py:545} INFO - Filling up the DagBag from /root/apache_env/lib/python3.10/site-packages/airflow/example_dags/example_dynamic_task_mapping_with_no_taskflow_operators.py
[2024-06-18T14:30:08.420+0545] {processor.py:840} INFO - DAG(s) 'example_dynamic_task_mapping_with_no_taskflow_operators' retrieved from /root/apache_env/lib/python3.10/site-packages/airflow/example_dags/example_dynamic_task_mapping_with_no_taskflow_operators.py
[2024-06-18T14:30:08.426+0545] {logging_mixin.py:188} INFO - [2024-06-18T14:30:08.426+0545] {dag.py:3096} INFO - Sync 1 DAGs
[2024-06-18T14:30:08.441+0545] {logging_mixin.py:188} INFO - [2024-06-18T14:30:08.441+0545] {dag.py:3954} INFO - Setting next_dagrun for example_dynamic_task_mapping_with_no_taskflow_operators to 2024-06-17 00:00:00+00:00, run_after=2024-06-18 00:00:00+00:00
[2024-06-18T14:30:08.458+0545] {processor.py:183} INFO - Processing /root/apache_env/lib/python3.10/site-packages/airflow/example_dags/example_dynamic_task_mapping_with_no_taskflow_operators.py took 0.050 seconds
[2024-06-18T14:31:04.470+0545] {processor.py:161} INFO - Started process (PID=7947) to work on /root/apache_env/lib/python3.10/site-packages/airflow/example_dags/example_dynamic_task_mapping_with_no_taskflow_operators.py
[2024-06-18T14:31:04.471+0545] {processor.py:830} INFO - Processing file /root/apache_env/lib/python3.10/site-packages/airflow/example_dags/example_dynamic_task_mapping_with_no_taskflow_operators.py for tasks to queue
[2024-06-18T14:31:04.472+0545] {logging_mixin.py:188} INFO - [2024-06-18T14:31:04.472+0545] {dagbag.py:545} INFO - Filling up the DagBag from /root/apache_env/lib/python3.10/site-packages/airflow/example_dags/example_dynamic_task_mapping_with_no_taskflow_operators.py
[2024-06-18T14:31:04.476+0545] {processor.py:840} INFO - DAG(s) 'example_dynamic_task_mapping_with_no_taskflow_operators' retrieved from /root/apache_env/lib/python3.10/site-packages/airflow/example_dags/example_dynamic_task_mapping_with_no_taskflow_operators.py
[2024-06-18T14:31:04.584+0545] {logging_mixin.py:188} INFO - [2024-06-18T14:31:04.584+0545] {dag.py:3096} INFO - Sync 1 DAGs
[2024-06-18T14:31:04.594+0545] {logging_mixin.py:188} INFO - [2024-06-18T14:31:04.594+0545] {dag.py:3954} INFO - Setting next_dagrun for example_dynamic_task_mapping_with_no_taskflow_operators to 2024-06-17 00:00:00+00:00, run_after=2024-06-18 00:00:00+00:00
[2024-06-18T14:31:04.613+0545] {processor.py:183} INFO - Processing /root/apache_env/lib/python3.10/site-packages/airflow/example_dags/example_dynamic_task_mapping_with_no_taskflow_operators.py took 0.146 seconds
[2024-06-18T14:31:57.866+0545] {processor.py:161} INFO - Started process (PID=8079) to work on /root/apache_env/lib/python3.10/site-packages/airflow/example_dags/example_dynamic_task_mapping_with_no_taskflow_operators.py
[2024-06-18T14:31:57.867+0545] {processor.py:830} INFO - Processing file /root/apache_env/lib/python3.10/site-packages/airflow/example_dags/example_dynamic_task_mapping_with_no_taskflow_operators.py for tasks to queue
[2024-06-18T14:31:57.868+0545] {logging_mixin.py:188} INFO - [2024-06-18T14:31:57.868+0545] {dagbag.py:545} INFO - Filling up the DagBag from /root/apache_env/lib/python3.10/site-packages/airflow/example_dags/example_dynamic_task_mapping_with_no_taskflow_operators.py
[2024-06-18T14:31:57.872+0545] {processor.py:840} INFO - DAG(s) 'example_dynamic_task_mapping_with_no_taskflow_operators' retrieved from /root/apache_env/lib/python3.10/site-packages/airflow/example_dags/example_dynamic_task_mapping_with_no_taskflow_operators.py
[2024-06-18T14:31:57.936+0545] {logging_mixin.py:188} INFO - [2024-06-18T14:31:57.935+0545] {dag.py:3096} INFO - Sync 1 DAGs
[2024-06-18T14:31:57.947+0545] {logging_mixin.py:188} INFO - [2024-06-18T14:31:57.947+0545] {dag.py:3954} INFO - Setting next_dagrun for example_dynamic_task_mapping_with_no_taskflow_operators to 2024-06-17 00:00:00+00:00, run_after=2024-06-18 00:00:00+00:00
[2024-06-18T14:31:57.963+0545] {processor.py:183} INFO - Processing /root/apache_env/lib/python3.10/site-packages/airflow/example_dags/example_dynamic_task_mapping_with_no_taskflow_operators.py took 0.102 seconds
[2024-06-18T14:32:47.406+0545] {processor.py:161} INFO - Started process (PID=8201) to work on /root/apache_env/lib/python3.10/site-packages/airflow/example_dags/example_dynamic_task_mapping_with_no_taskflow_operators.py
[2024-06-18T14:32:47.407+0545] {processor.py:830} INFO - Processing file /root/apache_env/lib/python3.10/site-packages/airflow/example_dags/example_dynamic_task_mapping_with_no_taskflow_operators.py for tasks to queue
[2024-06-18T14:32:47.408+0545] {logging_mixin.py:188} INFO - [2024-06-18T14:32:47.408+0545] {dagbag.py:545} INFO - Filling up the DagBag from /root/apache_env/lib/python3.10/site-packages/airflow/example_dags/example_dynamic_task_mapping_with_no_taskflow_operators.py
[2024-06-18T14:32:47.412+0545] {processor.py:840} INFO - DAG(s) 'example_dynamic_task_mapping_with_no_taskflow_operators' retrieved from /root/apache_env/lib/python3.10/site-packages/airflow/example_dags/example_dynamic_task_mapping_with_no_taskflow_operators.py
[2024-06-18T14:32:47.422+0545] {logging_mixin.py:188} INFO - [2024-06-18T14:32:47.422+0545] {dag.py:3096} INFO - Sync 1 DAGs
[2024-06-18T14:32:47.435+0545] {logging_mixin.py:188} INFO - [2024-06-18T14:32:47.435+0545] {dag.py:3954} INFO - Setting next_dagrun for example_dynamic_task_mapping_with_no_taskflow_operators to 2024-06-17 00:00:00+00:00, run_after=2024-06-18 00:00:00+00:00
[2024-06-18T14:32:47.452+0545] {processor.py:183} INFO - Processing /root/apache_env/lib/python3.10/site-packages/airflow/example_dags/example_dynamic_task_mapping_with_no_taskflow_operators.py took 0.050 seconds
[2024-06-18T14:33:34.436+0545] {processor.py:161} INFO - Started process (PID=8319) to work on /root/apache_env/lib/python3.10/site-packages/airflow/example_dags/example_dynamic_task_mapping_with_no_taskflow_operators.py
[2024-06-18T14:33:34.437+0545] {processor.py:830} INFO - Processing file /root/apache_env/lib/python3.10/site-packages/airflow/example_dags/example_dynamic_task_mapping_with_no_taskflow_operators.py for tasks to queue
[2024-06-18T14:33:34.438+0545] {logging_mixin.py:188} INFO - [2024-06-18T14:33:34.438+0545] {dagbag.py:545} INFO - Filling up the DagBag from /root/apache_env/lib/python3.10/site-packages/airflow/example_dags/example_dynamic_task_mapping_with_no_taskflow_operators.py
[2024-06-18T14:33:34.443+0545] {processor.py:840} INFO - DAG(s) 'example_dynamic_task_mapping_with_no_taskflow_operators' retrieved from /root/apache_env/lib/python3.10/site-packages/airflow/example_dags/example_dynamic_task_mapping_with_no_taskflow_operators.py
[2024-06-18T14:33:34.452+0545] {logging_mixin.py:188} INFO - [2024-06-18T14:33:34.452+0545] {dag.py:3096} INFO - Sync 1 DAGs
[2024-06-18T14:33:34.467+0545] {logging_mixin.py:188} INFO - [2024-06-18T14:33:34.467+0545] {dag.py:3954} INFO - Setting next_dagrun for example_dynamic_task_mapping_with_no_taskflow_operators to 2024-06-17 00:00:00+00:00, run_after=2024-06-18 00:00:00+00:00
[2024-06-18T14:33:34.484+0545] {processor.py:183} INFO - Processing /root/apache_env/lib/python3.10/site-packages/airflow/example_dags/example_dynamic_task_mapping_with_no_taskflow_operators.py took 0.052 seconds
[2024-06-18T14:34:19.645+0545] {processor.py:161} INFO - Started process (PID=8435) to work on /root/apache_env/lib/python3.10/site-packages/airflow/example_dags/example_dynamic_task_mapping_with_no_taskflow_operators.py
[2024-06-18T14:34:19.646+0545] {processor.py:830} INFO - Processing file /root/apache_env/lib/python3.10/site-packages/airflow/example_dags/example_dynamic_task_mapping_with_no_taskflow_operators.py for tasks to queue
[2024-06-18T14:34:19.647+0545] {logging_mixin.py:188} INFO - [2024-06-18T14:34:19.647+0545] {dagbag.py:545} INFO - Filling up the DagBag from /root/apache_env/lib/python3.10/site-packages/airflow/example_dags/example_dynamic_task_mapping_with_no_taskflow_operators.py
[2024-06-18T14:34:19.652+0545] {processor.py:840} INFO - DAG(s) 'example_dynamic_task_mapping_with_no_taskflow_operators' retrieved from /root/apache_env/lib/python3.10/site-packages/airflow/example_dags/example_dynamic_task_mapping_with_no_taskflow_operators.py
[2024-06-18T14:34:19.661+0545] {logging_mixin.py:188} INFO - [2024-06-18T14:34:19.661+0545] {dag.py:3096} INFO - Sync 1 DAGs
[2024-06-18T14:34:19.676+0545] {logging_mixin.py:188} INFO - [2024-06-18T14:34:19.676+0545] {dag.py:3954} INFO - Setting next_dagrun for example_dynamic_task_mapping_with_no_taskflow_operators to 2024-06-17 00:00:00+00:00, run_after=2024-06-18 00:00:00+00:00
[2024-06-18T14:34:19.693+0545] {processor.py:183} INFO - Processing /root/apache_env/lib/python3.10/site-packages/airflow/example_dags/example_dynamic_task_mapping_with_no_taskflow_operators.py took 0.053 seconds
[2024-06-18T14:35:10.185+0545] {processor.py:161} INFO - Started process (PID=8589) to work on /root/apache_env/lib/python3.10/site-packages/airflow/example_dags/example_dynamic_task_mapping_with_no_taskflow_operators.py
[2024-06-18T14:35:10.186+0545] {processor.py:830} INFO - Processing file /root/apache_env/lib/python3.10/site-packages/airflow/example_dags/example_dynamic_task_mapping_with_no_taskflow_operators.py for tasks to queue
[2024-06-18T14:35:10.187+0545] {logging_mixin.py:188} INFO - [2024-06-18T14:35:10.187+0545] {dagbag.py:545} INFO - Filling up the DagBag from /root/apache_env/lib/python3.10/site-packages/airflow/example_dags/example_dynamic_task_mapping_with_no_taskflow_operators.py
[2024-06-18T14:35:10.192+0545] {processor.py:840} INFO - DAG(s) 'example_dynamic_task_mapping_with_no_taskflow_operators' retrieved from /root/apache_env/lib/python3.10/site-packages/airflow/example_dags/example_dynamic_task_mapping_with_no_taskflow_operators.py
[2024-06-18T14:35:10.201+0545] {logging_mixin.py:188} INFO - [2024-06-18T14:35:10.201+0545] {dag.py:3096} INFO - Sync 1 DAGs
[2024-06-18T14:35:10.214+0545] {logging_mixin.py:188} INFO - [2024-06-18T14:35:10.214+0545] {dag.py:3954} INFO - Setting next_dagrun for example_dynamic_task_mapping_with_no_taskflow_operators to 2024-06-17 00:00:00+00:00, run_after=2024-06-18 00:00:00+00:00
[2024-06-18T14:35:10.232+0545] {processor.py:183} INFO - Processing /root/apache_env/lib/python3.10/site-packages/airflow/example_dags/example_dynamic_task_mapping_with_no_taskflow_operators.py took 0.051 seconds
[2024-06-18T14:35:59.675+0545] {processor.py:161} INFO - Started process (PID=8717) to work on /root/apache_env/lib/python3.10/site-packages/airflow/example_dags/example_dynamic_task_mapping_with_no_taskflow_operators.py
[2024-06-18T14:35:59.676+0545] {processor.py:830} INFO - Processing file /root/apache_env/lib/python3.10/site-packages/airflow/example_dags/example_dynamic_task_mapping_with_no_taskflow_operators.py for tasks to queue
[2024-06-18T14:35:59.677+0545] {logging_mixin.py:188} INFO - [2024-06-18T14:35:59.677+0545] {dagbag.py:545} INFO - Filling up the DagBag from /root/apache_env/lib/python3.10/site-packages/airflow/example_dags/example_dynamic_task_mapping_with_no_taskflow_operators.py
[2024-06-18T14:35:59.683+0545] {processor.py:840} INFO - DAG(s) 'example_dynamic_task_mapping_with_no_taskflow_operators' retrieved from /root/apache_env/lib/python3.10/site-packages/airflow/example_dags/example_dynamic_task_mapping_with_no_taskflow_operators.py
[2024-06-18T14:35:59.694+0545] {logging_mixin.py:188} INFO - [2024-06-18T14:35:59.693+0545] {dag.py:3096} INFO - Sync 1 DAGs
[2024-06-18T14:35:59.710+0545] {logging_mixin.py:188} INFO - [2024-06-18T14:35:59.710+0545] {dag.py:3954} INFO - Setting next_dagrun for example_dynamic_task_mapping_with_no_taskflow_operators to 2024-06-17 00:00:00+00:00, run_after=2024-06-18 00:00:00+00:00
[2024-06-18T14:35:59.726+0545] {processor.py:183} INFO - Processing /root/apache_env/lib/python3.10/site-packages/airflow/example_dags/example_dynamic_task_mapping_with_no_taskflow_operators.py took 0.055 seconds
[2024-06-18T14:36:41.050+0545] {processor.py:161} INFO - Started process (PID=8820) to work on /root/apache_env/lib/python3.10/site-packages/airflow/example_dags/example_dynamic_task_mapping_with_no_taskflow_operators.py
[2024-06-18T14:36:41.051+0545] {processor.py:830} INFO - Processing file /root/apache_env/lib/python3.10/site-packages/airflow/example_dags/example_dynamic_task_mapping_with_no_taskflow_operators.py for tasks to queue
[2024-06-18T14:36:41.052+0545] {logging_mixin.py:188} INFO - [2024-06-18T14:36:41.052+0545] {dagbag.py:545} INFO - Filling up the DagBag from /root/apache_env/lib/python3.10/site-packages/airflow/example_dags/example_dynamic_task_mapping_with_no_taskflow_operators.py
[2024-06-18T14:36:41.057+0545] {processor.py:840} INFO - DAG(s) 'example_dynamic_task_mapping_with_no_taskflow_operators' retrieved from /root/apache_env/lib/python3.10/site-packages/airflow/example_dags/example_dynamic_task_mapping_with_no_taskflow_operators.py
[2024-06-18T14:36:41.066+0545] {logging_mixin.py:188} INFO - [2024-06-18T14:36:41.066+0545] {dag.py:3096} INFO - Sync 1 DAGs
[2024-06-18T14:36:41.079+0545] {logging_mixin.py:188} INFO - [2024-06-18T14:36:41.079+0545] {dag.py:3954} INFO - Setting next_dagrun for example_dynamic_task_mapping_with_no_taskflow_operators to 2024-06-17 00:00:00+00:00, run_after=2024-06-18 00:00:00+00:00
[2024-06-18T14:36:41.095+0545] {processor.py:183} INFO - Processing /root/apache_env/lib/python3.10/site-packages/airflow/example_dags/example_dynamic_task_mapping_with_no_taskflow_operators.py took 0.049 seconds
[2024-06-18T14:37:25.822+0545] {processor.py:161} INFO - Started process (PID=8932) to work on /root/apache_env/lib/python3.10/site-packages/airflow/example_dags/example_dynamic_task_mapping_with_no_taskflow_operators.py
[2024-06-18T14:37:25.824+0545] {processor.py:830} INFO - Processing file /root/apache_env/lib/python3.10/site-packages/airflow/example_dags/example_dynamic_task_mapping_with_no_taskflow_operators.py for tasks to queue
[2024-06-18T14:37:25.825+0545] {logging_mixin.py:188} INFO - [2024-06-18T14:37:25.824+0545] {dagbag.py:545} INFO - Filling up the DagBag from /root/apache_env/lib/python3.10/site-packages/airflow/example_dags/example_dynamic_task_mapping_with_no_taskflow_operators.py
[2024-06-18T14:37:25.829+0545] {processor.py:840} INFO - DAG(s) 'example_dynamic_task_mapping_with_no_taskflow_operators' retrieved from /root/apache_env/lib/python3.10/site-packages/airflow/example_dags/example_dynamic_task_mapping_with_no_taskflow_operators.py
[2024-06-18T14:37:25.839+0545] {logging_mixin.py:188} INFO - [2024-06-18T14:37:25.838+0545] {dag.py:3096} INFO - Sync 1 DAGs
[2024-06-18T14:37:25.852+0545] {logging_mixin.py:188} INFO - [2024-06-18T14:37:25.851+0545] {dag.py:3954} INFO - Setting next_dagrun for example_dynamic_task_mapping_with_no_taskflow_operators to 2024-06-17 00:00:00+00:00, run_after=2024-06-18 00:00:00+00:00
[2024-06-18T14:37:25.868+0545] {processor.py:183} INFO - Processing /root/apache_env/lib/python3.10/site-packages/airflow/example_dags/example_dynamic_task_mapping_with_no_taskflow_operators.py took 0.050 seconds
[2024-06-18T14:38:12.270+0545] {processor.py:161} INFO - Started process (PID=9049) to work on /root/apache_env/lib/python3.10/site-packages/airflow/example_dags/example_dynamic_task_mapping_with_no_taskflow_operators.py
[2024-06-18T14:38:12.271+0545] {processor.py:830} INFO - Processing file /root/apache_env/lib/python3.10/site-packages/airflow/example_dags/example_dynamic_task_mapping_with_no_taskflow_operators.py for tasks to queue
[2024-06-18T14:38:12.272+0545] {logging_mixin.py:188} INFO - [2024-06-18T14:38:12.272+0545] {dagbag.py:545} INFO - Filling up the DagBag from /root/apache_env/lib/python3.10/site-packages/airflow/example_dags/example_dynamic_task_mapping_with_no_taskflow_operators.py
[2024-06-18T14:38:12.276+0545] {processor.py:840} INFO - DAG(s) 'example_dynamic_task_mapping_with_no_taskflow_operators' retrieved from /root/apache_env/lib/python3.10/site-packages/airflow/example_dags/example_dynamic_task_mapping_with_no_taskflow_operators.py
[2024-06-18T14:38:12.286+0545] {logging_mixin.py:188} INFO - [2024-06-18T14:38:12.286+0545] {dag.py:3096} INFO - Sync 1 DAGs
[2024-06-18T14:38:12.299+0545] {logging_mixin.py:188} INFO - [2024-06-18T14:38:12.299+0545] {dag.py:3954} INFO - Setting next_dagrun for example_dynamic_task_mapping_with_no_taskflow_operators to 2024-06-17 00:00:00+00:00, run_after=2024-06-18 00:00:00+00:00
[2024-06-18T14:38:12.316+0545] {processor.py:183} INFO - Processing /root/apache_env/lib/python3.10/site-packages/airflow/example_dags/example_dynamic_task_mapping_with_no_taskflow_operators.py took 0.051 seconds
[2024-06-18T14:38:59.255+0545] {processor.py:161} INFO - Started process (PID=9167) to work on /root/apache_env/lib/python3.10/site-packages/airflow/example_dags/example_dynamic_task_mapping_with_no_taskflow_operators.py
[2024-06-18T14:38:59.257+0545] {processor.py:830} INFO - Processing file /root/apache_env/lib/python3.10/site-packages/airflow/example_dags/example_dynamic_task_mapping_with_no_taskflow_operators.py for tasks to queue
[2024-06-18T14:38:59.258+0545] {logging_mixin.py:188} INFO - [2024-06-18T14:38:59.258+0545] {dagbag.py:545} INFO - Filling up the DagBag from /root/apache_env/lib/python3.10/site-packages/airflow/example_dags/example_dynamic_task_mapping_with_no_taskflow_operators.py
[2024-06-18T14:38:59.262+0545] {processor.py:840} INFO - DAG(s) 'example_dynamic_task_mapping_with_no_taskflow_operators' retrieved from /root/apache_env/lib/python3.10/site-packages/airflow/example_dags/example_dynamic_task_mapping_with_no_taskflow_operators.py
[2024-06-18T14:38:59.272+0545] {logging_mixin.py:188} INFO - [2024-06-18T14:38:59.272+0545] {dag.py:3096} INFO - Sync 1 DAGs
[2024-06-18T14:38:59.286+0545] {logging_mixin.py:188} INFO - [2024-06-18T14:38:59.285+0545] {dag.py:3954} INFO - Setting next_dagrun for example_dynamic_task_mapping_with_no_taskflow_operators to 2024-06-17 00:00:00+00:00, run_after=2024-06-18 00:00:00+00:00
[2024-06-18T14:38:59.303+0545] {processor.py:183} INFO - Processing /root/apache_env/lib/python3.10/site-packages/airflow/example_dags/example_dynamic_task_mapping_with_no_taskflow_operators.py took 0.051 seconds
[2024-06-18T14:39:44.970+0545] {processor.py:161} INFO - Started process (PID=9282) to work on /root/apache_env/lib/python3.10/site-packages/airflow/example_dags/example_dynamic_task_mapping_with_no_taskflow_operators.py
[2024-06-18T14:39:44.971+0545] {processor.py:830} INFO - Processing file /root/apache_env/lib/python3.10/site-packages/airflow/example_dags/example_dynamic_task_mapping_with_no_taskflow_operators.py for tasks to queue
[2024-06-18T14:39:44.972+0545] {logging_mixin.py:188} INFO - [2024-06-18T14:39:44.972+0545] {dagbag.py:545} INFO - Filling up the DagBag from /root/apache_env/lib/python3.10/site-packages/airflow/example_dags/example_dynamic_task_mapping_with_no_taskflow_operators.py
[2024-06-18T14:39:44.976+0545] {processor.py:840} INFO - DAG(s) 'example_dynamic_task_mapping_with_no_taskflow_operators' retrieved from /root/apache_env/lib/python3.10/site-packages/airflow/example_dags/example_dynamic_task_mapping_with_no_taskflow_operators.py
[2024-06-18T14:39:44.986+0545] {logging_mixin.py:188} INFO - [2024-06-18T14:39:44.986+0545] {dag.py:3096} INFO - Sync 1 DAGs
[2024-06-18T14:39:44.999+0545] {logging_mixin.py:188} INFO - [2024-06-18T14:39:44.999+0545] {dag.py:3954} INFO - Setting next_dagrun for example_dynamic_task_mapping_with_no_taskflow_operators to 2024-06-17 00:00:00+00:00, run_after=2024-06-18 00:00:00+00:00
[2024-06-18T14:39:45.015+0545] {processor.py:183} INFO - Processing /root/apache_env/lib/python3.10/site-packages/airflow/example_dags/example_dynamic_task_mapping_with_no_taskflow_operators.py took 0.049 seconds
[2024-06-18T14:40:32.886+0545] {processor.py:161} INFO - Started process (PID=9400) to work on /root/apache_env/lib/python3.10/site-packages/airflow/example_dags/example_dynamic_task_mapping_with_no_taskflow_operators.py
[2024-06-18T14:40:32.887+0545] {processor.py:830} INFO - Processing file /root/apache_env/lib/python3.10/site-packages/airflow/example_dags/example_dynamic_task_mapping_with_no_taskflow_operators.py for tasks to queue
[2024-06-18T14:40:32.888+0545] {logging_mixin.py:188} INFO - [2024-06-18T14:40:32.888+0545] {dagbag.py:545} INFO - Filling up the DagBag from /root/apache_env/lib/python3.10/site-packages/airflow/example_dags/example_dynamic_task_mapping_with_no_taskflow_operators.py
[2024-06-18T14:40:32.893+0545] {processor.py:840} INFO - DAG(s) 'example_dynamic_task_mapping_with_no_taskflow_operators' retrieved from /root/apache_env/lib/python3.10/site-packages/airflow/example_dags/example_dynamic_task_mapping_with_no_taskflow_operators.py
[2024-06-18T14:40:32.902+0545] {logging_mixin.py:188} INFO - [2024-06-18T14:40:32.902+0545] {dag.py:3096} INFO - Sync 1 DAGs
[2024-06-18T14:40:32.915+0545] {logging_mixin.py:188} INFO - [2024-06-18T14:40:32.915+0545] {dag.py:3954} INFO - Setting next_dagrun for example_dynamic_task_mapping_with_no_taskflow_operators to 2024-06-17 00:00:00+00:00, run_after=2024-06-18 00:00:00+00:00
[2024-06-18T14:40:32.933+0545] {processor.py:183} INFO - Processing /root/apache_env/lib/python3.10/site-packages/airflow/example_dags/example_dynamic_task_mapping_with_no_taskflow_operators.py took 0.051 seconds
[2024-06-18T14:41:18.974+0545] {processor.py:161} INFO - Started process (PID=9518) to work on /root/apache_env/lib/python3.10/site-packages/airflow/example_dags/example_dynamic_task_mapping_with_no_taskflow_operators.py
[2024-06-18T14:41:18.975+0545] {processor.py:830} INFO - Processing file /root/apache_env/lib/python3.10/site-packages/airflow/example_dags/example_dynamic_task_mapping_with_no_taskflow_operators.py for tasks to queue
[2024-06-18T14:41:18.976+0545] {logging_mixin.py:188} INFO - [2024-06-18T14:41:18.976+0545] {dagbag.py:545} INFO - Filling up the DagBag from /root/apache_env/lib/python3.10/site-packages/airflow/example_dags/example_dynamic_task_mapping_with_no_taskflow_operators.py
[2024-06-18T14:41:18.981+0545] {processor.py:840} INFO - DAG(s) 'example_dynamic_task_mapping_with_no_taskflow_operators' retrieved from /root/apache_env/lib/python3.10/site-packages/airflow/example_dags/example_dynamic_task_mapping_with_no_taskflow_operators.py
[2024-06-18T14:41:18.991+0545] {logging_mixin.py:188} INFO - [2024-06-18T14:41:18.991+0545] {dag.py:3096} INFO - Sync 1 DAGs
[2024-06-18T14:41:19.006+0545] {logging_mixin.py:188} INFO - [2024-06-18T14:41:19.006+0545] {dag.py:3954} INFO - Setting next_dagrun for example_dynamic_task_mapping_with_no_taskflow_operators to 2024-06-17 00:00:00+00:00, run_after=2024-06-18 00:00:00+00:00
[2024-06-18T14:41:19.023+0545] {processor.py:183} INFO - Processing /root/apache_env/lib/python3.10/site-packages/airflow/example_dags/example_dynamic_task_mapping_with_no_taskflow_operators.py took 0.053 seconds
[2024-06-18T14:42:02.903+0545] {processor.py:161} INFO - Started process (PID=9628) to work on /root/apache_env/lib/python3.10/site-packages/airflow/example_dags/example_dynamic_task_mapping_with_no_taskflow_operators.py
[2024-06-18T14:42:02.904+0545] {processor.py:830} INFO - Processing file /root/apache_env/lib/python3.10/site-packages/airflow/example_dags/example_dynamic_task_mapping_with_no_taskflow_operators.py for tasks to queue
[2024-06-18T14:42:02.905+0545] {logging_mixin.py:188} INFO - [2024-06-18T14:42:02.905+0545] {dagbag.py:545} INFO - Filling up the DagBag from /root/apache_env/lib/python3.10/site-packages/airflow/example_dags/example_dynamic_task_mapping_with_no_taskflow_operators.py
[2024-06-18T14:42:02.910+0545] {processor.py:840} INFO - DAG(s) 'example_dynamic_task_mapping_with_no_taskflow_operators' retrieved from /root/apache_env/lib/python3.10/site-packages/airflow/example_dags/example_dynamic_task_mapping_with_no_taskflow_operators.py
[2024-06-18T14:42:02.919+0545] {logging_mixin.py:188} INFO - [2024-06-18T14:42:02.919+0545] {dag.py:3096} INFO - Sync 1 DAGs
[2024-06-18T14:42:02.932+0545] {logging_mixin.py:188} INFO - [2024-06-18T14:42:02.932+0545] {dag.py:3954} INFO - Setting next_dagrun for example_dynamic_task_mapping_with_no_taskflow_operators to 2024-06-17 00:00:00+00:00, run_after=2024-06-18 00:00:00+00:00
[2024-06-18T14:42:02.950+0545] {processor.py:183} INFO - Processing /root/apache_env/lib/python3.10/site-packages/airflow/example_dags/example_dynamic_task_mapping_with_no_taskflow_operators.py took 0.051 seconds
[2024-06-18T14:42:45.361+0545] {processor.py:161} INFO - Started process (PID=9735) to work on /root/apache_env/lib/python3.10/site-packages/airflow/example_dags/example_dynamic_task_mapping_with_no_taskflow_operators.py
[2024-06-18T14:42:45.362+0545] {processor.py:830} INFO - Processing file /root/apache_env/lib/python3.10/site-packages/airflow/example_dags/example_dynamic_task_mapping_with_no_taskflow_operators.py for tasks to queue
[2024-06-18T14:42:45.363+0545] {logging_mixin.py:188} INFO - [2024-06-18T14:42:45.363+0545] {dagbag.py:545} INFO - Filling up the DagBag from /root/apache_env/lib/python3.10/site-packages/airflow/example_dags/example_dynamic_task_mapping_with_no_taskflow_operators.py
[2024-06-18T14:42:45.368+0545] {processor.py:840} INFO - DAG(s) 'example_dynamic_task_mapping_with_no_taskflow_operators' retrieved from /root/apache_env/lib/python3.10/site-packages/airflow/example_dags/example_dynamic_task_mapping_with_no_taskflow_operators.py
[2024-06-18T14:42:45.379+0545] {logging_mixin.py:188} INFO - [2024-06-18T14:42:45.379+0545] {dag.py:3096} INFO - Sync 1 DAGs
[2024-06-18T14:42:45.394+0545] {logging_mixin.py:188} INFO - [2024-06-18T14:42:45.394+0545] {dag.py:3954} INFO - Setting next_dagrun for example_dynamic_task_mapping_with_no_taskflow_operators to 2024-06-17 00:00:00+00:00, run_after=2024-06-18 00:00:00+00:00
[2024-06-18T14:42:45.410+0545] {processor.py:183} INFO - Processing /root/apache_env/lib/python3.10/site-packages/airflow/example_dags/example_dynamic_task_mapping_with_no_taskflow_operators.py took 0.054 seconds
[2024-06-18T14:43:30.244+0545] {processor.py:161} INFO - Started process (PID=9847) to work on /root/apache_env/lib/python3.10/site-packages/airflow/example_dags/example_dynamic_task_mapping_with_no_taskflow_operators.py
[2024-06-18T14:43:30.245+0545] {processor.py:830} INFO - Processing file /root/apache_env/lib/python3.10/site-packages/airflow/example_dags/example_dynamic_task_mapping_with_no_taskflow_operators.py for tasks to queue
[2024-06-18T14:43:30.247+0545] {logging_mixin.py:188} INFO - [2024-06-18T14:43:30.246+0545] {dagbag.py:545} INFO - Filling up the DagBag from /root/apache_env/lib/python3.10/site-packages/airflow/example_dags/example_dynamic_task_mapping_with_no_taskflow_operators.py
[2024-06-18T14:43:30.251+0545] {processor.py:840} INFO - DAG(s) 'example_dynamic_task_mapping_with_no_taskflow_operators' retrieved from /root/apache_env/lib/python3.10/site-packages/airflow/example_dags/example_dynamic_task_mapping_with_no_taskflow_operators.py
[2024-06-18T14:43:30.260+0545] {logging_mixin.py:188} INFO - [2024-06-18T14:43:30.260+0545] {dag.py:3096} INFO - Sync 1 DAGs
[2024-06-18T14:43:30.273+0545] {logging_mixin.py:188} INFO - [2024-06-18T14:43:30.273+0545] {dag.py:3954} INFO - Setting next_dagrun for example_dynamic_task_mapping_with_no_taskflow_operators to 2024-06-17 00:00:00+00:00, run_after=2024-06-18 00:00:00+00:00
[2024-06-18T14:43:30.291+0545] {processor.py:183} INFO - Processing /root/apache_env/lib/python3.10/site-packages/airflow/example_dags/example_dynamic_task_mapping_with_no_taskflow_operators.py took 0.050 seconds
[2024-06-18T14:44:16.762+0545] {processor.py:161} INFO - Started process (PID=9964) to work on /root/apache_env/lib/python3.10/site-packages/airflow/example_dags/example_dynamic_task_mapping_with_no_taskflow_operators.py
[2024-06-18T14:44:16.763+0545] {processor.py:830} INFO - Processing file /root/apache_env/lib/python3.10/site-packages/airflow/example_dags/example_dynamic_task_mapping_with_no_taskflow_operators.py for tasks to queue
[2024-06-18T14:44:16.764+0545] {logging_mixin.py:188} INFO - [2024-06-18T14:44:16.764+0545] {dagbag.py:545} INFO - Filling up the DagBag from /root/apache_env/lib/python3.10/site-packages/airflow/example_dags/example_dynamic_task_mapping_with_no_taskflow_operators.py
[2024-06-18T14:44:16.768+0545] {processor.py:840} INFO - DAG(s) 'example_dynamic_task_mapping_with_no_taskflow_operators' retrieved from /root/apache_env/lib/python3.10/site-packages/airflow/example_dags/example_dynamic_task_mapping_with_no_taskflow_operators.py
[2024-06-18T14:44:16.778+0545] {logging_mixin.py:188} INFO - [2024-06-18T14:44:16.778+0545] {dag.py:3096} INFO - Sync 1 DAGs
[2024-06-18T14:44:16.790+0545] {logging_mixin.py:188} INFO - [2024-06-18T14:44:16.790+0545] {dag.py:3954} INFO - Setting next_dagrun for example_dynamic_task_mapping_with_no_taskflow_operators to 2024-06-17 00:00:00+00:00, run_after=2024-06-18 00:00:00+00:00
[2024-06-18T14:44:16.807+0545] {processor.py:183} INFO - Processing /root/apache_env/lib/python3.10/site-packages/airflow/example_dags/example_dynamic_task_mapping_with_no_taskflow_operators.py took 0.049 seconds
[2024-06-18T14:45:01.495+0545] {processor.py:161} INFO - Started process (PID=10077) to work on /root/apache_env/lib/python3.10/site-packages/airflow/example_dags/example_dynamic_task_mapping_with_no_taskflow_operators.py
[2024-06-18T14:45:01.496+0545] {processor.py:830} INFO - Processing file /root/apache_env/lib/python3.10/site-packages/airflow/example_dags/example_dynamic_task_mapping_with_no_taskflow_operators.py for tasks to queue
[2024-06-18T14:45:01.497+0545] {logging_mixin.py:188} INFO - [2024-06-18T14:45:01.497+0545] {dagbag.py:545} INFO - Filling up the DagBag from /root/apache_env/lib/python3.10/site-packages/airflow/example_dags/example_dynamic_task_mapping_with_no_taskflow_operators.py
[2024-06-18T14:45:01.501+0545] {processor.py:840} INFO - DAG(s) 'example_dynamic_task_mapping_with_no_taskflow_operators' retrieved from /root/apache_env/lib/python3.10/site-packages/airflow/example_dags/example_dynamic_task_mapping_with_no_taskflow_operators.py
[2024-06-18T14:45:01.510+0545] {logging_mixin.py:188} INFO - [2024-06-18T14:45:01.510+0545] {dag.py:3096} INFO - Sync 1 DAGs
[2024-06-18T14:45:01.523+0545] {logging_mixin.py:188} INFO - [2024-06-18T14:45:01.523+0545] {dag.py:3954} INFO - Setting next_dagrun for example_dynamic_task_mapping_with_no_taskflow_operators to 2024-06-17 00:00:00+00:00, run_after=2024-06-18 00:00:00+00:00
[2024-06-18T14:45:01.540+0545] {processor.py:183} INFO - Processing /root/apache_env/lib/python3.10/site-packages/airflow/example_dags/example_dynamic_task_mapping_with_no_taskflow_operators.py took 0.049 seconds
[2024-06-18T14:45:58.725+0545] {processor.py:161} INFO - Started process (PID=10247) to work on /root/apache_env/lib/python3.10/site-packages/airflow/example_dags/example_dynamic_task_mapping_with_no_taskflow_operators.py
[2024-06-18T14:45:58.726+0545] {processor.py:830} INFO - Processing file /root/apache_env/lib/python3.10/site-packages/airflow/example_dags/example_dynamic_task_mapping_with_no_taskflow_operators.py for tasks to queue
[2024-06-18T14:45:58.728+0545] {logging_mixin.py:188} INFO - [2024-06-18T14:45:58.728+0545] {dagbag.py:545} INFO - Filling up the DagBag from /root/apache_env/lib/python3.10/site-packages/airflow/example_dags/example_dynamic_task_mapping_with_no_taskflow_operators.py
[2024-06-18T14:45:58.732+0545] {processor.py:840} INFO - DAG(s) 'example_dynamic_task_mapping_with_no_taskflow_operators' retrieved from /root/apache_env/lib/python3.10/site-packages/airflow/example_dags/example_dynamic_task_mapping_with_no_taskflow_operators.py
[2024-06-18T14:45:58.741+0545] {logging_mixin.py:188} INFO - [2024-06-18T14:45:58.741+0545] {dag.py:3096} INFO - Sync 1 DAGs
[2024-06-18T14:45:58.755+0545] {logging_mixin.py:188} INFO - [2024-06-18T14:45:58.754+0545] {dag.py:3954} INFO - Setting next_dagrun for example_dynamic_task_mapping_with_no_taskflow_operators to 2024-06-17 00:00:00+00:00, run_after=2024-06-18 00:00:00+00:00
[2024-06-18T14:45:58.773+0545] {processor.py:183} INFO - Processing /root/apache_env/lib/python3.10/site-packages/airflow/example_dags/example_dynamic_task_mapping_with_no_taskflow_operators.py took 0.052 seconds
[2024-06-18T14:46:42.010+0545] {processor.py:161} INFO - Started process (PID=10354) to work on /root/apache_env/lib/python3.10/site-packages/airflow/example_dags/example_dynamic_task_mapping_with_no_taskflow_operators.py
[2024-06-18T14:46:42.011+0545] {processor.py:830} INFO - Processing file /root/apache_env/lib/python3.10/site-packages/airflow/example_dags/example_dynamic_task_mapping_with_no_taskflow_operators.py for tasks to queue
[2024-06-18T14:46:42.012+0545] {logging_mixin.py:188} INFO - [2024-06-18T14:46:42.011+0545] {dagbag.py:545} INFO - Filling up the DagBag from /root/apache_env/lib/python3.10/site-packages/airflow/example_dags/example_dynamic_task_mapping_with_no_taskflow_operators.py
[2024-06-18T14:46:42.016+0545] {processor.py:840} INFO - DAG(s) 'example_dynamic_task_mapping_with_no_taskflow_operators' retrieved from /root/apache_env/lib/python3.10/site-packages/airflow/example_dags/example_dynamic_task_mapping_with_no_taskflow_operators.py
[2024-06-18T14:46:42.028+0545] {logging_mixin.py:188} INFO - [2024-06-18T14:46:42.028+0545] {dag.py:3096} INFO - Sync 1 DAGs
[2024-06-18T14:46:42.044+0545] {logging_mixin.py:188} INFO - [2024-06-18T14:46:42.043+0545] {dag.py:3954} INFO - Setting next_dagrun for example_dynamic_task_mapping_with_no_taskflow_operators to 2024-06-17 00:00:00+00:00, run_after=2024-06-18 00:00:00+00:00
[2024-06-18T14:46:42.060+0545] {processor.py:183} INFO - Processing /root/apache_env/lib/python3.10/site-packages/airflow/example_dags/example_dynamic_task_mapping_with_no_taskflow_operators.py took 0.055 seconds
[2024-06-18T14:47:24.830+0545] {processor.py:161} INFO - Started process (PID=10466) to work on /root/apache_env/lib/python3.10/site-packages/airflow/example_dags/example_dynamic_task_mapping_with_no_taskflow_operators.py
[2024-06-18T14:47:24.831+0545] {processor.py:830} INFO - Processing file /root/apache_env/lib/python3.10/site-packages/airflow/example_dags/example_dynamic_task_mapping_with_no_taskflow_operators.py for tasks to queue
[2024-06-18T14:47:24.833+0545] {logging_mixin.py:188} INFO - [2024-06-18T14:47:24.832+0545] {dagbag.py:545} INFO - Filling up the DagBag from /root/apache_env/lib/python3.10/site-packages/airflow/example_dags/example_dynamic_task_mapping_with_no_taskflow_operators.py
[2024-06-18T14:47:24.837+0545] {processor.py:840} INFO - DAG(s) 'example_dynamic_task_mapping_with_no_taskflow_operators' retrieved from /root/apache_env/lib/python3.10/site-packages/airflow/example_dags/example_dynamic_task_mapping_with_no_taskflow_operators.py
[2024-06-18T14:47:24.846+0545] {logging_mixin.py:188} INFO - [2024-06-18T14:47:24.846+0545] {dag.py:3096} INFO - Sync 1 DAGs
[2024-06-18T14:47:24.859+0545] {logging_mixin.py:188} INFO - [2024-06-18T14:47:24.859+0545] {dag.py:3954} INFO - Setting next_dagrun for example_dynamic_task_mapping_with_no_taskflow_operators to 2024-06-17 00:00:00+00:00, run_after=2024-06-18 00:00:00+00:00
[2024-06-18T14:47:24.876+0545] {processor.py:183} INFO - Processing /root/apache_env/lib/python3.10/site-packages/airflow/example_dags/example_dynamic_task_mapping_with_no_taskflow_operators.py took 0.050 seconds
[2024-06-18T14:48:08.171+0545] {processor.py:161} INFO - Started process (PID=10574) to work on /root/apache_env/lib/python3.10/site-packages/airflow/example_dags/example_dynamic_task_mapping_with_no_taskflow_operators.py
[2024-06-18T14:48:08.173+0545] {processor.py:830} INFO - Processing file /root/apache_env/lib/python3.10/site-packages/airflow/example_dags/example_dynamic_task_mapping_with_no_taskflow_operators.py for tasks to queue
[2024-06-18T14:48:08.174+0545] {logging_mixin.py:188} INFO - [2024-06-18T14:48:08.174+0545] {dagbag.py:545} INFO - Filling up the DagBag from /root/apache_env/lib/python3.10/site-packages/airflow/example_dags/example_dynamic_task_mapping_with_no_taskflow_operators.py
[2024-06-18T14:48:08.178+0545] {processor.py:840} INFO - DAG(s) 'example_dynamic_task_mapping_with_no_taskflow_operators' retrieved from /root/apache_env/lib/python3.10/site-packages/airflow/example_dags/example_dynamic_task_mapping_with_no_taskflow_operators.py
[2024-06-18T14:48:08.188+0545] {logging_mixin.py:188} INFO - [2024-06-18T14:48:08.188+0545] {dag.py:3096} INFO - Sync 1 DAGs
[2024-06-18T14:48:08.201+0545] {logging_mixin.py:188} INFO - [2024-06-18T14:48:08.201+0545] {dag.py:3954} INFO - Setting next_dagrun for example_dynamic_task_mapping_with_no_taskflow_operators to 2024-06-17 00:00:00+00:00, run_after=2024-06-18 00:00:00+00:00
[2024-06-18T14:48:08.219+0545] {processor.py:183} INFO - Processing /root/apache_env/lib/python3.10/site-packages/airflow/example_dags/example_dynamic_task_mapping_with_no_taskflow_operators.py took 0.052 seconds
[2024-06-18T14:48:53.269+0545] {processor.py:161} INFO - Started process (PID=10687) to work on /root/apache_env/lib/python3.10/site-packages/airflow/example_dags/example_dynamic_task_mapping_with_no_taskflow_operators.py
[2024-06-18T14:48:53.270+0545] {processor.py:830} INFO - Processing file /root/apache_env/lib/python3.10/site-packages/airflow/example_dags/example_dynamic_task_mapping_with_no_taskflow_operators.py for tasks to queue
[2024-06-18T14:48:53.271+0545] {logging_mixin.py:188} INFO - [2024-06-18T14:48:53.271+0545] {dagbag.py:545} INFO - Filling up the DagBag from /root/apache_env/lib/python3.10/site-packages/airflow/example_dags/example_dynamic_task_mapping_with_no_taskflow_operators.py
[2024-06-18T14:48:53.276+0545] {processor.py:840} INFO - DAG(s) 'example_dynamic_task_mapping_with_no_taskflow_operators' retrieved from /root/apache_env/lib/python3.10/site-packages/airflow/example_dags/example_dynamic_task_mapping_with_no_taskflow_operators.py
[2024-06-18T14:48:53.285+0545] {logging_mixin.py:188} INFO - [2024-06-18T14:48:53.285+0545] {dag.py:3096} INFO - Sync 1 DAGs
[2024-06-18T14:48:53.298+0545] {logging_mixin.py:188} INFO - [2024-06-18T14:48:53.297+0545] {dag.py:3954} INFO - Setting next_dagrun for example_dynamic_task_mapping_with_no_taskflow_operators to 2024-06-17 00:00:00+00:00, run_after=2024-06-18 00:00:00+00:00
[2024-06-18T14:48:53.315+0545] {processor.py:183} INFO - Processing /root/apache_env/lib/python3.10/site-packages/airflow/example_dags/example_dynamic_task_mapping_with_no_taskflow_operators.py took 0.050 seconds
[2024-06-18T14:49:39.429+0545] {processor.py:161} INFO - Started process (PID=10805) to work on /root/apache_env/lib/python3.10/site-packages/airflow/example_dags/example_dynamic_task_mapping_with_no_taskflow_operators.py
[2024-06-18T14:49:39.431+0545] {processor.py:830} INFO - Processing file /root/apache_env/lib/python3.10/site-packages/airflow/example_dags/example_dynamic_task_mapping_with_no_taskflow_operators.py for tasks to queue
[2024-06-18T14:49:39.432+0545] {logging_mixin.py:188} INFO - [2024-06-18T14:49:39.432+0545] {dagbag.py:545} INFO - Filling up the DagBag from /root/apache_env/lib/python3.10/site-packages/airflow/example_dags/example_dynamic_task_mapping_with_no_taskflow_operators.py
[2024-06-18T14:49:39.436+0545] {processor.py:840} INFO - DAG(s) 'example_dynamic_task_mapping_with_no_taskflow_operators' retrieved from /root/apache_env/lib/python3.10/site-packages/airflow/example_dags/example_dynamic_task_mapping_with_no_taskflow_operators.py
[2024-06-18T14:49:39.446+0545] {logging_mixin.py:188} INFO - [2024-06-18T14:49:39.446+0545] {dag.py:3096} INFO - Sync 1 DAGs
[2024-06-18T14:49:39.459+0545] {logging_mixin.py:188} INFO - [2024-06-18T14:49:39.459+0545] {dag.py:3954} INFO - Setting next_dagrun for example_dynamic_task_mapping_with_no_taskflow_operators to 2024-06-17 00:00:00+00:00, run_after=2024-06-18 00:00:00+00:00
[2024-06-18T14:49:39.477+0545] {processor.py:183} INFO - Processing /root/apache_env/lib/python3.10/site-packages/airflow/example_dags/example_dynamic_task_mapping_with_no_taskflow_operators.py took 0.052 seconds
[2024-06-18T14:50:23.959+0545] {processor.py:161} INFO - Started process (PID=10918) to work on /root/apache_env/lib/python3.10/site-packages/airflow/example_dags/example_dynamic_task_mapping_with_no_taskflow_operators.py
[2024-06-18T14:50:23.960+0545] {processor.py:830} INFO - Processing file /root/apache_env/lib/python3.10/site-packages/airflow/example_dags/example_dynamic_task_mapping_with_no_taskflow_operators.py for tasks to queue
[2024-06-18T14:50:23.961+0545] {logging_mixin.py:188} INFO - [2024-06-18T14:50:23.961+0545] {dagbag.py:545} INFO - Filling up the DagBag from /root/apache_env/lib/python3.10/site-packages/airflow/example_dags/example_dynamic_task_mapping_with_no_taskflow_operators.py
[2024-06-18T14:50:23.966+0545] {processor.py:840} INFO - DAG(s) 'example_dynamic_task_mapping_with_no_taskflow_operators' retrieved from /root/apache_env/lib/python3.10/site-packages/airflow/example_dags/example_dynamic_task_mapping_with_no_taskflow_operators.py
[2024-06-18T14:50:23.976+0545] {logging_mixin.py:188} INFO - [2024-06-18T14:50:23.976+0545] {dag.py:3096} INFO - Sync 1 DAGs
[2024-06-18T14:50:23.991+0545] {logging_mixin.py:188} INFO - [2024-06-18T14:50:23.990+0545] {dag.py:3954} INFO - Setting next_dagrun for example_dynamic_task_mapping_with_no_taskflow_operators to 2024-06-17 00:00:00+00:00, run_after=2024-06-18 00:00:00+00:00
[2024-06-18T14:50:24.008+0545] {processor.py:183} INFO - Processing /root/apache_env/lib/python3.10/site-packages/airflow/example_dags/example_dynamic_task_mapping_with_no_taskflow_operators.py took 0.053 seconds
[2024-06-18T14:51:08.033+0545] {processor.py:161} INFO - Started process (PID=11032) to work on /root/apache_env/lib/python3.10/site-packages/airflow/example_dags/example_dynamic_task_mapping_with_no_taskflow_operators.py
[2024-06-18T14:51:08.033+0545] {processor.py:830} INFO - Processing file /root/apache_env/lib/python3.10/site-packages/airflow/example_dags/example_dynamic_task_mapping_with_no_taskflow_operators.py for tasks to queue
[2024-06-18T14:51:08.034+0545] {logging_mixin.py:188} INFO - [2024-06-18T14:51:08.034+0545] {dagbag.py:545} INFO - Filling up the DagBag from /root/apache_env/lib/python3.10/site-packages/airflow/example_dags/example_dynamic_task_mapping_with_no_taskflow_operators.py
[2024-06-18T14:51:08.039+0545] {processor.py:840} INFO - DAG(s) 'example_dynamic_task_mapping_with_no_taskflow_operators' retrieved from /root/apache_env/lib/python3.10/site-packages/airflow/example_dags/example_dynamic_task_mapping_with_no_taskflow_operators.py
[2024-06-18T14:51:08.051+0545] {logging_mixin.py:188} INFO - [2024-06-18T14:51:08.050+0545] {dag.py:3096} INFO - Sync 1 DAGs
[2024-06-18T14:51:08.066+0545] {logging_mixin.py:188} INFO - [2024-06-18T14:51:08.065+0545] {dag.py:3954} INFO - Setting next_dagrun for example_dynamic_task_mapping_with_no_taskflow_operators to 2024-06-17 00:00:00+00:00, run_after=2024-06-18 00:00:00+00:00
[2024-06-18T14:51:08.084+0545] {processor.py:183} INFO - Processing /root/apache_env/lib/python3.10/site-packages/airflow/example_dags/example_dynamic_task_mapping_with_no_taskflow_operators.py took 0.056 seconds
[2024-06-18T14:51:49.165+0545] {processor.py:161} INFO - Started process (PID=11137) to work on /root/apache_env/lib/python3.10/site-packages/airflow/example_dags/example_dynamic_task_mapping_with_no_taskflow_operators.py
[2024-06-18T14:51:49.166+0545] {processor.py:830} INFO - Processing file /root/apache_env/lib/python3.10/site-packages/airflow/example_dags/example_dynamic_task_mapping_with_no_taskflow_operators.py for tasks to queue
[2024-06-18T14:51:49.167+0545] {logging_mixin.py:188} INFO - [2024-06-18T14:51:49.167+0545] {dagbag.py:545} INFO - Filling up the DagBag from /root/apache_env/lib/python3.10/site-packages/airflow/example_dags/example_dynamic_task_mapping_with_no_taskflow_operators.py
[2024-06-18T14:51:49.175+0545] {processor.py:840} INFO - DAG(s) 'example_dynamic_task_mapping_with_no_taskflow_operators' retrieved from /root/apache_env/lib/python3.10/site-packages/airflow/example_dags/example_dynamic_task_mapping_with_no_taskflow_operators.py
[2024-06-18T14:51:49.191+0545] {logging_mixin.py:188} INFO - [2024-06-18T14:51:49.191+0545] {dag.py:3096} INFO - Sync 1 DAGs
[2024-06-18T14:51:49.222+0545] {logging_mixin.py:188} INFO - [2024-06-18T14:51:49.222+0545] {dag.py:3954} INFO - Setting next_dagrun for example_dynamic_task_mapping_with_no_taskflow_operators to 2024-06-17 00:00:00+00:00, run_after=2024-06-18 00:00:00+00:00
[2024-06-18T14:51:49.245+0545] {processor.py:183} INFO - Processing /root/apache_env/lib/python3.10/site-packages/airflow/example_dags/example_dynamic_task_mapping_with_no_taskflow_operators.py took 0.086 seconds
