[2024-06-18T14:12:58.503+0545] {processor.py:161} INFO - Started process (PID=5123) to work on /root/apache_env/lib/python3.10/site-packages/airflow/example_dags/tutorial.py
[2024-06-18T14:12:58.503+0545] {processor.py:830} INFO - Processing file /root/apache_env/lib/python3.10/site-packages/airflow/example_dags/tutorial.py for tasks to queue
[2024-06-18T14:12:58.504+0545] {logging_mixin.py:188} INFO - [2024-06-18T14:12:58.504+0545] {dagbag.py:545} INFO - Filling up the DagBag from /root/apache_env/lib/python3.10/site-packages/airflow/example_dags/tutorial.py
[2024-06-18T14:12:58.509+0545] {processor.py:840} INFO - DAG(s) 'tutorial' retrieved from /root/apache_env/lib/python3.10/site-packages/airflow/example_dags/tutorial.py
[2024-06-18T14:12:58.582+0545] {logging_mixin.py:188} INFO - [2024-06-18T14:12:58.582+0545] {override.py:1829} INFO - Created Permission View: can delete on DAG:tutorial
[2024-06-18T14:12:58.593+0545] {logging_mixin.py:188} INFO - [2024-06-18T14:12:58.593+0545] {override.py:1829} INFO - Created Permission View: can read on DAG:tutorial
[2024-06-18T14:12:58.600+0545] {logging_mixin.py:188} INFO - [2024-06-18T14:12:58.600+0545] {override.py:1829} INFO - Created Permission View: can edit on DAG:tutorial
[2024-06-18T14:12:58.600+0545] {logging_mixin.py:188} INFO - [2024-06-18T14:12:58.600+0545] {dag.py:3096} INFO - Sync 1 DAGs
[2024-06-18T14:12:58.609+0545] {logging_mixin.py:188} INFO - [2024-06-18T14:12:58.609+0545] {dag.py:3118} INFO - Creating ORM DAG for tutorial
[2024-06-18T14:12:58.672+0545] {logging_mixin.py:188} INFO - [2024-06-18T14:12:58.672+0545] {dag.py:3954} INFO - Setting next_dagrun for tutorial to 2024-06-17 00:00:00+00:00, run_after=2024-06-18 00:00:00+00:00
[2024-06-18T14:12:58.691+0545] {processor.py:183} INFO - Processing /root/apache_env/lib/python3.10/site-packages/airflow/example_dags/tutorial.py took 0.192 seconds
[2024-06-18T14:15:06.940+0545] {processor.py:161} INFO - Started process (PID=5415) to work on /root/apache_env/lib/python3.10/site-packages/airflow/example_dags/tutorial.py
[2024-06-18T14:15:06.941+0545] {processor.py:830} INFO - Processing file /root/apache_env/lib/python3.10/site-packages/airflow/example_dags/tutorial.py for tasks to queue
[2024-06-18T14:15:06.943+0545] {logging_mixin.py:188} INFO - [2024-06-18T14:15:06.942+0545] {dagbag.py:545} INFO - Filling up the DagBag from /root/apache_env/lib/python3.10/site-packages/airflow/example_dags/tutorial.py
[2024-06-18T14:15:06.947+0545] {processor.py:840} INFO - DAG(s) 'tutorial' retrieved from /root/apache_env/lib/python3.10/site-packages/airflow/example_dags/tutorial.py
[2024-06-18T14:15:06.957+0545] {logging_mixin.py:188} INFO - [2024-06-18T14:15:06.957+0545] {dag.py:3096} INFO - Sync 1 DAGs
[2024-06-18T14:15:06.970+0545] {logging_mixin.py:188} INFO - [2024-06-18T14:15:06.970+0545] {dag.py:3954} INFO - Setting next_dagrun for tutorial to 2024-06-17 00:00:00+00:00, run_after=2024-06-18 00:00:00+00:00
[2024-06-18T14:15:06.989+0545] {processor.py:183} INFO - Processing /root/apache_env/lib/python3.10/site-packages/airflow/example_dags/tutorial.py took 0.054 seconds
[2024-06-18T14:16:30.302+0545] {processor.py:161} INFO - Started process (PID=5637) to work on /root/apache_env/lib/python3.10/site-packages/airflow/example_dags/tutorial.py
[2024-06-18T14:16:30.303+0545] {processor.py:830} INFO - Processing file /root/apache_env/lib/python3.10/site-packages/airflow/example_dags/tutorial.py for tasks to queue
[2024-06-18T14:16:30.304+0545] {logging_mixin.py:188} INFO - [2024-06-18T14:16:30.304+0545] {dagbag.py:545} INFO - Filling up the DagBag from /root/apache_env/lib/python3.10/site-packages/airflow/example_dags/tutorial.py
[2024-06-18T14:16:30.308+0545] {processor.py:840} INFO - DAG(s) 'tutorial' retrieved from /root/apache_env/lib/python3.10/site-packages/airflow/example_dags/tutorial.py
[2024-06-18T14:16:30.371+0545] {logging_mixin.py:188} INFO - [2024-06-18T14:16:30.371+0545] {dag.py:3096} INFO - Sync 1 DAGs
[2024-06-18T14:16:30.442+0545] {logging_mixin.py:188} INFO - [2024-06-18T14:16:30.441+0545] {dag.py:3954} INFO - Setting next_dagrun for tutorial to 2024-06-17 00:00:00+00:00, run_after=2024-06-18 00:00:00+00:00
[2024-06-18T14:16:30.456+0545] {processor.py:183} INFO - Processing /root/apache_env/lib/python3.10/site-packages/airflow/example_dags/tutorial.py took 0.158 seconds
[2024-06-18T14:17:25.598+0545] {processor.py:161} INFO - Started process (PID=5776) to work on /root/apache_env/lib/python3.10/site-packages/airflow/example_dags/tutorial.py
[2024-06-18T14:17:25.599+0545] {processor.py:830} INFO - Processing file /root/apache_env/lib/python3.10/site-packages/airflow/example_dags/tutorial.py for tasks to queue
[2024-06-18T14:17:25.601+0545] {logging_mixin.py:188} INFO - [2024-06-18T14:17:25.600+0545] {dagbag.py:545} INFO - Filling up the DagBag from /root/apache_env/lib/python3.10/site-packages/airflow/example_dags/tutorial.py
[2024-06-18T14:17:25.604+0545] {processor.py:840} INFO - DAG(s) 'tutorial' retrieved from /root/apache_env/lib/python3.10/site-packages/airflow/example_dags/tutorial.py
[2024-06-18T14:17:25.615+0545] {logging_mixin.py:188} INFO - [2024-06-18T14:17:25.615+0545] {dag.py:3096} INFO - Sync 1 DAGs
[2024-06-18T14:17:25.629+0545] {logging_mixin.py:188} INFO - [2024-06-18T14:17:25.629+0545] {dag.py:3954} INFO - Setting next_dagrun for tutorial to 2024-06-17 00:00:00+00:00, run_after=2024-06-18 00:00:00+00:00
[2024-06-18T14:17:25.647+0545] {processor.py:183} INFO - Processing /root/apache_env/lib/python3.10/site-packages/airflow/example_dags/tutorial.py took 0.053 seconds
[2024-06-18T14:18:19.319+0545] {processor.py:161} INFO - Started process (PID=5901) to work on /root/apache_env/lib/python3.10/site-packages/airflow/example_dags/tutorial.py
[2024-06-18T14:18:19.320+0545] {processor.py:830} INFO - Processing file /root/apache_env/lib/python3.10/site-packages/airflow/example_dags/tutorial.py for tasks to queue
[2024-06-18T14:18:19.321+0545] {logging_mixin.py:188} INFO - [2024-06-18T14:18:19.321+0545] {dagbag.py:545} INFO - Filling up the DagBag from /root/apache_env/lib/python3.10/site-packages/airflow/example_dags/tutorial.py
[2024-06-18T14:18:19.386+0545] {processor.py:840} INFO - DAG(s) 'tutorial' retrieved from /root/apache_env/lib/python3.10/site-packages/airflow/example_dags/tutorial.py
[2024-06-18T14:18:19.393+0545] {logging_mixin.py:188} INFO - [2024-06-18T14:18:19.392+0545] {dag.py:3096} INFO - Sync 1 DAGs
[2024-06-18T14:18:19.403+0545] {logging_mixin.py:188} INFO - [2024-06-18T14:18:19.403+0545] {dag.py:3954} INFO - Setting next_dagrun for tutorial to 2024-06-17 00:00:00+00:00, run_after=2024-06-18 00:00:00+00:00
[2024-06-18T14:18:19.418+0545] {processor.py:183} INFO - Processing /root/apache_env/lib/python3.10/site-packages/airflow/example_dags/tutorial.py took 0.104 seconds
[2024-06-18T14:22:46.013+0545] {processor.py:161} INFO - Started process (PID=6626) to work on /root/apache_env/lib/python3.10/site-packages/airflow/example_dags/tutorial.py
[2024-06-18T14:22:46.014+0545] {processor.py:830} INFO - Processing file /root/apache_env/lib/python3.10/site-packages/airflow/example_dags/tutorial.py for tasks to queue
[2024-06-18T14:22:46.015+0545] {logging_mixin.py:188} INFO - [2024-06-18T14:22:46.015+0545] {dagbag.py:545} INFO - Filling up the DagBag from /root/apache_env/lib/python3.10/site-packages/airflow/example_dags/tutorial.py
[2024-06-18T14:22:46.019+0545] {processor.py:840} INFO - DAG(s) 'tutorial' retrieved from /root/apache_env/lib/python3.10/site-packages/airflow/example_dags/tutorial.py
[2024-06-18T14:22:46.080+0545] {logging_mixin.py:188} INFO - [2024-06-18T14:22:46.080+0545] {dag.py:3096} INFO - Sync 1 DAGs
[2024-06-18T14:22:46.151+0545] {logging_mixin.py:188} INFO - [2024-06-18T14:22:46.151+0545] {dag.py:3954} INFO - Setting next_dagrun for tutorial to 2024-06-17 00:00:00+00:00, run_after=2024-06-18 00:00:00+00:00
[2024-06-18T14:22:46.166+0545] {processor.py:183} INFO - Processing /root/apache_env/lib/python3.10/site-packages/airflow/example_dags/tutorial.py took 0.158 seconds
[2024-06-18T14:23:50.065+0545] {processor.py:161} INFO - Started process (PID=6809) to work on /root/apache_env/lib/python3.10/site-packages/airflow/example_dags/tutorial.py
[2024-06-18T14:23:50.066+0545] {processor.py:830} INFO - Processing file /root/apache_env/lib/python3.10/site-packages/airflow/example_dags/tutorial.py for tasks to queue
[2024-06-18T14:23:50.067+0545] {logging_mixin.py:188} INFO - [2024-06-18T14:23:50.067+0545] {dagbag.py:545} INFO - Filling up the DagBag from /root/apache_env/lib/python3.10/site-packages/airflow/example_dags/tutorial.py
[2024-06-18T14:23:50.072+0545] {processor.py:840} INFO - DAG(s) 'tutorial' retrieved from /root/apache_env/lib/python3.10/site-packages/airflow/example_dags/tutorial.py
[2024-06-18T14:23:50.082+0545] {logging_mixin.py:188} INFO - [2024-06-18T14:23:50.082+0545] {dag.py:3096} INFO - Sync 1 DAGs
[2024-06-18T14:23:50.097+0545] {logging_mixin.py:188} INFO - [2024-06-18T14:23:50.096+0545] {dag.py:3954} INFO - Setting next_dagrun for tutorial to 2024-06-17 00:00:00+00:00, run_after=2024-06-18 00:00:00+00:00
[2024-06-18T14:23:50.113+0545] {processor.py:183} INFO - Processing /root/apache_env/lib/python3.10/site-packages/airflow/example_dags/tutorial.py took 0.052 seconds
[2024-06-18T14:24:44.183+0545] {processor.py:161} INFO - Started process (PID=6943) to work on /root/apache_env/lib/python3.10/site-packages/airflow/example_dags/tutorial.py
[2024-06-18T14:24:44.184+0545] {processor.py:830} INFO - Processing file /root/apache_env/lib/python3.10/site-packages/airflow/example_dags/tutorial.py for tasks to queue
[2024-06-18T14:24:44.186+0545] {logging_mixin.py:188} INFO - [2024-06-18T14:24:44.185+0545] {dagbag.py:545} INFO - Filling up the DagBag from /root/apache_env/lib/python3.10/site-packages/airflow/example_dags/tutorial.py
[2024-06-18T14:24:44.244+0545] {processor.py:840} INFO - DAG(s) 'tutorial' retrieved from /root/apache_env/lib/python3.10/site-packages/airflow/example_dags/tutorial.py
[2024-06-18T14:24:44.252+0545] {logging_mixin.py:188} INFO - [2024-06-18T14:24:44.251+0545] {dag.py:3096} INFO - Sync 1 DAGs
[2024-06-18T14:24:44.262+0545] {logging_mixin.py:188} INFO - [2024-06-18T14:24:44.262+0545] {dag.py:3954} INFO - Setting next_dagrun for tutorial to 2024-06-17 00:00:00+00:00, run_after=2024-06-18 00:00:00+00:00
[2024-06-18T14:24:44.279+0545] {processor.py:183} INFO - Processing /root/apache_env/lib/python3.10/site-packages/airflow/example_dags/tutorial.py took 0.100 seconds
[2024-06-18T14:27:43.726+0545] {processor.py:161} INFO - Started process (PID=7444) to work on /root/apache_env/lib/python3.10/site-packages/airflow/example_dags/tutorial.py
[2024-06-18T14:27:43.727+0545] {processor.py:830} INFO - Processing file /root/apache_env/lib/python3.10/site-packages/airflow/example_dags/tutorial.py for tasks to queue
[2024-06-18T14:27:43.728+0545] {logging_mixin.py:188} INFO - [2024-06-18T14:27:43.728+0545] {dagbag.py:545} INFO - Filling up the DagBag from /root/apache_env/lib/python3.10/site-packages/airflow/example_dags/tutorial.py
[2024-06-18T14:27:43.732+0545] {processor.py:840} INFO - DAG(s) 'tutorial' retrieved from /root/apache_env/lib/python3.10/site-packages/airflow/example_dags/tutorial.py
[2024-06-18T14:27:43.790+0545] {logging_mixin.py:188} INFO - [2024-06-18T14:27:43.790+0545] {dag.py:3096} INFO - Sync 1 DAGs
[2024-06-18T14:27:43.859+0545] {logging_mixin.py:188} INFO - [2024-06-18T14:27:43.859+0545] {dag.py:3954} INFO - Setting next_dagrun for tutorial to 2024-06-17 00:00:00+00:00, run_after=2024-06-18 00:00:00+00:00
[2024-06-18T14:27:43.876+0545] {processor.py:183} INFO - Processing /root/apache_env/lib/python3.10/site-packages/airflow/example_dags/tutorial.py took 0.154 seconds
[2024-06-18T14:28:38.459+0545] {processor.py:161} INFO - Started process (PID=7592) to work on /root/apache_env/lib/python3.10/site-packages/airflow/example_dags/tutorial.py
[2024-06-18T14:28:38.461+0545] {processor.py:830} INFO - Processing file /root/apache_env/lib/python3.10/site-packages/airflow/example_dags/tutorial.py for tasks to queue
[2024-06-18T14:28:38.462+0545] {logging_mixin.py:188} INFO - [2024-06-18T14:28:38.462+0545] {dagbag.py:545} INFO - Filling up the DagBag from /root/apache_env/lib/python3.10/site-packages/airflow/example_dags/tutorial.py
[2024-06-18T14:28:38.466+0545] {processor.py:840} INFO - DAG(s) 'tutorial' retrieved from /root/apache_env/lib/python3.10/site-packages/airflow/example_dags/tutorial.py
[2024-06-18T14:28:38.477+0545] {logging_mixin.py:188} INFO - [2024-06-18T14:28:38.477+0545] {dag.py:3096} INFO - Sync 1 DAGs
[2024-06-18T14:28:38.491+0545] {logging_mixin.py:188} INFO - [2024-06-18T14:28:38.491+0545] {dag.py:3954} INFO - Setting next_dagrun for tutorial to 2024-06-17 00:00:00+00:00, run_after=2024-06-18 00:00:00+00:00
[2024-06-18T14:28:38.508+0545] {processor.py:183} INFO - Processing /root/apache_env/lib/python3.10/site-packages/airflow/example_dags/tutorial.py took 0.052 seconds
[2024-06-18T14:30:21.864+0545] {processor.py:161} INFO - Started process (PID=7843) to work on /root/apache_env/lib/python3.10/site-packages/airflow/example_dags/tutorial.py
[2024-06-18T14:30:21.866+0545] {processor.py:830} INFO - Processing file /root/apache_env/lib/python3.10/site-packages/airflow/example_dags/tutorial.py for tasks to queue
[2024-06-18T14:30:21.867+0545] {logging_mixin.py:188} INFO - [2024-06-18T14:30:21.867+0545] {dagbag.py:545} INFO - Filling up the DagBag from /root/apache_env/lib/python3.10/site-packages/airflow/example_dags/tutorial.py
[2024-06-18T14:30:21.871+0545] {processor.py:840} INFO - DAG(s) 'tutorial' retrieved from /root/apache_env/lib/python3.10/site-packages/airflow/example_dags/tutorial.py
[2024-06-18T14:30:21.929+0545] {logging_mixin.py:188} INFO - [2024-06-18T14:30:21.929+0545] {dag.py:3096} INFO - Sync 1 DAGs
[2024-06-18T14:30:21.997+0545] {logging_mixin.py:188} INFO - [2024-06-18T14:30:21.997+0545] {dag.py:3954} INFO - Setting next_dagrun for tutorial to 2024-06-17 00:00:00+00:00, run_after=2024-06-18 00:00:00+00:00
[2024-06-18T14:30:22.014+0545] {processor.py:183} INFO - Processing /root/apache_env/lib/python3.10/site-packages/airflow/example_dags/tutorial.py took 0.153 seconds
[2024-06-18T14:31:16.528+0545] {processor.py:161} INFO - Started process (PID=7978) to work on /root/apache_env/lib/python3.10/site-packages/airflow/example_dags/tutorial.py
[2024-06-18T14:31:16.529+0545] {processor.py:830} INFO - Processing file /root/apache_env/lib/python3.10/site-packages/airflow/example_dags/tutorial.py for tasks to queue
[2024-06-18T14:31:16.531+0545] {logging_mixin.py:188} INFO - [2024-06-18T14:31:16.530+0545] {dagbag.py:545} INFO - Filling up the DagBag from /root/apache_env/lib/python3.10/site-packages/airflow/example_dags/tutorial.py
[2024-06-18T14:31:16.535+0545] {processor.py:840} INFO - DAG(s) 'tutorial' retrieved from /root/apache_env/lib/python3.10/site-packages/airflow/example_dags/tutorial.py
[2024-06-18T14:31:16.544+0545] {logging_mixin.py:188} INFO - [2024-06-18T14:31:16.544+0545] {dag.py:3096} INFO - Sync 1 DAGs
[2024-06-18T14:31:16.556+0545] {logging_mixin.py:188} INFO - [2024-06-18T14:31:16.556+0545] {dag.py:3954} INFO - Setting next_dagrun for tutorial to 2024-06-17 00:00:00+00:00, run_after=2024-06-18 00:00:00+00:00
[2024-06-18T14:31:16.573+0545] {processor.py:183} INFO - Processing /root/apache_env/lib/python3.10/site-packages/airflow/example_dags/tutorial.py took 0.050 seconds
[2024-06-18T14:32:12.028+0545] {processor.py:161} INFO - Started process (PID=8113) to work on /root/apache_env/lib/python3.10/site-packages/airflow/example_dags/tutorial.py
[2024-06-18T14:32:12.029+0545] {processor.py:830} INFO - Processing file /root/apache_env/lib/python3.10/site-packages/airflow/example_dags/tutorial.py for tasks to queue
[2024-06-18T14:32:12.030+0545] {logging_mixin.py:188} INFO - [2024-06-18T14:32:12.030+0545] {dagbag.py:545} INFO - Filling up the DagBag from /root/apache_env/lib/python3.10/site-packages/airflow/example_dags/tutorial.py
[2024-06-18T14:32:12.092+0545] {processor.py:840} INFO - DAG(s) 'tutorial' retrieved from /root/apache_env/lib/python3.10/site-packages/airflow/example_dags/tutorial.py
[2024-06-18T14:32:12.100+0545] {logging_mixin.py:188} INFO - [2024-06-18T14:32:12.100+0545] {dag.py:3096} INFO - Sync 1 DAGs
[2024-06-18T14:32:12.112+0545] {logging_mixin.py:188} INFO - [2024-06-18T14:32:12.112+0545] {dag.py:3954} INFO - Setting next_dagrun for tutorial to 2024-06-17 00:00:00+00:00, run_after=2024-06-18 00:00:00+00:00
[2024-06-18T14:32:12.128+0545] {processor.py:183} INFO - Processing /root/apache_env/lib/python3.10/site-packages/airflow/example_dags/tutorial.py took 0.104 seconds
[2024-06-18T14:33:20.475+0545] {processor.py:161} INFO - Started process (PID=8284) to work on /root/apache_env/lib/python3.10/site-packages/airflow/example_dags/tutorial.py
[2024-06-18T14:33:20.477+0545] {processor.py:830} INFO - Processing file /root/apache_env/lib/python3.10/site-packages/airflow/example_dags/tutorial.py for tasks to queue
[2024-06-18T14:33:20.478+0545] {logging_mixin.py:188} INFO - [2024-06-18T14:33:20.478+0545] {dagbag.py:545} INFO - Filling up the DagBag from /root/apache_env/lib/python3.10/site-packages/airflow/example_dags/tutorial.py
[2024-06-18T14:33:20.482+0545] {processor.py:840} INFO - DAG(s) 'tutorial' retrieved from /root/apache_env/lib/python3.10/site-packages/airflow/example_dags/tutorial.py
[2024-06-18T14:33:20.493+0545] {logging_mixin.py:188} INFO - [2024-06-18T14:33:20.492+0545] {dag.py:3096} INFO - Sync 1 DAGs
[2024-06-18T14:33:20.506+0545] {logging_mixin.py:188} INFO - [2024-06-18T14:33:20.506+0545] {dag.py:3954} INFO - Setting next_dagrun for tutorial to 2024-06-17 00:00:00+00:00, run_after=2024-06-18 00:00:00+00:00
[2024-06-18T14:33:20.524+0545] {processor.py:183} INFO - Processing /root/apache_env/lib/python3.10/site-packages/airflow/example_dags/tutorial.py took 0.053 seconds
[2024-06-18T14:34:26.559+0545] {processor.py:161} INFO - Started process (PID=8454) to work on /root/apache_env/lib/python3.10/site-packages/airflow/example_dags/tutorial.py
[2024-06-18T14:34:26.560+0545] {processor.py:830} INFO - Processing file /root/apache_env/lib/python3.10/site-packages/airflow/example_dags/tutorial.py for tasks to queue
[2024-06-18T14:34:26.562+0545] {logging_mixin.py:188} INFO - [2024-06-18T14:34:26.561+0545] {dagbag.py:545} INFO - Filling up the DagBag from /root/apache_env/lib/python3.10/site-packages/airflow/example_dags/tutorial.py
[2024-06-18T14:34:26.566+0545] {processor.py:840} INFO - DAG(s) 'tutorial' retrieved from /root/apache_env/lib/python3.10/site-packages/airflow/example_dags/tutorial.py
[2024-06-18T14:34:26.578+0545] {logging_mixin.py:188} INFO - [2024-06-18T14:34:26.577+0545] {dag.py:3096} INFO - Sync 1 DAGs
[2024-06-18T14:34:26.592+0545] {logging_mixin.py:188} INFO - [2024-06-18T14:34:26.592+0545] {dag.py:3954} INFO - Setting next_dagrun for tutorial to 2024-06-17 00:00:00+00:00, run_after=2024-06-18 00:00:00+00:00
[2024-06-18T14:34:26.609+0545] {processor.py:183} INFO - Processing /root/apache_env/lib/python3.10/site-packages/airflow/example_dags/tutorial.py took 0.054 seconds
[2024-06-18T14:35:39.129+0545] {processor.py:161} INFO - Started process (PID=8662) to work on /root/apache_env/lib/python3.10/site-packages/airflow/example_dags/tutorial.py
[2024-06-18T14:35:39.130+0545] {processor.py:830} INFO - Processing file /root/apache_env/lib/python3.10/site-packages/airflow/example_dags/tutorial.py for tasks to queue
[2024-06-18T14:35:39.132+0545] {logging_mixin.py:188} INFO - [2024-06-18T14:35:39.131+0545] {dagbag.py:545} INFO - Filling up the DagBag from /root/apache_env/lib/python3.10/site-packages/airflow/example_dags/tutorial.py
[2024-06-18T14:35:39.136+0545] {processor.py:840} INFO - DAG(s) 'tutorial' retrieved from /root/apache_env/lib/python3.10/site-packages/airflow/example_dags/tutorial.py
[2024-06-18T14:35:39.145+0545] {logging_mixin.py:188} INFO - [2024-06-18T14:35:39.145+0545] {dag.py:3096} INFO - Sync 1 DAGs
[2024-06-18T14:35:39.159+0545] {logging_mixin.py:188} INFO - [2024-06-18T14:35:39.159+0545] {dag.py:3954} INFO - Setting next_dagrun for tutorial to 2024-06-17 00:00:00+00:00, run_after=2024-06-18 00:00:00+00:00
[2024-06-18T14:35:39.175+0545] {processor.py:183} INFO - Processing /root/apache_env/lib/python3.10/site-packages/airflow/example_dags/tutorial.py took 0.050 seconds
[2024-06-18T14:36:43.606+0545] {processor.py:161} INFO - Started process (PID=8826) to work on /root/apache_env/lib/python3.10/site-packages/airflow/example_dags/tutorial.py
[2024-06-18T14:36:43.607+0545] {processor.py:830} INFO - Processing file /root/apache_env/lib/python3.10/site-packages/airflow/example_dags/tutorial.py for tasks to queue
[2024-06-18T14:36:43.608+0545] {logging_mixin.py:188} INFO - [2024-06-18T14:36:43.608+0545] {dagbag.py:545} INFO - Filling up the DagBag from /root/apache_env/lib/python3.10/site-packages/airflow/example_dags/tutorial.py
[2024-06-18T14:36:43.612+0545] {processor.py:840} INFO - DAG(s) 'tutorial' retrieved from /root/apache_env/lib/python3.10/site-packages/airflow/example_dags/tutorial.py
[2024-06-18T14:36:43.622+0545] {logging_mixin.py:188} INFO - [2024-06-18T14:36:43.622+0545] {dag.py:3096} INFO - Sync 1 DAGs
[2024-06-18T14:36:43.635+0545] {logging_mixin.py:188} INFO - [2024-06-18T14:36:43.635+0545] {dag.py:3954} INFO - Setting next_dagrun for tutorial to 2024-06-17 00:00:00+00:00, run_after=2024-06-18 00:00:00+00:00
[2024-06-18T14:36:43.653+0545] {processor.py:183} INFO - Processing /root/apache_env/lib/python3.10/site-packages/airflow/example_dags/tutorial.py took 0.051 seconds
[2024-06-18T14:37:32.886+0545] {processor.py:161} INFO - Started process (PID=8951) to work on /root/apache_env/lib/python3.10/site-packages/airflow/example_dags/tutorial.py
[2024-06-18T14:37:32.887+0545] {processor.py:830} INFO - Processing file /root/apache_env/lib/python3.10/site-packages/airflow/example_dags/tutorial.py for tasks to queue
[2024-06-18T14:37:32.888+0545] {logging_mixin.py:188} INFO - [2024-06-18T14:37:32.888+0545] {dagbag.py:545} INFO - Filling up the DagBag from /root/apache_env/lib/python3.10/site-packages/airflow/example_dags/tutorial.py
[2024-06-18T14:37:32.893+0545] {processor.py:840} INFO - DAG(s) 'tutorial' retrieved from /root/apache_env/lib/python3.10/site-packages/airflow/example_dags/tutorial.py
[2024-06-18T14:37:32.905+0545] {logging_mixin.py:188} INFO - [2024-06-18T14:37:32.905+0545] {dag.py:3096} INFO - Sync 1 DAGs
[2024-06-18T14:37:32.919+0545] {logging_mixin.py:188} INFO - [2024-06-18T14:37:32.919+0545] {dag.py:3954} INFO - Setting next_dagrun for tutorial to 2024-06-17 00:00:00+00:00, run_after=2024-06-18 00:00:00+00:00
[2024-06-18T14:37:32.936+0545] {processor.py:183} INFO - Processing /root/apache_env/lib/python3.10/site-packages/airflow/example_dags/tutorial.py took 0.054 seconds
[2024-06-18T14:38:39.873+0545] {processor.py:161} INFO - Started process (PID=9116) to work on /root/apache_env/lib/python3.10/site-packages/airflow/example_dags/tutorial.py
[2024-06-18T14:38:39.874+0545] {processor.py:830} INFO - Processing file /root/apache_env/lib/python3.10/site-packages/airflow/example_dags/tutorial.py for tasks to queue
[2024-06-18T14:38:39.875+0545] {logging_mixin.py:188} INFO - [2024-06-18T14:38:39.875+0545] {dagbag.py:545} INFO - Filling up the DagBag from /root/apache_env/lib/python3.10/site-packages/airflow/example_dags/tutorial.py
[2024-06-18T14:38:39.879+0545] {processor.py:840} INFO - DAG(s) 'tutorial' retrieved from /root/apache_env/lib/python3.10/site-packages/airflow/example_dags/tutorial.py
[2024-06-18T14:38:39.890+0545] {logging_mixin.py:188} INFO - [2024-06-18T14:38:39.890+0545] {dag.py:3096} INFO - Sync 1 DAGs
[2024-06-18T14:38:39.902+0545] {logging_mixin.py:188} INFO - [2024-06-18T14:38:39.902+0545] {dag.py:3954} INFO - Setting next_dagrun for tutorial to 2024-06-17 00:00:00+00:00, run_after=2024-06-18 00:00:00+00:00
[2024-06-18T14:38:39.920+0545] {processor.py:183} INFO - Processing /root/apache_env/lib/python3.10/site-packages/airflow/example_dags/tutorial.py took 0.051 seconds
[2024-06-18T14:39:31.790+0545] {processor.py:161} INFO - Started process (PID=9249) to work on /root/apache_env/lib/python3.10/site-packages/airflow/example_dags/tutorial.py
[2024-06-18T14:39:31.791+0545] {processor.py:830} INFO - Processing file /root/apache_env/lib/python3.10/site-packages/airflow/example_dags/tutorial.py for tasks to queue
[2024-06-18T14:39:31.792+0545] {logging_mixin.py:188} INFO - [2024-06-18T14:39:31.792+0545] {dagbag.py:545} INFO - Filling up the DagBag from /root/apache_env/lib/python3.10/site-packages/airflow/example_dags/tutorial.py
[2024-06-18T14:39:31.796+0545] {processor.py:840} INFO - DAG(s) 'tutorial' retrieved from /root/apache_env/lib/python3.10/site-packages/airflow/example_dags/tutorial.py
[2024-06-18T14:39:31.806+0545] {logging_mixin.py:188} INFO - [2024-06-18T14:39:31.805+0545] {dag.py:3096} INFO - Sync 1 DAGs
[2024-06-18T14:39:31.818+0545] {logging_mixin.py:188} INFO - [2024-06-18T14:39:31.818+0545] {dag.py:3954} INFO - Setting next_dagrun for tutorial to 2024-06-17 00:00:00+00:00, run_after=2024-06-18 00:00:00+00:00
[2024-06-18T14:39:31.835+0545] {processor.py:183} INFO - Processing /root/apache_env/lib/python3.10/site-packages/airflow/example_dags/tutorial.py took 0.050 seconds
[2024-06-18T14:40:40.904+0545] {processor.py:161} INFO - Started process (PID=9421) to work on /root/apache_env/lib/python3.10/site-packages/airflow/example_dags/tutorial.py
[2024-06-18T14:40:40.905+0545] {processor.py:830} INFO - Processing file /root/apache_env/lib/python3.10/site-packages/airflow/example_dags/tutorial.py for tasks to queue
[2024-06-18T14:40:40.906+0545] {logging_mixin.py:188} INFO - [2024-06-18T14:40:40.906+0545] {dagbag.py:545} INFO - Filling up the DagBag from /root/apache_env/lib/python3.10/site-packages/airflow/example_dags/tutorial.py
[2024-06-18T14:40:40.910+0545] {processor.py:840} INFO - DAG(s) 'tutorial' retrieved from /root/apache_env/lib/python3.10/site-packages/airflow/example_dags/tutorial.py
[2024-06-18T14:40:40.920+0545] {logging_mixin.py:188} INFO - [2024-06-18T14:40:40.920+0545] {dag.py:3096} INFO - Sync 1 DAGs
[2024-06-18T14:40:40.934+0545] {logging_mixin.py:188} INFO - [2024-06-18T14:40:40.933+0545] {dag.py:3954} INFO - Setting next_dagrun for tutorial to 2024-06-17 00:00:00+00:00, run_after=2024-06-18 00:00:00+00:00
[2024-06-18T14:40:40.951+0545] {processor.py:183} INFO - Processing /root/apache_env/lib/python3.10/site-packages/airflow/example_dags/tutorial.py took 0.052 seconds
[2024-06-18T14:41:47.490+0545] {processor.py:161} INFO - Started process (PID=9591) to work on /root/apache_env/lib/python3.10/site-packages/airflow/example_dags/tutorial.py
[2024-06-18T14:41:47.491+0545] {processor.py:830} INFO - Processing file /root/apache_env/lib/python3.10/site-packages/airflow/example_dags/tutorial.py for tasks to queue
[2024-06-18T14:41:47.492+0545] {logging_mixin.py:188} INFO - [2024-06-18T14:41:47.492+0545] {dagbag.py:545} INFO - Filling up the DagBag from /root/apache_env/lib/python3.10/site-packages/airflow/example_dags/tutorial.py
[2024-06-18T14:41:47.496+0545] {processor.py:840} INFO - DAG(s) 'tutorial' retrieved from /root/apache_env/lib/python3.10/site-packages/airflow/example_dags/tutorial.py
[2024-06-18T14:41:47.506+0545] {logging_mixin.py:188} INFO - [2024-06-18T14:41:47.506+0545] {dag.py:3096} INFO - Sync 1 DAGs
[2024-06-18T14:41:47.519+0545] {logging_mixin.py:188} INFO - [2024-06-18T14:41:47.519+0545] {dag.py:3954} INFO - Setting next_dagrun for tutorial to 2024-06-17 00:00:00+00:00, run_after=2024-06-18 00:00:00+00:00
[2024-06-18T14:41:47.537+0545] {processor.py:183} INFO - Processing /root/apache_env/lib/python3.10/site-packages/airflow/example_dags/tutorial.py took 0.051 seconds
[2024-06-18T14:42:52.104+0545] {processor.py:161} INFO - Started process (PID=9752) to work on /root/apache_env/lib/python3.10/site-packages/airflow/example_dags/tutorial.py
[2024-06-18T14:42:52.105+0545] {processor.py:830} INFO - Processing file /root/apache_env/lib/python3.10/site-packages/airflow/example_dags/tutorial.py for tasks to queue
[2024-06-18T14:42:52.106+0545] {logging_mixin.py:188} INFO - [2024-06-18T14:42:52.106+0545] {dagbag.py:545} INFO - Filling up the DagBag from /root/apache_env/lib/python3.10/site-packages/airflow/example_dags/tutorial.py
[2024-06-18T14:42:52.110+0545] {processor.py:840} INFO - DAG(s) 'tutorial' retrieved from /root/apache_env/lib/python3.10/site-packages/airflow/example_dags/tutorial.py
[2024-06-18T14:42:52.120+0545] {logging_mixin.py:188} INFO - [2024-06-18T14:42:52.120+0545] {dag.py:3096} INFO - Sync 1 DAGs
[2024-06-18T14:42:52.133+0545] {logging_mixin.py:188} INFO - [2024-06-18T14:42:52.133+0545] {dag.py:3954} INFO - Setting next_dagrun for tutorial to 2024-06-17 00:00:00+00:00, run_after=2024-06-18 00:00:00+00:00
[2024-06-18T14:42:52.152+0545] {processor.py:183} INFO - Processing /root/apache_env/lib/python3.10/site-packages/airflow/example_dags/tutorial.py took 0.052 seconds
[2024-06-18T14:44:02.151+0545] {processor.py:161} INFO - Started process (PID=9927) to work on /root/apache_env/lib/python3.10/site-packages/airflow/example_dags/tutorial.py
[2024-06-18T14:44:02.152+0545] {processor.py:830} INFO - Processing file /root/apache_env/lib/python3.10/site-packages/airflow/example_dags/tutorial.py for tasks to queue
[2024-06-18T14:44:02.154+0545] {logging_mixin.py:188} INFO - [2024-06-18T14:44:02.153+0545] {dagbag.py:545} INFO - Filling up the DagBag from /root/apache_env/lib/python3.10/site-packages/airflow/example_dags/tutorial.py
[2024-06-18T14:44:02.157+0545] {processor.py:840} INFO - DAG(s) 'tutorial' retrieved from /root/apache_env/lib/python3.10/site-packages/airflow/example_dags/tutorial.py
[2024-06-18T14:44:02.167+0545] {logging_mixin.py:188} INFO - [2024-06-18T14:44:02.167+0545] {dag.py:3096} INFO - Sync 1 DAGs
[2024-06-18T14:44:02.180+0545] {logging_mixin.py:188} INFO - [2024-06-18T14:44:02.180+0545] {dag.py:3954} INFO - Setting next_dagrun for tutorial to 2024-06-17 00:00:00+00:00, run_after=2024-06-18 00:00:00+00:00
[2024-06-18T14:44:02.197+0545] {processor.py:183} INFO - Processing /root/apache_env/lib/python3.10/site-packages/airflow/example_dags/tutorial.py took 0.050 seconds
[2024-06-18T14:45:14.891+0545] {processor.py:161} INFO - Started process (PID=10133) to work on /root/apache_env/lib/python3.10/site-packages/airflow/example_dags/tutorial.py
[2024-06-18T14:45:14.893+0545] {processor.py:830} INFO - Processing file /root/apache_env/lib/python3.10/site-packages/airflow/example_dags/tutorial.py for tasks to queue
[2024-06-18T14:45:14.894+0545] {logging_mixin.py:188} INFO - [2024-06-18T14:45:14.893+0545] {dagbag.py:545} INFO - Filling up the DagBag from /root/apache_env/lib/python3.10/site-packages/airflow/example_dags/tutorial.py
[2024-06-18T14:45:14.898+0545] {processor.py:840} INFO - DAG(s) 'tutorial' retrieved from /root/apache_env/lib/python3.10/site-packages/airflow/example_dags/tutorial.py
[2024-06-18T14:45:14.907+0545] {logging_mixin.py:188} INFO - [2024-06-18T14:45:14.907+0545] {dag.py:3096} INFO - Sync 1 DAGs
[2024-06-18T14:45:14.920+0545] {logging_mixin.py:188} INFO - [2024-06-18T14:45:14.920+0545] {dag.py:3954} INFO - Setting next_dagrun for tutorial to 2024-06-17 00:00:00+00:00, run_after=2024-06-18 00:00:00+00:00
[2024-06-18T14:45:14.938+0545] {processor.py:183} INFO - Processing /root/apache_env/lib/python3.10/site-packages/airflow/example_dags/tutorial.py took 0.051 seconds
[2024-06-18T14:46:04.989+0545] {processor.py:161} INFO - Started process (PID=10262) to work on /root/apache_env/lib/python3.10/site-packages/airflow/example_dags/tutorial.py
[2024-06-18T14:46:04.990+0545] {processor.py:830} INFO - Processing file /root/apache_env/lib/python3.10/site-packages/airflow/example_dags/tutorial.py for tasks to queue
[2024-06-18T14:46:04.992+0545] {logging_mixin.py:188} INFO - [2024-06-18T14:46:04.991+0545] {dagbag.py:545} INFO - Filling up the DagBag from /root/apache_env/lib/python3.10/site-packages/airflow/example_dags/tutorial.py
[2024-06-18T14:46:04.996+0545] {processor.py:840} INFO - DAG(s) 'tutorial' retrieved from /root/apache_env/lib/python3.10/site-packages/airflow/example_dags/tutorial.py
[2024-06-18T14:46:05.008+0545] {logging_mixin.py:188} INFO - [2024-06-18T14:46:05.008+0545] {dag.py:3096} INFO - Sync 1 DAGs
[2024-06-18T14:46:05.024+0545] {logging_mixin.py:188} INFO - [2024-06-18T14:46:05.023+0545] {dag.py:3954} INFO - Setting next_dagrun for tutorial to 2024-06-17 00:00:00+00:00, run_after=2024-06-18 00:00:00+00:00
[2024-06-18T14:46:05.041+0545] {processor.py:183} INFO - Processing /root/apache_env/lib/python3.10/site-packages/airflow/example_dags/tutorial.py took 0.056 seconds
[2024-06-18T14:47:10.556+0545] {processor.py:161} INFO - Started process (PID=10430) to work on /root/apache_env/lib/python3.10/site-packages/airflow/example_dags/tutorial.py
[2024-06-18T14:47:10.557+0545] {processor.py:830} INFO - Processing file /root/apache_env/lib/python3.10/site-packages/airflow/example_dags/tutorial.py for tasks to queue
[2024-06-18T14:47:10.558+0545] {logging_mixin.py:188} INFO - [2024-06-18T14:47:10.558+0545] {dagbag.py:545} INFO - Filling up the DagBag from /root/apache_env/lib/python3.10/site-packages/airflow/example_dags/tutorial.py
[2024-06-18T14:47:10.563+0545] {processor.py:840} INFO - DAG(s) 'tutorial' retrieved from /root/apache_env/lib/python3.10/site-packages/airflow/example_dags/tutorial.py
[2024-06-18T14:47:10.574+0545] {logging_mixin.py:188} INFO - [2024-06-18T14:47:10.574+0545] {dag.py:3096} INFO - Sync 1 DAGs
[2024-06-18T14:47:10.589+0545] {logging_mixin.py:188} INFO - [2024-06-18T14:47:10.589+0545] {dag.py:3954} INFO - Setting next_dagrun for tutorial to 2024-06-17 00:00:00+00:00, run_after=2024-06-18 00:00:00+00:00
[2024-06-18T14:47:10.606+0545] {processor.py:183} INFO - Processing /root/apache_env/lib/python3.10/site-packages/airflow/example_dags/tutorial.py took 0.054 seconds
[2024-06-18T14:48:15.902+0545] {processor.py:161} INFO - Started process (PID=10594) to work on /root/apache_env/lib/python3.10/site-packages/airflow/example_dags/tutorial.py
[2024-06-18T14:48:15.903+0545] {processor.py:830} INFO - Processing file /root/apache_env/lib/python3.10/site-packages/airflow/example_dags/tutorial.py for tasks to queue
[2024-06-18T14:48:15.904+0545] {logging_mixin.py:188} INFO - [2024-06-18T14:48:15.904+0545] {dagbag.py:545} INFO - Filling up the DagBag from /root/apache_env/lib/python3.10/site-packages/airflow/example_dags/tutorial.py
[2024-06-18T14:48:15.908+0545] {processor.py:840} INFO - DAG(s) 'tutorial' retrieved from /root/apache_env/lib/python3.10/site-packages/airflow/example_dags/tutorial.py
[2024-06-18T14:48:15.918+0545] {logging_mixin.py:188} INFO - [2024-06-18T14:48:15.918+0545] {dag.py:3096} INFO - Sync 1 DAGs
[2024-06-18T14:48:15.931+0545] {logging_mixin.py:188} INFO - [2024-06-18T14:48:15.931+0545] {dag.py:3954} INFO - Setting next_dagrun for tutorial to 2024-06-17 00:00:00+00:00, run_after=2024-06-18 00:00:00+00:00
[2024-06-18T14:48:15.947+0545] {processor.py:183} INFO - Processing /root/apache_env/lib/python3.10/site-packages/airflow/example_dags/tutorial.py took 0.049 seconds
[2024-06-18T14:49:26.750+0545] {processor.py:161} INFO - Started process (PID=10772) to work on /root/apache_env/lib/python3.10/site-packages/airflow/example_dags/tutorial.py
[2024-06-18T14:49:26.751+0545] {processor.py:830} INFO - Processing file /root/apache_env/lib/python3.10/site-packages/airflow/example_dags/tutorial.py for tasks to queue
[2024-06-18T14:49:26.753+0545] {logging_mixin.py:188} INFO - [2024-06-18T14:49:26.752+0545] {dagbag.py:545} INFO - Filling up the DagBag from /root/apache_env/lib/python3.10/site-packages/airflow/example_dags/tutorial.py
[2024-06-18T14:49:26.757+0545] {processor.py:840} INFO - DAG(s) 'tutorial' retrieved from /root/apache_env/lib/python3.10/site-packages/airflow/example_dags/tutorial.py
[2024-06-18T14:49:26.767+0545] {logging_mixin.py:188} INFO - [2024-06-18T14:49:26.767+0545] {dag.py:3096} INFO - Sync 1 DAGs
[2024-06-18T14:49:26.783+0545] {logging_mixin.py:188} INFO - [2024-06-18T14:49:26.783+0545] {dag.py:3954} INFO - Setting next_dagrun for tutorial to 2024-06-17 00:00:00+00:00, run_after=2024-06-18 00:00:00+00:00
[2024-06-18T14:49:26.801+0545] {processor.py:183} INFO - Processing /root/apache_env/lib/python3.10/site-packages/airflow/example_dags/tutorial.py took 0.054 seconds
[2024-06-18T14:50:30.851+0545] {processor.py:161} INFO - Started process (PID=10935) to work on /root/apache_env/lib/python3.10/site-packages/airflow/example_dags/tutorial.py
[2024-06-18T14:50:30.852+0545] {processor.py:830} INFO - Processing file /root/apache_env/lib/python3.10/site-packages/airflow/example_dags/tutorial.py for tasks to queue
[2024-06-18T14:50:30.853+0545] {logging_mixin.py:188} INFO - [2024-06-18T14:50:30.853+0545] {dagbag.py:545} INFO - Filling up the DagBag from /root/apache_env/lib/python3.10/site-packages/airflow/example_dags/tutorial.py
[2024-06-18T14:50:30.858+0545] {processor.py:840} INFO - DAG(s) 'tutorial' retrieved from /root/apache_env/lib/python3.10/site-packages/airflow/example_dags/tutorial.py
[2024-06-18T14:50:30.868+0545] {logging_mixin.py:188} INFO - [2024-06-18T14:50:30.868+0545] {dag.py:3096} INFO - Sync 1 DAGs
[2024-06-18T14:50:30.883+0545] {logging_mixin.py:188} INFO - [2024-06-18T14:50:30.882+0545] {dag.py:3954} INFO - Setting next_dagrun for tutorial to 2024-06-17 00:00:00+00:00, run_after=2024-06-18 00:00:00+00:00
[2024-06-18T14:50:30.899+0545] {processor.py:183} INFO - Processing /root/apache_env/lib/python3.10/site-packages/airflow/example_dags/tutorial.py took 0.052 seconds
[2024-06-18T14:51:36.604+0545] {processor.py:161} INFO - Started process (PID=11101) to work on /root/apache_env/lib/python3.10/site-packages/airflow/example_dags/tutorial.py
[2024-06-18T14:51:36.605+0545] {processor.py:830} INFO - Processing file /root/apache_env/lib/python3.10/site-packages/airflow/example_dags/tutorial.py for tasks to queue
[2024-06-18T14:51:36.606+0545] {logging_mixin.py:188} INFO - [2024-06-18T14:51:36.606+0545] {dagbag.py:545} INFO - Filling up the DagBag from /root/apache_env/lib/python3.10/site-packages/airflow/example_dags/tutorial.py
[2024-06-18T14:51:36.610+0545] {processor.py:840} INFO - DAG(s) 'tutorial' retrieved from /root/apache_env/lib/python3.10/site-packages/airflow/example_dags/tutorial.py
[2024-06-18T14:51:36.623+0545] {logging_mixin.py:188} INFO - [2024-06-18T14:51:36.623+0545] {dag.py:3096} INFO - Sync 1 DAGs
[2024-06-18T14:51:36.646+0545] {logging_mixin.py:188} INFO - [2024-06-18T14:51:36.646+0545] {dag.py:3954} INFO - Setting next_dagrun for tutorial to 2024-06-17 00:00:00+00:00, run_after=2024-06-18 00:00:00+00:00
[2024-06-18T14:51:36.664+0545] {processor.py:183} INFO - Processing /root/apache_env/lib/python3.10/site-packages/airflow/example_dags/tutorial.py took 0.064 seconds
